2024-11-10 15:28:52.628 +01:00 [INF] User profile is available. Using 'C:\Users\Mats\AppData\Local\ASP.NET\DataProtection-Keys' as key repository and Windows DPAPI to encrypt keys at rest.
2024-11-10 15:28:53.367 +01:00 [INF] Now listening on: https://localhost:7263
2024-11-10 15:28:53.373 +01:00 [INF] Now listening on: http://localhost:5194
2024-11-10 15:28:53.395 +01:00 [INF] Application started. Press Ctrl+C to shut down.
2024-11-10 15:28:53.400 +01:00 [INF] Hosting environment: Development
2024-11-10 15:28:53.406 +01:00 [INF] Content root path: C:\Users\Mats\web-projects\react\exam\api
2024-11-10 15:28:53.494 +01:00 [INF] Request starting HTTP/1.1 GET http://localhost:5194/api/Auth/userinfo - null null
2024-11-10 15:28:53.593 +01:00 [INF] CORS policy execution successful.
2024-11-10 15:28:53.608 +01:00 [INF] Executing endpoint 'FoodRegistrationTool.Controllers.AuthController.GetUserInfo (api)'
2024-11-10 15:28:53.649 +01:00 [INF] Route matched with {action = "GetUserInfo", controller = "Auth", area = "", page = ""}. Executing controller action with signature System.Threading.Tasks.Task`1[Microsoft.AspNetCore.Mvc.IActionResult] GetUserInfo() on controller FoodRegistrationTool.Controllers.AuthController (api).
2024-11-10 15:28:53.722 +01:00 [INF] Authentication result: True
2024-11-10 15:28:53.727 +01:00 [INF] Principal Name from auth result: matteo@mail.no
2024-11-10 15:28:53.733 +01:00 [INF] Request path: /api/Auth/userinfo
2024-11-10 15:28:53.740 +01:00 [INF] Request method: GET
2024-11-10 15:28:53.744 +01:00 [INF] Request scheme: http
2024-11-10 15:28:53.749 +01:00 [INF] Auth Type: Identity.Application
2024-11-10 15:28:53.753 +01:00 [INF] Identity Name: matteo@mail.no
2024-11-10 15:28:53.996 +01:00 [INF] User from UserManager: null
2024-11-10 15:28:54.003 +01:00 [INF] Cookies received: .AspNetCore.Antiforgery.lR7t4MXUUZs=CfDJ8FYKQg2-tzVDp03-Gqv4AlppTnNdEj3Ux3AeB8ir5wasdrYYEixIbAFejVPrAUxKazNDiFhBK5o8VCP3t82Gvo9tx0UmdBcZovSVxcmn_GU4tD8u_UQEz7sRNT9wmVGFYX_9FWYfuTBVg7OBpmAQU9c, .AspNetCore.Identity.Application=CfDJ8FYKQg2-tzVDp03-Gqv4Alo_zzAm3xoq3ZdcRote7eAnYlV3f6N3UAvZpeaFT_wTmykZZtNJrzYXE4oo7kfyVm-5_8HxCs7QYC20G4bEhz08czllfCk3rk3Jh8uoHwV8R7_3qqmcir5yEiFREw4s8cnTfUdCXDt8razE7daoQcKeCX6QTolhtFLEDXuLLXPf3o8To7e_BLLdu770TWqPG3rPXcks5DdbYvXO4OaGy3C6kFfdoec4zlgoC1LkYQe446TzFt9MbpLS7Vc1kxuBRXM0d8bGCoABgHDdb1jU-YoXWwfw6_ehdBB6VBh5Oje1v2Z0rh8OaSOW5rvQNosLc5wtWDHO2JJoi9LsxbI3iVoNt7kSTY7OHsMwJNDrgAY3o4N9qcEs9DjfnSRo0F2FpZMiNvhlZBKHERRAG_9K6qQtTGa_8KOBAhV9owwLGiCZaEik3mJ02S7ZG0h0o2HmkQTDKApL1xRrhaBKR7pB-GjKcYcHo_M3qTn5ldb_88VEU14XP-qC01p1XF5toFnRxtgrmU5D7NWMKdNxNTNNNPjVuLN3y4VcjlkbNos4I3UoO757rKj_ZT1TiunrfPdoBzfozE55j4AIRUIBoOhx2hgjVXfTAkUbnakacfAj4q8D2IDX6opUkfDCDuTV5Y9VG1EypWJvrOfxo7YsHxKCVVGfxVaRSICwffY9QZd3WVR7fkVkm8L5x_U4ZfI3YSQoQTqb03KAFjDuqSLgtFVjcg_4118bkHIHwscbTT_IL4jpTw
2024-11-10 15:28:54.007 +01:00 [INF] GetUserInfo called:
2024-11-10 15:28:54.010 +01:00 [INF] IsAuthenticated: True
2024-11-10 15:28:54.015 +01:00 [INF] UserName: matteo@mail.no
2024-11-10 15:28:54.021 +01:00 [INF] Claims: http://schemas.xmlsoap.org/ws/2005/05/identity/claims/nameidentifier: 7b70fec6-a5b0-4d92-b566-55e7e7d6e676, http://schemas.xmlsoap.org/ws/2005/05/identity/claims/name: matteo@mail.no, http://schemas.xmlsoap.org/ws/2005/05/identity/claims/emailaddress: matteo@mail.no, AspNet.Identity.SecurityStamp: DCW7DUUXME4Q5JX24VADU2NCH75FQORK
2024-11-10 15:28:54.025 +01:00 [INF] Claim: http://schemas.xmlsoap.org/ws/2005/05/identity/claims/nameidentifier = 7b70fec6-a5b0-4d92-b566-55e7e7d6e676
2024-11-10 15:28:54.029 +01:00 [INF] Claim: http://schemas.xmlsoap.org/ws/2005/05/identity/claims/name = matteo@mail.no
2024-11-10 15:28:54.032 +01:00 [INF] Claim: http://schemas.xmlsoap.org/ws/2005/05/identity/claims/emailaddress = matteo@mail.no
2024-11-10 15:28:54.036 +01:00 [INF] Claim: AspNet.Identity.SecurityStamp = DCW7DUUXME4Q5JX24VADU2NCH75FQORK
2024-11-10 15:28:54.076 +01:00 [INF] Returning response: {"isAuthenticated":true,"userName":"matteo@mail.no","manageUrl":"/Identity/Account/Manage","logoutUrl":"/Identity/Account/Logout","loginUrl":"/Identity/Account/Login","registerUrl":"/Identity/Account/Register"}
2024-11-10 15:28:54.092 +01:00 [INF] Executing OkObjectResult, writing value of type '<>f__AnonymousType10`6[[System.Boolean, System.Private.CoreLib, Version=8.0.0.0, Culture=neutral, PublicKeyToken=7cec85d7bea7798e],[System.String, System.Private.CoreLib, Version=8.0.0.0, Culture=neutral, PublicKeyToken=7cec85d7bea7798e],[System.String, System.Private.CoreLib, Version=8.0.0.0, Culture=neutral, PublicKeyToken=7cec85d7bea7798e],[System.String, System.Private.CoreLib, Version=8.0.0.0, Culture=neutral, PublicKeyToken=7cec85d7bea7798e],[System.String, System.Private.CoreLib, Version=8.0.0.0, Culture=neutral, PublicKeyToken=7cec85d7bea7798e],[System.String, System.Private.CoreLib, Version=8.0.0.0, Culture=neutral, PublicKeyToken=7cec85d7bea7798e]]'.
2024-11-10 15:28:54.114 +01:00 [INF] Request starting HTTP/1.1 GET http://localhost:5194/api/Auth/userinfo - null null
2024-11-10 15:28:54.116 +01:00 [INF] Executed action FoodRegistrationTool.Controllers.AuthController.GetUserInfo (api) in 458.1245ms
2024-11-10 15:28:54.120 +01:00 [INF] Executed endpoint 'FoodRegistrationTool.Controllers.AuthController.GetUserInfo (api)'
2024-11-10 15:28:54.123 +01:00 [INF] CORS policy execution successful.
2024-11-10 15:28:54.124 +01:00 [INF] Executing endpoint 'FoodRegistrationTool.Controllers.AuthController.GetUserInfo (api)'
2024-11-10 15:28:54.125 +01:00 [INF] Route matched with {action = "GetUserInfo", controller = "Auth", area = "", page = ""}. Executing controller action with signature System.Threading.Tasks.Task`1[Microsoft.AspNetCore.Mvc.IActionResult] GetUserInfo() on controller FoodRegistrationTool.Controllers.AuthController (api).
2024-11-10 15:28:54.166 +01:00 [INF] Request finished HTTP/1.1 GET http://localhost:5194/api/Auth/userinfo - 200 null application/json; charset=utf-8 669.4721ms
2024-11-10 15:28:54.177 +01:00 [INF] Authentication result: True
2024-11-10 15:28:54.181 +01:00 [INF] Principal Name from auth result: matteo@mail.no
2024-11-10 15:28:54.185 +01:00 [INF] Request path: /api/Auth/userinfo
2024-11-10 15:28:54.190 +01:00 [INF] Request method: GET
2024-11-10 15:28:54.194 +01:00 [INF] Request scheme: http
2024-11-10 15:28:54.198 +01:00 [INF] Auth Type: Identity.Application
2024-11-10 15:28:54.204 +01:00 [INF] Identity Name: matteo@mail.no
2024-11-10 15:28:54.361 +01:00 [INF] User from UserManager: null
2024-11-10 15:28:54.365 +01:00 [INF] Cookies received: .AspNetCore.Antiforgery.lR7t4MXUUZs=CfDJ8FYKQg2-tzVDp03-Gqv4AlppTnNdEj3Ux3AeB8ir5wasdrYYEixIbAFejVPrAUxKazNDiFhBK5o8VCP3t82Gvo9tx0UmdBcZovSVxcmn_GU4tD8u_UQEz7sRNT9wmVGFYX_9FWYfuTBVg7OBpmAQU9c, .AspNetCore.Identity.Application=CfDJ8FYKQg2-tzVDp03-Gqv4Alo_zzAm3xoq3ZdcRote7eAnYlV3f6N3UAvZpeaFT_wTmykZZtNJrzYXE4oo7kfyVm-5_8HxCs7QYC20G4bEhz08czllfCk3rk3Jh8uoHwV8R7_3qqmcir5yEiFREw4s8cnTfUdCXDt8razE7daoQcKeCX6QTolhtFLEDXuLLXPf3o8To7e_BLLdu770TWqPG3rPXcks5DdbYvXO4OaGy3C6kFfdoec4zlgoC1LkYQe446TzFt9MbpLS7Vc1kxuBRXM0d8bGCoABgHDdb1jU-YoXWwfw6_ehdBB6VBh5Oje1v2Z0rh8OaSOW5rvQNosLc5wtWDHO2JJoi9LsxbI3iVoNt7kSTY7OHsMwJNDrgAY3o4N9qcEs9DjfnSRo0F2FpZMiNvhlZBKHERRAG_9K6qQtTGa_8KOBAhV9owwLGiCZaEik3mJ02S7ZG0h0o2HmkQTDKApL1xRrhaBKR7pB-GjKcYcHo_M3qTn5ldb_88VEU14XP-qC01p1XF5toFnRxtgrmU5D7NWMKdNxNTNNNPjVuLN3y4VcjlkbNos4I3UoO757rKj_ZT1TiunrfPdoBzfozE55j4AIRUIBoOhx2hgjVXfTAkUbnakacfAj4q8D2IDX6opUkfDCDuTV5Y9VG1EypWJvrOfxo7YsHxKCVVGfxVaRSICwffY9QZd3WVR7fkVkm8L5x_U4ZfI3YSQoQTqb03KAFjDuqSLgtFVjcg_4118bkHIHwscbTT_IL4jpTw
2024-11-10 15:28:54.369 +01:00 [INF] GetUserInfo called:
2024-11-10 15:28:54.372 +01:00 [INF] IsAuthenticated: True
2024-11-10 15:28:54.376 +01:00 [INF] UserName: matteo@mail.no
2024-11-10 15:28:54.380 +01:00 [INF] Claims: http://schemas.xmlsoap.org/ws/2005/05/identity/claims/nameidentifier: 7b70fec6-a5b0-4d92-b566-55e7e7d6e676, http://schemas.xmlsoap.org/ws/2005/05/identity/claims/name: matteo@mail.no, http://schemas.xmlsoap.org/ws/2005/05/identity/claims/emailaddress: matteo@mail.no, AspNet.Identity.SecurityStamp: DCW7DUUXME4Q5JX24VADU2NCH75FQORK
2024-11-10 15:28:54.383 +01:00 [INF] Claim: http://schemas.xmlsoap.org/ws/2005/05/identity/claims/nameidentifier = 7b70fec6-a5b0-4d92-b566-55e7e7d6e676
2024-11-10 15:28:54.388 +01:00 [INF] Claim: http://schemas.xmlsoap.org/ws/2005/05/identity/claims/name = matteo@mail.no
2024-11-10 15:28:54.392 +01:00 [INF] Claim: http://schemas.xmlsoap.org/ws/2005/05/identity/claims/emailaddress = matteo@mail.no
2024-11-10 15:28:54.395 +01:00 [INF] Claim: AspNet.Identity.SecurityStamp = DCW7DUUXME4Q5JX24VADU2NCH75FQORK
2024-11-10 15:28:54.399 +01:00 [INF] Returning response: {"isAuthenticated":true,"userName":"matteo@mail.no","manageUrl":"/Identity/Account/Manage","logoutUrl":"/Identity/Account/Logout","loginUrl":"/Identity/Account/Login","registerUrl":"/Identity/Account/Register"}
2024-11-10 15:28:54.400 +01:00 [INF] Executing OkObjectResult, writing value of type '<>f__AnonymousType10`6[[System.Boolean, System.Private.CoreLib, Version=8.0.0.0, Culture=neutral, PublicKeyToken=7cec85d7bea7798e],[System.String, System.Private.CoreLib, Version=8.0.0.0, Culture=neutral, PublicKeyToken=7cec85d7bea7798e],[System.String, System.Private.CoreLib, Version=8.0.0.0, Culture=neutral, PublicKeyToken=7cec85d7bea7798e],[System.String, System.Private.CoreLib, Version=8.0.0.0, Culture=neutral, PublicKeyToken=7cec85d7bea7798e],[System.String, System.Private.CoreLib, Version=8.0.0.0, Culture=neutral, PublicKeyToken=7cec85d7bea7798e],[System.String, System.Private.CoreLib, Version=8.0.0.0, Culture=neutral, PublicKeyToken=7cec85d7bea7798e]]'.
2024-11-10 15:28:54.401 +01:00 [INF] Executed action FoodRegistrationTool.Controllers.AuthController.GetUserInfo (api) in 276.2625ms
2024-11-10 15:28:54.401 +01:00 [INF] Executed endpoint 'FoodRegistrationTool.Controllers.AuthController.GetUserInfo (api)'
2024-11-10 15:28:54.402 +01:00 [INF] Request finished HTTP/1.1 GET http://localhost:5194/api/Auth/userinfo - 200 null application/json; charset=utf-8 288.8078ms
2024-11-10 15:28:56.757 +01:00 [INF] Request starting HTTP/1.1 OPTIONS http://localhost:5194/Identity/Account/Logout?ReturnUrl=http%3A%2F%2Flocalhost%3A3000 - null null
2024-11-10 15:28:56.760 +01:00 [INF] CORS policy execution successful.
2024-11-10 15:28:56.762 +01:00 [INF] Request finished HTTP/1.1 OPTIONS http://localhost:5194/Identity/Account/Logout?ReturnUrl=http%3A%2F%2Flocalhost%3A3000 - 204 null null 5.3504ms
2024-11-10 15:28:56.765 +01:00 [INF] Request starting HTTP/1.1 POST http://localhost:5194/Identity/Account/Logout?ReturnUrl=http%3A%2F%2Flocalhost%3A3000 - application/json 0
2024-11-10 15:28:56.775 +01:00 [INF] CORS policy execution successful.
2024-11-10 15:28:56.789 +01:00 [INF] Authorization failed. These requirements were not met:
DenyAnonymousAuthorizationRequirement: Requires an authenticated user.
2024-11-10 15:28:56.796 +01:00 [INF] AuthenticationScheme: Identity.Application was challenged.
2024-11-10 15:28:56.796 +01:00 [INF] Request finished HTTP/1.1 POST http://localhost:5194/Identity/Account/Logout?ReturnUrl=http%3A%2F%2Flocalhost%3A3000 - 302 0 null 31.3547ms
2024-11-10 15:28:56.807 +01:00 [INF] Request starting HTTP/1.1 OPTIONS http://localhost:5194/Identity/Account/Login?ReturnUrl=%2FIdentity%2FAccount%2FLogout%3FReturnUrl%3Dhttp%253A%252F%252Flocalhost%253A3000 - null null
2024-11-10 15:28:56.808 +01:00 [INF] CORS policy execution successful.
2024-11-10 15:28:56.809 +01:00 [INF] Request finished HTTP/1.1 OPTIONS http://localhost:5194/Identity/Account/Login?ReturnUrl=%2FIdentity%2FAccount%2FLogout%3FReturnUrl%3Dhttp%253A%252F%252Flocalhost%253A3000 - 204 null null 2.435ms
2024-11-10 15:28:56.812 +01:00 [INF] Request starting HTTP/1.1 GET http://localhost:5194/Identity/Account/Login?ReturnUrl=%2FIdentity%2FAccount%2FLogout%3FReturnUrl%3Dhttp%253A%252F%252Flocalhost%253A3000 - application/json null
2024-11-10 15:28:56.813 +01:00 [INF] CORS policy execution successful.
2024-11-10 15:28:56.813 +01:00 [INF] Executing endpoint '/Account/Login'
2024-11-10 15:28:56.862 +01:00 [INF] Route matched with {page = "/Account/Login", area = "Identity", action = "", controller = ""}. Executing page /Account/Login
2024-11-10 15:28:56.924 +01:00 [INF] Executing handler method api.Areas.Identity.Pages.Account.LoginModel.OnGetAsync - ModelState is "Valid"
2024-11-10 15:28:56.937 +01:00 [INF] AuthenticationScheme: Identity.External signed out.
2024-11-10 15:28:56.939 +01:00 [INF] Executed handler method OnGetAsync, returned result .
2024-11-10 15:28:56.945 +01:00 [INF] Executing an implicit handler method - ModelState is "Valid"
2024-11-10 15:28:56.945 +01:00 [INF] Executed an implicit handler method, returned result Microsoft.AspNetCore.Mvc.RazorPages.PageResult.
2024-11-10 15:28:57.174 +01:00 [INF] Executed page /Account/Login in 311.458ms
2024-11-10 15:28:57.174 +01:00 [INF] Executed endpoint '/Account/Login'
2024-11-10 15:28:57.177 +01:00 [INF] Request finished HTTP/1.1 GET http://localhost:5194/Identity/Account/Login?ReturnUrl=%2FIdentity%2FAccount%2FLogout%3FReturnUrl%3Dhttp%253A%252F%252Flocalhost%253A3000 - 200 null text/html; charset=utf-8 364.4963ms
2024-11-10 15:28:57.211 +01:00 [INF] Request starting HTTP/1.1 GET http://localhost:5194/Identity/Account/Logout?ReturnUrl=http%3A%2F%2Flocalhost%3A3000 - null null
2024-11-10 15:28:57.215 +01:00 [INF] Authorization failed. These requirements were not met:
DenyAnonymousAuthorizationRequirement: Requires an authenticated user.
2024-11-10 15:28:57.215 +01:00 [INF] AuthenticationScheme: Identity.Application was challenged.
2024-11-10 15:28:57.216 +01:00 [INF] Request finished HTTP/1.1 GET http://localhost:5194/Identity/Account/Logout?ReturnUrl=http%3A%2F%2Flocalhost%3A3000 - 302 0 null 4.3383ms
2024-11-10 15:28:57.228 +01:00 [INF] Request starting HTTP/1.1 GET http://localhost:5194/Identity/Account/Login?ReturnUrl=%2FIdentity%2FAccount%2FLogout%3FReturnUrl%3Dhttp%253A%252F%252Flocalhost%253A3000 - null null
2024-11-10 15:28:57.228 +01:00 [INF] Executing endpoint '/Account/Login'
2024-11-10 15:28:57.229 +01:00 [INF] Route matched with {page = "/Account/Login", area = "Identity", action = "", controller = ""}. Executing page /Account/Login
2024-11-10 15:28:57.232 +01:00 [INF] Executing handler method api.Areas.Identity.Pages.Account.LoginModel.OnGetAsync - ModelState is "Valid"
2024-11-10 15:28:57.233 +01:00 [INF] AuthenticationScheme: Identity.External signed out.
2024-11-10 15:28:57.233 +01:00 [INF] Executed handler method OnGetAsync, returned result .
2024-11-10 15:28:57.233 +01:00 [INF] Executing an implicit handler method - ModelState is "Valid"
2024-11-10 15:28:57.234 +01:00 [INF] Executed an implicit handler method, returned result Microsoft.AspNetCore.Mvc.RazorPages.PageResult.
2024-11-10 15:28:57.246 +01:00 [INF] Executed page /Account/Login in 16.7756ms
2024-11-10 15:28:57.247 +01:00 [INF] Executed endpoint '/Account/Login'
2024-11-10 15:28:57.247 +01:00 [INF] Request finished HTTP/1.1 GET http://localhost:5194/Identity/Account/Login?ReturnUrl=%2FIdentity%2FAccount%2FLogout%3FReturnUrl%3Dhttp%253A%252F%252Flocalhost%253A3000 - 200 null text/html; charset=utf-8 19.5037ms
2024-11-10 15:29:04.283 +01:00 [INF] Request starting HTTP/1.1 GET http://localhost:5194/api/Auth/userinfo - null null
2024-11-10 15:29:04.284 +01:00 [INF] CORS policy execution successful.
2024-11-10 15:29:04.285 +01:00 [INF] Executing endpoint 'FoodRegistrationTool.Controllers.AuthController.GetUserInfo (api)'
2024-11-10 15:29:04.286 +01:00 [INF] Route matched with {action = "GetUserInfo", controller = "Auth", area = "", page = ""}. Executing controller action with signature System.Threading.Tasks.Task`1[Microsoft.AspNetCore.Mvc.IActionResult] GetUserInfo() on controller FoodRegistrationTool.Controllers.AuthController (api).
2024-11-10 15:29:04.310 +01:00 [INF] Authentication result: True
2024-11-10 15:29:04.329 +01:00 [INF] Principal Name from auth result: matteo@mail.no
2024-11-10 15:29:04.335 +01:00 [INF] Request path: /api/Auth/userinfo
2024-11-10 15:29:04.340 +01:00 [INF] Request method: GET
2024-11-10 15:29:04.347 +01:00 [INF] Request scheme: http
2024-11-10 15:29:04.357 +01:00 [INF] Auth Type: Identity.Application
2024-11-10 15:29:04.371 +01:00 [INF] Identity Name: matteo@mail.no
2024-11-10 15:29:04.393 +01:00 [INF] User from UserManager: null
2024-11-10 15:29:04.398 +01:00 [INF] Cookies received: .AspNetCore.Antiforgery.lR7t4MXUUZs=CfDJ8FYKQg2-tzVDp03-Gqv4AlppTnNdEj3Ux3AeB8ir5wasdrYYEixIbAFejVPrAUxKazNDiFhBK5o8VCP3t82Gvo9tx0UmdBcZovSVxcmn_GU4tD8u_UQEz7sRNT9wmVGFYX_9FWYfuTBVg7OBpmAQU9c, .AspNetCore.Identity.Application=CfDJ8FYKQg2-tzVDp03-Gqv4Alo_zzAm3xoq3ZdcRote7eAnYlV3f6N3UAvZpeaFT_wTmykZZtNJrzYXE4oo7kfyVm-5_8HxCs7QYC20G4bEhz08czllfCk3rk3Jh8uoHwV8R7_3qqmcir5yEiFREw4s8cnTfUdCXDt8razE7daoQcKeCX6QTolhtFLEDXuLLXPf3o8To7e_BLLdu770TWqPG3rPXcks5DdbYvXO4OaGy3C6kFfdoec4zlgoC1LkYQe446TzFt9MbpLS7Vc1kxuBRXM0d8bGCoABgHDdb1jU-YoXWwfw6_ehdBB6VBh5Oje1v2Z0rh8OaSOW5rvQNosLc5wtWDHO2JJoi9LsxbI3iVoNt7kSTY7OHsMwJNDrgAY3o4N9qcEs9DjfnSRo0F2FpZMiNvhlZBKHERRAG_9K6qQtTGa_8KOBAhV9owwLGiCZaEik3mJ02S7ZG0h0o2HmkQTDKApL1xRrhaBKR7pB-GjKcYcHo_M3qTn5ldb_88VEU14XP-qC01p1XF5toFnRxtgrmU5D7NWMKdNxNTNNNPjVuLN3y4VcjlkbNos4I3UoO757rKj_ZT1TiunrfPdoBzfozE55j4AIRUIBoOhx2hgjVXfTAkUbnakacfAj4q8D2IDX6opUkfDCDuTV5Y9VG1EypWJvrOfxo7YsHxKCVVGfxVaRSICwffY9QZd3WVR7fkVkm8L5x_U4ZfI3YSQoQTqb03KAFjDuqSLgtFVjcg_4118bkHIHwscbTT_IL4jpTw
2024-11-10 15:29:04.403 +01:00 [INF] GetUserInfo called:
2024-11-10 15:29:04.406 +01:00 [INF] IsAuthenticated: True
2024-11-10 15:29:04.413 +01:00 [INF] UserName: matteo@mail.no
2024-11-10 15:29:04.418 +01:00 [INF] Claims: http://schemas.xmlsoap.org/ws/2005/05/identity/claims/nameidentifier: 7b70fec6-a5b0-4d92-b566-55e7e7d6e676, http://schemas.xmlsoap.org/ws/2005/05/identity/claims/name: matteo@mail.no, http://schemas.xmlsoap.org/ws/2005/05/identity/claims/emailaddress: matteo@mail.no, AspNet.Identity.SecurityStamp: DCW7DUUXME4Q5JX24VADU2NCH75FQORK
2024-11-10 15:29:04.422 +01:00 [INF] Claim: http://schemas.xmlsoap.org/ws/2005/05/identity/claims/nameidentifier = 7b70fec6-a5b0-4d92-b566-55e7e7d6e676
2024-11-10 15:29:04.428 +01:00 [INF] Claim: http://schemas.xmlsoap.org/ws/2005/05/identity/claims/name = matteo@mail.no
2024-11-10 15:29:04.437 +01:00 [INF] Claim: http://schemas.xmlsoap.org/ws/2005/05/identity/claims/emailaddress = matteo@mail.no
2024-11-10 15:29:04.441 +01:00 [INF] Claim: AspNet.Identity.SecurityStamp = DCW7DUUXME4Q5JX24VADU2NCH75FQORK
2024-11-10 15:29:04.447 +01:00 [INF] Returning response: {"isAuthenticated":true,"userName":"matteo@mail.no","manageUrl":"/Identity/Account/Manage","logoutUrl":"/Identity/Account/Logout","loginUrl":"/Identity/Account/Login","registerUrl":"/Identity/Account/Register"}
2024-11-10 15:29:04.448 +01:00 [INF] Executing OkObjectResult, writing value of type '<>f__AnonymousType10`6[[System.Boolean, System.Private.CoreLib, Version=8.0.0.0, Culture=neutral, PublicKeyToken=7cec85d7bea7798e],[System.String, System.Private.CoreLib, Version=8.0.0.0, Culture=neutral, PublicKeyToken=7cec85d7bea7798e],[System.String, System.Private.CoreLib, Version=8.0.0.0, Culture=neutral, PublicKeyToken=7cec85d7bea7798e],[System.String, System.Private.CoreLib, Version=8.0.0.0, Culture=neutral, PublicKeyToken=7cec85d7bea7798e],[System.String, System.Private.CoreLib, Version=8.0.0.0, Culture=neutral, PublicKeyToken=7cec85d7bea7798e],[System.String, System.Private.CoreLib, Version=8.0.0.0, Culture=neutral, PublicKeyToken=7cec85d7bea7798e]]'.
2024-11-10 15:29:04.448 +01:00 [INF] Executed action FoodRegistrationTool.Controllers.AuthController.GetUserInfo (api) in 162.5121ms
2024-11-10 15:29:04.448 +01:00 [INF] Executed endpoint 'FoodRegistrationTool.Controllers.AuthController.GetUserInfo (api)'
2024-11-10 15:29:04.449 +01:00 [INF] Request finished HTTP/1.1 GET http://localhost:5194/api/Auth/userinfo - 200 null application/json; charset=utf-8 165.8163ms
2024-11-10 15:29:04.451 +01:00 [INF] Request starting HTTP/1.1 GET http://localhost:5194/api/Auth/userinfo - null null
2024-11-10 15:29:04.451 +01:00 [INF] CORS policy execution successful.
2024-11-10 15:29:04.452 +01:00 [INF] Executing endpoint 'FoodRegistrationTool.Controllers.AuthController.GetUserInfo (api)'
2024-11-10 15:29:04.452 +01:00 [INF] Route matched with {action = "GetUserInfo", controller = "Auth", area = "", page = ""}. Executing controller action with signature System.Threading.Tasks.Task`1[Microsoft.AspNetCore.Mvc.IActionResult] GetUserInfo() on controller FoodRegistrationTool.Controllers.AuthController (api).
2024-11-10 15:29:04.457 +01:00 [INF] Authentication result: True
2024-11-10 15:29:04.510 +01:00 [INF] Principal Name from auth result: matteo@mail.no
2024-11-10 15:29:04.517 +01:00 [INF] Request path: /api/Auth/userinfo
2024-11-10 15:29:04.525 +01:00 [INF] Request method: GET
2024-11-10 15:29:04.555 +01:00 [INF] Request scheme: http
2024-11-10 15:29:04.561 +01:00 [INF] Auth Type: Identity.Application
2024-11-10 15:29:04.566 +01:00 [INF] Identity Name: matteo@mail.no
2024-11-10 15:29:04.591 +01:00 [INF] User from UserManager: null
2024-11-10 15:29:04.618 +01:00 [INF] Cookies received: .AspNetCore.Antiforgery.lR7t4MXUUZs=CfDJ8FYKQg2-tzVDp03-Gqv4AlppTnNdEj3Ux3AeB8ir5wasdrYYEixIbAFejVPrAUxKazNDiFhBK5o8VCP3t82Gvo9tx0UmdBcZovSVxcmn_GU4tD8u_UQEz7sRNT9wmVGFYX_9FWYfuTBVg7OBpmAQU9c, .AspNetCore.Identity.Application=CfDJ8FYKQg2-tzVDp03-Gqv4Alo_zzAm3xoq3ZdcRote7eAnYlV3f6N3UAvZpeaFT_wTmykZZtNJrzYXE4oo7kfyVm-5_8HxCs7QYC20G4bEhz08czllfCk3rk3Jh8uoHwV8R7_3qqmcir5yEiFREw4s8cnTfUdCXDt8razE7daoQcKeCX6QTolhtFLEDXuLLXPf3o8To7e_BLLdu770TWqPG3rPXcks5DdbYvXO4OaGy3C6kFfdoec4zlgoC1LkYQe446TzFt9MbpLS7Vc1kxuBRXM0d8bGCoABgHDdb1jU-YoXWwfw6_ehdBB6VBh5Oje1v2Z0rh8OaSOW5rvQNosLc5wtWDHO2JJoi9LsxbI3iVoNt7kSTY7OHsMwJNDrgAY3o4N9qcEs9DjfnSRo0F2FpZMiNvhlZBKHERRAG_9K6qQtTGa_8KOBAhV9owwLGiCZaEik3mJ02S7ZG0h0o2HmkQTDKApL1xRrhaBKR7pB-GjKcYcHo_M3qTn5ldb_88VEU14XP-qC01p1XF5toFnRxtgrmU5D7NWMKdNxNTNNNPjVuLN3y4VcjlkbNos4I3UoO757rKj_ZT1TiunrfPdoBzfozE55j4AIRUIBoOhx2hgjVXfTAkUbnakacfAj4q8D2IDX6opUkfDCDuTV5Y9VG1EypWJvrOfxo7YsHxKCVVGfxVaRSICwffY9QZd3WVR7fkVkm8L5x_U4ZfI3YSQoQTqb03KAFjDuqSLgtFVjcg_4118bkHIHwscbTT_IL4jpTw
2024-11-10 15:29:04.622 +01:00 [INF] GetUserInfo called:
2024-11-10 15:29:04.630 +01:00 [INF] IsAuthenticated: True
2024-11-10 15:29:04.634 +01:00 [INF] UserName: matteo@mail.no
2024-11-10 15:29:04.642 +01:00 [INF] Claims: http://schemas.xmlsoap.org/ws/2005/05/identity/claims/nameidentifier: 7b70fec6-a5b0-4d92-b566-55e7e7d6e676, http://schemas.xmlsoap.org/ws/2005/05/identity/claims/name: matteo@mail.no, http://schemas.xmlsoap.org/ws/2005/05/identity/claims/emailaddress: matteo@mail.no, AspNet.Identity.SecurityStamp: DCW7DUUXME4Q5JX24VADU2NCH75FQORK
2024-11-10 15:29:04.648 +01:00 [INF] Claim: http://schemas.xmlsoap.org/ws/2005/05/identity/claims/nameidentifier = 7b70fec6-a5b0-4d92-b566-55e7e7d6e676
2024-11-10 15:29:04.653 +01:00 [INF] Claim: http://schemas.xmlsoap.org/ws/2005/05/identity/claims/name = matteo@mail.no
2024-11-10 15:29:04.658 +01:00 [INF] Claim: http://schemas.xmlsoap.org/ws/2005/05/identity/claims/emailaddress = matteo@mail.no
2024-11-10 15:29:04.664 +01:00 [INF] Claim: AspNet.Identity.SecurityStamp = DCW7DUUXME4Q5JX24VADU2NCH75FQORK
2024-11-10 15:29:04.667 +01:00 [INF] Returning response: {"isAuthenticated":true,"userName":"matteo@mail.no","manageUrl":"/Identity/Account/Manage","logoutUrl":"/Identity/Account/Logout","loginUrl":"/Identity/Account/Login","registerUrl":"/Identity/Account/Register"}
2024-11-10 15:29:04.668 +01:00 [INF] Executing OkObjectResult, writing value of type '<>f__AnonymousType10`6[[System.Boolean, System.Private.CoreLib, Version=8.0.0.0, Culture=neutral, PublicKeyToken=7cec85d7bea7798e],[System.String, System.Private.CoreLib, Version=8.0.0.0, Culture=neutral, PublicKeyToken=7cec85d7bea7798e],[System.String, System.Private.CoreLib, Version=8.0.0.0, Culture=neutral, PublicKeyToken=7cec85d7bea7798e],[System.String, System.Private.CoreLib, Version=8.0.0.0, Culture=neutral, PublicKeyToken=7cec85d7bea7798e],[System.String, System.Private.CoreLib, Version=8.0.0.0, Culture=neutral, PublicKeyToken=7cec85d7bea7798e],[System.String, System.Private.CoreLib, Version=8.0.0.0, Culture=neutral, PublicKeyToken=7cec85d7bea7798e]]'.
2024-11-10 15:29:04.668 +01:00 [INF] Executed action FoodRegistrationTool.Controllers.AuthController.GetUserInfo (api) in 216.0286ms
2024-11-10 15:29:04.669 +01:00 [INF] Executed endpoint 'FoodRegistrationTool.Controllers.AuthController.GetUserInfo (api)'
2024-11-10 15:29:04.669 +01:00 [INF] Request finished HTTP/1.1 GET http://localhost:5194/api/Auth/userinfo - 200 null application/json; charset=utf-8 218.0206ms
2024-11-10 15:29:29.154 +01:00 [INF] Request starting HTTP/1.1 GET http://localhost:5194/api/Auth/userinfo - null null
2024-11-10 15:29:29.159 +01:00 [INF] CORS policy execution successful.
2024-11-10 15:29:29.161 +01:00 [INF] Executing endpoint 'FoodRegistrationTool.Controllers.AuthController.GetUserInfo (api)'
2024-11-10 15:29:29.161 +01:00 [INF] Route matched with {action = "GetUserInfo", controller = "Auth", area = "", page = ""}. Executing controller action with signature System.Threading.Tasks.Task`1[Microsoft.AspNetCore.Mvc.IActionResult] GetUserInfo() on controller FoodRegistrationTool.Controllers.AuthController (api).
2024-11-10 15:29:29.169 +01:00 [INF] Authentication result: False
2024-11-10 15:29:29.171 +01:00 [INF] Request path: /api/Auth/userinfo
2024-11-10 15:29:29.176 +01:00 [INF] Request method: GET
2024-11-10 15:29:29.179 +01:00 [INF] Request scheme: http
2024-11-10 15:29:29.183 +01:00 [INF] Auth Type: 
2024-11-10 15:29:29.188 +01:00 [INF] Identity Name: 
2024-11-10 15:29:29.193 +01:00 [INF] User from UserManager: null
2024-11-10 15:29:29.198 +01:00 [INF] Cookies received: 
2024-11-10 15:29:29.202 +01:00 [INF] GetUserInfo called:
2024-11-10 15:29:29.207 +01:00 [INF] IsAuthenticated: False
2024-11-10 15:29:29.210 +01:00 [INF] UserName: 
2024-11-10 15:29:29.214 +01:00 [INF] Claims: 
2024-11-10 15:29:29.217 +01:00 [INF] Returning response: {"isAuthenticated":false,"userName":null,"manageUrl":"/Identity/Account/Manage","logoutUrl":"/Identity/Account/Logout","loginUrl":"/Identity/Account/Login","registerUrl":"/Identity/Account/Register"}
2024-11-10 15:29:29.217 +01:00 [INF] Executing OkObjectResult, writing value of type '<>f__AnonymousType10`6[[System.Boolean, System.Private.CoreLib, Version=8.0.0.0, Culture=neutral, PublicKeyToken=7cec85d7bea7798e],[System.String, System.Private.CoreLib, Version=8.0.0.0, Culture=neutral, PublicKeyToken=7cec85d7bea7798e],[System.String, System.Private.CoreLib, Version=8.0.0.0, Culture=neutral, PublicKeyToken=7cec85d7bea7798e],[System.String, System.Private.CoreLib, Version=8.0.0.0, Culture=neutral, PublicKeyToken=7cec85d7bea7798e],[System.String, System.Private.CoreLib, Version=8.0.0.0, Culture=neutral, PublicKeyToken=7cec85d7bea7798e],[System.String, System.Private.CoreLib, Version=8.0.0.0, Culture=neutral, PublicKeyToken=7cec85d7bea7798e]]'.
2024-11-10 15:29:29.218 +01:00 [INF] Executed action FoodRegistrationTool.Controllers.AuthController.GetUserInfo (api) in 56.1746ms
2024-11-10 15:29:29.218 +01:00 [INF] Executed endpoint 'FoodRegistrationTool.Controllers.AuthController.GetUserInfo (api)'
2024-11-10 15:29:29.218 +01:00 [INF] Request finished HTTP/1.1 GET http://localhost:5194/api/Auth/userinfo - 200 null application/json; charset=utf-8 63.5889ms
2024-11-10 15:29:29.237 +01:00 [INF] Request starting HTTP/1.1 GET http://localhost:5194/api/Auth/userinfo - null null
2024-11-10 15:29:29.242 +01:00 [INF] CORS policy execution successful.
2024-11-10 15:29:29.243 +01:00 [INF] Executing endpoint 'FoodRegistrationTool.Controllers.AuthController.GetUserInfo (api)'
2024-11-10 15:29:29.243 +01:00 [INF] Route matched with {action = "GetUserInfo", controller = "Auth", area = "", page = ""}. Executing controller action with signature System.Threading.Tasks.Task`1[Microsoft.AspNetCore.Mvc.IActionResult] GetUserInfo() on controller FoodRegistrationTool.Controllers.AuthController (api).
2024-11-10 15:29:29.247 +01:00 [INF] Authentication result: False
2024-11-10 15:29:29.269 +01:00 [INF] Request path: /api/Auth/userinfo
2024-11-10 15:29:29.274 +01:00 [INF] Request method: GET
2024-11-10 15:29:29.278 +01:00 [INF] Request scheme: http
2024-11-10 15:29:29.283 +01:00 [INF] Auth Type: 
2024-11-10 15:29:29.288 +01:00 [INF] Identity Name: 
2024-11-10 15:29:29.293 +01:00 [INF] User from UserManager: null
2024-11-10 15:29:29.298 +01:00 [INF] Cookies received: 
2024-11-10 15:29:29.312 +01:00 [INF] GetUserInfo called:
2024-11-10 15:29:29.316 +01:00 [INF] IsAuthenticated: False
2024-11-10 15:29:29.321 +01:00 [INF] UserName: 
2024-11-10 15:29:29.332 +01:00 [INF] Claims: 
2024-11-10 15:29:29.335 +01:00 [INF] Returning response: {"isAuthenticated":false,"userName":null,"manageUrl":"/Identity/Account/Manage","logoutUrl":"/Identity/Account/Logout","loginUrl":"/Identity/Account/Login","registerUrl":"/Identity/Account/Register"}
2024-11-10 15:29:29.336 +01:00 [INF] Executing OkObjectResult, writing value of type '<>f__AnonymousType10`6[[System.Boolean, System.Private.CoreLib, Version=8.0.0.0, Culture=neutral, PublicKeyToken=7cec85d7bea7798e],[System.String, System.Private.CoreLib, Version=8.0.0.0, Culture=neutral, PublicKeyToken=7cec85d7bea7798e],[System.String, System.Private.CoreLib, Version=8.0.0.0, Culture=neutral, PublicKeyToken=7cec85d7bea7798e],[System.String, System.Private.CoreLib, Version=8.0.0.0, Culture=neutral, PublicKeyToken=7cec85d7bea7798e],[System.String, System.Private.CoreLib, Version=8.0.0.0, Culture=neutral, PublicKeyToken=7cec85d7bea7798e],[System.String, System.Private.CoreLib, Version=8.0.0.0, Culture=neutral, PublicKeyToken=7cec85d7bea7798e]]'.
2024-11-10 15:29:29.336 +01:00 [INF] Executed action FoodRegistrationTool.Controllers.AuthController.GetUserInfo (api) in 93.0037ms
2024-11-10 15:29:29.336 +01:00 [INF] Executed endpoint 'FoodRegistrationTool.Controllers.AuthController.GetUserInfo (api)'
2024-11-10 15:29:29.336 +01:00 [INF] Request finished HTTP/1.1 GET http://localhost:5194/api/Auth/userinfo - 200 null application/json; charset=utf-8 100.4477ms
2024-11-10 15:29:31.799 +01:00 [INF] Request starting HTTP/1.1 GET http://localhost:5194/Identity/Account/Login?ReturnUrl=http%3A%2F%2Flocalhost%3A3000 - null null
2024-11-10 15:29:31.800 +01:00 [INF] Executing endpoint '/Account/Login'
2024-11-10 15:29:31.801 +01:00 [INF] Route matched with {page = "/Account/Login", area = "Identity", action = "", controller = ""}. Executing page /Account/Login
2024-11-10 15:29:31.802 +01:00 [INF] Executing handler method api.Areas.Identity.Pages.Account.LoginModel.OnGetAsync - ModelState is "Valid"
2024-11-10 15:29:31.802 +01:00 [INF] AuthenticationScheme: Identity.External signed out.
2024-11-10 15:29:31.803 +01:00 [INF] Executed handler method OnGetAsync, returned result .
2024-11-10 15:29:31.803 +01:00 [INF] Executing an implicit handler method - ModelState is "Valid"
2024-11-10 15:29:31.803 +01:00 [INF] Executed an implicit handler method, returned result Microsoft.AspNetCore.Mvc.RazorPages.PageResult.
2024-11-10 15:29:31.811 +01:00 [INF] Executed page /Account/Login in 9.6252ms
2024-11-10 15:29:31.811 +01:00 [INF] Executed endpoint '/Account/Login'
2024-11-10 15:29:31.812 +01:00 [INF] Request finished HTTP/1.1 GET http://localhost:5194/Identity/Account/Login?ReturnUrl=http%3A%2F%2Flocalhost%3A3000 - 200 null text/html; charset=utf-8 12.5794ms
2024-11-10 15:29:43.391 +01:00 [INF] Request starting HTTP/1.1 GET http://localhost:5194/Identity/Account/Register - null null
2024-11-10 15:29:43.391 +01:00 [INF] Executing endpoint '/Account/Register'
2024-11-10 15:29:43.401 +01:00 [INF] Route matched with {page = "/Account/Register", area = "Identity", action = "", controller = ""}. Executing page /Account/Register
2024-11-10 15:29:43.404 +01:00 [INF] Executing handler method api.Areas.Identity.Pages.Account.RegisterModel.OnGetAsync - ModelState is "Valid"
2024-11-10 15:29:43.406 +01:00 [INF] Executed handler method OnGetAsync, returned result .
2024-11-10 15:29:43.406 +01:00 [INF] Executing an implicit handler method - ModelState is "Valid"
2024-11-10 15:29:43.406 +01:00 [INF] Executed an implicit handler method, returned result Microsoft.AspNetCore.Mvc.RazorPages.PageResult.
2024-11-10 15:29:43.439 +01:00 [INF] Executed page /Account/Register in 37.5964ms
2024-11-10 15:29:43.439 +01:00 [INF] Executed endpoint '/Account/Register'
2024-11-10 15:29:43.439 +01:00 [INF] Request finished HTTP/1.1 GET http://localhost:5194/Identity/Account/Register - 200 null text/html; charset=utf-8 48.8392ms
2024-11-10 15:29:54.242 +01:00 [INF] Request starting HTTP/1.1 POST http://localhost:5194/Identity/Account/Register - application/x-www-form-urlencoded 259
2024-11-10 15:29:54.242 +01:00 [INF] CORS policy execution successful.
2024-11-10 15:29:54.243 +01:00 [INF] Executing endpoint '/Account/Register'
2024-11-10 15:29:54.243 +01:00 [INF] Route matched with {page = "/Account/Register", area = "Identity", action = "", controller = ""}. Executing page /Account/Register
2024-11-10 15:29:54.270 +01:00 [INF] Executing handler method api.Areas.Identity.Pages.Account.RegisterModel.OnPostAsync - ModelState is "Valid"
2024-11-10 15:29:54.277 +01:00 [INF] OnPostAsync started with returnUrl: null
2024-11-10 15:29:54.279 +01:00 [INF] ModelState is valid. Creating user with email: mat@mail.no
2024-11-10 15:29:54.656 +01:00 [INF] User created a new account with password.
2024-11-10 15:29:54.708 +01:00 [INF] AuthenticationScheme: Identity.Application signed in.
2024-11-10 15:29:54.710 +01:00 [INF] User signed in successfully
2024-11-10 15:29:54.713 +01:00 [INF] Authentication state after sign in: true
2024-11-10 15:29:54.751 +01:00 [INF] Cookies being set: .AspNetCore.Identity.Application=CfDJ8FYKQg2-tzVDp03-Gqv4Alqt60J61Tk-glUDClx4x2ZMAWJh9JklXGjkqkc8Frc3h8gAd1x1V-vgEfaSqnT9WwEbcpxOtuUU33jyPOtUyfYatoOdioPxWDKq14qvThqD1_bNatQrpZPE1c_i4XjDOxvhsR8RciiDxR3_VY86NThNOO8G5ToDLPg5CMaZW6uN_CxD7Q3fzaAXQQtTr4dQg8pm8BviosMImuDe0rYVZdHFqiF0eAsOA2oQ5xHesPOAn76ffuigR07P3xpcrn4GiTSy5Ty4Wj6qi-dGpyDDp-RpyToVbMQ6vgYJFqixe2TzFVfL-DyyDuh4DgGTqbDYXJpH5nqJJheT1xCVLNn0k2o2hil6hRfFPiH42alFZ06o4kcuTCSVaucq01da-MeEACosBpxAvQL6EOMI7kfFDtVHE5Ca7lW95oP20lQ2f6h1NA23IbS47YJSdfv3BbmSExq8FshYeq97bc2_SNNXf553RiWTXZFiNYKp2djrQ4r6tCwTinCyfsJChwn_1F1IwJ-fdV4qK8tyDvroVrd3nJkyfl4MZGjfMWsjBruVZPzEOlOe9eT27FpJX_krVI2lb4Fa3eh4EHT0VwSM54xq3lKAttRXB_gHQ7RzB6m0RcqvNnMFoitiuX0HRZNbipkT8AHanIsAmn48KLJW7OHngEA6sgZPuVlIs_pcBi43hQCutALi1NQAXCFxgpZLcrQHg2pDSPS1urSPxOEcR5i8oqmg; expires=Tue, 10 Dec 2024 14:29:54 GMT; path=/; samesite=lax; httponly
2024-11-10 15:29:54.875 +01:00 [INF] Redirecting to local URL: /
2024-11-10 15:29:54.876 +01:00 [INF] Executed handler method OnPostAsync, returned result Microsoft.AspNetCore.Mvc.RedirectResult.
2024-11-10 15:29:54.877 +01:00 [INF] Executing RedirectResult, redirecting to /.
2024-11-10 15:29:54.878 +01:00 [INF] Executed page /Account/Register in 634.6897ms
2024-11-10 15:29:54.878 +01:00 [INF] Executed endpoint '/Account/Register'
2024-11-10 15:29:54.878 +01:00 [INF] Request finished HTTP/1.1 POST http://localhost:5194/Identity/Account/Register - 302 0 null 635.8397ms
2024-11-10 15:29:54.885 +01:00 [INF] Request starting HTTP/1.1 GET http://localhost:5194/ - null null
2024-11-10 15:29:54.886 +01:00 [INF] Request finished HTTP/1.1 GET http://localhost:5194/ - 404 0 null 1.64ms
2024-11-10 15:29:54.888 +01:00 [INF] Request reached the end of the middleware pipeline without being handled by application code. Request path: GET http://localhost:5194/, Response status code: 404
2024-11-10 15:29:54.990 +01:00 [INF] Request starting HTTP/1.1 GET http://localhost:5194/Identity/lib/bootstrap/dist/css/bootstrap.css.map - null null
2024-11-10 15:29:55.073 +01:00 [INF] Sending file. Request path: '/Identity/lib/bootstrap/dist/css/bootstrap.css.map'. Physical path: 'C:\Users\Mats\.nuget\packages\microsoft.aspnetcore.identity.ui\8.0.10\staticwebassets\V5\lib\bootstrap\dist\css\bootstrap.css.map'
2024-11-10 15:29:55.077 +01:00 [INF] Request finished HTTP/1.1 GET http://localhost:5194/Identity/lib/bootstrap/dist/css/bootstrap.css.map - 200 536547 text/plain 87.3456ms
2024-11-10 15:30:02.994 +01:00 [INF] Request starting HTTP/1.1 GET http://localhost:5194/Identity/Account/Register - null null
2024-11-10 15:30:02.995 +01:00 [INF] Executing endpoint '/Account/Register'
2024-11-10 15:30:02.995 +01:00 [INF] Route matched with {page = "/Account/Register", area = "Identity", action = "", controller = ""}. Executing page /Account/Register
2024-11-10 15:30:02.998 +01:00 [INF] Executing handler method api.Areas.Identity.Pages.Account.RegisterModel.OnGetAsync - ModelState is "Valid"
2024-11-10 15:30:02.998 +01:00 [INF] Executed handler method OnGetAsync, returned result .
2024-11-10 15:30:02.998 +01:00 [INF] Executing an implicit handler method - ModelState is "Valid"
2024-11-10 15:30:02.998 +01:00 [INF] Executed an implicit handler method, returned result Microsoft.AspNetCore.Mvc.RazorPages.PageResult.
2024-11-10 15:30:03.002 +01:00 [INF] Executed page /Account/Register in 6.3859ms
2024-11-10 15:30:03.002 +01:00 [INF] Executed endpoint '/Account/Register'
2024-11-10 15:30:03.002 +01:00 [INF] Request finished HTTP/1.1 GET http://localhost:5194/Identity/Account/Register - 200 null text/html; charset=utf-8 7.6131ms
2024-11-10 15:30:08.145 +01:00 [INF] Request starting HTTP/1.1 GET http://localhost:5194/Identity/Account/Login - null null
2024-11-10 15:30:08.145 +01:00 [INF] Executing endpoint '/Account/Login'
2024-11-10 15:30:08.146 +01:00 [INF] Route matched with {page = "/Account/Login", area = "Identity", action = "", controller = ""}. Executing page /Account/Login
2024-11-10 15:30:08.146 +01:00 [INF] Executing handler method api.Areas.Identity.Pages.Account.LoginModel.OnGetAsync - ModelState is "Valid"
2024-11-10 15:30:08.146 +01:00 [INF] AuthenticationScheme: Identity.External signed out.
2024-11-10 15:30:08.146 +01:00 [INF] Executed handler method OnGetAsync, returned result .
2024-11-10 15:30:08.146 +01:00 [INF] Executing an implicit handler method - ModelState is "Valid"
2024-11-10 15:30:08.146 +01:00 [INF] Executed an implicit handler method, returned result Microsoft.AspNetCore.Mvc.RazorPages.PageResult.
2024-11-10 15:30:08.149 +01:00 [INF] Executed page /Account/Login in 3.232ms
2024-11-10 15:30:08.149 +01:00 [INF] Executed endpoint '/Account/Login'
2024-11-10 15:30:08.149 +01:00 [INF] Request finished HTTP/1.1 GET http://localhost:5194/Identity/Account/Login - 200 null text/html; charset=utf-8 4.6444ms
2024-11-10 15:30:17.124 +01:00 [INF] Request starting HTTP/1.1 POST http://localhost:5194/Identity/Account/Login - application/x-www-form-urlencoded 253
2024-11-10 15:30:17.124 +01:00 [INF] CORS policy execution successful.
2024-11-10 15:30:17.124 +01:00 [INF] Executing endpoint '/Account/Login'
2024-11-10 15:30:17.125 +01:00 [INF] Route matched with {page = "/Account/Login", area = "Identity", action = "", controller = ""}. Executing page /Account/Login
2024-11-10 15:30:17.128 +01:00 [INF] Executing handler method api.Areas.Identity.Pages.Account.LoginModel.OnPostAsync - ModelState is "Valid"
2024-11-10 15:30:17.293 +01:00 [INF] AuthenticationScheme: Identity.Application signed in.
2024-11-10 15:30:17.296 +01:00 [INF] User logged in.
2024-11-10 15:30:17.296 +01:00 [INF] Executed handler method OnPostAsync, returned result Microsoft.AspNetCore.Mvc.RedirectResult.
2024-11-10 15:30:17.296 +01:00 [INF] Executing RedirectResult, redirecting to /.
2024-11-10 15:30:17.296 +01:00 [INF] Executed page /Account/Login in 171.6615ms
2024-11-10 15:30:17.296 +01:00 [INF] Executed endpoint '/Account/Login'
2024-11-10 15:30:17.297 +01:00 [INF] Request finished HTTP/1.1 POST http://localhost:5194/Identity/Account/Login - 302 0 null 172.7795ms
2024-11-10 15:30:17.303 +01:00 [INF] Request starting HTTP/1.1 GET http://localhost:5194/ - null null
2024-11-10 15:30:17.304 +01:00 [INF] Request finished HTTP/1.1 GET http://localhost:5194/ - 404 0 null 0.4767ms
2024-11-10 15:30:17.304 +01:00 [INF] Request reached the end of the middleware pipeline without being handled by application code. Request path: GET http://localhost:5194/, Response status code: 404
2024-11-10 15:30:17.389 +01:00 [INF] Request starting HTTP/1.1 GET http://localhost:5194/Identity/lib/bootstrap/dist/css/bootstrap.css.map - null null
2024-11-10 15:30:17.447 +01:00 [INF] Sending file. Request path: '/Identity/lib/bootstrap/dist/css/bootstrap.css.map'. Physical path: 'C:\Users\Mats\.nuget\packages\microsoft.aspnetcore.identity.ui\8.0.10\staticwebassets\V5\lib\bootstrap\dist\css\bootstrap.css.map'
2024-11-10 15:30:17.447 +01:00 [INF] Request finished HTTP/1.1 GET http://localhost:5194/Identity/lib/bootstrap/dist/css/bootstrap.css.map - 200 536547 text/plain 57.6144ms
2024-11-10 15:30:19.335 +01:00 [INF] Request starting HTTP/1.1 GET http://localhost:5194/Identity/Account/Login - null null
2024-11-10 15:30:19.336 +01:00 [INF] Executing endpoint '/Account/Login'
2024-11-10 15:30:19.336 +01:00 [INF] Route matched with {page = "/Account/Login", area = "Identity", action = "", controller = ""}. Executing page /Account/Login
2024-11-10 15:30:19.337 +01:00 [INF] Executing handler method api.Areas.Identity.Pages.Account.LoginModel.OnGetAsync - ModelState is "Valid"
2024-11-10 15:30:19.337 +01:00 [INF] AuthenticationScheme: Identity.External signed out.
2024-11-10 15:30:19.337 +01:00 [INF] Executed handler method OnGetAsync, returned result .
2024-11-10 15:30:19.337 +01:00 [INF] Executing an implicit handler method - ModelState is "Valid"
2024-11-10 15:30:19.337 +01:00 [INF] Executed an implicit handler method, returned result Microsoft.AspNetCore.Mvc.RazorPages.PageResult.
2024-11-10 15:30:19.340 +01:00 [INF] Executed page /Account/Login in 3.5041ms
2024-11-10 15:30:19.340 +01:00 [INF] Executed endpoint '/Account/Login'
2024-11-10 15:30:19.340 +01:00 [INF] Request finished HTTP/1.1 GET http://localhost:5194/Identity/Account/Login - 200 null text/html; charset=utf-8 4.6856ms
2024-11-10 15:30:22.675 +01:00 [INF] Request starting HTTP/1.1 GET http://localhost:5194/Identity/Account/Register - null null
2024-11-10 15:30:22.676 +01:00 [INF] Executing endpoint '/Account/Register'
2024-11-10 15:30:22.676 +01:00 [INF] Route matched with {page = "/Account/Register", area = "Identity", action = "", controller = ""}. Executing page /Account/Register
2024-11-10 15:30:22.676 +01:00 [INF] Executing handler method api.Areas.Identity.Pages.Account.RegisterModel.OnGetAsync - ModelState is "Valid"
2024-11-10 15:30:22.677 +01:00 [INF] Executed handler method OnGetAsync, returned result .
2024-11-10 15:30:22.677 +01:00 [INF] Executing an implicit handler method - ModelState is "Valid"
2024-11-10 15:30:22.677 +01:00 [INF] Executed an implicit handler method, returned result Microsoft.AspNetCore.Mvc.RazorPages.PageResult.
2024-11-10 15:30:22.681 +01:00 [INF] Executed page /Account/Register in 5.1897ms
2024-11-10 15:30:22.681 +01:00 [INF] Executed endpoint '/Account/Register'
2024-11-10 15:30:22.682 +01:00 [INF] Request finished HTTP/1.1 GET http://localhost:5194/Identity/Account/Register - 200 null text/html; charset=utf-8 7.034ms
2024-11-10 15:30:32.199 +01:00 [INF] Request starting HTTP/1.1 POST http://localhost:5194/Identity/Account/Register - application/x-www-form-urlencoded 260
2024-11-10 15:30:32.199 +01:00 [INF] CORS policy execution successful.
2024-11-10 15:30:32.199 +01:00 [INF] Executing endpoint '/Account/Register'
2024-11-10 15:30:32.200 +01:00 [INF] Route matched with {page = "/Account/Register", area = "Identity", action = "", controller = ""}. Executing page /Account/Register
2024-11-10 15:30:32.201 +01:00 [INF] Executing handler method api.Areas.Identity.Pages.Account.RegisterModel.OnPostAsync - ModelState is "Valid"
2024-11-10 15:30:32.204 +01:00 [INF] OnPostAsync started with returnUrl: null
2024-11-10 15:30:32.207 +01:00 [INF] ModelState is valid. Creating user with email: mats@mail.no
2024-11-10 15:30:32.379 +01:00 [INF] User created a new account with password.
2024-11-10 15:30:32.384 +01:00 [INF] AuthenticationScheme: Identity.Application signed in.
2024-11-10 15:30:32.386 +01:00 [INF] User signed in successfully
2024-11-10 15:30:32.389 +01:00 [INF] Authentication state after sign in: true
2024-11-10 15:30:32.393 +01:00 [INF] Cookies being set: .AspNetCore.Identity.Application=CfDJ8FYKQg2-tzVDp03-Gqv4AlqYUf_-6ARxVv2mOXmE4L7sxgIYRlpSPGTIuWd7jG_ebcPViRt7FKvAxgGrJrTPC995jjgFlmty7rQFfRPBRUKfY87BdoPSprJfjeKzWCX6wDJ_b4gyVafiBFtLcUNqkpfeh2-4ykbxvmaw9C04EM_7fKzq1cgaiGHpbQ-3lG5wAj3HmDZtAKIVb0o4FNElqqeP1C9JQn-G1aMEMe-TO8o4uS99O7LsfdAlGewKhGQNs_JtaPoQPKh_4UqegIcZmy4r5MLLIeeL5D3dTaqIk5Lrep1iZoc_9Bfvu_GxEr6HES1QMjRhF_5yMfnFLj4HKMi1gSOOApNc373zRgJehajO-af3YpZeb8dld3od5YwQfnUEwnDRFWOwu6s57K6Uf2DHl3A1DizMLMDz5UuNNMRy1aFjMqMehtBXQvv8ZKvschYkG5fuGVEAPThVbfHN0O4WV1QoYDYH7KSipkXL4fxOgPCsyYsGwYEvSWbYj1HN0h_uG_numlh19q14VW7VAb02K1y6O1rUKLcPhovn3xxyXf6U8igvNsvl7pnq_5c8a4QB6BTDw5HyqIQmQAcym0OqgD1YdggXYbaeO6yYF7JqG61Ktglo9ZqjILirmYQMrfeTLi-l1TCXNveYaC8H3CHgciSnFWJxQPrn_2SdSEz4gVDPKCsrnZs3wWU2wz9EecVc36Cv4vpcFXArhMYsZ3bjDiYtsZPTapWrtfzh_WSD; expires=Tue, 10 Dec 2024 14:30:32 GMT; path=/; samesite=lax; httponly
2024-11-10 15:30:32.434 +01:00 [INF] Redirecting to local URL: /
2024-11-10 15:30:32.434 +01:00 [INF] Executed handler method OnPostAsync, returned result Microsoft.AspNetCore.Mvc.RedirectResult.
2024-11-10 15:30:32.434 +01:00 [INF] Executing RedirectResult, redirecting to /.
2024-11-10 15:30:32.434 +01:00 [INF] Executed page /Account/Register in 234.1713ms
2024-11-10 15:30:32.434 +01:00 [INF] Executed endpoint '/Account/Register'
2024-11-10 15:30:32.434 +01:00 [INF] Request finished HTTP/1.1 POST http://localhost:5194/Identity/Account/Register - 302 0 null 235.453ms
2024-11-10 15:30:32.442 +01:00 [INF] Request starting HTTP/1.1 GET http://localhost:5194/ - null null
2024-11-10 15:30:32.442 +01:00 [INF] Request finished HTTP/1.1 GET http://localhost:5194/ - 404 0 null 0.4578ms
2024-11-10 15:30:32.443 +01:00 [INF] Request reached the end of the middleware pipeline without being handled by application code. Request path: GET http://localhost:5194/, Response status code: 404
2024-11-10 15:30:32.592 +01:00 [INF] Request starting HTTP/1.1 GET http://localhost:5194/Identity/lib/bootstrap/dist/css/bootstrap.css.map - null null
2024-11-10 15:30:32.602 +01:00 [INF] Sending file. Request path: '/Identity/lib/bootstrap/dist/css/bootstrap.css.map'. Physical path: 'C:\Users\Mats\.nuget\packages\microsoft.aspnetcore.identity.ui\8.0.10\staticwebassets\V5\lib\bootstrap\dist\css\bootstrap.css.map'
2024-11-10 15:30:32.602 +01:00 [INF] Request finished HTTP/1.1 GET http://localhost:5194/Identity/lib/bootstrap/dist/css/bootstrap.css.map - 200 536547 text/plain 10.1736ms
