2024-11-16 12:15:59.913 +01:00 [INF] User profile is available. Using 'C:\Users\Mats\AppData\Local\ASP.NET\DataProtection-Keys' as key repository and Windows DPAPI to encrypt keys at rest.
2024-11-16 12:16:00.521 +01:00 [INF] Now listening on: https://localhost:7263
2024-11-16 12:16:00.524 +01:00 [INF] Now listening on: http://localhost:5194
2024-11-16 12:16:00.534 +01:00 [INF] Application started. Press Ctrl+C to shut down.
2024-11-16 12:16:00.539 +01:00 [INF] Hosting environment: Development
2024-11-16 12:16:00.542 +01:00 [INF] Content root path: C:\Users\Mats\web-projects\react\exam\api
2024-11-16 12:16:13.129 +01:00 [INF] Request starting HTTP/1.1 GET http://localhost:5194/api/productapi/productlist - null null
2024-11-16 12:16:13.217 +01:00 [INF] CORS policy execution successful.
2024-11-16 12:16:13.240 +01:00 [INF] Executing endpoint 'FoodRegistrationTool.Controllers.ProductAPIController.ProductList (api)'
2024-11-16 12:16:13.273 +01:00 [INF] Route matched with {action = "ProductList", controller = "ProductAPI", area = "", page = ""}. Executing controller action with signature System.Threading.Tasks.Task`1[Microsoft.AspNetCore.Mvc.IActionResult] ProductList() on controller FoodRegistrationTool.Controllers.ProductAPIController (api).
2024-11-16 12:16:14.658 +01:00 [INF] Executing OkObjectResult, writing value of type 'System.Linq.Enumerable+SelectListIterator`2[[FoodRegistrationTool.Models.Product, api, Version=1.0.0.0, Culture=neutral, PublicKeyToken=null],[FoodRegistrationTool.DTOs.ProductDto, api, Version=1.0.0.0, Culture=neutral, PublicKeyToken=null]]'.
2024-11-16 12:16:14.709 +01:00 [INF] Executed action FoodRegistrationTool.Controllers.ProductAPIController.ProductList (api) in 1432.257ms
2024-11-16 12:16:14.710 +01:00 [INF] Executed endpoint 'FoodRegistrationTool.Controllers.ProductAPIController.ProductList (api)'
2024-11-16 12:16:14.719 +01:00 [INF] Request finished HTTP/1.1 GET http://localhost:5194/api/productapi/productlist - 200 null application/json; charset=utf-8 1593.4368ms
2024-11-16 12:16:16.666 +01:00 [INF] Request starting HTTP/1.1 GET http://localhost:5194/Identity/Account/Login - null null
2024-11-16 12:16:16.679 +01:00 [INF] Request starting HTTP/1.1 GET http://localhost:5194/Identity/Account/Login - null null
2024-11-16 12:16:16.692 +01:00 [INF] Executing endpoint '/Account/Login'
2024-11-16 12:16:16.700 +01:00 [INF] Executing endpoint '/Account/Login'
2024-11-16 12:16:16.738 +01:00 [INF] Route matched with {page = "/Account/Login", area = "Identity", action = "", controller = ""}. Executing page /Account/Login
2024-11-16 12:16:16.738 +01:00 [INF] Route matched with {page = "/Account/Login", area = "Identity", action = "", controller = ""}. Executing page /Account/Login
2024-11-16 12:16:16.788 +01:00 [INF] Executing handler method api.Areas.Identity.Pages.Account.LoginModel.OnGetAsync - ModelState is "Valid"
2024-11-16 12:16:16.788 +01:00 [INF] Executing handler method api.Areas.Identity.Pages.Account.LoginModel.OnGetAsync - ModelState is "Valid"
2024-11-16 12:16:16.806 +01:00 [INF] AuthenticationScheme: Identity.External signed out.
2024-11-16 12:16:16.806 +01:00 [INF] AuthenticationScheme: Identity.External signed out.
2024-11-16 12:16:16.808 +01:00 [INF] Executed handler method OnGetAsync, returned result .
2024-11-16 12:16:16.808 +01:00 [INF] Executed handler method OnGetAsync, returned result .
2024-11-16 12:16:16.816 +01:00 [INF] Executing an implicit handler method - ModelState is "Valid"
2024-11-16 12:16:16.816 +01:00 [INF] Executing an implicit handler method - ModelState is "Valid"
2024-11-16 12:16:16.817 +01:00 [INF] Executed an implicit handler method, returned result Microsoft.AspNetCore.Mvc.RazorPages.PageResult.
2024-11-16 12:16:16.817 +01:00 [INF] Executed an implicit handler method, returned result Microsoft.AspNetCore.Mvc.RazorPages.PageResult.
2024-11-16 12:16:17.045 +01:00 [INF] Executed page /Account/Login in 306.5097ms
2024-11-16 12:16:17.045 +01:00 [INF] Executed page /Account/Login in 306.6307ms
2024-11-16 12:16:17.046 +01:00 [INF] Executed endpoint '/Account/Login'
2024-11-16 12:16:17.046 +01:00 [INF] Executed endpoint '/Account/Login'
2024-11-16 12:16:17.050 +01:00 [INF] Request finished HTTP/1.1 GET http://localhost:5194/Identity/Account/Login - 200 null text/html; charset=utf-8 370.6741ms
2024-11-16 12:16:17.050 +01:00 [INF] Request finished HTTP/1.1 GET http://localhost:5194/Identity/Account/Login - 200 null text/html; charset=utf-8 383.4135ms
2024-11-16 12:16:20.913 +01:00 [INF] Request starting HTTP/1.1 GET http://localhost:5194/api/productapi/1 - null null
2024-11-16 12:16:20.917 +01:00 [INF] CORS policy execution successful.
2024-11-16 12:16:20.918 +01:00 [INF] Executing endpoint 'FoodRegistrationTool.Controllers.ProductAPIController.GetProduct (api)'
2024-11-16 12:16:20.927 +01:00 [INF] Route matched with {action = "GetProduct", controller = "ProductAPI", area = "", page = ""}. Executing controller action with signature System.Threading.Tasks.Task`1[Microsoft.AspNetCore.Mvc.IActionResult] GetProduct(Int32) on controller FoodRegistrationTool.Controllers.ProductAPIController (api).
2024-11-16 12:16:21.138 +01:00 [INF] Executing OkObjectResult, writing value of type 'FoodRegistrationTool.Models.Product'.
2024-11-16 12:16:21.147 +01:00 [INF] Executed action FoodRegistrationTool.Controllers.ProductAPIController.GetProduct (api) in 219.6703ms
2024-11-16 12:16:21.147 +01:00 [INF] Executed endpoint 'FoodRegistrationTool.Controllers.ProductAPIController.GetProduct (api)'
2024-11-16 12:16:21.148 +01:00 [INF] Request finished HTTP/1.1 GET http://localhost:5194/api/productapi/1 - 200 null application/json; charset=utf-8 235.1743ms
2024-11-16 12:16:21.149 +01:00 [INF] Request starting HTTP/1.1 GET http://localhost:5194/api/productapi/1 - null null
2024-11-16 12:16:21.150 +01:00 [INF] CORS policy execution successful.
2024-11-16 12:16:21.150 +01:00 [INF] Executing endpoint 'FoodRegistrationTool.Controllers.ProductAPIController.GetProduct (api)'
2024-11-16 12:16:21.150 +01:00 [INF] Route matched with {action = "GetProduct", controller = "ProductAPI", area = "", page = ""}. Executing controller action with signature System.Threading.Tasks.Task`1[Microsoft.AspNetCore.Mvc.IActionResult] GetProduct(Int32) on controller FoodRegistrationTool.Controllers.ProductAPIController (api).
2024-11-16 12:16:21.280 +01:00 [INF] Executing OkObjectResult, writing value of type 'FoodRegistrationTool.Models.Product'.
2024-11-16 12:16:21.280 +01:00 [INF] Executed action FoodRegistrationTool.Controllers.ProductAPIController.GetProduct (api) in 129.9474ms
2024-11-16 12:16:21.280 +01:00 [INF] Executed endpoint 'FoodRegistrationTool.Controllers.ProductAPIController.GetProduct (api)'
2024-11-16 12:16:21.281 +01:00 [INF] Request finished HTTP/1.1 GET http://localhost:5194/api/productapi/1 - 200 null application/json; charset=utf-8 131.5763ms
2024-11-16 12:16:23.429 +01:00 [INF] Request starting HTTP/1.1 GET http://localhost:5194/api/productapi/productlist - null null
2024-11-16 12:16:23.430 +01:00 [INF] CORS policy execution successful.
2024-11-16 12:16:23.430 +01:00 [INF] Executing endpoint 'FoodRegistrationTool.Controllers.ProductAPIController.ProductList (api)'
2024-11-16 12:16:23.430 +01:00 [INF] Route matched with {action = "ProductList", controller = "ProductAPI", area = "", page = ""}. Executing controller action with signature System.Threading.Tasks.Task`1[Microsoft.AspNetCore.Mvc.IActionResult] ProductList() on controller FoodRegistrationTool.Controllers.ProductAPIController (api).
2024-11-16 12:16:23.441 +01:00 [INF] Executing OkObjectResult, writing value of type 'System.Linq.Enumerable+SelectListIterator`2[[FoodRegistrationTool.Models.Product, api, Version=1.0.0.0, Culture=neutral, PublicKeyToken=null],[FoodRegistrationTool.DTOs.ProductDto, api, Version=1.0.0.0, Culture=neutral, PublicKeyToken=null]]'.
2024-11-16 12:16:23.441 +01:00 [INF] Executed action FoodRegistrationTool.Controllers.ProductAPIController.ProductList (api) in 11.1403ms
2024-11-16 12:16:23.442 +01:00 [INF] Executed endpoint 'FoodRegistrationTool.Controllers.ProductAPIController.ProductList (api)'
2024-11-16 12:16:23.442 +01:00 [INF] Request finished HTTP/1.1 GET http://localhost:5194/api/productapi/productlist - 200 null application/json; charset=utf-8 13.2799ms
2024-11-16 12:16:23.444 +01:00 [INF] Request starting HTTP/1.1 GET http://localhost:5194/api/productapi/productlist - null null
2024-11-16 12:16:23.444 +01:00 [INF] CORS policy execution successful.
2024-11-16 12:16:23.445 +01:00 [INF] Executing endpoint 'FoodRegistrationTool.Controllers.ProductAPIController.ProductList (api)'
2024-11-16 12:16:23.445 +01:00 [INF] Route matched with {action = "ProductList", controller = "ProductAPI", area = "", page = ""}. Executing controller action with signature System.Threading.Tasks.Task`1[Microsoft.AspNetCore.Mvc.IActionResult] ProductList() on controller FoodRegistrationTool.Controllers.ProductAPIController (api).
2024-11-16 12:16:23.452 +01:00 [INF] Executing OkObjectResult, writing value of type 'System.Linq.Enumerable+SelectListIterator`2[[FoodRegistrationTool.Models.Product, api, Version=1.0.0.0, Culture=neutral, PublicKeyToken=null],[FoodRegistrationTool.DTOs.ProductDto, api, Version=1.0.0.0, Culture=neutral, PublicKeyToken=null]]'.
2024-11-16 12:16:23.452 +01:00 [INF] Executed action FoodRegistrationTool.Controllers.ProductAPIController.ProductList (api) in 6.9615ms
2024-11-16 12:16:23.452 +01:00 [INF] Executed endpoint 'FoodRegistrationTool.Controllers.ProductAPIController.ProductList (api)'
2024-11-16 12:16:23.453 +01:00 [INF] Request finished HTTP/1.1 GET http://localhost:5194/api/productapi/productlist - 200 null application/json; charset=utf-8 8.5806ms
2024-11-16 12:16:25.583 +01:00 [INF] Request starting HTTP/1.1 GET http://localhost:5194/api/productapi/1 - null null
2024-11-16 12:16:25.584 +01:00 [INF] CORS policy execution successful.
2024-11-16 12:16:25.584 +01:00 [INF] Executing endpoint 'FoodRegistrationTool.Controllers.ProductAPIController.GetProduct (api)'
2024-11-16 12:16:25.584 +01:00 [INF] Route matched with {action = "GetProduct", controller = "ProductAPI", area = "", page = ""}. Executing controller action with signature System.Threading.Tasks.Task`1[Microsoft.AspNetCore.Mvc.IActionResult] GetProduct(Int32) on controller FoodRegistrationTool.Controllers.ProductAPIController (api).
2024-11-16 12:16:25.590 +01:00 [INF] Executing OkObjectResult, writing value of type 'FoodRegistrationTool.Models.Product'.
2024-11-16 12:16:25.590 +01:00 [INF] Executed action FoodRegistrationTool.Controllers.ProductAPIController.GetProduct (api) in 6.0049ms
2024-11-16 12:16:25.590 +01:00 [INF] Executed endpoint 'FoodRegistrationTool.Controllers.ProductAPIController.GetProduct (api)'
2024-11-16 12:16:25.591 +01:00 [INF] Request finished HTTP/1.1 GET http://localhost:5194/api/productapi/1 - 200 null application/json; charset=utf-8 7.157ms
2024-11-16 12:16:25.592 +01:00 [INF] Request starting HTTP/1.1 GET http://localhost:5194/api/productapi/1 - null null
2024-11-16 12:16:25.592 +01:00 [INF] CORS policy execution successful.
2024-11-16 12:16:25.592 +01:00 [INF] Executing endpoint 'FoodRegistrationTool.Controllers.ProductAPIController.GetProduct (api)'
2024-11-16 12:16:25.593 +01:00 [INF] Route matched with {action = "GetProduct", controller = "ProductAPI", area = "", page = ""}. Executing controller action with signature System.Threading.Tasks.Task`1[Microsoft.AspNetCore.Mvc.IActionResult] GetProduct(Int32) on controller FoodRegistrationTool.Controllers.ProductAPIController (api).
2024-11-16 12:16:25.598 +01:00 [INF] Executing OkObjectResult, writing value of type 'FoodRegistrationTool.Models.Product'.
2024-11-16 12:16:25.598 +01:00 [INF] Executed action FoodRegistrationTool.Controllers.ProductAPIController.GetProduct (api) in 5.8125ms
2024-11-16 12:16:25.599 +01:00 [INF] Executed endpoint 'FoodRegistrationTool.Controllers.ProductAPIController.GetProduct (api)'
2024-11-16 12:16:25.599 +01:00 [INF] Request finished HTTP/1.1 GET http://localhost:5194/api/productapi/1 - 200 null application/json; charset=utf-8 6.9442ms
2024-11-16 12:16:29.036 +01:00 [INF] Request starting HTTP/1.1 OPTIONS http://localhost:5194/api/productapi/calculatescore - null null
2024-11-16 12:16:29.036 +01:00 [INF] CORS policy execution successful.
2024-11-16 12:16:29.037 +01:00 [INF] Request finished HTTP/1.1 OPTIONS http://localhost:5194/api/productapi/calculatescore - 204 null null 1.4968ms
2024-11-16 12:16:29.039 +01:00 [INF] Request starting HTTP/1.1 POST http://localhost:5194/api/productapi/calculatescore - application/json 110
2024-11-16 12:16:29.040 +01:00 [INF] CORS policy execution successful.
2024-11-16 12:16:29.040 +01:00 [INF] Executing endpoint 'FoodRegistrationTool.Controllers.ProductAPIController.CalculateNutritionScore (api)'
2024-11-16 12:16:29.045 +01:00 [INF] Route matched with {action = "CalculateNutritionScore", controller = "ProductAPI", area = "", page = ""}. Executing controller action with signature System.Threading.Tasks.Task`1[Microsoft.AspNetCore.Mvc.IActionResult] CalculateNutritionScore(NutritionCalculationRequest) on controller FoodRegistrationTool.Controllers.ProductAPIController (api).
2024-11-16 12:16:29.115 +01:00 [INF] Executing OkObjectResult, writing value of type 'System.String'.
2024-11-16 12:16:29.116 +01:00 [INF] Executed action FoodRegistrationTool.Controllers.ProductAPIController.CalculateNutritionScore (api) in 71.0548ms
2024-11-16 12:16:29.116 +01:00 [INF] Executed endpoint 'FoodRegistrationTool.Controllers.ProductAPIController.CalculateNutritionScore (api)'
2024-11-16 12:16:29.116 +01:00 [INF] Request finished HTTP/1.1 POST http://localhost:5194/api/productapi/calculatescore - 200 null text/plain; charset=utf-8 77.0204ms
2024-11-16 12:16:29.242 +01:00 [INF] Request starting HTTP/1.1 POST http://localhost:5194/api/productapi/calculatescore - application/json 111
2024-11-16 12:16:29.242 +01:00 [INF] CORS policy execution successful.
2024-11-16 12:16:29.242 +01:00 [INF] Executing endpoint 'FoodRegistrationTool.Controllers.ProductAPIController.CalculateNutritionScore (api)'
2024-11-16 12:16:29.242 +01:00 [INF] Route matched with {action = "CalculateNutritionScore", controller = "ProductAPI", area = "", page = ""}. Executing controller action with signature System.Threading.Tasks.Task`1[Microsoft.AspNetCore.Mvc.IActionResult] CalculateNutritionScore(NutritionCalculationRequest) on controller FoodRegistrationTool.Controllers.ProductAPIController (api).
2024-11-16 12:16:29.244 +01:00 [INF] Executing OkObjectResult, writing value of type 'System.String'.
2024-11-16 12:16:29.244 +01:00 [INF] Executed action FoodRegistrationTool.Controllers.ProductAPIController.CalculateNutritionScore (api) in 1.4511ms
2024-11-16 12:16:29.244 +01:00 [INF] Executed endpoint 'FoodRegistrationTool.Controllers.ProductAPIController.CalculateNutritionScore (api)'
2024-11-16 12:16:29.244 +01:00 [INF] Request finished HTTP/1.1 POST http://localhost:5194/api/productapi/calculatescore - 200 null text/plain; charset=utf-8 2.5222ms
2024-11-16 12:16:31.127 +01:00 [INF] Request starting HTTP/1.1 OPTIONS http://localhost:5194/api/productapi/update/1 - null null
2024-11-16 12:16:31.127 +01:00 [INF] CORS policy execution successful.
2024-11-16 12:16:31.127 +01:00 [INF] Request finished HTTP/1.1 OPTIONS http://localhost:5194/api/productapi/update/1 - 204 null null 0.5572ms
2024-11-16 12:16:31.129 +01:00 [INF] Request starting HTTP/1.1 PUT http://localhost:5194/api/productapi/update/1 - application/json 232
2024-11-16 12:16:31.129 +01:00 [INF] CORS policy execution successful.
2024-11-16 12:16:31.139 +01:00 [INF] Executing endpoint 'FoodRegistrationTool.Controllers.ProductAPIController.Update (api)'
2024-11-16 12:16:31.143 +01:00 [INF] Route matched with {action = "Update", controller = "ProductAPI", area = "", page = ""}. Executing controller action with signature System.Threading.Tasks.Task`1[Microsoft.AspNetCore.Mvc.IActionResult] Update(Int32, FoodRegistrationTool.DTOs.ProductDto) on controller FoodRegistrationTool.Controllers.ProductAPIController (api).
2024-11-16 12:16:31.165 +01:00 [INF] Executing BadRequestObjectResult, writing value of type 'Microsoft.AspNetCore.Mvc.ValidationProblemDetails'.
2024-11-16 12:16:31.183 +01:00 [INF] Executed action FoodRegistrationTool.Controllers.ProductAPIController.Update (api) in 39.3796ms
2024-11-16 12:16:31.183 +01:00 [INF] Executed endpoint 'FoodRegistrationTool.Controllers.ProductAPIController.Update (api)'
2024-11-16 12:16:31.183 +01:00 [INF] Request finished HTTP/1.1 PUT http://localhost:5194/api/productapi/update/1 - 400 null application/problem+json; charset=utf-8 54.5451ms
2024-11-16 12:18:57.145 +01:00 [INF] Request starting HTTP/1.1 GET http://localhost:5194/api/producerapi/producerlist - null null
2024-11-16 12:18:57.151 +01:00 [INF] CORS policy execution successful.
2024-11-16 12:18:57.153 +01:00 [INF] Executing endpoint 'FoodRegistrationTool.Controllers.ProducerAPIController.ProducerList (api)'
2024-11-16 12:18:57.167 +01:00 [INF] Route matched with {action = "ProducerList", controller = "ProducerAPI", area = "", page = ""}. Executing controller action with signature System.Threading.Tasks.Task`1[Microsoft.AspNetCore.Mvc.IActionResult] ProducerList() on controller FoodRegistrationTool.Controllers.ProducerAPIController (api).
2024-11-16 12:18:57.203 +01:00 [INF] Executing OkObjectResult, writing value of type 'System.Linq.Enumerable+SelectListIterator`2[[FoodRegistrationTool.Models.Producer, api, Version=1.0.0.0, Culture=neutral, PublicKeyToken=null],[FoodRegistrationTool.DTOs.ProducerDto, api, Version=1.0.0.0, Culture=neutral, PublicKeyToken=null]]'.
2024-11-16 12:18:57.207 +01:00 [INF] Executed action FoodRegistrationTool.Controllers.ProducerAPIController.ProducerList (api) in 39.1382ms
2024-11-16 12:18:57.207 +01:00 [INF] Executed endpoint 'FoodRegistrationTool.Controllers.ProducerAPIController.ProducerList (api)'
2024-11-16 12:18:57.207 +01:00 [INF] Request finished HTTP/1.1 GET http://localhost:5194/api/producerapi/producerlist - 200 null application/json; charset=utf-8 65.175ms
2024-11-16 12:18:57.216 +01:00 [INF] Request starting HTTP/1.1 GET http://localhost:5194/api/producerapi/producerlist - null null
2024-11-16 12:18:57.220 +01:00 [INF] CORS policy execution successful.
2024-11-16 12:18:57.221 +01:00 [INF] Executing endpoint 'FoodRegistrationTool.Controllers.ProducerAPIController.ProducerList (api)'
2024-11-16 12:18:57.222 +01:00 [INF] Route matched with {action = "ProducerList", controller = "ProducerAPI", area = "", page = ""}. Executing controller action with signature System.Threading.Tasks.Task`1[Microsoft.AspNetCore.Mvc.IActionResult] ProducerList() on controller FoodRegistrationTool.Controllers.ProducerAPIController (api).
2024-11-16 12:18:57.227 +01:00 [INF] Executing OkObjectResult, writing value of type 'System.Linq.Enumerable+SelectListIterator`2[[FoodRegistrationTool.Models.Producer, api, Version=1.0.0.0, Culture=neutral, PublicKeyToken=null],[FoodRegistrationTool.DTOs.ProducerDto, api, Version=1.0.0.0, Culture=neutral, PublicKeyToken=null]]'.
2024-11-16 12:18:57.227 +01:00 [INF] Executed action FoodRegistrationTool.Controllers.ProducerAPIController.ProducerList (api) in 5.3887ms
2024-11-16 12:18:57.227 +01:00 [INF] Executed endpoint 'FoodRegistrationTool.Controllers.ProducerAPIController.ProducerList (api)'
2024-11-16 12:18:57.228 +01:00 [INF] Request finished HTTP/1.1 GET http://localhost:5194/api/producerapi/producerlist - 200 null application/json; charset=utf-8 17.7946ms
2024-11-16 12:19:00.088 +01:00 [INF] Request starting HTTP/1.1 GET http://localhost:5194/api/producerapi/2 - null null
2024-11-16 12:19:00.089 +01:00 [INF] CORS policy execution successful.
2024-11-16 12:19:00.089 +01:00 [INF] Executing endpoint 'FoodRegistrationTool.Controllers.ProducerAPIController.GetProducer (api)'
2024-11-16 12:19:00.096 +01:00 [INF] Route matched with {action = "GetProducer", controller = "ProducerAPI", area = "", page = ""}. Executing controller action with signature System.Threading.Tasks.Task`1[Microsoft.AspNetCore.Mvc.IActionResult] GetProducer(Int32) on controller FoodRegistrationTool.Controllers.ProducerAPIController (api).
2024-11-16 12:19:00.109 +01:00 [INF] Executing OkObjectResult, writing value of type 'FoodRegistrationTool.Models.Producer'.
2024-11-16 12:19:00.110 +01:00 [INF] Executed action FoodRegistrationTool.Controllers.ProducerAPIController.GetProducer (api) in 14.2299ms
2024-11-16 12:19:00.110 +01:00 [INF] Executed endpoint 'FoodRegistrationTool.Controllers.ProducerAPIController.GetProducer (api)'
2024-11-16 12:19:00.111 +01:00 [INF] Request finished HTTP/1.1 GET http://localhost:5194/api/producerapi/2 - 200 null application/json; charset=utf-8 22.2832ms
2024-11-16 12:19:00.112 +01:00 [INF] Request starting HTTP/1.1 GET http://localhost:5194/api/producerapi/2 - null null
2024-11-16 12:19:00.113 +01:00 [INF] CORS policy execution successful.
2024-11-16 12:19:00.113 +01:00 [INF] Executing endpoint 'FoodRegistrationTool.Controllers.ProducerAPIController.GetProducer (api)'
2024-11-16 12:19:00.113 +01:00 [INF] Route matched with {action = "GetProducer", controller = "ProducerAPI", area = "", page = ""}. Executing controller action with signature System.Threading.Tasks.Task`1[Microsoft.AspNetCore.Mvc.IActionResult] GetProducer(Int32) on controller FoodRegistrationTool.Controllers.ProducerAPIController (api).
2024-11-16 12:19:00.119 +01:00 [INF] Executing OkObjectResult, writing value of type 'FoodRegistrationTool.Models.Producer'.
2024-11-16 12:19:00.119 +01:00 [INF] Executed action FoodRegistrationTool.Controllers.ProducerAPIController.GetProducer (api) in 5.6693ms
2024-11-16 12:19:00.119 +01:00 [INF] Executed endpoint 'FoodRegistrationTool.Controllers.ProducerAPIController.GetProducer (api)'
2024-11-16 12:19:00.119 +01:00 [INF] Request finished HTTP/1.1 GET http://localhost:5194/api/producerapi/2 - 200 null application/json; charset=utf-8 6.9647ms
2024-11-16 12:19:01.614 +01:00 [INF] Request starting HTTP/1.1 OPTIONS http://localhost:5194/api/producer/update/2 - null null
2024-11-16 12:19:01.615 +01:00 [INF] CORS policy execution successful.
2024-11-16 12:19:01.615 +01:00 [INF] Request finished HTTP/1.1 OPTIONS http://localhost:5194/api/producer/update/2 - 204 null null 1.0556ms
2024-11-16 12:19:01.617 +01:00 [INF] Request starting HTTP/1.1 PUT http://localhost:5194/api/producer/update/2 - application/json 47
2024-11-16 12:19:01.617 +01:00 [INF] CORS policy execution successful.
2024-11-16 12:19:01.618 +01:00 [INF] Request finished HTTP/1.1 PUT http://localhost:5194/api/producer/update/2 - 404 0 null 0.9595ms
2024-11-16 12:19:01.619 +01:00 [INF] Request reached the end of the middleware pipeline without being handled by application code. Request path: PUT http://localhost:5194/api/producer/update/2, Response status code: 404
2024-11-16 12:20:40.794 +01:00 [INF] Request starting HTTP/1.1 GET http://localhost:5194/api/producerapi/producerlist - null null
2024-11-16 12:20:40.797 +01:00 [INF] CORS policy execution successful.
2024-11-16 12:20:40.798 +01:00 [INF] Executing endpoint 'FoodRegistrationTool.Controllers.ProducerAPIController.ProducerList (api)'
2024-11-16 12:20:40.798 +01:00 [INF] Route matched with {action = "ProducerList", controller = "ProducerAPI", area = "", page = ""}. Executing controller action with signature System.Threading.Tasks.Task`1[Microsoft.AspNetCore.Mvc.IActionResult] ProducerList() on controller FoodRegistrationTool.Controllers.ProducerAPIController (api).
2024-11-16 12:20:40.806 +01:00 [INF] Executing OkObjectResult, writing value of type 'System.Linq.Enumerable+SelectListIterator`2[[FoodRegistrationTool.Models.Producer, api, Version=1.0.0.0, Culture=neutral, PublicKeyToken=null],[FoodRegistrationTool.DTOs.ProducerDto, api, Version=1.0.0.0, Culture=neutral, PublicKeyToken=null]]'.
2024-11-16 12:20:40.806 +01:00 [INF] Executed action FoodRegistrationTool.Controllers.ProducerAPIController.ProducerList (api) in 7.9663ms
2024-11-16 12:20:40.806 +01:00 [INF] Executed endpoint 'FoodRegistrationTool.Controllers.ProducerAPIController.ProducerList (api)'
2024-11-16 12:20:40.810 +01:00 [INF] Request finished HTTP/1.1 GET http://localhost:5194/api/producerapi/producerlist - 200 null application/json; charset=utf-8 15.2946ms
2024-11-16 12:20:40.816 +01:00 [INF] Request starting HTTP/1.1 GET http://localhost:5194/api/producerapi/producerlist - null null
2024-11-16 12:20:40.817 +01:00 [INF] CORS policy execution successful.
2024-11-16 12:20:40.817 +01:00 [INF] Executing endpoint 'FoodRegistrationTool.Controllers.ProducerAPIController.ProducerList (api)'
2024-11-16 12:20:40.817 +01:00 [INF] Route matched with {action = "ProducerList", controller = "ProducerAPI", area = "", page = ""}. Executing controller action with signature System.Threading.Tasks.Task`1[Microsoft.AspNetCore.Mvc.IActionResult] ProducerList() on controller FoodRegistrationTool.Controllers.ProducerAPIController (api).
2024-11-16 12:20:40.823 +01:00 [INF] Executing OkObjectResult, writing value of type 'System.Linq.Enumerable+SelectListIterator`2[[FoodRegistrationTool.Models.Producer, api, Version=1.0.0.0, Culture=neutral, PublicKeyToken=null],[FoodRegistrationTool.DTOs.ProducerDto, api, Version=1.0.0.0, Culture=neutral, PublicKeyToken=null]]'.
2024-11-16 12:20:40.823 +01:00 [INF] Executed action FoodRegistrationTool.Controllers.ProducerAPIController.ProducerList (api) in 6.2069ms
2024-11-16 12:20:40.823 +01:00 [INF] Executed endpoint 'FoodRegistrationTool.Controllers.ProducerAPIController.ProducerList (api)'
2024-11-16 12:20:40.824 +01:00 [INF] Request finished HTTP/1.1 GET http://localhost:5194/api/producerapi/producerlist - 200 null application/json; charset=utf-8 7.3794ms
2024-11-16 12:20:48.405 +01:00 [INF] Request starting HTTP/1.1 GET http://localhost:5194/api/productapi/productlist - null null
2024-11-16 12:20:48.406 +01:00 [INF] CORS policy execution successful.
2024-11-16 12:20:48.407 +01:00 [INF] Executing endpoint 'FoodRegistrationTool.Controllers.ProductAPIController.ProductList (api)'
2024-11-16 12:20:48.407 +01:00 [INF] Route matched with {action = "ProductList", controller = "ProductAPI", area = "", page = ""}. Executing controller action with signature System.Threading.Tasks.Task`1[Microsoft.AspNetCore.Mvc.IActionResult] ProductList() on controller FoodRegistrationTool.Controllers.ProductAPIController (api).
2024-11-16 12:20:48.411 +01:00 [INF] Executing OkObjectResult, writing value of type 'System.Linq.Enumerable+SelectListIterator`2[[FoodRegistrationTool.Models.Product, api, Version=1.0.0.0, Culture=neutral, PublicKeyToken=null],[FoodRegistrationTool.DTOs.ProductDto, api, Version=1.0.0.0, Culture=neutral, PublicKeyToken=null]]'.
2024-11-16 12:20:48.412 +01:00 [INF] Executed action FoodRegistrationTool.Controllers.ProductAPIController.ProductList (api) in 4.4727ms
2024-11-16 12:20:48.412 +01:00 [INF] Executed endpoint 'FoodRegistrationTool.Controllers.ProductAPIController.ProductList (api)'
2024-11-16 12:20:48.412 +01:00 [INF] Request finished HTTP/1.1 GET http://localhost:5194/api/productapi/productlist - 200 null application/json; charset=utf-8 7.1152ms
2024-11-16 12:20:48.413 +01:00 [INF] Request starting HTTP/1.1 GET http://localhost:5194/api/productapi/productlist - null null
2024-11-16 12:20:48.414 +01:00 [INF] CORS policy execution successful.
2024-11-16 12:20:48.414 +01:00 [INF] Executing endpoint 'FoodRegistrationTool.Controllers.ProductAPIController.ProductList (api)'
2024-11-16 12:20:48.414 +01:00 [INF] Route matched with {action = "ProductList", controller = "ProductAPI", area = "", page = ""}. Executing controller action with signature System.Threading.Tasks.Task`1[Microsoft.AspNetCore.Mvc.IActionResult] ProductList() on controller FoodRegistrationTool.Controllers.ProductAPIController (api).
2024-11-16 12:20:48.420 +01:00 [INF] Executing OkObjectResult, writing value of type 'System.Linq.Enumerable+SelectListIterator`2[[FoodRegistrationTool.Models.Product, api, Version=1.0.0.0, Culture=neutral, PublicKeyToken=null],[FoodRegistrationTool.DTOs.ProductDto, api, Version=1.0.0.0, Culture=neutral, PublicKeyToken=null]]'.
2024-11-16 12:20:48.420 +01:00 [INF] Executed action FoodRegistrationTool.Controllers.ProductAPIController.ProductList (api) in 5.7748ms
2024-11-16 12:20:48.420 +01:00 [INF] Executed endpoint 'FoodRegistrationTool.Controllers.ProductAPIController.ProductList (api)'
2024-11-16 12:20:48.420 +01:00 [INF] Request finished HTTP/1.1 GET http://localhost:5194/api/productapi/productlist - 200 null application/json; charset=utf-8 6.8803ms
2024-11-16 12:20:52.128 +01:00 [INF] Request starting HTTP/1.1 GET http://localhost:5194/api/Auth/userinfo - null null
2024-11-16 12:20:52.130 +01:00 [INF] CORS policy execution successful.
2024-11-16 12:20:52.130 +01:00 [INF] Executing endpoint 'FoodRegistrationTool.Controllers.AuthController.GetUserInfo (api)'
2024-11-16 12:20:52.142 +01:00 [INF] Route matched with {action = "GetUserInfo", controller = "Auth", area = "", page = ""}. Executing controller action with signature System.Threading.Tasks.Task`1[Microsoft.AspNetCore.Mvc.IActionResult] GetUserInfo() on controller FoodRegistrationTool.Controllers.AuthController (api).
2024-11-16 12:20:52.174 +01:00 [INF] Authentication result: True
2024-11-16 12:20:52.178 +01:00 [INF] Principal Name from auth result: mat@mail.no
2024-11-16 12:20:52.184 +01:00 [INF] Request path: /api/Auth/userinfo
2024-11-16 12:20:52.189 +01:00 [INF] Request method: GET
2024-11-16 12:20:52.193 +01:00 [INF] Request scheme: http
2024-11-16 12:20:52.201 +01:00 [INF] Auth Type: Identity.Application
2024-11-16 12:20:52.205 +01:00 [INF] Identity Name: mat@mail.no
2024-11-16 12:20:52.295 +01:00 [INF] User from UserManager: mat@mail.no
2024-11-16 12:20:52.299 +01:00 [INF] Cookies received: .AspNetCore.Antiforgery.lR7t4MXUUZs=CfDJ8FYKQg2-tzVDp03-Gqv4Alp0e2kDKTpS7ycju9zsrFEctUbGhXGgm-TR2OGRtNiDSW2-yLD_U9ztu3gK8l94pzxhlcgICY-WqKInqucCSG5DxX1CJdczsvzTSLcIdT395LhAveMj_2LRO4FR08fdmRA, .AspNetCore.Antiforgery.dw7AqgzwEUQ=CfDJ8FYKQg2-tzVDp03-Gqv4AlpuJ5WrZvfgIbXDPlmvconEJ-859cdE6UsmGy6Ny_h3xsB8bbMaYwmszbCZtWzqapxdW81rlL4KfGCSslVgx3lRLADMmzN7o6yVPQJ44NQ3MnhGpLSl3G4_OADRKjpKDNY, .AspNetCore.Identity.Application=CfDJ8FYKQg2-tzVDp03-Gqv4AlrQZ3BM3xp3_HhI7xz9fhi7qpJle8Rf8FG3x0OWANGjfIwDJ3HQfVbs50ObDFOIgZ6CAQ57wCaI7eujDMHY6fDZbMLRyg4Mul3uNUEJBrvHPIfzpWS-DNSVy2QZxZxOam8-U7u8-vfCAY4oQUgs8G5Wd013y7iF295QUeBtH_qzQiv_xW3Geh2IK077JT6r8EnxGJiF74iuATej21rfcFRVCJ0LxKHrYmsZ_YM-FDEZDb0kHMtinvWnWpL-Umd7QwZiq4WBMmsjedsvZBR_i81ALSakp7WjbEEtKn3NIqIT57EGgSc1FYWEuno-URYZGqzlQazJSoKAIvdFet2363KJZWkbOQUIaaGk-FRXx-aYJNmX3YKk_yJzqHlJ_EN3Zv8bMWAGWgObJUdclUDL8XuDEaDeoIbzc10MeiCTsiMryVHWjNgwvq3YiFXXJtOb0NEAPzpwOL20iCfAVSBqiXkgKBQnY0G5XFSVsTH4AzVwCMeziCrDINSyVXaC0nnSVkRQ_h6F8X9JXXvnK1LYz6tfgi8w8zX43m8E7dHdB77g-G3OW33kPxJ0UHoSRbuMR4mD2L18ozwXk57Ld0R1DjevM-tkwX_P4BgGnC8318RK-GoqsUZIC6nCO0Tjm9ZQz-35mY1hTWy0leNr0Wj7BZlBdiQOlWLrel2MA9uDtOAoDyrzC54MPXmLIzS_M16SHqA-A-Eiu2AjHawGl91LCsvK
2024-11-16 12:20:52.302 +01:00 [INF] GetUserInfo called:
2024-11-16 12:20:52.305 +01:00 [INF] IsAuthenticated: True
2024-11-16 12:20:52.307 +01:00 [INF] UserName: mat@mail.no
2024-11-16 12:20:52.311 +01:00 [INF] Claims: http://schemas.xmlsoap.org/ws/2005/05/identity/claims/nameidentifier: 8df6c300-5642-4f3b-886c-ab5b35131618, http://schemas.xmlsoap.org/ws/2005/05/identity/claims/name: mat@mail.no, http://schemas.xmlsoap.org/ws/2005/05/identity/claims/emailaddress: mat@mail.no, AspNet.Identity.SecurityStamp: ZKOOAEV6UFQX5UCYRLBA3XDYCB7J6EQZ, amr: pwd
2024-11-16 12:20:52.314 +01:00 [INF] Claim: http://schemas.xmlsoap.org/ws/2005/05/identity/claims/nameidentifier = 8df6c300-5642-4f3b-886c-ab5b35131618
2024-11-16 12:20:52.317 +01:00 [INF] Claim: http://schemas.xmlsoap.org/ws/2005/05/identity/claims/name = mat@mail.no
2024-11-16 12:20:52.320 +01:00 [INF] Claim: http://schemas.xmlsoap.org/ws/2005/05/identity/claims/emailaddress = mat@mail.no
2024-11-16 12:20:52.323 +01:00 [INF] Claim: AspNet.Identity.SecurityStamp = ZKOOAEV6UFQX5UCYRLBA3XDYCB7J6EQZ
2024-11-16 12:20:52.325 +01:00 [INF] Claim: amr = pwd
2024-11-16 12:20:52.340 +01:00 [INF] Returning response: {"isAuthenticated":true,"userName":"mat@mail.no","manageUrl":"/Identity/Account/Manage","logoutUrl":"/Identity/Account/Logout","loginUrl":"/Identity/Account/Login","registerUrl":"/Identity/Account/Register"}
2024-11-16 12:20:52.342 +01:00 [INF] Executing OkObjectResult, writing value of type '<>f__AnonymousType10`6[[System.Boolean, System.Private.CoreLib, Version=8.0.0.0, Culture=neutral, PublicKeyToken=7cec85d7bea7798e],[System.String, System.Private.CoreLib, Version=8.0.0.0, Culture=neutral, PublicKeyToken=7cec85d7bea7798e],[System.String, System.Private.CoreLib, Version=8.0.0.0, Culture=neutral, PublicKeyToken=7cec85d7bea7798e],[System.String, System.Private.CoreLib, Version=8.0.0.0, Culture=neutral, PublicKeyToken=7cec85d7bea7798e],[System.String, System.Private.CoreLib, Version=8.0.0.0, Culture=neutral, PublicKeyToken=7cec85d7bea7798e],[System.String, System.Private.CoreLib, Version=8.0.0.0, Culture=neutral, PublicKeyToken=7cec85d7bea7798e]]'.
2024-11-16 12:20:52.344 +01:00 [INF] Executed action FoodRegistrationTool.Controllers.AuthController.GetUserInfo (api) in 201.8253ms
2024-11-16 12:20:52.344 +01:00 [INF] Executed endpoint 'FoodRegistrationTool.Controllers.AuthController.GetUserInfo (api)'
2024-11-16 12:20:52.344 +01:00 [INF] Request finished HTTP/1.1 GET http://localhost:5194/api/Auth/userinfo - 200 null application/json; charset=utf-8 216.2837ms
2024-11-16 12:20:52.347 +01:00 [INF] Request starting HTTP/1.1 GET http://localhost:5194/api/Auth/userinfo - null null
2024-11-16 12:20:52.349 +01:00 [INF] CORS policy execution successful.
2024-11-16 12:20:52.349 +01:00 [INF] Executing endpoint 'FoodRegistrationTool.Controllers.AuthController.GetUserInfo (api)'
2024-11-16 12:20:52.350 +01:00 [INF] Route matched with {action = "GetUserInfo", controller = "Auth", area = "", page = ""}. Executing controller action with signature System.Threading.Tasks.Task`1[Microsoft.AspNetCore.Mvc.IActionResult] GetUserInfo() on controller FoodRegistrationTool.Controllers.AuthController (api).
2024-11-16 12:20:52.354 +01:00 [INF] Authentication result: True
2024-11-16 12:20:52.359 +01:00 [INF] Principal Name from auth result: mat@mail.no
2024-11-16 12:20:52.362 +01:00 [INF] Request path: /api/Auth/userinfo
2024-11-16 12:20:52.366 +01:00 [INF] Request method: GET
2024-11-16 12:20:52.371 +01:00 [INF] Request scheme: http
2024-11-16 12:20:52.374 +01:00 [INF] Auth Type: Identity.Application
2024-11-16 12:20:52.379 +01:00 [INF] Identity Name: mat@mail.no
2024-11-16 12:20:52.390 +01:00 [INF] User from UserManager: mat@mail.no
2024-11-16 12:20:52.393 +01:00 [INF] Cookies received: .AspNetCore.Antiforgery.lR7t4MXUUZs=CfDJ8FYKQg2-tzVDp03-Gqv4Alp0e2kDKTpS7ycju9zsrFEctUbGhXGgm-TR2OGRtNiDSW2-yLD_U9ztu3gK8l94pzxhlcgICY-WqKInqucCSG5DxX1CJdczsvzTSLcIdT395LhAveMj_2LRO4FR08fdmRA, .AspNetCore.Antiforgery.dw7AqgzwEUQ=CfDJ8FYKQg2-tzVDp03-Gqv4AlpuJ5WrZvfgIbXDPlmvconEJ-859cdE6UsmGy6Ny_h3xsB8bbMaYwmszbCZtWzqapxdW81rlL4KfGCSslVgx3lRLADMmzN7o6yVPQJ44NQ3MnhGpLSl3G4_OADRKjpKDNY, .AspNetCore.Identity.Application=CfDJ8FYKQg2-tzVDp03-Gqv4AlrQZ3BM3xp3_HhI7xz9fhi7qpJle8Rf8FG3x0OWANGjfIwDJ3HQfVbs50ObDFOIgZ6CAQ57wCaI7eujDMHY6fDZbMLRyg4Mul3uNUEJBrvHPIfzpWS-DNSVy2QZxZxOam8-U7u8-vfCAY4oQUgs8G5Wd013y7iF295QUeBtH_qzQiv_xW3Geh2IK077JT6r8EnxGJiF74iuATej21rfcFRVCJ0LxKHrYmsZ_YM-FDEZDb0kHMtinvWnWpL-Umd7QwZiq4WBMmsjedsvZBR_i81ALSakp7WjbEEtKn3NIqIT57EGgSc1FYWEuno-URYZGqzlQazJSoKAIvdFet2363KJZWkbOQUIaaGk-FRXx-aYJNmX3YKk_yJzqHlJ_EN3Zv8bMWAGWgObJUdclUDL8XuDEaDeoIbzc10MeiCTsiMryVHWjNgwvq3YiFXXJtOb0NEAPzpwOL20iCfAVSBqiXkgKBQnY0G5XFSVsTH4AzVwCMeziCrDINSyVXaC0nnSVkRQ_h6F8X9JXXvnK1LYz6tfgi8w8zX43m8E7dHdB77g-G3OW33kPxJ0UHoSRbuMR4mD2L18ozwXk57Ld0R1DjevM-tkwX_P4BgGnC8318RK-GoqsUZIC6nCO0Tjm9ZQz-35mY1hTWy0leNr0Wj7BZlBdiQOlWLrel2MA9uDtOAoDyrzC54MPXmLIzS_M16SHqA-A-Eiu2AjHawGl91LCsvK
2024-11-16 12:20:52.401 +01:00 [INF] GetUserInfo called:
2024-11-16 12:20:52.407 +01:00 [INF] IsAuthenticated: True
2024-11-16 12:20:52.410 +01:00 [INF] UserName: mat@mail.no
2024-11-16 12:20:52.416 +01:00 [INF] Claims: http://schemas.xmlsoap.org/ws/2005/05/identity/claims/nameidentifier: 8df6c300-5642-4f3b-886c-ab5b35131618, http://schemas.xmlsoap.org/ws/2005/05/identity/claims/name: mat@mail.no, http://schemas.xmlsoap.org/ws/2005/05/identity/claims/emailaddress: mat@mail.no, AspNet.Identity.SecurityStamp: ZKOOAEV6UFQX5UCYRLBA3XDYCB7J6EQZ, amr: pwd
2024-11-16 12:20:52.421 +01:00 [INF] Claim: http://schemas.xmlsoap.org/ws/2005/05/identity/claims/nameidentifier = 8df6c300-5642-4f3b-886c-ab5b35131618
2024-11-16 12:20:52.425 +01:00 [INF] Claim: http://schemas.xmlsoap.org/ws/2005/05/identity/claims/name = mat@mail.no
2024-11-16 12:20:52.428 +01:00 [INF] Claim: http://schemas.xmlsoap.org/ws/2005/05/identity/claims/emailaddress = mat@mail.no
2024-11-16 12:20:52.431 +01:00 [INF] Claim: AspNet.Identity.SecurityStamp = ZKOOAEV6UFQX5UCYRLBA3XDYCB7J6EQZ
2024-11-16 12:20:52.434 +01:00 [INF] Claim: amr = pwd
2024-11-16 12:20:52.440 +01:00 [INF] Returning response: {"isAuthenticated":true,"userName":"mat@mail.no","manageUrl":"/Identity/Account/Manage","logoutUrl":"/Identity/Account/Logout","loginUrl":"/Identity/Account/Login","registerUrl":"/Identity/Account/Register"}
2024-11-16 12:20:52.441 +01:00 [INF] Executing OkObjectResult, writing value of type '<>f__AnonymousType10`6[[System.Boolean, System.Private.CoreLib, Version=8.0.0.0, Culture=neutral, PublicKeyToken=7cec85d7bea7798e],[System.String, System.Private.CoreLib, Version=8.0.0.0, Culture=neutral, PublicKeyToken=7cec85d7bea7798e],[System.String, System.Private.CoreLib, Version=8.0.0.0, Culture=neutral, PublicKeyToken=7cec85d7bea7798e],[System.String, System.Private.CoreLib, Version=8.0.0.0, Culture=neutral, PublicKeyToken=7cec85d7bea7798e],[System.String, System.Private.CoreLib, Version=8.0.0.0, Culture=neutral, PublicKeyToken=7cec85d7bea7798e],[System.String, System.Private.CoreLib, Version=8.0.0.0, Culture=neutral, PublicKeyToken=7cec85d7bea7798e]]'.
2024-11-16 12:20:52.441 +01:00 [INF] Executed action FoodRegistrationTool.Controllers.AuthController.GetUserInfo (api) in 91.0687ms
2024-11-16 12:20:52.441 +01:00 [INF] Executed endpoint 'FoodRegistrationTool.Controllers.AuthController.GetUserInfo (api)'
2024-11-16 12:20:52.441 +01:00 [INF] Request finished HTTP/1.1 GET http://localhost:5194/api/Auth/userinfo - 200 null application/json; charset=utf-8 94.7229ms
2024-11-16 12:21:02.019 +01:00 [INF] Request starting HTTP/1.1 OPTIONS http://localhost:5194/api/productapi/calculatescore - null null
2024-11-16 12:21:02.019 +01:00 [INF] CORS policy execution successful.
2024-11-16 12:21:02.019 +01:00 [INF] Request finished HTTP/1.1 OPTIONS http://localhost:5194/api/productapi/calculatescore - 204 null null 0.7474ms
2024-11-16 12:21:02.021 +01:00 [INF] Request starting HTTP/1.1 POST http://localhost:5194/api/productapi/calculatescore - application/json 110
2024-11-16 12:21:02.021 +01:00 [INF] CORS policy execution successful.
2024-11-16 12:21:02.022 +01:00 [INF] Executing endpoint 'FoodRegistrationTool.Controllers.ProductAPIController.CalculateNutritionScore (api)'
2024-11-16 12:21:02.022 +01:00 [INF] Route matched with {action = "CalculateNutritionScore", controller = "ProductAPI", area = "", page = ""}. Executing controller action with signature System.Threading.Tasks.Task`1[Microsoft.AspNetCore.Mvc.IActionResult] CalculateNutritionScore(NutritionCalculationRequest) on controller FoodRegistrationTool.Controllers.ProductAPIController (api).
2024-11-16 12:21:02.023 +01:00 [INF] Executing OkObjectResult, writing value of type 'System.String'.
2024-11-16 12:21:02.024 +01:00 [INF] Executed action FoodRegistrationTool.Controllers.ProductAPIController.CalculateNutritionScore (api) in 1.4943ms
2024-11-16 12:21:02.024 +01:00 [INF] Executed endpoint 'FoodRegistrationTool.Controllers.ProductAPIController.CalculateNutritionScore (api)'
2024-11-16 12:21:02.024 +01:00 [INF] Request finished HTTP/1.1 POST http://localhost:5194/api/productapi/calculatescore - 200 null text/plain; charset=utf-8 2.5423ms
2024-11-16 12:21:02.176 +01:00 [INF] Request starting HTTP/1.1 POST http://localhost:5194/api/productapi/calculatescore - application/json 111
2024-11-16 12:21:02.176 +01:00 [INF] CORS policy execution successful.
2024-11-16 12:21:02.177 +01:00 [INF] Executing endpoint 'FoodRegistrationTool.Controllers.ProductAPIController.CalculateNutritionScore (api)'
2024-11-16 12:21:02.177 +01:00 [INF] Route matched with {action = "CalculateNutritionScore", controller = "ProductAPI", area = "", page = ""}. Executing controller action with signature System.Threading.Tasks.Task`1[Microsoft.AspNetCore.Mvc.IActionResult] CalculateNutritionScore(NutritionCalculationRequest) on controller FoodRegistrationTool.Controllers.ProductAPIController (api).
2024-11-16 12:21:02.177 +01:00 [INF] Executing OkObjectResult, writing value of type 'System.String'.
2024-11-16 12:21:02.178 +01:00 [INF] Executed action FoodRegistrationTool.Controllers.ProductAPIController.CalculateNutritionScore (api) in 0.8532ms
2024-11-16 12:21:02.178 +01:00 [INF] Executed endpoint 'FoodRegistrationTool.Controllers.ProductAPIController.CalculateNutritionScore (api)'
2024-11-16 12:21:02.179 +01:00 [INF] Request finished HTTP/1.1 POST http://localhost:5194/api/productapi/calculatescore - 200 null text/plain; charset=utf-8 2.3594ms
2024-11-16 12:21:02.601 +01:00 [INF] Request starting HTTP/1.1 POST http://localhost:5194/api/productapi/calculatescore - application/json 110
2024-11-16 12:21:02.601 +01:00 [INF] CORS policy execution successful.
2024-11-16 12:21:02.601 +01:00 [INF] Executing endpoint 'FoodRegistrationTool.Controllers.ProductAPIController.CalculateNutritionScore (api)'
2024-11-16 12:21:02.602 +01:00 [INF] Route matched with {action = "CalculateNutritionScore", controller = "ProductAPI", area = "", page = ""}. Executing controller action with signature System.Threading.Tasks.Task`1[Microsoft.AspNetCore.Mvc.IActionResult] CalculateNutritionScore(NutritionCalculationRequest) on controller FoodRegistrationTool.Controllers.ProductAPIController (api).
2024-11-16 12:21:02.602 +01:00 [INF] Executing OkObjectResult, writing value of type 'System.String'.
2024-11-16 12:21:02.603 +01:00 [INF] Executed action FoodRegistrationTool.Controllers.ProductAPIController.CalculateNutritionScore (api) in 1.0019ms
2024-11-16 12:21:02.603 +01:00 [INF] Executed endpoint 'FoodRegistrationTool.Controllers.ProductAPIController.CalculateNutritionScore (api)'
2024-11-16 12:21:02.603 +01:00 [INF] Request finished HTTP/1.1 POST http://localhost:5194/api/productapi/calculatescore - 200 null text/plain; charset=utf-8 1.8815ms
2024-11-16 12:21:02.615 +01:00 [INF] Request starting HTTP/1.1 POST http://localhost:5194/api/productapi/calculatescore - application/json 110
2024-11-16 12:21:02.615 +01:00 [INF] CORS policy execution successful.
2024-11-16 12:21:02.615 +01:00 [INF] Executing endpoint 'FoodRegistrationTool.Controllers.ProductAPIController.CalculateNutritionScore (api)'
2024-11-16 12:21:02.615 +01:00 [INF] Route matched with {action = "CalculateNutritionScore", controller = "ProductAPI", area = "", page = ""}. Executing controller action with signature System.Threading.Tasks.Task`1[Microsoft.AspNetCore.Mvc.IActionResult] CalculateNutritionScore(NutritionCalculationRequest) on controller FoodRegistrationTool.Controllers.ProductAPIController (api).
2024-11-16 12:21:02.616 +01:00 [INF] Executing OkObjectResult, writing value of type 'System.String'.
2024-11-16 12:21:02.616 +01:00 [INF] Executed action FoodRegistrationTool.Controllers.ProductAPIController.CalculateNutritionScore (api) in 0.6766ms
2024-11-16 12:21:02.616 +01:00 [INF] Executed endpoint 'FoodRegistrationTool.Controllers.ProductAPIController.CalculateNutritionScore (api)'
2024-11-16 12:21:02.616 +01:00 [INF] Request finished HTTP/1.1 POST http://localhost:5194/api/productapi/calculatescore - 200 null text/plain; charset=utf-8 1.6043ms
2024-11-16 12:21:02.624 +01:00 [INF] Request starting HTTP/1.1 POST http://localhost:5194/api/productapi/calculatescore - application/json 110
2024-11-16 12:21:02.624 +01:00 [INF] CORS policy execution successful.
2024-11-16 12:21:02.624 +01:00 [INF] Executing endpoint 'FoodRegistrationTool.Controllers.ProductAPIController.CalculateNutritionScore (api)'
2024-11-16 12:21:02.625 +01:00 [INF] Route matched with {action = "CalculateNutritionScore", controller = "ProductAPI", area = "", page = ""}. Executing controller action with signature System.Threading.Tasks.Task`1[Microsoft.AspNetCore.Mvc.IActionResult] CalculateNutritionScore(NutritionCalculationRequest) on controller FoodRegistrationTool.Controllers.ProductAPIController (api).
2024-11-16 12:21:02.625 +01:00 [INF] Executing OkObjectResult, writing value of type 'System.String'.
2024-11-16 12:21:02.625 +01:00 [INF] Executed action FoodRegistrationTool.Controllers.ProductAPIController.CalculateNutritionScore (api) in 0.7788ms
2024-11-16 12:21:02.625 +01:00 [INF] Executed endpoint 'FoodRegistrationTool.Controllers.ProductAPIController.CalculateNutritionScore (api)'
2024-11-16 12:21:02.626 +01:00 [INF] Request finished HTTP/1.1 POST http://localhost:5194/api/productapi/calculatescore - 200 null text/plain; charset=utf-8 1.8328ms
2024-11-16 12:21:05.762 +01:00 [INF] Request starting HTTP/1.1 OPTIONS http://localhost:5194/api/productapi/create - null null
2024-11-16 12:21:05.762 +01:00 [INF] CORS policy execution successful.
2024-11-16 12:21:05.763 +01:00 [INF] Request finished HTTP/1.1 OPTIONS http://localhost:5194/api/productapi/create - 204 null null 0.6131ms
2024-11-16 12:21:05.764 +01:00 [INF] Request starting HTTP/1.1 POST http://localhost:5194/api/productapi/create - application/json 218
2024-11-16 12:21:05.765 +01:00 [INF] CORS policy execution successful.
2024-11-16 12:21:05.767 +01:00 [INF] Executing endpoint 'FoodRegistrationTool.Controllers.ProductAPIController.Create (api)'
2024-11-16 12:21:05.771 +01:00 [INF] Route matched with {action = "Create", controller = "ProductAPI", area = "", page = ""}. Executing controller action with signature System.Threading.Tasks.Task`1[Microsoft.AspNetCore.Mvc.IActionResult] Create(FoodRegistrationTool.DTOs.ProductDto) on controller FoodRegistrationTool.Controllers.ProductAPIController (api).
2024-11-16 12:21:05.772 +01:00 [INF] Executing BadRequestObjectResult, writing value of type 'Microsoft.AspNetCore.Mvc.ValidationProblemDetails'.
2024-11-16 12:21:05.772 +01:00 [INF] Executed action FoodRegistrationTool.Controllers.ProductAPIController.Create (api) in 1.7017ms
2024-11-16 12:21:05.772 +01:00 [INF] Executed endpoint 'FoodRegistrationTool.Controllers.ProductAPIController.Create (api)'
2024-11-16 12:21:05.773 +01:00 [INF] Request finished HTTP/1.1 POST http://localhost:5194/api/productapi/create - 400 null application/problem+json; charset=utf-8 8.1234ms
