2024-11-16 12:10:55.391 +01:00 [INF] User profile is available. Using 'C:\Users\Mats\AppData\Local\ASP.NET\DataProtection-Keys' as key repository and Windows DPAPI to encrypt keys at rest.
2024-11-16 12:10:55.779 +01:00 [INF] Now listening on: https://localhost:7263
2024-11-16 12:10:55.782 +01:00 [INF] Now listening on: http://localhost:5194
2024-11-16 12:10:55.791 +01:00 [INF] Application started. Press Ctrl+C to shut down.
2024-11-16 12:10:55.795 +01:00 [INF] Hosting environment: Development
2024-11-16 12:10:55.798 +01:00 [INF] Content root path: C:\Users\Mats\web-projects\react\exam\api
2024-11-16 12:11:01.719 +01:00 [INF] Request starting HTTP/1.1 GET http://localhost:5194/api/productapi/productlist - null null
2024-11-16 12:11:01.805 +01:00 [INF] CORS policy execution successful.
2024-11-16 12:11:01.827 +01:00 [INF] Executing endpoint 'FoodRegistrationTool.Controllers.ProductAPIController.ProductList (api)'
2024-11-16 12:11:01.858 +01:00 [INF] Route matched with {action = "ProductList", controller = "ProductAPI", area = "", page = ""}. Executing controller action with signature System.Threading.Tasks.Task`1[Microsoft.AspNetCore.Mvc.IActionResult] ProductList() on controller FoodRegistrationTool.Controllers.ProductAPIController (api).
2024-11-16 12:11:02.987 +01:00 [INF] Executing OkObjectResult, writing value of type 'System.Linq.Enumerable+SelectListIterator`2[[FoodRegistrationTool.Models.Product, api, Version=1.0.0.0, Culture=neutral, PublicKeyToken=null],[FoodRegistrationTool.DTOs.ProductDto, api, Version=1.0.0.0, Culture=neutral, PublicKeyToken=null]]'.
2024-11-16 12:11:03.038 +01:00 [INF] Executed action FoodRegistrationTool.Controllers.ProductAPIController.ProductList (api) in 1175.4357ms
2024-11-16 12:11:03.039 +01:00 [INF] Executed endpoint 'FoodRegistrationTool.Controllers.ProductAPIController.ProductList (api)'
2024-11-16 12:11:03.051 +01:00 [INF] Request finished HTTP/1.1 GET http://localhost:5194/api/productapi/productlist - 200 null application/json; charset=utf-8 1333.6164ms
2024-11-16 12:11:06.376 +01:00 [INF] Request starting HTTP/1.1 GET http://localhost:5194/api/productapi/productlist - null null
2024-11-16 12:11:06.380 +01:00 [INF] CORS policy execution successful.
2024-11-16 12:11:06.382 +01:00 [INF] Executing endpoint 'FoodRegistrationTool.Controllers.ProductAPIController.ProductList (api)'
2024-11-16 12:11:06.382 +01:00 [INF] Route matched with {action = "ProductList", controller = "ProductAPI", area = "", page = ""}. Executing controller action with signature System.Threading.Tasks.Task`1[Microsoft.AspNetCore.Mvc.IActionResult] ProductList() on controller FoodRegistrationTool.Controllers.ProductAPIController (api).
2024-11-16 12:11:06.403 +01:00 [INF] Executing OkObjectResult, writing value of type 'System.Linq.Enumerable+SelectListIterator`2[[FoodRegistrationTool.Models.Product, api, Version=1.0.0.0, Culture=neutral, PublicKeyToken=null],[FoodRegistrationTool.DTOs.ProductDto, api, Version=1.0.0.0, Culture=neutral, PublicKeyToken=null]]'.
2024-11-16 12:11:06.404 +01:00 [INF] Executed action FoodRegistrationTool.Controllers.ProductAPIController.ProductList (api) in 21.4563ms
2024-11-16 12:11:06.404 +01:00 [INF] Executed endpoint 'FoodRegistrationTool.Controllers.ProductAPIController.ProductList (api)'
2024-11-16 12:11:06.404 +01:00 [INF] Request finished HTTP/1.1 GET http://localhost:5194/api/productapi/productlist - 200 null application/json; charset=utf-8 28.1069ms
2024-11-16 12:11:07.188 +01:00 [INF] Request starting HTTP/1.1 GET http://localhost:5194/api/productapi/productlist - null null
2024-11-16 12:11:07.190 +01:00 [INF] CORS policy execution successful.
2024-11-16 12:11:07.193 +01:00 [INF] Executing endpoint 'FoodRegistrationTool.Controllers.ProductAPIController.ProductList (api)'
2024-11-16 12:11:07.193 +01:00 [INF] Route matched with {action = "ProductList", controller = "ProductAPI", area = "", page = ""}. Executing controller action with signature System.Threading.Tasks.Task`1[Microsoft.AspNetCore.Mvc.IActionResult] ProductList() on controller FoodRegistrationTool.Controllers.ProductAPIController (api).
2024-11-16 12:11:07.277 +01:00 [INF] Executing OkObjectResult, writing value of type 'System.Linq.Enumerable+SelectListIterator`2[[FoodRegistrationTool.Models.Product, api, Version=1.0.0.0, Culture=neutral, PublicKeyToken=null],[FoodRegistrationTool.DTOs.ProductDto, api, Version=1.0.0.0, Culture=neutral, PublicKeyToken=null]]'.
2024-11-16 12:11:07.278 +01:00 [INF] Executed action FoodRegistrationTool.Controllers.ProductAPIController.ProductList (api) in 84.5787ms
2024-11-16 12:11:07.278 +01:00 [INF] Executed endpoint 'FoodRegistrationTool.Controllers.ProductAPIController.ProductList (api)'
2024-11-16 12:11:07.278 +01:00 [INF] Request finished HTTP/1.1 GET http://localhost:5194/api/productapi/productlist - 200 null application/json; charset=utf-8 90.2487ms
2024-11-16 12:11:07.771 +01:00 [INF] Request starting HTTP/1.1 GET http://localhost:5194/api/productapi/productlist - null null
2024-11-16 12:11:07.772 +01:00 [INF] CORS policy execution successful.
2024-11-16 12:11:07.772 +01:00 [INF] Executing endpoint 'FoodRegistrationTool.Controllers.ProductAPIController.ProductList (api)'
2024-11-16 12:11:07.772 +01:00 [INF] Route matched with {action = "ProductList", controller = "ProductAPI", area = "", page = ""}. Executing controller action with signature System.Threading.Tasks.Task`1[Microsoft.AspNetCore.Mvc.IActionResult] ProductList() on controller FoodRegistrationTool.Controllers.ProductAPIController (api).
2024-11-16 12:11:07.776 +01:00 [INF] Executing OkObjectResult, writing value of type 'System.Linq.Enumerable+SelectListIterator`2[[FoodRegistrationTool.Models.Product, api, Version=1.0.0.0, Culture=neutral, PublicKeyToken=null],[FoodRegistrationTool.DTOs.ProductDto, api, Version=1.0.0.0, Culture=neutral, PublicKeyToken=null]]'.
2024-11-16 12:11:07.776 +01:00 [INF] Executed action FoodRegistrationTool.Controllers.ProductAPIController.ProductList (api) in 4.3408ms
2024-11-16 12:11:07.777 +01:00 [INF] Executed endpoint 'FoodRegistrationTool.Controllers.ProductAPIController.ProductList (api)'
2024-11-16 12:11:07.777 +01:00 [INF] Request finished HTTP/1.1 GET http://localhost:5194/api/productapi/productlist - 200 null application/json; charset=utf-8 5.8219ms
2024-11-16 12:11:08.121 +01:00 [INF] Request starting HTTP/1.1 GET http://localhost:5194/api/productapi/productlist - null null
2024-11-16 12:11:08.121 +01:00 [INF] CORS policy execution successful.
2024-11-16 12:11:08.122 +01:00 [INF] Executing endpoint 'FoodRegistrationTool.Controllers.ProductAPIController.ProductList (api)'
2024-11-16 12:11:08.122 +01:00 [INF] Route matched with {action = "ProductList", controller = "ProductAPI", area = "", page = ""}. Executing controller action with signature System.Threading.Tasks.Task`1[Microsoft.AspNetCore.Mvc.IActionResult] ProductList() on controller FoodRegistrationTool.Controllers.ProductAPIController (api).
2024-11-16 12:11:08.128 +01:00 [INF] Executing OkObjectResult, writing value of type 'System.Linq.Enumerable+SelectListIterator`2[[FoodRegistrationTool.Models.Product, api, Version=1.0.0.0, Culture=neutral, PublicKeyToken=null],[FoodRegistrationTool.DTOs.ProductDto, api, Version=1.0.0.0, Culture=neutral, PublicKeyToken=null]]'.
2024-11-16 12:11:08.128 +01:00 [INF] Executed action FoodRegistrationTool.Controllers.ProductAPIController.ProductList (api) in 5.6695ms
2024-11-16 12:11:08.128 +01:00 [INF] Executed endpoint 'FoodRegistrationTool.Controllers.ProductAPIController.ProductList (api)'
2024-11-16 12:11:08.128 +01:00 [INF] Request finished HTTP/1.1 GET http://localhost:5194/api/productapi/productlist - 200 null application/json; charset=utf-8 7.5236ms
2024-11-16 12:11:08.434 +01:00 [INF] Request starting HTTP/1.1 GET http://localhost:5194/api/productapi/productlist - null null
2024-11-16 12:11:08.435 +01:00 [INF] CORS policy execution successful.
2024-11-16 12:11:08.435 +01:00 [INF] Executing endpoint 'FoodRegistrationTool.Controllers.ProductAPIController.ProductList (api)'
2024-11-16 12:11:08.435 +01:00 [INF] Route matched with {action = "ProductList", controller = "ProductAPI", area = "", page = ""}. Executing controller action with signature System.Threading.Tasks.Task`1[Microsoft.AspNetCore.Mvc.IActionResult] ProductList() on controller FoodRegistrationTool.Controllers.ProductAPIController (api).
2024-11-16 12:11:08.439 +01:00 [INF] Executing OkObjectResult, writing value of type 'System.Linq.Enumerable+SelectListIterator`2[[FoodRegistrationTool.Models.Product, api, Version=1.0.0.0, Culture=neutral, PublicKeyToken=null],[FoodRegistrationTool.DTOs.ProductDto, api, Version=1.0.0.0, Culture=neutral, PublicKeyToken=null]]'.
2024-11-16 12:11:08.440 +01:00 [INF] Executed action FoodRegistrationTool.Controllers.ProductAPIController.ProductList (api) in 4.2462ms
2024-11-16 12:11:08.440 +01:00 [INF] Executed endpoint 'FoodRegistrationTool.Controllers.ProductAPIController.ProductList (api)'
2024-11-16 12:11:08.440 +01:00 [INF] Request finished HTTP/1.1 GET http://localhost:5194/api/productapi/productlist - 200 null application/json; charset=utf-8 5.6861ms
2024-11-16 12:11:08.997 +01:00 [INF] Request starting HTTP/1.1 GET http://localhost:5194/api/productapi/productlist - null null
2024-11-16 12:11:08.998 +01:00 [INF] CORS policy execution successful.
2024-11-16 12:11:08.998 +01:00 [INF] Executing endpoint 'FoodRegistrationTool.Controllers.ProductAPIController.ProductList (api)'
2024-11-16 12:11:08.998 +01:00 [INF] Route matched with {action = "ProductList", controller = "ProductAPI", area = "", page = ""}. Executing controller action with signature System.Threading.Tasks.Task`1[Microsoft.AspNetCore.Mvc.IActionResult] ProductList() on controller FoodRegistrationTool.Controllers.ProductAPIController (api).
2024-11-16 12:11:09.002 +01:00 [INF] Executing OkObjectResult, writing value of type 'System.Linq.Enumerable+SelectListIterator`2[[FoodRegistrationTool.Models.Product, api, Version=1.0.0.0, Culture=neutral, PublicKeyToken=null],[FoodRegistrationTool.DTOs.ProductDto, api, Version=1.0.0.0, Culture=neutral, PublicKeyToken=null]]'.
2024-11-16 12:11:09.003 +01:00 [INF] Executed action FoodRegistrationTool.Controllers.ProductAPIController.ProductList (api) in 4.5766ms
2024-11-16 12:11:09.003 +01:00 [INF] Executed endpoint 'FoodRegistrationTool.Controllers.ProductAPIController.ProductList (api)'
2024-11-16 12:11:09.003 +01:00 [INF] Request finished HTTP/1.1 GET http://localhost:5194/api/productapi/productlist - 200 null application/json; charset=utf-8 5.5488ms
2024-11-16 12:11:15.212 +01:00 [INF] Request starting HTTP/1.1 GET http://localhost:5194/api/productapi/productlist - null null
2024-11-16 12:11:15.212 +01:00 [INF] CORS policy execution successful.
2024-11-16 12:11:15.212 +01:00 [INF] Executing endpoint 'FoodRegistrationTool.Controllers.ProductAPIController.ProductList (api)'
2024-11-16 12:11:15.213 +01:00 [INF] Route matched with {action = "ProductList", controller = "ProductAPI", area = "", page = ""}. Executing controller action with signature System.Threading.Tasks.Task`1[Microsoft.AspNetCore.Mvc.IActionResult] ProductList() on controller FoodRegistrationTool.Controllers.ProductAPIController (api).
2024-11-16 12:11:15.217 +01:00 [INF] Executing OkObjectResult, writing value of type 'System.Linq.Enumerable+SelectListIterator`2[[FoodRegistrationTool.Models.Product, api, Version=1.0.0.0, Culture=neutral, PublicKeyToken=null],[FoodRegistrationTool.DTOs.ProductDto, api, Version=1.0.0.0, Culture=neutral, PublicKeyToken=null]]'.
2024-11-16 12:11:15.218 +01:00 [INF] Executed action FoodRegistrationTool.Controllers.ProductAPIController.ProductList (api) in 5.4216ms
2024-11-16 12:11:15.218 +01:00 [INF] Executed endpoint 'FoodRegistrationTool.Controllers.ProductAPIController.ProductList (api)'
2024-11-16 12:11:15.218 +01:00 [INF] Request finished HTTP/1.1 GET http://localhost:5194/api/productapi/productlist - 200 null application/json; charset=utf-8 6.6069ms
2024-11-16 12:11:15.234 +01:00 [INF] Request starting HTTP/1.1 GET http://localhost:5194/images/banana.jpg - null null
2024-11-16 12:11:15.252 +01:00 [INF] The file /images/banana.jpg was not modified
2024-11-16 12:11:15.253 +01:00 [INF] Request finished HTTP/1.1 GET http://localhost:5194/images/banana.jpg - 304 null image/jpeg 19.6775ms
2024-11-16 12:11:27.978 +01:00 [INF] Request starting HTTP/1.1 GET http://localhost:5194/api/productapi/2 - null null
2024-11-16 12:11:27.978 +01:00 [INF] CORS policy execution successful.
2024-11-16 12:11:27.978 +01:00 [INF] Executing endpoint 'FoodRegistrationTool.Controllers.ProductAPIController.GetProduct (api)'
2024-11-16 12:11:27.994 +01:00 [INF] Route matched with {action = "GetProduct", controller = "ProductAPI", area = "", page = ""}. Executing controller action with signature System.Threading.Tasks.Task`1[Microsoft.AspNetCore.Mvc.IActionResult] GetProduct(Int32) on controller FoodRegistrationTool.Controllers.ProductAPIController (api).
2024-11-16 12:11:28.132 +01:00 [INF] Executing OkObjectResult, writing value of type 'FoodRegistrationTool.Models.Product'.
2024-11-16 12:11:28.137 +01:00 [INF] Executed action FoodRegistrationTool.Controllers.ProductAPIController.GetProduct (api) in 142.3819ms
2024-11-16 12:11:28.137 +01:00 [INF] Executed endpoint 'FoodRegistrationTool.Controllers.ProductAPIController.GetProduct (api)'
2024-11-16 12:11:28.137 +01:00 [INF] Request finished HTTP/1.1 GET http://localhost:5194/api/productapi/2 - 200 null application/json; charset=utf-8 159.6172ms
2024-11-16 12:11:28.140 +01:00 [INF] Request starting HTTP/1.1 GET http://localhost:5194/api/productapi/2 - null null
2024-11-16 12:11:28.140 +01:00 [INF] CORS policy execution successful.
2024-11-16 12:11:28.141 +01:00 [INF] Executing endpoint 'FoodRegistrationTool.Controllers.ProductAPIController.GetProduct (api)'
2024-11-16 12:11:28.141 +01:00 [INF] Route matched with {action = "GetProduct", controller = "ProductAPI", area = "", page = ""}. Executing controller action with signature System.Threading.Tasks.Task`1[Microsoft.AspNetCore.Mvc.IActionResult] GetProduct(Int32) on controller FoodRegistrationTool.Controllers.ProductAPIController (api).
2024-11-16 12:11:28.149 +01:00 [INF] Executing OkObjectResult, writing value of type 'FoodRegistrationTool.Models.Product'.
2024-11-16 12:11:28.150 +01:00 [INF] Executed action FoodRegistrationTool.Controllers.ProductAPIController.GetProduct (api) in 8.6779ms
2024-11-16 12:11:28.150 +01:00 [INF] Executed endpoint 'FoodRegistrationTool.Controllers.ProductAPIController.GetProduct (api)'
2024-11-16 12:11:28.150 +01:00 [INF] Request finished HTTP/1.1 GET http://localhost:5194/api/productapi/2 - 200 null application/json; charset=utf-8 9.7312ms
2024-11-16 12:11:32.399 +01:00 [INF] Request starting HTTP/1.1 OPTIONS http://localhost:5194/api/productapi/calculatescore - null null
2024-11-16 12:11:32.400 +01:00 [INF] CORS policy execution successful.
2024-11-16 12:11:32.401 +01:00 [INF] Request finished HTTP/1.1 OPTIONS http://localhost:5194/api/productapi/calculatescore - 204 null null 1.8925ms
2024-11-16 12:11:32.403 +01:00 [INF] Request starting HTTP/1.1 POST http://localhost:5194/api/productapi/calculatescore - application/json 110
2024-11-16 12:11:32.404 +01:00 [INF] CORS policy execution successful.
2024-11-16 12:11:32.404 +01:00 [INF] Executing endpoint 'FoodRegistrationTool.Controllers.ProductAPIController.CalculateNutritionScore (api)'
2024-11-16 12:11:32.408 +01:00 [INF] Route matched with {action = "CalculateNutritionScore", controller = "ProductAPI", area = "", page = ""}. Executing controller action with signature System.Threading.Tasks.Task`1[Microsoft.AspNetCore.Mvc.IActionResult] CalculateNutritionScore(NutritionCalculationRequest) on controller FoodRegistrationTool.Controllers.ProductAPIController (api).
2024-11-16 12:11:32.467 +01:00 [INF] Executing OkObjectResult, writing value of type 'System.String'.
2024-11-16 12:11:32.469 +01:00 [INF] Executed action FoodRegistrationTool.Controllers.ProductAPIController.CalculateNutritionScore (api) in 60.185ms
2024-11-16 12:11:32.469 +01:00 [INF] Executed endpoint 'FoodRegistrationTool.Controllers.ProductAPIController.CalculateNutritionScore (api)'
2024-11-16 12:11:32.469 +01:00 [INF] Request finished HTTP/1.1 POST http://localhost:5194/api/productapi/calculatescore - 200 null text/plain; charset=utf-8 65.5255ms
2024-11-16 12:11:32.599 +01:00 [INF] Request starting HTTP/1.1 POST http://localhost:5194/api/productapi/calculatescore - application/json 111
2024-11-16 12:11:32.599 +01:00 [INF] CORS policy execution successful.
2024-11-16 12:11:32.599 +01:00 [INF] Executing endpoint 'FoodRegistrationTool.Controllers.ProductAPIController.CalculateNutritionScore (api)'
2024-11-16 12:11:32.599 +01:00 [INF] Route matched with {action = "CalculateNutritionScore", controller = "ProductAPI", area = "", page = ""}. Executing controller action with signature System.Threading.Tasks.Task`1[Microsoft.AspNetCore.Mvc.IActionResult] CalculateNutritionScore(NutritionCalculationRequest) on controller FoodRegistrationTool.Controllers.ProductAPIController (api).
2024-11-16 12:11:32.601 +01:00 [INF] Executing OkObjectResult, writing value of type 'System.String'.
2024-11-16 12:11:32.601 +01:00 [INF] Executed action FoodRegistrationTool.Controllers.ProductAPIController.CalculateNutritionScore (api) in 1.446ms
2024-11-16 12:11:32.601 +01:00 [INF] Executed endpoint 'FoodRegistrationTool.Controllers.ProductAPIController.CalculateNutritionScore (api)'
2024-11-16 12:11:32.601 +01:00 [INF] Request finished HTTP/1.1 POST http://localhost:5194/api/productapi/calculatescore - 200 null text/plain; charset=utf-8 2.3163ms
2024-11-16 12:11:33.056 +01:00 [INF] Request starting HTTP/1.1 POST http://localhost:5194/api/productapi/calculatescore - application/json 110
2024-11-16 12:11:33.056 +01:00 [INF] CORS policy execution successful.
2024-11-16 12:11:33.056 +01:00 [INF] Executing endpoint 'FoodRegistrationTool.Controllers.ProductAPIController.CalculateNutritionScore (api)'
2024-11-16 12:11:33.056 +01:00 [INF] Route matched with {action = "CalculateNutritionScore", controller = "ProductAPI", area = "", page = ""}. Executing controller action with signature System.Threading.Tasks.Task`1[Microsoft.AspNetCore.Mvc.IActionResult] CalculateNutritionScore(NutritionCalculationRequest) on controller FoodRegistrationTool.Controllers.ProductAPIController (api).
2024-11-16 12:11:33.057 +01:00 [INF] Executing OkObjectResult, writing value of type 'System.String'.
2024-11-16 12:11:33.058 +01:00 [INF] Executed action FoodRegistrationTool.Controllers.ProductAPIController.CalculateNutritionScore (api) in 1.3537ms
2024-11-16 12:11:33.058 +01:00 [INF] Executed endpoint 'FoodRegistrationTool.Controllers.ProductAPIController.CalculateNutritionScore (api)'
2024-11-16 12:11:33.058 +01:00 [INF] Request finished HTTP/1.1 POST http://localhost:5194/api/productapi/calculatescore - 200 null text/plain; charset=utf-8 2.6687ms
2024-11-16 12:11:34.367 +01:00 [INF] Request starting HTTP/1.1 OPTIONS http://localhost:5194/api/productapi/update/2 - null null
2024-11-16 12:11:34.367 +01:00 [INF] CORS policy execution successful.
2024-11-16 12:11:34.367 +01:00 [INF] Request finished HTTP/1.1 OPTIONS http://localhost:5194/api/productapi/update/2 - 204 null null 0.5847ms
2024-11-16 12:11:34.369 +01:00 [INF] Request starting HTTP/1.1 PUT http://localhost:5194/api/productapi/update/2 - application/json 251
2024-11-16 12:11:34.369 +01:00 [INF] CORS policy execution successful.
2024-11-16 12:11:34.382 +01:00 [INF] Executing endpoint 'FoodRegistrationTool.Controllers.ProductAPIController.Update (api)'
2024-11-16 12:11:34.386 +01:00 [INF] Route matched with {action = "Update", controller = "ProductAPI", area = "", page = ""}. Executing controller action with signature System.Threading.Tasks.Task`1[Microsoft.AspNetCore.Mvc.IActionResult] Update(Int32, FoodRegistrationTool.DTOs.ProductDto) on controller FoodRegistrationTool.Controllers.ProductAPIController (api).
2024-11-16 12:11:34.402 +01:00 [INF] Executing BadRequestObjectResult, writing value of type 'Microsoft.AspNetCore.Mvc.ValidationProblemDetails'.
2024-11-16 12:11:34.418 +01:00 [INF] Executed action FoodRegistrationTool.Controllers.ProductAPIController.Update (api) in 31.8971ms
2024-11-16 12:11:34.418 +01:00 [INF] Executed endpoint 'FoodRegistrationTool.Controllers.ProductAPIController.Update (api)'
2024-11-16 12:11:34.418 +01:00 [INF] Request finished HTTP/1.1 PUT http://localhost:5194/api/productapi/update/2 - 400 null application/problem+json; charset=utf-8 49.5217ms
2024-11-16 12:12:20.347 +01:00 [INF] Request starting HTTP/1.1 GET http://localhost:5194/api/productapi/productlist - null null
2024-11-16 12:12:20.349 +01:00 [INF] CORS policy execution successful.
2024-11-16 12:12:20.353 +01:00 [INF] Executing endpoint 'FoodRegistrationTool.Controllers.ProductAPIController.ProductList (api)'
2024-11-16 12:12:20.356 +01:00 [INF] Route matched with {action = "ProductList", controller = "ProductAPI", area = "", page = ""}. Executing controller action with signature System.Threading.Tasks.Task`1[Microsoft.AspNetCore.Mvc.IActionResult] ProductList() on controller FoodRegistrationTool.Controllers.ProductAPIController (api).
2024-11-16 12:12:20.362 +01:00 [INF] Executing OkObjectResult, writing value of type 'System.Linq.Enumerable+SelectListIterator`2[[FoodRegistrationTool.Models.Product, api, Version=1.0.0.0, Culture=neutral, PublicKeyToken=null],[FoodRegistrationTool.DTOs.ProductDto, api, Version=1.0.0.0, Culture=neutral, PublicKeyToken=null]]'.
2024-11-16 12:12:20.362 +01:00 [INF] Executed action FoodRegistrationTool.Controllers.ProductAPIController.ProductList (api) in 5.9223ms
2024-11-16 12:12:20.363 +01:00 [INF] Executed endpoint 'FoodRegistrationTool.Controllers.ProductAPIController.ProductList (api)'
2024-11-16 12:12:20.363 +01:00 [INF] Request finished HTTP/1.1 GET http://localhost:5194/api/productapi/productlist - 200 null application/json; charset=utf-8 15.6497ms
2024-11-16 12:12:20.372 +01:00 [INF] Request starting HTTP/1.1 GET http://localhost:5194/api/productapi/productlist - null null
2024-11-16 12:12:20.404 +01:00 [INF] CORS policy execution successful.
2024-11-16 12:12:20.404 +01:00 [INF] Executing endpoint 'FoodRegistrationTool.Controllers.ProductAPIController.ProductList (api)'
2024-11-16 12:12:20.405 +01:00 [INF] Route matched with {action = "ProductList", controller = "ProductAPI", area = "", page = ""}. Executing controller action with signature System.Threading.Tasks.Task`1[Microsoft.AspNetCore.Mvc.IActionResult] ProductList() on controller FoodRegistrationTool.Controllers.ProductAPIController (api).
2024-11-16 12:12:20.413 +01:00 [INF] Executing OkObjectResult, writing value of type 'System.Linq.Enumerable+SelectListIterator`2[[FoodRegistrationTool.Models.Product, api, Version=1.0.0.0, Culture=neutral, PublicKeyToken=null],[FoodRegistrationTool.DTOs.ProductDto, api, Version=1.0.0.0, Culture=neutral, PublicKeyToken=null]]'.
2024-11-16 12:12:20.413 +01:00 [INF] Executed action FoodRegistrationTool.Controllers.ProductAPIController.ProductList (api) in 8.6968ms
2024-11-16 12:12:20.414 +01:00 [INF] Executed endpoint 'FoodRegistrationTool.Controllers.ProductAPIController.ProductList (api)'
2024-11-16 12:12:20.414 +01:00 [INF] Request finished HTTP/1.1 GET http://localhost:5194/api/productapi/productlist - 200 null application/json; charset=utf-8 41.6466ms
2024-11-16 12:12:22.908 +01:00 [INF] Request starting HTTP/1.1 GET http://localhost:5194/api/Auth/userinfo - null null
2024-11-16 12:12:22.912 +01:00 [INF] CORS policy execution successful.
2024-11-16 12:12:22.915 +01:00 [INF] Executing endpoint 'FoodRegistrationTool.Controllers.AuthController.GetUserInfo (api)'
2024-11-16 12:12:22.921 +01:00 [INF] Route matched with {action = "GetUserInfo", controller = "Auth", area = "", page = ""}. Executing controller action with signature System.Threading.Tasks.Task`1[Microsoft.AspNetCore.Mvc.IActionResult] GetUserInfo() on controller FoodRegistrationTool.Controllers.AuthController (api).
2024-11-16 12:12:22.945 +01:00 [INF] Authentication result: True
2024-11-16 12:12:22.952 +01:00 [INF] Principal Name from auth result: mat@mail.no
2024-11-16 12:12:22.959 +01:00 [INF] Request path: /api/Auth/userinfo
2024-11-16 12:12:22.965 +01:00 [INF] Request method: GET
2024-11-16 12:12:22.968 +01:00 [INF] Request scheme: http
2024-11-16 12:12:22.972 +01:00 [INF] Auth Type: Identity.Application
2024-11-16 12:12:22.976 +01:00 [INF] Identity Name: mat@mail.no
2024-11-16 12:12:23.054 +01:00 [INF] User from UserManager: mat@mail.no
2024-11-16 12:12:23.059 +01:00 [INF] Cookies received: .AspNetCore.Antiforgery.lR7t4MXUUZs=CfDJ8FYKQg2-tzVDp03-Gqv4Alp0e2kDKTpS7ycju9zsrFEctUbGhXGgm-TR2OGRtNiDSW2-yLD_U9ztu3gK8l94pzxhlcgICY-WqKInqucCSG5DxX1CJdczsvzTSLcIdT395LhAveMj_2LRO4FR08fdmRA, .AspNetCore.Antiforgery.dw7AqgzwEUQ=CfDJ8FYKQg2-tzVDp03-Gqv4AlpuJ5WrZvfgIbXDPlmvconEJ-859cdE6UsmGy6Ny_h3xsB8bbMaYwmszbCZtWzqapxdW81rlL4KfGCSslVgx3lRLADMmzN7o6yVPQJ44NQ3MnhGpLSl3G4_OADRKjpKDNY, .AspNetCore.Identity.Application=CfDJ8FYKQg2-tzVDp03-Gqv4AlrQZ3BM3xp3_HhI7xz9fhi7qpJle8Rf8FG3x0OWANGjfIwDJ3HQfVbs50ObDFOIgZ6CAQ57wCaI7eujDMHY6fDZbMLRyg4Mul3uNUEJBrvHPIfzpWS-DNSVy2QZxZxOam8-U7u8-vfCAY4oQUgs8G5Wd013y7iF295QUeBtH_qzQiv_xW3Geh2IK077JT6r8EnxGJiF74iuATej21rfcFRVCJ0LxKHrYmsZ_YM-FDEZDb0kHMtinvWnWpL-Umd7QwZiq4WBMmsjedsvZBR_i81ALSakp7WjbEEtKn3NIqIT57EGgSc1FYWEuno-URYZGqzlQazJSoKAIvdFet2363KJZWkbOQUIaaGk-FRXx-aYJNmX3YKk_yJzqHlJ_EN3Zv8bMWAGWgObJUdclUDL8XuDEaDeoIbzc10MeiCTsiMryVHWjNgwvq3YiFXXJtOb0NEAPzpwOL20iCfAVSBqiXkgKBQnY0G5XFSVsTH4AzVwCMeziCrDINSyVXaC0nnSVkRQ_h6F8X9JXXvnK1LYz6tfgi8w8zX43m8E7dHdB77g-G3OW33kPxJ0UHoSRbuMR4mD2L18ozwXk57Ld0R1DjevM-tkwX_P4BgGnC8318RK-GoqsUZIC6nCO0Tjm9ZQz-35mY1hTWy0leNr0Wj7BZlBdiQOlWLrel2MA9uDtOAoDyrzC54MPXmLIzS_M16SHqA-A-Eiu2AjHawGl91LCsvK
2024-11-16 12:12:23.061 +01:00 [INF] GetUserInfo called:
2024-11-16 12:12:23.064 +01:00 [INF] IsAuthenticated: True
2024-11-16 12:12:23.066 +01:00 [INF] UserName: mat@mail.no
2024-11-16 12:12:23.070 +01:00 [INF] Claims: http://schemas.xmlsoap.org/ws/2005/05/identity/claims/nameidentifier: 8df6c300-5642-4f3b-886c-ab5b35131618, http://schemas.xmlsoap.org/ws/2005/05/identity/claims/name: mat@mail.no, http://schemas.xmlsoap.org/ws/2005/05/identity/claims/emailaddress: mat@mail.no, AspNet.Identity.SecurityStamp: ZKOOAEV6UFQX5UCYRLBA3XDYCB7J6EQZ, amr: pwd
2024-11-16 12:12:23.073 +01:00 [INF] Claim: http://schemas.xmlsoap.org/ws/2005/05/identity/claims/nameidentifier = 8df6c300-5642-4f3b-886c-ab5b35131618
2024-11-16 12:12:23.076 +01:00 [INF] Claim: http://schemas.xmlsoap.org/ws/2005/05/identity/claims/name = mat@mail.no
2024-11-16 12:12:23.079 +01:00 [INF] Claim: http://schemas.xmlsoap.org/ws/2005/05/identity/claims/emailaddress = mat@mail.no
2024-11-16 12:12:23.082 +01:00 [INF] Claim: AspNet.Identity.SecurityStamp = ZKOOAEV6UFQX5UCYRLBA3XDYCB7J6EQZ
2024-11-16 12:12:23.085 +01:00 [INF] Claim: amr = pwd
2024-11-16 12:12:23.097 +01:00 [INF] Returning response: {"isAuthenticated":true,"userName":"mat@mail.no","manageUrl":"/Identity/Account/Manage","logoutUrl":"/Identity/Account/Logout","loginUrl":"/Identity/Account/Login","registerUrl":"/Identity/Account/Register"}
2024-11-16 12:12:23.098 +01:00 [INF] Executing OkObjectResult, writing value of type '<>f__AnonymousType10`6[[System.Boolean, System.Private.CoreLib, Version=8.0.0.0, Culture=neutral, PublicKeyToken=7cec85d7bea7798e],[System.String, System.Private.CoreLib, Version=8.0.0.0, Culture=neutral, PublicKeyToken=7cec85d7bea7798e],[System.String, System.Private.CoreLib, Version=8.0.0.0, Culture=neutral, PublicKeyToken=7cec85d7bea7798e],[System.String, System.Private.CoreLib, Version=8.0.0.0, Culture=neutral, PublicKeyToken=7cec85d7bea7798e],[System.String, System.Private.CoreLib, Version=8.0.0.0, Culture=neutral, PublicKeyToken=7cec85d7bea7798e],[System.String, System.Private.CoreLib, Version=8.0.0.0, Culture=neutral, PublicKeyToken=7cec85d7bea7798e]]'.
2024-11-16 12:12:23.100 +01:00 [INF] Executed action FoodRegistrationTool.Controllers.AuthController.GetUserInfo (api) in 178.1287ms
2024-11-16 12:12:23.100 +01:00 [INF] Executed endpoint 'FoodRegistrationTool.Controllers.AuthController.GetUserInfo (api)'
2024-11-16 12:12:23.101 +01:00 [INF] Request finished HTTP/1.1 GET http://localhost:5194/api/Auth/userinfo - 200 null application/json; charset=utf-8 192.2246ms
2024-11-16 12:12:23.102 +01:00 [INF] Request starting HTTP/1.1 GET http://localhost:5194/api/Auth/userinfo - null null
2024-11-16 12:12:23.103 +01:00 [INF] CORS policy execution successful.
2024-11-16 12:12:23.104 +01:00 [INF] Executing endpoint 'FoodRegistrationTool.Controllers.AuthController.GetUserInfo (api)'
2024-11-16 12:12:23.104 +01:00 [INF] Route matched with {action = "GetUserInfo", controller = "Auth", area = "", page = ""}. Executing controller action with signature System.Threading.Tasks.Task`1[Microsoft.AspNetCore.Mvc.IActionResult] GetUserInfo() on controller FoodRegistrationTool.Controllers.AuthController (api).
2024-11-16 12:12:23.111 +01:00 [INF] Authentication result: True
2024-11-16 12:12:23.114 +01:00 [INF] Principal Name from auth result: mat@mail.no
2024-11-16 12:12:23.117 +01:00 [INF] Request path: /api/Auth/userinfo
2024-11-16 12:12:23.121 +01:00 [INF] Request method: GET
2024-11-16 12:12:23.126 +01:00 [INF] Request scheme: http
2024-11-16 12:12:23.130 +01:00 [INF] Auth Type: Identity.Application
2024-11-16 12:12:23.133 +01:00 [INF] Identity Name: mat@mail.no
2024-11-16 12:12:23.146 +01:00 [INF] User from UserManager: mat@mail.no
2024-11-16 12:12:23.152 +01:00 [INF] Cookies received: .AspNetCore.Antiforgery.lR7t4MXUUZs=CfDJ8FYKQg2-tzVDp03-Gqv4Alp0e2kDKTpS7ycju9zsrFEctUbGhXGgm-TR2OGRtNiDSW2-yLD_U9ztu3gK8l94pzxhlcgICY-WqKInqucCSG5DxX1CJdczsvzTSLcIdT395LhAveMj_2LRO4FR08fdmRA, .AspNetCore.Antiforgery.dw7AqgzwEUQ=CfDJ8FYKQg2-tzVDp03-Gqv4AlpuJ5WrZvfgIbXDPlmvconEJ-859cdE6UsmGy6Ny_h3xsB8bbMaYwmszbCZtWzqapxdW81rlL4KfGCSslVgx3lRLADMmzN7o6yVPQJ44NQ3MnhGpLSl3G4_OADRKjpKDNY, .AspNetCore.Identity.Application=CfDJ8FYKQg2-tzVDp03-Gqv4AlrQZ3BM3xp3_HhI7xz9fhi7qpJle8Rf8FG3x0OWANGjfIwDJ3HQfVbs50ObDFOIgZ6CAQ57wCaI7eujDMHY6fDZbMLRyg4Mul3uNUEJBrvHPIfzpWS-DNSVy2QZxZxOam8-U7u8-vfCAY4oQUgs8G5Wd013y7iF295QUeBtH_qzQiv_xW3Geh2IK077JT6r8EnxGJiF74iuATej21rfcFRVCJ0LxKHrYmsZ_YM-FDEZDb0kHMtinvWnWpL-Umd7QwZiq4WBMmsjedsvZBR_i81ALSakp7WjbEEtKn3NIqIT57EGgSc1FYWEuno-URYZGqzlQazJSoKAIvdFet2363KJZWkbOQUIaaGk-FRXx-aYJNmX3YKk_yJzqHlJ_EN3Zv8bMWAGWgObJUdclUDL8XuDEaDeoIbzc10MeiCTsiMryVHWjNgwvq3YiFXXJtOb0NEAPzpwOL20iCfAVSBqiXkgKBQnY0G5XFSVsTH4AzVwCMeziCrDINSyVXaC0nnSVkRQ_h6F8X9JXXvnK1LYz6tfgi8w8zX43m8E7dHdB77g-G3OW33kPxJ0UHoSRbuMR4mD2L18ozwXk57Ld0R1DjevM-tkwX_P4BgGnC8318RK-GoqsUZIC6nCO0Tjm9ZQz-35mY1hTWy0leNr0Wj7BZlBdiQOlWLrel2MA9uDtOAoDyrzC54MPXmLIzS_M16SHqA-A-Eiu2AjHawGl91LCsvK
2024-11-16 12:12:23.156 +01:00 [INF] GetUserInfo called:
2024-11-16 12:12:23.159 +01:00 [INF] IsAuthenticated: True
2024-11-16 12:12:23.162 +01:00 [INF] UserName: mat@mail.no
2024-11-16 12:12:23.166 +01:00 [INF] Claims: http://schemas.xmlsoap.org/ws/2005/05/identity/claims/nameidentifier: 8df6c300-5642-4f3b-886c-ab5b35131618, http://schemas.xmlsoap.org/ws/2005/05/identity/claims/name: mat@mail.no, http://schemas.xmlsoap.org/ws/2005/05/identity/claims/emailaddress: mat@mail.no, AspNet.Identity.SecurityStamp: ZKOOAEV6UFQX5UCYRLBA3XDYCB7J6EQZ, amr: pwd
2024-11-16 12:12:23.169 +01:00 [INF] Claim: http://schemas.xmlsoap.org/ws/2005/05/identity/claims/nameidentifier = 8df6c300-5642-4f3b-886c-ab5b35131618
2024-11-16 12:12:23.173 +01:00 [INF] Claim: http://schemas.xmlsoap.org/ws/2005/05/identity/claims/name = mat@mail.no
2024-11-16 12:12:23.184 +01:00 [INF] Claim: http://schemas.xmlsoap.org/ws/2005/05/identity/claims/emailaddress = mat@mail.no
2024-11-16 12:12:23.193 +01:00 [INF] Claim: AspNet.Identity.SecurityStamp = ZKOOAEV6UFQX5UCYRLBA3XDYCB7J6EQZ
2024-11-16 12:12:23.199 +01:00 [INF] Claim: amr = pwd
2024-11-16 12:12:23.204 +01:00 [INF] Returning response: {"isAuthenticated":true,"userName":"mat@mail.no","manageUrl":"/Identity/Account/Manage","logoutUrl":"/Identity/Account/Logout","loginUrl":"/Identity/Account/Login","registerUrl":"/Identity/Account/Register"}
2024-11-16 12:12:23.205 +01:00 [INF] Executing OkObjectResult, writing value of type '<>f__AnonymousType10`6[[System.Boolean, System.Private.CoreLib, Version=8.0.0.0, Culture=neutral, PublicKeyToken=7cec85d7bea7798e],[System.String, System.Private.CoreLib, Version=8.0.0.0, Culture=neutral, PublicKeyToken=7cec85d7bea7798e],[System.String, System.Private.CoreLib, Version=8.0.0.0, Culture=neutral, PublicKeyToken=7cec85d7bea7798e],[System.String, System.Private.CoreLib, Version=8.0.0.0, Culture=neutral, PublicKeyToken=7cec85d7bea7798e],[System.String, System.Private.CoreLib, Version=8.0.0.0, Culture=neutral, PublicKeyToken=7cec85d7bea7798e],[System.String, System.Private.CoreLib, Version=8.0.0.0, Culture=neutral, PublicKeyToken=7cec85d7bea7798e]]'.
2024-11-16 12:12:23.205 +01:00 [INF] Executed action FoodRegistrationTool.Controllers.AuthController.GetUserInfo (api) in 101.1382ms
2024-11-16 12:12:23.205 +01:00 [INF] Executed endpoint 'FoodRegistrationTool.Controllers.AuthController.GetUserInfo (api)'
2024-11-16 12:12:23.206 +01:00 [INF] Request finished HTTP/1.1 GET http://localhost:5194/api/Auth/userinfo - 200 null application/json; charset=utf-8 104.0269ms
2024-11-16 12:12:30.927 +01:00 [INF] Request starting HTTP/1.1 OPTIONS http://localhost:5194/api/productapi/calculatescore - null null
2024-11-16 12:12:30.927 +01:00 [INF] CORS policy execution successful.
2024-11-16 12:12:30.927 +01:00 [INF] Request finished HTTP/1.1 OPTIONS http://localhost:5194/api/productapi/calculatescore - 204 null null 0.3878ms
2024-11-16 12:12:30.929 +01:00 [INF] Request starting HTTP/1.1 POST http://localhost:5194/api/productapi/calculatescore - application/json 110
2024-11-16 12:12:30.929 +01:00 [INF] CORS policy execution successful.
2024-11-16 12:12:30.930 +01:00 [INF] Executing endpoint 'FoodRegistrationTool.Controllers.ProductAPIController.CalculateNutritionScore (api)'
2024-11-16 12:12:30.930 +01:00 [INF] Route matched with {action = "CalculateNutritionScore", controller = "ProductAPI", area = "", page = ""}. Executing controller action with signature System.Threading.Tasks.Task`1[Microsoft.AspNetCore.Mvc.IActionResult] CalculateNutritionScore(NutritionCalculationRequest) on controller FoodRegistrationTool.Controllers.ProductAPIController (api).
2024-11-16 12:12:30.931 +01:00 [INF] Executing OkObjectResult, writing value of type 'System.String'.
2024-11-16 12:12:30.931 +01:00 [INF] Executed action FoodRegistrationTool.Controllers.ProductAPIController.CalculateNutritionScore (api) in 1.2741ms
2024-11-16 12:12:30.931 +01:00 [INF] Executed endpoint 'FoodRegistrationTool.Controllers.ProductAPIController.CalculateNutritionScore (api)'
2024-11-16 12:12:30.932 +01:00 [INF] Request finished HTTP/1.1 POST http://localhost:5194/api/productapi/calculatescore - 200 null text/plain; charset=utf-8 2.663ms
2024-11-16 12:12:31.128 +01:00 [INF] Request starting HTTP/1.1 POST http://localhost:5194/api/productapi/calculatescore - application/json 111
2024-11-16 12:12:31.128 +01:00 [INF] CORS policy execution successful.
2024-11-16 12:12:31.129 +01:00 [INF] Executing endpoint 'FoodRegistrationTool.Controllers.ProductAPIController.CalculateNutritionScore (api)'
2024-11-16 12:12:31.129 +01:00 [INF] Route matched with {action = "CalculateNutritionScore", controller = "ProductAPI", area = "", page = ""}. Executing controller action with signature System.Threading.Tasks.Task`1[Microsoft.AspNetCore.Mvc.IActionResult] CalculateNutritionScore(NutritionCalculationRequest) on controller FoodRegistrationTool.Controllers.ProductAPIController (api).
2024-11-16 12:12:31.131 +01:00 [INF] Executing OkObjectResult, writing value of type 'System.String'.
2024-11-16 12:12:31.131 +01:00 [INF] Executed action FoodRegistrationTool.Controllers.ProductAPIController.CalculateNutritionScore (api) in 2.3439ms
2024-11-16 12:12:31.132 +01:00 [INF] Executed endpoint 'FoodRegistrationTool.Controllers.ProductAPIController.CalculateNutritionScore (api)'
2024-11-16 12:12:31.132 +01:00 [INF] Request finished HTTP/1.1 POST http://localhost:5194/api/productapi/calculatescore - 200 null text/plain; charset=utf-8 3.9256ms
2024-11-16 12:12:31.572 +01:00 [INF] Request starting HTTP/1.1 POST http://localhost:5194/api/productapi/calculatescore - application/json 110
2024-11-16 12:12:31.572 +01:00 [INF] CORS policy execution successful.
2024-11-16 12:12:31.572 +01:00 [INF] Executing endpoint 'FoodRegistrationTool.Controllers.ProductAPIController.CalculateNutritionScore (api)'
2024-11-16 12:12:31.572 +01:00 [INF] Route matched with {action = "CalculateNutritionScore", controller = "ProductAPI", area = "", page = ""}. Executing controller action with signature System.Threading.Tasks.Task`1[Microsoft.AspNetCore.Mvc.IActionResult] CalculateNutritionScore(NutritionCalculationRequest) on controller FoodRegistrationTool.Controllers.ProductAPIController (api).
2024-11-16 12:12:31.573 +01:00 [INF] Executing OkObjectResult, writing value of type 'System.String'.
2024-11-16 12:12:31.573 +01:00 [INF] Executed action FoodRegistrationTool.Controllers.ProductAPIController.CalculateNutritionScore (api) in 0.8883ms
2024-11-16 12:12:31.573 +01:00 [INF] Executed endpoint 'FoodRegistrationTool.Controllers.ProductAPIController.CalculateNutritionScore (api)'
2024-11-16 12:12:31.574 +01:00 [INF] Request finished HTTP/1.1 POST http://localhost:5194/api/productapi/calculatescore - 200 null text/plain; charset=utf-8 1.7666ms
2024-11-16 12:12:34.590 +01:00 [INF] Request starting HTTP/1.1 OPTIONS http://localhost:5194/api/productapi/create - null null
2024-11-16 12:12:34.590 +01:00 [INF] CORS policy execution successful.
2024-11-16 12:12:34.590 +01:00 [INF] Request finished HTTP/1.1 OPTIONS http://localhost:5194/api/productapi/create - 204 null null 0.342ms
2024-11-16 12:12:34.592 +01:00 [INF] Request starting HTTP/1.1 POST http://localhost:5194/api/productapi/create - application/json 218
2024-11-16 12:12:34.592 +01:00 [INF] CORS policy execution successful.
2024-11-16 12:12:34.596 +01:00 [INF] Executing endpoint 'FoodRegistrationTool.Controllers.ProductAPIController.Create (api)'
2024-11-16 12:12:34.599 +01:00 [INF] Route matched with {action = "Create", controller = "ProductAPI", area = "", page = ""}. Executing controller action with signature System.Threading.Tasks.Task`1[Microsoft.AspNetCore.Mvc.IActionResult] Create(FoodRegistrationTool.DTOs.ProductDto) on controller FoodRegistrationTool.Controllers.ProductAPIController (api).
2024-11-16 12:12:34.600 +01:00 [INF] Executing BadRequestObjectResult, writing value of type 'Microsoft.AspNetCore.Mvc.ValidationProblemDetails'.
2024-11-16 12:12:34.601 +01:00 [INF] Executed action FoodRegistrationTool.Controllers.ProductAPIController.Create (api) in 1.128ms
2024-11-16 12:12:34.601 +01:00 [INF] Executed endpoint 'FoodRegistrationTool.Controllers.ProductAPIController.Create (api)'
2024-11-16 12:12:34.601 +01:00 [INF] Request finished HTTP/1.1 POST http://localhost:5194/api/productapi/create - 400 null application/problem+json; charset=utf-8 8.5974ms
