2024-11-15 22:22:45.998 +01:00 [INF] User profile is available. Using 'C:\Users\Mats\AppData\Local\ASP.NET\DataProtection-Keys' as key repository and Windows DPAPI to encrypt keys at rest.
2024-11-15 22:22:46.523 +01:00 [INF] Now listening on: https://localhost:7263
2024-11-15 22:22:46.526 +01:00 [INF] Now listening on: http://localhost:5194
2024-11-15 22:22:46.537 +01:00 [INF] Application started. Press Ctrl+C to shut down.
2024-11-15 22:22:46.541 +01:00 [INF] Hosting environment: Development
2024-11-15 22:22:46.545 +01:00 [INF] Content root path: C:\Users\Mats\web-projects\react\exam\api
2024-11-15 22:22:56.385 +01:00 [INF] Request starting HTTP/1.1 OPTIONS http://localhost:5194/api/productapi/create - null null
2024-11-15 22:22:56.473 +01:00 [INF] CORS policy execution successful.
2024-11-15 22:22:56.489 +01:00 [INF] Request finished HTTP/1.1 OPTIONS http://localhost:5194/api/productapi/create - 204 null null 106.9527ms
2024-11-15 22:22:56.495 +01:00 [INF] Request starting HTTP/1.1 POST http://localhost:5194/api/productapi/create - application/json 215
2024-11-15 22:22:56.501 +01:00 [INF] CORS policy execution successful.
2024-11-15 22:22:56.530 +01:00 [INF] Executing endpoint 'FoodRegistrationTool.Controllers.ProductAPIController.Create (api)'
2024-11-15 22:22:56.560 +01:00 [INF] Route matched with {action = "Create", controller = "ProductAPI", area = "", page = ""}. Executing controller action with signature System.Threading.Tasks.Task`1[Microsoft.AspNetCore.Mvc.IActionResult] Create(FoodRegistrationTool.DTOs.ProductDto) on controller FoodRegistrationTool.Controllers.ProductAPIController (api).
2024-11-15 22:22:56.780 +01:00 [INF] Executing BadRequestObjectResult, writing value of type 'Microsoft.AspNetCore.Mvc.ValidationProblemDetails'.
2024-11-15 22:22:56.804 +01:00 [INF] Executed action FoodRegistrationTool.Controllers.ProductAPIController.Create (api) in 239.8416ms
2024-11-15 22:22:56.804 +01:00 [INF] Executed endpoint 'FoodRegistrationTool.Controllers.ProductAPIController.Create (api)'
2024-11-15 22:22:56.816 +01:00 [INF] Request finished HTTP/1.1 POST http://localhost:5194/api/productapi/create - 400 null application/problem+json; charset=utf-8 320.7993ms
2024-11-15 22:23:04.895 +01:00 [INF] Request starting HTTP/1.1 GET http://localhost:5194/api/Auth/userinfo - null null
2024-11-15 22:23:04.912 +01:00 [INF] CORS policy execution successful.
2024-11-15 22:23:04.919 +01:00 [INF] Executing endpoint 'FoodRegistrationTool.Controllers.AuthController.GetUserInfo (api)'
2024-11-15 22:23:04.932 +01:00 [INF] Route matched with {action = "GetUserInfo", controller = "Auth", area = "", page = ""}. Executing controller action with signature System.Threading.Tasks.Task`1[Microsoft.AspNetCore.Mvc.IActionResult] GetUserInfo() on controller FoodRegistrationTool.Controllers.AuthController (api).
2024-11-15 22:23:04.981 +01:00 [INF] Authentication result: True
2024-11-15 22:23:04.988 +01:00 [INF] Principal Name from auth result: mat@mail.no
2024-11-15 22:23:04.994 +01:00 [INF] Request path: /api/Auth/userinfo
2024-11-15 22:23:05.000 +01:00 [INF] Request method: GET
2024-11-15 22:23:05.006 +01:00 [INF] Request scheme: http
2024-11-15 22:23:05.012 +01:00 [INF] Auth Type: Identity.Application
2024-11-15 22:23:05.018 +01:00 [INF] Identity Name: mat@mail.no
2024-11-15 22:23:08.076 +01:00 [INF] User from UserManager: mat@mail.no
2024-11-15 22:23:08.080 +01:00 [INF] Cookies received: .AspNetCore.Antiforgery.lR7t4MXUUZs=CfDJ8FYKQg2-tzVDp03-Gqv4Alp0e2kDKTpS7ycju9zsrFEctUbGhXGgm-TR2OGRtNiDSW2-yLD_U9ztu3gK8l94pzxhlcgICY-WqKInqucCSG5DxX1CJdczsvzTSLcIdT395LhAveMj_2LRO4FR08fdmRA, .AspNetCore.Antiforgery.dw7AqgzwEUQ=CfDJ8FYKQg2-tzVDp03-Gqv4AlpuJ5WrZvfgIbXDPlmvconEJ-859cdE6UsmGy6Ny_h3xsB8bbMaYwmszbCZtWzqapxdW81rlL4KfGCSslVgx3lRLADMmzN7o6yVPQJ44NQ3MnhGpLSl3G4_OADRKjpKDNY, .AspNetCore.Identity.Application=CfDJ8FYKQg2-tzVDp03-Gqv4AlrVKDUXh-U4Yz4d_Ps03kRC8sStlVUc6zok3dGe8Be2jfyC2N6eknl7PiH9cnK6ugInZu22prkNQ2J36yuKpTeLlvgFeS2ZyDIOBaisruStEAVOy-gAW8tuVeUFRpnShbqZmB9Cya5-PcvZARbTS_JMtCTAMSQGGXJVxmNuBH49FPr_z3XWb-0gEm8rlivZQYYGi2F3OQhN8emKlkPVGIHSARP1fPq88xQjjXPRqLSqeOrhA17TFhnaVRReOn3eMFQXOCSX1PYXzml3r6tKD4dthPFZyIWDIFkoothAvsuQky3-7XVqkUjjPWddH5iSoNBOPaSSCoolfjoqoJWwIilhe0k9V1NU4qjVqlGrM_GhqQ4TOu5ueP2ulFfqquEoqU8aKvSDsLsg_u-p8vjMAQl6i3KptPpjm0U_bhXJAKcvMEg0E00salyuL1WBvQLxKuxdD6Ub0usJxZpnbJM6HGsGuMMn-X1XgEdZc9xTJz5Zty74krOosZ0LXUPXSl3m_vE80SFGmaJ2KqFjlLCdnORQM2RG3D-aZdqzrJDz_AWNziEmvUZgw89UEM8rRx3LV6zDHzCiXxZ6uCDtBvzP3mMdMi9jet7E4bMjl4pOvfXh-1JLvZEFLgNGeOi9iEw5DCmTwMi-oXXtRTWUYZna4JeYIyoksuq38Dfy9ttfhl5mayp7iSNDyLs2NFYMuZ6CyEvrqjTmgFZEccG0Yvmn9zbW
2024-11-15 22:23:08.084 +01:00 [INF] GetUserInfo called:
2024-11-15 22:23:08.089 +01:00 [INF] IsAuthenticated: True
2024-11-15 22:23:08.094 +01:00 [INF] UserName: mat@mail.no
2024-11-15 22:23:08.100 +01:00 [INF] Claims: http://schemas.xmlsoap.org/ws/2005/05/identity/claims/nameidentifier: 8df6c300-5642-4f3b-886c-ab5b35131618, http://schemas.xmlsoap.org/ws/2005/05/identity/claims/name: mat@mail.no, http://schemas.xmlsoap.org/ws/2005/05/identity/claims/emailaddress: mat@mail.no, AspNet.Identity.SecurityStamp: ZKOOAEV6UFQX5UCYRLBA3XDYCB7J6EQZ
2024-11-15 22:23:08.105 +01:00 [INF] Claim: http://schemas.xmlsoap.org/ws/2005/05/identity/claims/nameidentifier = 8df6c300-5642-4f3b-886c-ab5b35131618
2024-11-15 22:23:08.109 +01:00 [INF] Claim: http://schemas.xmlsoap.org/ws/2005/05/identity/claims/name = mat@mail.no
2024-11-15 22:23:08.112 +01:00 [INF] Claim: http://schemas.xmlsoap.org/ws/2005/05/identity/claims/emailaddress = mat@mail.no
2024-11-15 22:23:08.116 +01:00 [INF] Claim: AspNet.Identity.SecurityStamp = ZKOOAEV6UFQX5UCYRLBA3XDYCB7J6EQZ
2024-11-15 22:23:08.132 +01:00 [INF] Returning response: {"isAuthenticated":true,"userName":"mat@mail.no","manageUrl":"/Identity/Account/Manage","logoutUrl":"/Identity/Account/Logout","loginUrl":"/Identity/Account/Login","registerUrl":"/Identity/Account/Register"}
2024-11-15 22:23:08.137 +01:00 [INF] Executing OkObjectResult, writing value of type '<>f__AnonymousType10`6[[System.Boolean, System.Private.CoreLib, Version=8.0.0.0, Culture=neutral, PublicKeyToken=7cec85d7bea7798e],[System.String, System.Private.CoreLib, Version=8.0.0.0, Culture=neutral, PublicKeyToken=7cec85d7bea7798e],[System.String, System.Private.CoreLib, Version=8.0.0.0, Culture=neutral, PublicKeyToken=7cec85d7bea7798e],[System.String, System.Private.CoreLib, Version=8.0.0.0, Culture=neutral, PublicKeyToken=7cec85d7bea7798e],[System.String, System.Private.CoreLib, Version=8.0.0.0, Culture=neutral, PublicKeyToken=7cec85d7bea7798e],[System.String, System.Private.CoreLib, Version=8.0.0.0, Culture=neutral, PublicKeyToken=7cec85d7bea7798e]]'.
2024-11-15 22:23:08.141 +01:00 [INF] Executed action FoodRegistrationTool.Controllers.AuthController.GetUserInfo (api) in 3208.0182ms
2024-11-15 22:23:08.141 +01:00 [INF] Executed endpoint 'FoodRegistrationTool.Controllers.AuthController.GetUserInfo (api)'
2024-11-15 22:23:08.154 +01:00 [INF] Request finished HTTP/1.1 GET http://localhost:5194/api/Auth/userinfo - 200 null application/json; charset=utf-8 3258.8394ms
2024-11-15 22:23:08.155 +01:00 [INF] Request starting HTTP/1.1 GET http://localhost:5194/api/Auth/userinfo - null null
2024-11-15 22:23:08.159 +01:00 [INF] CORS policy execution successful.
2024-11-15 22:23:08.161 +01:00 [INF] Executing endpoint 'FoodRegistrationTool.Controllers.AuthController.GetUserInfo (api)'
2024-11-15 22:23:08.161 +01:00 [INF] Route matched with {action = "GetUserInfo", controller = "Auth", area = "", page = ""}. Executing controller action with signature System.Threading.Tasks.Task`1[Microsoft.AspNetCore.Mvc.IActionResult] GetUserInfo() on controller FoodRegistrationTool.Controllers.AuthController (api).
2024-11-15 22:23:08.172 +01:00 [INF] Authentication result: True
2024-11-15 22:23:08.176 +01:00 [INF] Principal Name from auth result: mat@mail.no
2024-11-15 22:23:08.180 +01:00 [INF] Request path: /api/Auth/userinfo
2024-11-15 22:23:08.184 +01:00 [INF] Request method: GET
2024-11-15 22:23:08.188 +01:00 [INF] Request scheme: http
2024-11-15 22:23:08.194 +01:00 [INF] Auth Type: Identity.Application
2024-11-15 22:23:08.197 +01:00 [INF] Identity Name: mat@mail.no
2024-11-15 22:23:08.361 +01:00 [INF] User from UserManager: mat@mail.no
2024-11-15 22:23:08.365 +01:00 [INF] Cookies received: .AspNetCore.Antiforgery.lR7t4MXUUZs=CfDJ8FYKQg2-tzVDp03-Gqv4Alp0e2kDKTpS7ycju9zsrFEctUbGhXGgm-TR2OGRtNiDSW2-yLD_U9ztu3gK8l94pzxhlcgICY-WqKInqucCSG5DxX1CJdczsvzTSLcIdT395LhAveMj_2LRO4FR08fdmRA, .AspNetCore.Antiforgery.dw7AqgzwEUQ=CfDJ8FYKQg2-tzVDp03-Gqv4AlpuJ5WrZvfgIbXDPlmvconEJ-859cdE6UsmGy6Ny_h3xsB8bbMaYwmszbCZtWzqapxdW81rlL4KfGCSslVgx3lRLADMmzN7o6yVPQJ44NQ3MnhGpLSl3G4_OADRKjpKDNY, .AspNetCore.Identity.Application=CfDJ8FYKQg2-tzVDp03-Gqv4AlrVKDUXh-U4Yz4d_Ps03kRC8sStlVUc6zok3dGe8Be2jfyC2N6eknl7PiH9cnK6ugInZu22prkNQ2J36yuKpTeLlvgFeS2ZyDIOBaisruStEAVOy-gAW8tuVeUFRpnShbqZmB9Cya5-PcvZARbTS_JMtCTAMSQGGXJVxmNuBH49FPr_z3XWb-0gEm8rlivZQYYGi2F3OQhN8emKlkPVGIHSARP1fPq88xQjjXPRqLSqeOrhA17TFhnaVRReOn3eMFQXOCSX1PYXzml3r6tKD4dthPFZyIWDIFkoothAvsuQky3-7XVqkUjjPWddH5iSoNBOPaSSCoolfjoqoJWwIilhe0k9V1NU4qjVqlGrM_GhqQ4TOu5ueP2ulFfqquEoqU8aKvSDsLsg_u-p8vjMAQl6i3KptPpjm0U_bhXJAKcvMEg0E00salyuL1WBvQLxKuxdD6Ub0usJxZpnbJM6HGsGuMMn-X1XgEdZc9xTJz5Zty74krOosZ0LXUPXSl3m_vE80SFGmaJ2KqFjlLCdnORQM2RG3D-aZdqzrJDz_AWNziEmvUZgw89UEM8rRx3LV6zDHzCiXxZ6uCDtBvzP3mMdMi9jet7E4bMjl4pOvfXh-1JLvZEFLgNGeOi9iEw5DCmTwMi-oXXtRTWUYZna4JeYIyoksuq38Dfy9ttfhl5mayp7iSNDyLs2NFYMuZ6CyEvrqjTmgFZEccG0Yvmn9zbW
2024-11-15 22:23:08.369 +01:00 [INF] GetUserInfo called:
2024-11-15 22:23:08.374 +01:00 [INF] IsAuthenticated: True
2024-11-15 22:23:08.380 +01:00 [INF] UserName: mat@mail.no
2024-11-15 22:23:08.384 +01:00 [INF] Claims: http://schemas.xmlsoap.org/ws/2005/05/identity/claims/nameidentifier: 8df6c300-5642-4f3b-886c-ab5b35131618, http://schemas.xmlsoap.org/ws/2005/05/identity/claims/name: mat@mail.no, http://schemas.xmlsoap.org/ws/2005/05/identity/claims/emailaddress: mat@mail.no, AspNet.Identity.SecurityStamp: ZKOOAEV6UFQX5UCYRLBA3XDYCB7J6EQZ
2024-11-15 22:23:08.388 +01:00 [INF] Claim: http://schemas.xmlsoap.org/ws/2005/05/identity/claims/nameidentifier = 8df6c300-5642-4f3b-886c-ab5b35131618
2024-11-15 22:23:08.393 +01:00 [INF] Claim: http://schemas.xmlsoap.org/ws/2005/05/identity/claims/name = mat@mail.no
2024-11-15 22:23:08.398 +01:00 [INF] Claim: http://schemas.xmlsoap.org/ws/2005/05/identity/claims/emailaddress = mat@mail.no
2024-11-15 22:23:08.403 +01:00 [INF] Claim: AspNet.Identity.SecurityStamp = ZKOOAEV6UFQX5UCYRLBA3XDYCB7J6EQZ
2024-11-15 22:23:08.407 +01:00 [INF] Returning response: {"isAuthenticated":true,"userName":"mat@mail.no","manageUrl":"/Identity/Account/Manage","logoutUrl":"/Identity/Account/Logout","loginUrl":"/Identity/Account/Login","registerUrl":"/Identity/Account/Register"}
2024-11-15 22:23:08.408 +01:00 [INF] Executing OkObjectResult, writing value of type '<>f__AnonymousType10`6[[System.Boolean, System.Private.CoreLib, Version=8.0.0.0, Culture=neutral, PublicKeyToken=7cec85d7bea7798e],[System.String, System.Private.CoreLib, Version=8.0.0.0, Culture=neutral, PublicKeyToken=7cec85d7bea7798e],[System.String, System.Private.CoreLib, Version=8.0.0.0, Culture=neutral, PublicKeyToken=7cec85d7bea7798e],[System.String, System.Private.CoreLib, Version=8.0.0.0, Culture=neutral, PublicKeyToken=7cec85d7bea7798e],[System.String, System.Private.CoreLib, Version=8.0.0.0, Culture=neutral, PublicKeyToken=7cec85d7bea7798e],[System.String, System.Private.CoreLib, Version=8.0.0.0, Culture=neutral, PublicKeyToken=7cec85d7bea7798e]]'.
2024-11-15 22:23:08.408 +01:00 [INF] Executed action FoodRegistrationTool.Controllers.AuthController.GetUserInfo (api) in 246.9926ms
2024-11-15 22:23:08.408 +01:00 [INF] Executed endpoint 'FoodRegistrationTool.Controllers.AuthController.GetUserInfo (api)'
2024-11-15 22:23:08.409 +01:00 [INF] Request finished HTTP/1.1 GET http://localhost:5194/api/Auth/userinfo - 200 null application/json; charset=utf-8 253.6915ms
2024-11-15 22:23:17.672 +01:00 [INF] Request starting HTTP/1.1 OPTIONS http://localhost:5194/api/productapi/calculatescore - null null
2024-11-15 22:23:17.673 +01:00 [INF] CORS policy execution successful.
2024-11-15 22:23:17.674 +01:00 [INF] Request finished HTTP/1.1 OPTIONS http://localhost:5194/api/productapi/calculatescore - 204 null null 1.8357ms
2024-11-15 22:23:17.677 +01:00 [INF] Request starting HTTP/1.1 POST http://localhost:5194/api/productapi/calculatescore - application/json 110
2024-11-15 22:23:17.678 +01:00 [INF] CORS policy execution successful.
2024-11-15 22:23:17.679 +01:00 [INF] Executing endpoint 'FoodRegistrationTool.Controllers.ProductAPIController.CalculateNutritionScore (api)'
2024-11-15 22:23:17.691 +01:00 [INF] Route matched with {action = "CalculateNutritionScore", controller = "ProductAPI", area = "", page = ""}. Executing controller action with signature System.Threading.Tasks.Task`1[Microsoft.AspNetCore.Mvc.IActionResult] CalculateNutritionScore(NutritionCalculationRequest) on controller FoodRegistrationTool.Controllers.ProductAPIController (api).
2024-11-15 22:23:17.761 +01:00 [INF] Executing OkObjectResult, writing value of type 'System.String'.
2024-11-15 22:23:17.764 +01:00 [INF] Executed action FoodRegistrationTool.Controllers.ProductAPIController.CalculateNutritionScore (api) in 72.3934ms
2024-11-15 22:23:17.764 +01:00 [INF] Executed endpoint 'FoodRegistrationTool.Controllers.ProductAPIController.CalculateNutritionScore (api)'
2024-11-15 22:23:17.764 +01:00 [INF] Request finished HTTP/1.1 POST http://localhost:5194/api/productapi/calculatescore - 200 null text/plain; charset=utf-8 87.4267ms
2024-11-15 22:23:17.767 +01:00 [INF] Request starting HTTP/1.1 POST http://localhost:5194/api/productapi/calculatescore - application/json 111
2024-11-15 22:23:17.768 +01:00 [INF] CORS policy execution successful.
2024-11-15 22:23:17.768 +01:00 [INF] Executing endpoint 'FoodRegistrationTool.Controllers.ProductAPIController.CalculateNutritionScore (api)'
2024-11-15 22:23:17.768 +01:00 [INF] Route matched with {action = "CalculateNutritionScore", controller = "ProductAPI", area = "", page = ""}. Executing controller action with signature System.Threading.Tasks.Task`1[Microsoft.AspNetCore.Mvc.IActionResult] CalculateNutritionScore(NutritionCalculationRequest) on controller FoodRegistrationTool.Controllers.ProductAPIController (api).
2024-11-15 22:23:17.776 +01:00 [INF] Executing OkObjectResult, writing value of type 'System.String'.
2024-11-15 22:23:17.776 +01:00 [INF] Executed action FoodRegistrationTool.Controllers.ProductAPIController.CalculateNutritionScore (api) in 7.7167ms
2024-11-15 22:23:17.777 +01:00 [INF] Executed endpoint 'FoodRegistrationTool.Controllers.ProductAPIController.CalculateNutritionScore (api)'
2024-11-15 22:23:17.777 +01:00 [INF] Request finished HTTP/1.1 POST http://localhost:5194/api/productapi/calculatescore - 200 null text/plain; charset=utf-8 9.6768ms
2024-11-15 22:23:18.247 +01:00 [INF] Request starting HTTP/1.1 POST http://localhost:5194/api/productapi/calculatescore - application/json 110
2024-11-15 22:23:18.248 +01:00 [INF] CORS policy execution successful.
2024-11-15 22:23:18.248 +01:00 [INF] Executing endpoint 'FoodRegistrationTool.Controllers.ProductAPIController.CalculateNutritionScore (api)'
2024-11-15 22:23:18.249 +01:00 [INF] Route matched with {action = "CalculateNutritionScore", controller = "ProductAPI", area = "", page = ""}. Executing controller action with signature System.Threading.Tasks.Task`1[Microsoft.AspNetCore.Mvc.IActionResult] CalculateNutritionScore(NutritionCalculationRequest) on controller FoodRegistrationTool.Controllers.ProductAPIController (api).
2024-11-15 22:23:18.250 +01:00 [INF] Executing OkObjectResult, writing value of type 'System.String'.
2024-11-15 22:23:18.251 +01:00 [INF] Executed action FoodRegistrationTool.Controllers.ProductAPIController.CalculateNutritionScore (api) in 1.5854ms
2024-11-15 22:23:18.251 +01:00 [INF] Executed endpoint 'FoodRegistrationTool.Controllers.ProductAPIController.CalculateNutritionScore (api)'
2024-11-15 22:23:18.251 +01:00 [INF] Request finished HTTP/1.1 POST http://localhost:5194/api/productapi/calculatescore - 200 null text/plain; charset=utf-8 3.8823ms
2024-11-15 22:23:22.890 +01:00 [INF] Request starting HTTP/1.1 OPTIONS http://localhost:5194/api/productapi/create - null null
2024-11-15 22:23:22.891 +01:00 [INF] CORS policy execution successful.
2024-11-15 22:23:22.891 +01:00 [INF] Request finished HTTP/1.1 OPTIONS http://localhost:5194/api/productapi/create - 204 null null 1.4687ms
2024-11-15 22:23:22.893 +01:00 [INF] Request starting HTTP/1.1 POST http://localhost:5194/api/productapi/create - application/json 220
2024-11-15 22:23:22.894 +01:00 [INF] CORS policy execution successful.
2024-11-15 22:23:22.898 +01:00 [INF] Executing endpoint 'FoodRegistrationTool.Controllers.ProductAPIController.Create (api)'
2024-11-15 22:23:22.898 +01:00 [INF] Route matched with {action = "Create", controller = "ProductAPI", area = "", page = ""}. Executing controller action with signature System.Threading.Tasks.Task`1[Microsoft.AspNetCore.Mvc.IActionResult] Create(FoodRegistrationTool.DTOs.ProductDto) on controller FoodRegistrationTool.Controllers.ProductAPIController (api).
2024-11-15 22:23:22.900 +01:00 [INF] Executing BadRequestObjectResult, writing value of type 'Microsoft.AspNetCore.Mvc.ValidationProblemDetails'.
2024-11-15 22:23:22.901 +01:00 [INF] Executed action FoodRegistrationTool.Controllers.ProductAPIController.Create (api) in 2.008ms
2024-11-15 22:23:22.901 +01:00 [INF] Executed endpoint 'FoodRegistrationTool.Controllers.ProductAPIController.Create (api)'
2024-11-15 22:23:22.901 +01:00 [INF] Request finished HTTP/1.1 POST http://localhost:5194/api/productapi/create - 400 null application/problem+json; charset=utf-8 7.8882ms
