2024-11-07 16:22:12.682 +01:00 [INF] User profile is available. Using 'C:\Users\Mats\AppData\Local\ASP.NET\DataProtection-Keys' as key repository and Windows DPAPI to encrypt keys at rest.
2024-11-07 16:22:12.955 +01:00 [INF] Now listening on: https://localhost:7263
2024-11-07 16:22:12.957 +01:00 [INF] Now listening on: http://localhost:5194
2024-11-07 16:22:12.965 +01:00 [INF] Application started. Press Ctrl+C to shut down.
2024-11-07 16:22:12.969 +01:00 [INF] Hosting environment: Development
2024-11-07 16:22:12.972 +01:00 [INF] Content root path: C:\Users\Mats\web-projects\react\exam\api
2024-11-07 16:22:26.685 +01:00 [INF] Request starting HTTP/1.1 GET http://localhost:5194/api/productapi/productlist - null null
2024-11-07 16:22:26.712 +01:00 [INF] Request finished HTTP/1.1 GET http://localhost:5194/api/productapi/productlist - 307 0 null 28.6983ms
2024-11-07 16:22:26.721 +01:00 [INF] Request starting HTTP/1.1 GET http://localhost:5194/api/productapi/productlist - null null
2024-11-07 16:22:26.722 +01:00 [INF] Request finished HTTP/1.1 GET http://localhost:5194/api/productapi/productlist - 307 0 null 1.5028ms
2024-11-07 16:22:29.239 +01:00 [INF] Request starting HTTP/1.1 GET http://localhost:5194/api/productapi/productlist - null null
2024-11-07 16:22:29.240 +01:00 [INF] Request finished HTTP/1.1 GET http://localhost:5194/api/productapi/productlist - 307 0 null 1.7248ms
2024-11-07 16:22:30.425 +01:00 [INF] Request starting HTTP/1.1 GET http://localhost:5194/api/productapi/productlist - null null
2024-11-07 16:22:30.426 +01:00 [INF] Request finished HTTP/1.1 GET http://localhost:5194/api/productapi/productlist - 307 0 null 0.5952ms
2024-11-07 16:22:31.175 +01:00 [INF] Request starting HTTP/1.1 GET http://localhost:5194/api/productapi/productlist - null null
2024-11-07 16:22:31.176 +01:00 [INF] Request finished HTTP/1.1 GET http://localhost:5194/api/productapi/productlist - 307 0 null 0.3666ms
2024-11-07 16:22:31.757 +01:00 [INF] Request starting HTTP/1.1 GET http://localhost:5194/api/productapi/productlist - null null
2024-11-07 16:22:31.757 +01:00 [INF] Request finished HTTP/1.1 GET http://localhost:5194/api/productapi/productlist - 307 0 null 0.3517ms
2024-11-07 16:22:32.475 +01:00 [INF] Request starting HTTP/1.1 GET http://localhost:5194/api/productapi/productlist - null null
2024-11-07 16:22:32.475 +01:00 [INF] Request finished HTTP/1.1 GET http://localhost:5194/api/productapi/productlist - 307 0 null 0.3732ms
