2024-11-07 16:31:53.352 +01:00 [INF] User profile is available. Using 'C:\Users\Mats\AppData\Local\ASP.NET\DataProtection-Keys' as key repository and Windows DPAPI to encrypt keys at rest.
2024-11-07 16:31:53.761 +01:00 [INF] Now listening on: https://localhost:7263
2024-11-07 16:31:53.764 +01:00 [INF] Now listening on: http://localhost:5194
2024-11-07 16:31:53.780 +01:00 [INF] Application started. Press Ctrl+C to shut down.
2024-11-07 16:31:53.785 +01:00 [INF] Hosting environment: Development
2024-11-07 16:31:53.789 +01:00 [INF] Content root path: C:\Users\Mats\web-projects\react\exam\api
2024-11-07 16:31:55.443 +01:00 [INF] Request starting HTTP/1.1 GET http://localhost:5194/images/tacos.jpg - null null
2024-11-07 16:31:55.443 +01:00 [INF] Request starting HTTP/1.1 GET http://localhost:5194/images/fishandchips.jpg - null null
2024-11-07 16:31:55.443 +01:00 [INF] Request starting HTTP/1.1 GET http://localhost:5194/images/pizza.jpg - null null
2024-11-07 16:31:55.485 +01:00 [INF] Request finished HTTP/1.1 GET http://localhost:5194/images/tacos.jpg - 307 0 null 44.6138ms
2024-11-07 16:31:55.485 +01:00 [INF] Request finished HTTP/1.1 GET http://localhost:5194/images/pizza.jpg - 307 0 null 44.669ms
2024-11-07 16:31:55.485 +01:00 [INF] Request finished HTTP/1.1 GET http://localhost:5194/images/fishandchips.jpg - 307 0 null 44.5872ms
2024-11-07 16:31:55.752 +01:00 [INF] Request starting HTTP/2 GET https://localhost:7263/images/pizza.jpg - null null
2024-11-07 16:31:55.752 +01:00 [INF] Request starting HTTP/2 GET https://localhost:7263/images/fishandchips.jpg - null null
2024-11-07 16:31:55.752 +01:00 [INF] Request starting HTTP/2 GET https://localhost:7263/images/tacos.jpg - null null
2024-11-07 16:31:55.821 +01:00 [INF] Request finished HTTP/2 GET https://localhost:7263/images/tacos.jpg - 404 0 null 69.4135ms
2024-11-07 16:31:55.825 +01:00 [INF] Request finished HTTP/2 GET https://localhost:7263/images/pizza.jpg - 404 0 null 72.8414ms
2024-11-07 16:31:55.825 +01:00 [INF] Request finished HTTP/2 GET https://localhost:7263/images/fishandchips.jpg - 404 0 null 72.8413ms
2024-11-07 16:31:55.825 +01:00 [INF] Request reached the end of the middleware pipeline without being handled by application code. Request path: GET https://localhost:7263/images/tacos.jpg, Response status code: 404
2024-11-07 16:31:55.826 +01:00 [INF] Request reached the end of the middleware pipeline without being handled by application code. Request path: GET https://localhost:7263/images/fishandchips.jpg, Response status code: 404
2024-11-07 16:31:55.826 +01:00 [INF] Request reached the end of the middleware pipeline without being handled by application code. Request path: GET https://localhost:7263/images/pizza.jpg, Response status code: 404
2024-11-07 16:31:57.864 +01:00 [INF] Request starting HTTP/1.1 GET http://localhost:5194/api/productapi/productlist - null null
2024-11-07 16:31:57.865 +01:00 [INF] Request finished HTTP/1.1 GET http://localhost:5194/api/productapi/productlist - 307 0 null 0.9484ms
2024-11-07 16:31:57.867 +01:00 [INF] Request starting HTTP/1.1 GET http://localhost:5194/api/productapi/productlist - null null
2024-11-07 16:31:57.867 +01:00 [INF] Request finished HTTP/1.1 GET http://localhost:5194/api/productapi/productlist - 307 0 null 0.4268ms
2024-11-07 16:32:07.346 +01:00 [INF] Request starting HTTP/1.1 OPTIONS http://localhost:5194/api/productapi/create - null null
2024-11-07 16:32:07.347 +01:00 [INF] Request finished HTTP/1.1 OPTIONS http://localhost:5194/api/productapi/create - 307 0 null 0.353ms
2024-11-07 16:32:38.020 +01:00 [INF] Request starting HTTP/1.1 OPTIONS http://localhost:5194/api/productapi/create - null null
2024-11-07 16:32:38.020 +01:00 [INF] Request finished HTTP/1.1 OPTIONS http://localhost:5194/api/productapi/create - 307 0 null 0.4748ms
2024-11-07 16:34:24.765 +01:00 [INF] Request starting HTTP/1.1 GET http://localhost:5194/swagger/index.html - null null
2024-11-07 16:34:24.766 +01:00 [INF] Request finished HTTP/1.1 GET http://localhost:5194/swagger/index.html - 307 0 null 0.7312ms
2024-11-07 16:34:24.803 +01:00 [INF] Request starting HTTP/2 GET https://localhost:7263/swagger/index.html - null null
2024-11-07 16:34:24.966 +01:00 [INF] Request finished HTTP/2 GET https://localhost:7263/swagger/index.html - 200 null text/html;charset=utf-8 162.4252ms
2024-11-07 16:34:25.599 +01:00 [INF] Request starting HTTP/2 GET https://localhost:7263/swagger/v1/swagger.json - null null
2024-11-07 16:34:25.764 +01:00 [INF] Request finished HTTP/2 GET https://localhost:7263/swagger/v1/swagger.json - 200 null application/json;charset=utf-8 164.4454ms
2024-11-07 16:34:46.018 +01:00 [INF] Request starting HTTP/2 GET https://localhost:7263/api/ProductAPI/productlist - null null
2024-11-07 16:34:46.042 +01:00 [INF] Executing endpoint 'FoodRegistrationTool.Controllers.ProductAPIController.ProductList (api)'
2024-11-07 16:34:46.078 +01:00 [INF] Route matched with {action = "ProductList", controller = "ProductAPI"}. Executing controller action with signature System.Threading.Tasks.Task`1[Microsoft.AspNetCore.Mvc.IActionResult] ProductList() on controller FoodRegistrationTool.Controllers.ProductAPIController (api).
2024-11-07 16:34:46.219 +01:00 [INF] Executing OkObjectResult, writing value of type 'System.Linq.Enumerable+SelectListIterator`2[[FoodRegistrationTool.Models.Product, api, Version=1.0.0.0, Culture=neutral, PublicKeyToken=null],[FoodRegistrationTool.DTOs.ProductDto, api, Version=1.0.0.0, Culture=neutral, PublicKeyToken=null]]'.
2024-11-07 16:34:46.246 +01:00 [INF] Executed action FoodRegistrationTool.Controllers.ProductAPIController.ProductList (api) in 162.2892ms
2024-11-07 16:34:46.246 +01:00 [INF] Executed endpoint 'FoodRegistrationTool.Controllers.ProductAPIController.ProductList (api)'
2024-11-07 16:34:46.251 +01:00 [INF] Request finished HTTP/2 GET https://localhost:7263/api/ProductAPI/productlist - 200 null application/json; charset=utf-8 233.272ms
2024-11-07 16:35:10.674 +01:00 [INF] Request starting HTTP/2 POST https://localhost:7263/api/ProductAPI/create - application/json 106
2024-11-07 16:35:10.682 +01:00 [INF] CORS policy execution successful.
2024-11-07 16:35:10.683 +01:00 [INF] Executing endpoint 'FoodRegistrationTool.Controllers.ProductAPIController.Create (api)'
2024-11-07 16:35:10.697 +01:00 [INF] Route matched with {action = "Create", controller = "ProductAPI"}. Executing controller action with signature System.Threading.Tasks.Task`1[Microsoft.AspNetCore.Mvc.IActionResult] Create(FoodRegistrationTool.DTOs.ProductDto) on controller FoodRegistrationTool.Controllers.ProductAPIController (api).
2024-11-07 16:35:10.837 +01:00 [INF] Executing CreatedAtActionResult, writing value of type 'FoodRegistrationTool.Models.Product'.
2024-11-07 16:35:10.879 +01:00 [INF] Executed action FoodRegistrationTool.Controllers.ProductAPIController.Create (api) in 181.8881ms
2024-11-07 16:35:10.880 +01:00 [INF] Executed endpoint 'FoodRegistrationTool.Controllers.ProductAPIController.Create (api)'
2024-11-07 16:35:10.880 +01:00 [INF] Request finished HTTP/2 POST https://localhost:7263/api/ProductAPI/create - 201 null application/json; charset=utf-8 205.9684ms
2024-11-07 16:35:31.274 +01:00 [INF] Request starting HTTP/2 GET https://localhost:7263/api/ProductAPI/10 - null null
2024-11-07 16:35:31.275 +01:00 [INF] Executing endpoint 'FoodRegistrationTool.Controllers.ProductAPIController.GetProduct (api)'
2024-11-07 16:35:31.287 +01:00 [INF] Route matched with {action = "GetProduct", controller = "ProductAPI"}. Executing controller action with signature System.Threading.Tasks.Task`1[Microsoft.AspNetCore.Mvc.IActionResult] GetProduct(Int32) on controller FoodRegistrationTool.Controllers.ProductAPIController (api).
2024-11-07 16:35:31.384 +01:00 [ERR] [ProductAPIController] Product not found for the ProductId 0010
2024-11-07 16:35:31.384 +01:00 [INF] Executing NotFoundObjectResult, writing value of type 'System.String'.
2024-11-07 16:35:31.385 +01:00 [INF] Executed action FoodRegistrationTool.Controllers.ProductAPIController.GetProduct (api) in 97.9817ms
2024-11-07 16:35:31.385 +01:00 [INF] Executed endpoint 'FoodRegistrationTool.Controllers.ProductAPIController.GetProduct (api)'
2024-11-07 16:35:31.385 +01:00 [INF] Request finished HTTP/2 GET https://localhost:7263/api/ProductAPI/10 - 404 null text/plain; charset=utf-8 110.7581ms
2024-11-07 16:35:54.541 +01:00 [INF] Request starting HTTP/1.1 GET http://localhost:5194/api/productapi/productlist - null null
2024-11-07 16:35:54.543 +01:00 [INF] Request finished HTTP/1.1 GET http://localhost:5194/api/productapi/productlist - 307 0 null 0.8355ms
2024-11-07 16:35:54.548 +01:00 [INF] Request starting HTTP/1.1 GET http://localhost:5194/api/productapi/productlist - null null
2024-11-07 16:35:54.550 +01:00 [INF] Request finished HTTP/1.1 GET http://localhost:5194/api/productapi/productlist - 307 0 null 0.453ms
