2024-11-07 14:13:22.650 +01:00 [INF] User profile is available. Using 'C:\Users\Mats\AppData\Local\ASP.NET\DataProtection-Keys' as key repository and Windows DPAPI to encrypt keys at rest.
2024-11-07 14:13:22.885 +01:00 [INF] Now listening on: https://localhost:7263
2024-11-07 14:13:22.888 +01:00 [INF] Now listening on: http://localhost:5194
2024-11-07 14:13:22.898 +01:00 [INF] Application started. Press Ctrl+C to shut down.
2024-11-07 14:13:22.902 +01:00 [INF] Hosting environment: Development
2024-11-07 14:13:22.905 +01:00 [INF] Content root path: C:\Users\Mats\web-projects\react\exam\api
2024-11-07 14:13:32.193 +01:00 [INF] Request starting HTTP/1.1 GET http://localhost:5194/api/productapi/productlist - null null
2024-11-07 14:13:32.225 +01:00 [INF] Request finished HTTP/1.1 GET http://localhost:5194/api/productapi/productlist - 307 0 null 35.4311ms
2024-11-07 14:13:32.234 +01:00 [INF] Request starting HTTP/1.1 GET http://localhost:5194/api/productapi/productlist - null null
2024-11-07 14:13:32.235 +01:00 [INF] Request finished HTTP/1.1 GET http://localhost:5194/api/productapi/productlist - 307 0 null 1.4594ms
2024-11-07 14:16:37.738 +01:00 [INF] Request starting HTTP/1.1 OPTIONS http://localhost:5194/api/productapi/create - null null
2024-11-07 14:16:37.741 +01:00 [INF] Request finished HTTP/1.1 OPTIONS http://localhost:5194/api/productapi/create - 307 0 null 2.7279ms
2024-11-07 14:17:21.763 +01:00 [INF] Request starting HTTP/1.1 GET http://localhost:5194/api/productapi/create - null null
2024-11-07 14:17:21.775 +01:00 [INF] Request finished HTTP/1.1 GET http://localhost:5194/api/productapi/create - 307 0 null 6.4952ms
2024-11-07 14:17:21.977 +01:00 [INF] Request starting HTTP/2 GET https://localhost:7263/api/productapi/create - null null
2024-11-07 14:17:22.044 +01:00 [INF] Executing endpoint 'FoodRegistrationTool.Controllers.ProductAPIController.GetProduct (api)'
2024-11-07 14:17:22.115 +01:00 [INF] Route matched with {action = "GetProduct", controller = "ProductAPI"}. Executing controller action with signature System.Threading.Tasks.Task`1[Microsoft.AspNetCore.Mvc.IActionResult] GetProduct(Int32) on controller FoodRegistrationTool.Controllers.ProductAPIController (api).
2024-11-07 14:17:22.134 +01:00 [INF] Executed action FoodRegistrationTool.Controllers.ProductAPIController.GetProduct (api) in 6.7636ms
2024-11-07 14:17:22.136 +01:00 [INF] Executed endpoint 'FoodRegistrationTool.Controllers.ProductAPIController.GetProduct (api)'
2024-11-07 14:17:22.236 +01:00 [ERR] An unhandled exception has occurred while executing the request.
System.InvalidOperationException: Unable to resolve service for type 'FoodRegistrationTool.DAL.IProductRepository' while attempting to activate 'FoodRegistrationTool.Controllers.ProductAPIController'.
   at Microsoft.Extensions.DependencyInjection.ActivatorUtilities.ThrowHelperUnableToResolveService(Type type, Type requiredBy)
   at lambda_method9(Closure, IServiceProvider, Object[])
   at Microsoft.AspNetCore.Mvc.Controllers.ControllerFactoryProvider.<>c__DisplayClass6_0.<CreateControllerFactory>g__CreateController|0(ControllerContext controllerContext)
   at Microsoft.AspNetCore.Mvc.Infrastructure.ControllerActionInvoker.Next(State& next, Scope& scope, Object& state, Boolean& isCompleted)
   at Microsoft.AspNetCore.Mvc.Infrastructure.ControllerActionInvoker.InvokeInnerFilterAsync()
--- End of stack trace from previous location ---
   at Microsoft.AspNetCore.Mvc.Infrastructure.ResourceInvoker.<InvokeNextResourceFilter>g__Awaited|25_0(ResourceInvoker invoker, Task lastTask, State next, Scope scope, Object state, Boolean isCompleted)
   at Microsoft.AspNetCore.Mvc.Infrastructure.ResourceInvoker.Rethrow(ResourceExecutedContextSealed context)
   at Microsoft.AspNetCore.Mvc.Infrastructure.ResourceInvoker.Next(State& next, Scope& scope, Object& state, Boolean& isCompleted)
   at Microsoft.AspNetCore.Mvc.Infrastructure.ResourceInvoker.InvokeFilterPipelineAsync()
--- End of stack trace from previous location ---
   at Microsoft.AspNetCore.Mvc.Infrastructure.ResourceInvoker.<InvokeAsync>g__Logged|17_1(ResourceInvoker invoker)
   at Microsoft.AspNetCore.Mvc.Infrastructure.ResourceInvoker.<InvokeAsync>g__Logged|17_1(ResourceInvoker invoker)
   at Microsoft.AspNetCore.Routing.EndpointMiddleware.<Invoke>g__AwaitRequestTask|7_0(Endpoint endpoint, Task requestTask, ILogger logger)
   at Microsoft.AspNetCore.Authorization.AuthorizationMiddleware.Invoke(HttpContext context)
   at Microsoft.AspNetCore.Authentication.AuthenticationMiddleware.Invoke(HttpContext context)
   at Microsoft.AspNetCore.Diagnostics.DeveloperExceptionPageMiddlewareImpl.Invoke(HttpContext context)
2024-11-07 14:17:22.343 +01:00 [INF] Request finished HTTP/2 GET https://localhost:7263/api/productapi/create - 500 null text/html; charset=utf-8 366.2245ms
2024-11-07 14:18:08.055 +01:00 [INF] Request starting HTTP/1.1 GET http://localhost:5194/swagger/index.html - null null
2024-11-07 14:18:08.063 +01:00 [INF] Request finished HTTP/1.1 GET http://localhost:5194/swagger/index.html - 307 0 null 13.6245ms
2024-11-07 14:18:08.080 +01:00 [INF] Request starting HTTP/2 GET https://localhost:7263/swagger/index.html - null null
2024-11-07 14:18:08.092 +01:00 [INF] Request finished HTTP/2 GET https://localhost:7263/swagger/index.html - 404 0 null 12.3662ms
2024-11-07 14:18:08.094 +01:00 [INF] Request reached the end of the middleware pipeline without being handled by application code. Request path: GET https://localhost:7263/swagger/index.html, Response status code: 404
2024-11-07 14:18:24.968 +01:00 [INF] Request starting HTTP/2 GET https://localhost:7263/swagger/index.html - null null
2024-11-07 14:18:24.969 +01:00 [INF] Request finished HTTP/2 GET https://localhost:7263/swagger/index.html - 404 0 null 1.367ms
2024-11-07 14:18:24.969 +01:00 [INF] Request reached the end of the middleware pipeline without being handled by application code. Request path: GET https://localhost:7263/swagger/index.html, Response status code: 404
