2024-11-09 21:19:58.436 +01:00 [INF] User profile is available. Using 'C:\Users\Mats\AppData\Local\ASP.NET\DataProtection-Keys' as key repository and Windows DPAPI to encrypt keys at rest.
2024-11-09 21:19:59.424 +01:00 [INF] Now listening on: https://localhost:7263
2024-11-09 21:19:59.429 +01:00 [INF] Now listening on: http://localhost:5194
2024-11-09 21:19:59.476 +01:00 [INF] Application started. Press Ctrl+C to shut down.
2024-11-09 21:19:59.484 +01:00 [INF] Hosting environment: Development
2024-11-09 21:19:59.490 +01:00 [INF] Content root path: C:\Users\Mats\web-projects\react\exam\api
2024-11-09 21:19:59.620 +01:00 [INF] Request starting HTTP/1.1 GET http://localhost:5194/api/productapi/productlist - null null
2024-11-09 21:19:59.789 +01:00 [INF] CORS policy execution successful.
2024-11-09 21:19:59.819 +01:00 [INF] Executing endpoint 'FoodRegistrationTool.Controllers.ProductAPIController.ProductList (api)'
2024-11-09 21:19:59.883 +01:00 [INF] Route matched with {action = "ProductList", controller = "ProductAPI", area = "", page = ""}. Executing controller action with signature System.Threading.Tasks.Task`1[Microsoft.AspNetCore.Mvc.IActionResult] ProductList() on controller FoodRegistrationTool.Controllers.ProductAPIController (api).
2024-11-09 21:20:00.117 +01:00 [INF] Executing OkObjectResult, writing value of type 'System.Linq.Enumerable+SelectListIterator`2[[FoodRegistrationTool.Models.Product, api, Version=1.0.0.0, Culture=neutral, PublicKeyToken=null],[FoodRegistrationTool.DTOs.ProductDto, api, Version=1.0.0.0, Culture=neutral, PublicKeyToken=null]]'.
2024-11-09 21:20:00.270 +01:00 [INF] Executed action FoodRegistrationTool.Controllers.ProductAPIController.ProductList (api) in 375.536ms
2024-11-09 21:20:00.273 +01:00 [INF] Executed endpoint 'FoodRegistrationTool.Controllers.ProductAPIController.ProductList (api)'
2024-11-09 21:20:00.291 +01:00 [INF] Request finished HTTP/1.1 GET http://localhost:5194/api/productapi/productlist - 200 null application/json; charset=utf-8 678.0679ms
2024-11-09 21:20:03.871 +01:00 [INF] Request starting HTTP/1.1 GET http://localhost:5194/api/Auth/userinfo - null null
2024-11-09 21:20:03.880 +01:00 [INF] CORS policy execution successful.
2024-11-09 21:20:03.885 +01:00 [INF] Executing endpoint 'FoodRegistrationTool.Controllers.AuthController.GetUserInfo (api)'
2024-11-09 21:20:03.889 +01:00 [INF] Route matched with {action = "GetUserInfo", controller = "Auth", area = "", page = ""}. Executing controller action with signature Microsoft.AspNetCore.Mvc.IActionResult GetUserInfo() on controller FoodRegistrationTool.Controllers.AuthController (api).
2024-11-09 21:20:03.899 +01:00 [INF] Executing OkObjectResult, writing value of type '<>f__AnonymousType11`4[[System.Boolean, System.Private.CoreLib, Version=8.0.0.0, Culture=neutral, PublicKeyToken=7cec85d7bea7798e],[System.String, System.Private.CoreLib, Version=8.0.0.0, Culture=neutral, PublicKeyToken=7cec85d7bea7798e],[System.String, System.Private.CoreLib, Version=8.0.0.0, Culture=neutral, PublicKeyToken=7cec85d7bea7798e],[System.Collections.Generic.IEnumerable`1[[System.String, System.Private.CoreLib, Version=8.0.0.0, Culture=neutral, PublicKeyToken=7cec85d7bea7798e]], System.Private.CoreLib, Version=8.0.0.0, Culture=neutral, PublicKeyToken=7cec85d7bea7798e]]'.
2024-11-09 21:20:03.931 +01:00 [INF] Executed action FoodRegistrationTool.Controllers.AuthController.GetUserInfo (api) in 42.0109ms
2024-11-09 21:20:03.932 +01:00 [INF] Executed endpoint 'FoodRegistrationTool.Controllers.AuthController.GetUserInfo (api)'
2024-11-09 21:20:03.933 +01:00 [INF] Request finished HTTP/1.1 GET http://localhost:5194/api/Auth/userinfo - 200 null application/json; charset=utf-8 61.3904ms
2024-11-09 21:20:03.936 +01:00 [INF] Request starting HTTP/1.1 GET http://localhost:5194/api/Auth/userinfo - null null
2024-11-09 21:20:03.938 +01:00 [INF] CORS policy execution successful.
2024-11-09 21:20:03.941 +01:00 [INF] Executing endpoint 'FoodRegistrationTool.Controllers.AuthController.GetUserInfo (api)'
2024-11-09 21:20:03.942 +01:00 [INF] Route matched with {action = "GetUserInfo", controller = "Auth", area = "", page = ""}. Executing controller action with signature Microsoft.AspNetCore.Mvc.IActionResult GetUserInfo() on controller FoodRegistrationTool.Controllers.AuthController (api).
2024-11-09 21:20:03.943 +01:00 [INF] Executing OkObjectResult, writing value of type '<>f__AnonymousType11`4[[System.Boolean, System.Private.CoreLib, Version=8.0.0.0, Culture=neutral, PublicKeyToken=7cec85d7bea7798e],[System.String, System.Private.CoreLib, Version=8.0.0.0, Culture=neutral, PublicKeyToken=7cec85d7bea7798e],[System.String, System.Private.CoreLib, Version=8.0.0.0, Culture=neutral, PublicKeyToken=7cec85d7bea7798e],[System.Collections.Generic.IEnumerable`1[[System.String, System.Private.CoreLib, Version=8.0.0.0, Culture=neutral, PublicKeyToken=7cec85d7bea7798e]], System.Private.CoreLib, Version=8.0.0.0, Culture=neutral, PublicKeyToken=7cec85d7bea7798e]]'.
2024-11-09 21:20:03.944 +01:00 [INF] Executed action FoodRegistrationTool.Controllers.AuthController.GetUserInfo (api) in 1.7434ms
2024-11-09 21:20:03.945 +01:00 [INF] Executed endpoint 'FoodRegistrationTool.Controllers.AuthController.GetUserInfo (api)'
2024-11-09 21:20:03.945 +01:00 [INF] Request finished HTTP/1.1 GET http://localhost:5194/api/Auth/userinfo - 200 null application/json; charset=utf-8 9.2376ms
2024-11-09 21:20:05.930 +01:00 [INF] Request starting HTTP/1.1 GET http://localhost:5194/Identity/Account/Register?ReturnUrl=http%3A%2F%2Flocalhost%3A3000 - null null
2024-11-09 21:20:05.932 +01:00 [INF] Executing endpoint '/Account/Register'
2024-11-09 21:20:05.992 +01:00 [INF] Route matched with {page = "/Account/Register", area = "Identity", action = "", controller = ""}. Executing page /Account/Register
2024-11-09 21:20:06.058 +01:00 [INF] Executing handler method api.Areas.Identity.Pages.Account.RegisterModel.OnGetAsync - ModelState is "Valid"
2024-11-09 21:20:06.066 +01:00 [INF] Executed handler method OnGetAsync, returned result .
2024-11-09 21:20:06.075 +01:00 [INF] Executing an implicit handler method - ModelState is "Valid"
2024-11-09 21:20:06.076 +01:00 [INF] Executed an implicit handler method, returned result Microsoft.AspNetCore.Mvc.RazorPages.PageResult.
2024-11-09 21:20:06.440 +01:00 [INF] Executed page /Account/Register in 446.5145ms
2024-11-09 21:20:06.440 +01:00 [INF] Executed endpoint '/Account/Register'
2024-11-09 21:20:06.445 +01:00 [INF] Request finished HTTP/1.1 GET http://localhost:5194/Identity/Account/Register?ReturnUrl=http%3A%2F%2Flocalhost%3A3000 - 200 null text/html; charset=utf-8 515.1966ms
2024-11-09 21:20:27.027 +01:00 [INF] Request starting HTTP/1.1 POST http://localhost:5194/Identity/Account/Register?returnUrl=http%3A%2F%2Flocalhost%3A3000 - application/x-www-form-urlencoded 259
2024-11-09 21:20:27.039 +01:00 [INF] CORS policy execution failed.
2024-11-09 21:20:27.040 +01:00 [INF] Request origin http://localhost:5194 does not have permission to access the resource.
2024-11-09 21:20:27.041 +01:00 [INF] Executing endpoint '/Account/Register'
2024-11-09 21:20:27.042 +01:00 [INF] Route matched with {page = "/Account/Register", area = "Identity", action = "", controller = ""}. Executing page /Account/Register
2024-11-09 21:20:27.131 +01:00 [INF] Executing handler method api.Areas.Identity.Pages.Account.RegisterModel.OnPostAsync - ModelState is "Valid"
2024-11-09 21:20:28.107 +01:00 [INF] User created a new account with password.
2024-11-09 21:20:28.240 +01:00 [INF] AuthenticationScheme: Identity.Application signed in.
2024-11-09 21:20:28.242 +01:00 [INF] Executed handler method OnPostAsync, returned result Microsoft.AspNetCore.Mvc.RedirectResult.
2024-11-09 21:20:28.244 +01:00 [INF] Executing RedirectResult, redirecting to http://localhost:3000.
2024-11-09 21:20:28.245 +01:00 [INF] Executed page /Account/Register in 1202.8987ms
2024-11-09 21:20:28.245 +01:00 [INF] Executed endpoint '/Account/Register'
2024-11-09 21:20:28.247 +01:00 [INF] Request finished HTTP/1.1 POST http://localhost:5194/Identity/Account/Register?returnUrl=http%3A%2F%2Flocalhost%3A3000 - 302 0 null 1219.7336ms
2024-11-09 21:20:28.507 +01:00 [INF] Request starting HTTP/1.1 GET http://localhost:5194/api/Auth/userinfo - null null
2024-11-09 21:20:28.508 +01:00 [INF] CORS policy execution successful.
2024-11-09 21:20:28.509 +01:00 [INF] Executing endpoint 'FoodRegistrationTool.Controllers.AuthController.GetUserInfo (api)'
2024-11-09 21:20:28.509 +01:00 [INF] Route matched with {action = "GetUserInfo", controller = "Auth", area = "", page = ""}. Executing controller action with signature Microsoft.AspNetCore.Mvc.IActionResult GetUserInfo() on controller FoodRegistrationTool.Controllers.AuthController (api).
2024-11-09 21:20:28.510 +01:00 [INF] Executing OkObjectResult, writing value of type '<>f__AnonymousType11`4[[System.Boolean, System.Private.CoreLib, Version=8.0.0.0, Culture=neutral, PublicKeyToken=7cec85d7bea7798e],[System.String, System.Private.CoreLib, Version=8.0.0.0, Culture=neutral, PublicKeyToken=7cec85d7bea7798e],[System.String, System.Private.CoreLib, Version=8.0.0.0, Culture=neutral, PublicKeyToken=7cec85d7bea7798e],[System.Collections.Generic.IEnumerable`1[[System.String, System.Private.CoreLib, Version=8.0.0.0, Culture=neutral, PublicKeyToken=7cec85d7bea7798e]], System.Private.CoreLib, Version=8.0.0.0, Culture=neutral, PublicKeyToken=7cec85d7bea7798e]]'.
2024-11-09 21:20:28.510 +01:00 [INF] Executed action FoodRegistrationTool.Controllers.AuthController.GetUserInfo (api) in 0.9416ms
2024-11-09 21:20:28.510 +01:00 [INF] Executed endpoint 'FoodRegistrationTool.Controllers.AuthController.GetUserInfo (api)'
2024-11-09 21:20:28.511 +01:00 [INF] Request finished HTTP/1.1 GET http://localhost:5194/api/Auth/userinfo - 200 null application/json; charset=utf-8 3.295ms
2024-11-09 21:20:28.514 +01:00 [INF] Request starting HTTP/1.1 GET http://localhost:5194/api/Auth/userinfo - null null
2024-11-09 21:20:28.514 +01:00 [INF] CORS policy execution successful.
2024-11-09 21:20:28.515 +01:00 [INF] Executing endpoint 'FoodRegistrationTool.Controllers.AuthController.GetUserInfo (api)'
2024-11-09 21:20:28.515 +01:00 [INF] Route matched with {action = "GetUserInfo", controller = "Auth", area = "", page = ""}. Executing controller action with signature Microsoft.AspNetCore.Mvc.IActionResult GetUserInfo() on controller FoodRegistrationTool.Controllers.AuthController (api).
2024-11-09 21:20:28.515 +01:00 [INF] Executing OkObjectResult, writing value of type '<>f__AnonymousType11`4[[System.Boolean, System.Private.CoreLib, Version=8.0.0.0, Culture=neutral, PublicKeyToken=7cec85d7bea7798e],[System.String, System.Private.CoreLib, Version=8.0.0.0, Culture=neutral, PublicKeyToken=7cec85d7bea7798e],[System.String, System.Private.CoreLib, Version=8.0.0.0, Culture=neutral, PublicKeyToken=7cec85d7bea7798e],[System.Collections.Generic.IEnumerable`1[[System.String, System.Private.CoreLib, Version=8.0.0.0, Culture=neutral, PublicKeyToken=7cec85d7bea7798e]], System.Private.CoreLib, Version=8.0.0.0, Culture=neutral, PublicKeyToken=7cec85d7bea7798e]]'.
2024-11-09 21:20:28.516 +01:00 [INF] Executed action FoodRegistrationTool.Controllers.AuthController.GetUserInfo (api) in 0.4951ms
2024-11-09 21:20:28.516 +01:00 [INF] Executed endpoint 'FoodRegistrationTool.Controllers.AuthController.GetUserInfo (api)'
2024-11-09 21:20:28.516 +01:00 [INF] Request finished HTTP/1.1 GET http://localhost:5194/api/Auth/userinfo - 200 null application/json; charset=utf-8 2.2771ms
2024-11-09 21:20:33.497 +01:00 [INF] Request starting HTTP/1.1 GET http://localhost:5194/api/productapi/productlist - null null
2024-11-09 21:20:33.499 +01:00 [INF] Request starting HTTP/1.1 GET http://localhost:5194/api/Auth/userinfo - null null
2024-11-09 21:20:33.500 +01:00 [INF] CORS policy execution successful.
2024-11-09 21:20:33.502 +01:00 [INF] CORS policy execution successful.
2024-11-09 21:20:33.502 +01:00 [INF] Executing endpoint 'FoodRegistrationTool.Controllers.ProductAPIController.ProductList (api)'
2024-11-09 21:20:33.502 +01:00 [INF] Executing endpoint 'FoodRegistrationTool.Controllers.AuthController.GetUserInfo (api)'
2024-11-09 21:20:33.503 +01:00 [INF] Route matched with {action = "ProductList", controller = "ProductAPI", area = "", page = ""}. Executing controller action with signature System.Threading.Tasks.Task`1[Microsoft.AspNetCore.Mvc.IActionResult] ProductList() on controller FoodRegistrationTool.Controllers.ProductAPIController (api).
2024-11-09 21:20:33.503 +01:00 [INF] Route matched with {action = "GetUserInfo", controller = "Auth", area = "", page = ""}. Executing controller action with signature Microsoft.AspNetCore.Mvc.IActionResult GetUserInfo() on controller FoodRegistrationTool.Controllers.AuthController (api).
2024-11-09 21:20:33.504 +01:00 [INF] Executing OkObjectResult, writing value of type '<>f__AnonymousType11`4[[System.Boolean, System.Private.CoreLib, Version=8.0.0.0, Culture=neutral, PublicKeyToken=7cec85d7bea7798e],[System.String, System.Private.CoreLib, Version=8.0.0.0, Culture=neutral, PublicKeyToken=7cec85d7bea7798e],[System.String, System.Private.CoreLib, Version=8.0.0.0, Culture=neutral, PublicKeyToken=7cec85d7bea7798e],[System.Collections.Generic.IEnumerable`1[[System.String, System.Private.CoreLib, Version=8.0.0.0, Culture=neutral, PublicKeyToken=7cec85d7bea7798e]], System.Private.CoreLib, Version=8.0.0.0, Culture=neutral, PublicKeyToken=7cec85d7bea7798e]]'.
2024-11-09 21:20:33.504 +01:00 [INF] Executed action FoodRegistrationTool.Controllers.AuthController.GetUserInfo (api) in 1.0006ms
2024-11-09 21:20:33.504 +01:00 [INF] Executed endpoint 'FoodRegistrationTool.Controllers.AuthController.GetUserInfo (api)'
2024-11-09 21:20:33.505 +01:00 [INF] Request finished HTTP/1.1 GET http://localhost:5194/api/Auth/userinfo - 200 null application/json; charset=utf-8 5.4116ms
2024-11-09 21:20:33.525 +01:00 [INF] Executing OkObjectResult, writing value of type 'System.Linq.Enumerable+SelectListIterator`2[[FoodRegistrationTool.Models.Product, api, Version=1.0.0.0, Culture=neutral, PublicKeyToken=null],[FoodRegistrationTool.DTOs.ProductDto, api, Version=1.0.0.0, Culture=neutral, PublicKeyToken=null]]'.
2024-11-09 21:20:33.526 +01:00 [INF] Executed action FoodRegistrationTool.Controllers.ProductAPIController.ProductList (api) in 23.477ms
2024-11-09 21:20:33.527 +01:00 [INF] Executed endpoint 'FoodRegistrationTool.Controllers.ProductAPIController.ProductList (api)'
2024-11-09 21:20:33.527 +01:00 [INF] Request finished HTTP/1.1 GET http://localhost:5194/api/productapi/productlist - 200 null application/json; charset=utf-8 29.875ms
2024-11-09 21:20:33.528 +01:00 [INF] Request starting HTTP/1.1 GET http://localhost:5194/api/Auth/userinfo - null null
2024-11-09 21:20:33.531 +01:00 [INF] CORS policy execution successful.
2024-11-09 21:20:33.531 +01:00 [INF] Request starting HTTP/1.1 GET http://localhost:5194/api/productapi/productlist - null null
2024-11-09 21:20:33.532 +01:00 [INF] Executing endpoint 'FoodRegistrationTool.Controllers.AuthController.GetUserInfo (api)'
2024-11-09 21:20:33.532 +01:00 [INF] CORS policy execution successful.
2024-11-09 21:20:33.532 +01:00 [INF] Route matched with {action = "GetUserInfo", controller = "Auth", area = "", page = ""}. Executing controller action with signature Microsoft.AspNetCore.Mvc.IActionResult GetUserInfo() on controller FoodRegistrationTool.Controllers.AuthController (api).
2024-11-09 21:20:33.532 +01:00 [INF] Executing endpoint 'FoodRegistrationTool.Controllers.ProductAPIController.ProductList (api)'
2024-11-09 21:20:33.532 +01:00 [INF] Executing OkObjectResult, writing value of type '<>f__AnonymousType11`4[[System.Boolean, System.Private.CoreLib, Version=8.0.0.0, Culture=neutral, PublicKeyToken=7cec85d7bea7798e],[System.String, System.Private.CoreLib, Version=8.0.0.0, Culture=neutral, PublicKeyToken=7cec85d7bea7798e],[System.String, System.Private.CoreLib, Version=8.0.0.0, Culture=neutral, PublicKeyToken=7cec85d7bea7798e],[System.Collections.Generic.IEnumerable`1[[System.String, System.Private.CoreLib, Version=8.0.0.0, Culture=neutral, PublicKeyToken=7cec85d7bea7798e]], System.Private.CoreLib, Version=8.0.0.0, Culture=neutral, PublicKeyToken=7cec85d7bea7798e]]'.
2024-11-09 21:20:33.532 +01:00 [INF] Route matched with {action = "ProductList", controller = "ProductAPI", area = "", page = ""}. Executing controller action with signature System.Threading.Tasks.Task`1[Microsoft.AspNetCore.Mvc.IActionResult] ProductList() on controller FoodRegistrationTool.Controllers.ProductAPIController (api).
2024-11-09 21:20:33.532 +01:00 [INF] Executed action FoodRegistrationTool.Controllers.AuthController.GetUserInfo (api) in 0.6092ms
2024-11-09 21:20:33.533 +01:00 [INF] Executed endpoint 'FoodRegistrationTool.Controllers.AuthController.GetUserInfo (api)'
2024-11-09 21:20:33.533 +01:00 [INF] Request finished HTTP/1.1 GET http://localhost:5194/api/Auth/userinfo - 200 null application/json; charset=utf-8 12.3397ms
2024-11-09 21:20:33.558 +01:00 [INF] Executing OkObjectResult, writing value of type 'System.Linq.Enumerable+SelectListIterator`2[[FoodRegistrationTool.Models.Product, api, Version=1.0.0.0, Culture=neutral, PublicKeyToken=null],[FoodRegistrationTool.DTOs.ProductDto, api, Version=1.0.0.0, Culture=neutral, PublicKeyToken=null]]'.
2024-11-09 21:20:33.558 +01:00 [INF] Executed action FoodRegistrationTool.Controllers.ProductAPIController.ProductList (api) in 25.5004ms
2024-11-09 21:20:33.558 +01:00 [INF] Executed endpoint 'FoodRegistrationTool.Controllers.ProductAPIController.ProductList (api)'
2024-11-09 21:20:33.559 +01:00 [INF] Request finished HTTP/1.1 GET http://localhost:5194/api/productapi/productlist - 200 null application/json; charset=utf-8 27.4403ms
2024-11-09 21:20:35.897 +01:00 [INF] Request starting HTTP/1.1 GET http://localhost:5194/api/Auth/userinfo - null null
2024-11-09 21:20:35.897 +01:00 [INF] CORS policy execution successful.
2024-11-09 21:20:35.897 +01:00 [INF] Executing endpoint 'FoodRegistrationTool.Controllers.AuthController.GetUserInfo (api)'
2024-11-09 21:20:35.898 +01:00 [INF] Route matched with {action = "GetUserInfo", controller = "Auth", area = "", page = ""}. Executing controller action with signature Microsoft.AspNetCore.Mvc.IActionResult GetUserInfo() on controller FoodRegistrationTool.Controllers.AuthController (api).
2024-11-09 21:20:35.898 +01:00 [INF] Executing OkObjectResult, writing value of type '<>f__AnonymousType11`4[[System.Boolean, System.Private.CoreLib, Version=8.0.0.0, Culture=neutral, PublicKeyToken=7cec85d7bea7798e],[System.String, System.Private.CoreLib, Version=8.0.0.0, Culture=neutral, PublicKeyToken=7cec85d7bea7798e],[System.String, System.Private.CoreLib, Version=8.0.0.0, Culture=neutral, PublicKeyToken=7cec85d7bea7798e],[System.Collections.Generic.IEnumerable`1[[System.String, System.Private.CoreLib, Version=8.0.0.0, Culture=neutral, PublicKeyToken=7cec85d7bea7798e]], System.Private.CoreLib, Version=8.0.0.0, Culture=neutral, PublicKeyToken=7cec85d7bea7798e]]'.
2024-11-09 21:20:35.898 +01:00 [INF] Executed action FoodRegistrationTool.Controllers.AuthController.GetUserInfo (api) in 0.677ms
2024-11-09 21:20:35.899 +01:00 [INF] Executed endpoint 'FoodRegistrationTool.Controllers.AuthController.GetUserInfo (api)'
2024-11-09 21:20:35.899 +01:00 [INF] Request finished HTTP/1.1 GET http://localhost:5194/api/Auth/userinfo - 200 null application/json; charset=utf-8 2.18ms
2024-11-09 21:20:35.924 +01:00 [INF] Request starting HTTP/1.1 GET http://localhost:5194/api/Auth/userinfo - null null
2024-11-09 21:20:35.924 +01:00 [INF] CORS policy execution successful.
2024-11-09 21:20:35.925 +01:00 [INF] Executing endpoint 'FoodRegistrationTool.Controllers.AuthController.GetUserInfo (api)'
2024-11-09 21:20:35.925 +01:00 [INF] Route matched with {action = "GetUserInfo", controller = "Auth", area = "", page = ""}. Executing controller action with signature Microsoft.AspNetCore.Mvc.IActionResult GetUserInfo() on controller FoodRegistrationTool.Controllers.AuthController (api).
2024-11-09 21:20:35.926 +01:00 [INF] Executing OkObjectResult, writing value of type '<>f__AnonymousType11`4[[System.Boolean, System.Private.CoreLib, Version=8.0.0.0, Culture=neutral, PublicKeyToken=7cec85d7bea7798e],[System.String, System.Private.CoreLib, Version=8.0.0.0, Culture=neutral, PublicKeyToken=7cec85d7bea7798e],[System.String, System.Private.CoreLib, Version=8.0.0.0, Culture=neutral, PublicKeyToken=7cec85d7bea7798e],[System.Collections.Generic.IEnumerable`1[[System.String, System.Private.CoreLib, Version=8.0.0.0, Culture=neutral, PublicKeyToken=7cec85d7bea7798e]], System.Private.CoreLib, Version=8.0.0.0, Culture=neutral, PublicKeyToken=7cec85d7bea7798e]]'.
2024-11-09 21:20:35.926 +01:00 [INF] Executed action FoodRegistrationTool.Controllers.AuthController.GetUserInfo (api) in 0.8894ms
2024-11-09 21:20:35.927 +01:00 [INF] Executed endpoint 'FoodRegistrationTool.Controllers.AuthController.GetUserInfo (api)'
2024-11-09 21:20:35.928 +01:00 [INF] Request finished HTTP/1.1 GET http://localhost:5194/api/Auth/userinfo - 200 null application/json; charset=utf-8 4.0636ms
2024-11-09 21:20:54.578 +01:00 [INF] Request starting HTTP/1.1 GET http://localhost:5194/Identity/Account/Login?ReturnUrl=http%3A%2F%2Flocalhost%3A3000 - null null
2024-11-09 21:20:54.578 +01:00 [INF] Executing endpoint '/Account/Login'
2024-11-09 21:20:54.593 +01:00 [INF] Route matched with {page = "/Account/Login", area = "Identity", action = "", controller = ""}. Executing page /Account/Login
2024-11-09 21:20:54.599 +01:00 [INF] Executing handler method api.Areas.Identity.Pages.Account.LoginModel.OnGetAsync - ModelState is "Valid"
2024-11-09 21:20:54.609 +01:00 [INF] AuthenticationScheme: Identity.External signed out.
2024-11-09 21:20:54.610 +01:00 [INF] Executed handler method OnGetAsync, returned result .
2024-11-09 21:20:54.610 +01:00 [INF] Executing an implicit handler method - ModelState is "Valid"
2024-11-09 21:20:54.610 +01:00 [INF] Executed an implicit handler method, returned result Microsoft.AspNetCore.Mvc.RazorPages.PageResult.
2024-11-09 21:20:54.678 +01:00 [INF] Executed page /Account/Login in 85.0093ms
2024-11-09 21:20:54.678 +01:00 [INF] Executed endpoint '/Account/Login'
2024-11-09 21:20:54.679 +01:00 [INF] Request finished HTTP/1.1 GET http://localhost:5194/Identity/Account/Login?ReturnUrl=http%3A%2F%2Flocalhost%3A3000 - 200 null text/html; charset=utf-8 100.7925ms
2024-11-09 21:21:05.150 +01:00 [INF] Request starting HTTP/1.1 POST http://localhost:5194/Identity/Account/Login?ReturnUrl=http%3A%2F%2Flocalhost%3A3000 - application/x-www-form-urlencoded 253
2024-11-09 21:21:05.151 +01:00 [INF] CORS policy execution failed.
2024-11-09 21:21:05.151 +01:00 [INF] Request origin http://localhost:5194 does not have permission to access the resource.
2024-11-09 21:21:05.151 +01:00 [INF] Executing endpoint '/Account/Login'
2024-11-09 21:21:05.153 +01:00 [INF] Route matched with {page = "/Account/Login", area = "Identity", action = "", controller = ""}. Executing page /Account/Login
2024-11-09 21:21:05.175 +01:00 [INF] Executing handler method api.Areas.Identity.Pages.Account.LoginModel.OnPostAsync - ModelState is "Valid"
2024-11-09 21:21:05.626 +01:00 [INF] AuthenticationScheme: Identity.Application signed in.
2024-11-09 21:21:05.633 +01:00 [INF] User logged in.
2024-11-09 21:21:05.634 +01:00 [INF] Executed handler method OnPostAsync, returned result Microsoft.AspNetCore.Mvc.LocalRedirectResult.
2024-11-09 21:21:05.648 +01:00 [INF] Executed page /Account/Login in 495.7342ms
2024-11-09 21:21:05.652 +01:00 [INF] Executed endpoint '/Account/Login'
2024-11-09 21:21:05.739 +01:00 [ERR] An unhandled exception has occurred while executing the request.
System.InvalidOperationException: The supplied URL is not local. A URL with an absolute path is considered local if it does not have a host/authority part. URLs using virtual paths ('~/') are also local.
   at Microsoft.AspNetCore.Mvc.Infrastructure.LocalRedirectResultExecutor.ExecuteAsync(ActionContext context, LocalRedirectResult result)
   at Microsoft.AspNetCore.Mvc.Infrastructure.ResourceInvoker.ResultNext[TFilter,TFilterAsync](State& next, Scope& scope, Object& state, Boolean& isCompleted)
   at Microsoft.AspNetCore.Mvc.Infrastructure.ResourceInvoker.InvokeNextResultFilterAsync[TFilter,TFilterAsync]()
--- End of stack trace from previous location ---
   at Microsoft.AspNetCore.Mvc.Infrastructure.ResourceInvoker.Rethrow(ResultExecutedContextSealed context)
   at Microsoft.AspNetCore.Mvc.Infrastructure.ResourceInvoker.ResultNext[TFilter,TFilterAsync](State& next, Scope& scope, Object& state, Boolean& isCompleted)
   at Microsoft.AspNetCore.Mvc.Infrastructure.ResourceInvoker.InvokeResultFilters()
--- End of stack trace from previous location ---
   at Microsoft.AspNetCore.Mvc.Infrastructure.ResourceInvoker.<InvokeNextResourceFilter>g__Awaited|25_0(ResourceInvoker invoker, Task lastTask, State next, Scope scope, Object state, Boolean isCompleted)
   at Microsoft.AspNetCore.Mvc.Infrastructure.ResourceInvoker.Rethrow(ResourceExecutedContextSealed context)
   at Microsoft.AspNetCore.Mvc.Infrastructure.ResourceInvoker.Next(State& next, Scope& scope, Object& state, Boolean& isCompleted)
   at Microsoft.AspNetCore.Mvc.Infrastructure.ResourceInvoker.InvokeFilterPipelineAsync()
--- End of stack trace from previous location ---
   at Microsoft.AspNetCore.Mvc.Infrastructure.ResourceInvoker.<InvokeAsync>g__Logged|17_1(ResourceInvoker invoker)
   at Microsoft.AspNetCore.Mvc.Infrastructure.ResourceInvoker.<InvokeAsync>g__Logged|17_1(ResourceInvoker invoker)
   at Microsoft.AspNetCore.Routing.EndpointMiddleware.<Invoke>g__AwaitRequestTask|7_0(Endpoint endpoint, Task requestTask, ILogger logger)
   at Microsoft.AspNetCore.Authorization.AuthorizationMiddleware.Invoke(HttpContext context)
   at Microsoft.AspNetCore.Authentication.AuthenticationMiddleware.Invoke(HttpContext context)
   at Microsoft.AspNetCore.Session.SessionMiddleware.Invoke(HttpContext context)
   at Microsoft.AspNetCore.Session.SessionMiddleware.Invoke(HttpContext context)
   at Swashbuckle.AspNetCore.SwaggerUI.SwaggerUIMiddleware.Invoke(HttpContext httpContext)
   at Swashbuckle.AspNetCore.Swagger.SwaggerMiddleware.Invoke(HttpContext httpContext, ISwaggerProvider swaggerProvider)
   at Microsoft.AspNetCore.Diagnostics.DeveloperExceptionPageMiddlewareImpl.Invoke(HttpContext context)
2024-11-09 21:21:05.797 +01:00 [INF] Request finished HTTP/1.1 POST http://localhost:5194/Identity/Account/Login?ReturnUrl=http%3A%2F%2Flocalhost%3A3000 - 500 null text/html; charset=utf-8 646.8558ms
2024-11-09 21:21:09.374 +01:00 [INF] Request starting HTTP/1.1 GET http://localhost:5194/Identity/Account/Login?ReturnUrl=http%3A%2F%2Flocalhost%3A3000 - null null
2024-11-09 21:21:09.375 +01:00 [INF] Executing endpoint '/Account/Login'
2024-11-09 21:21:09.376 +01:00 [INF] Route matched with {page = "/Account/Login", area = "Identity", action = "", controller = ""}. Executing page /Account/Login
2024-11-09 21:21:09.378 +01:00 [INF] Executing handler method api.Areas.Identity.Pages.Account.LoginModel.OnGetAsync - ModelState is "Valid"
2024-11-09 21:21:09.379 +01:00 [INF] AuthenticationScheme: Identity.External signed out.
2024-11-09 21:21:09.379 +01:00 [INF] Executed handler method OnGetAsync, returned result .
2024-11-09 21:21:09.380 +01:00 [INF] Executing an implicit handler method - ModelState is "Valid"
2024-11-09 21:21:09.380 +01:00 [INF] Executed an implicit handler method, returned result Microsoft.AspNetCore.Mvc.RazorPages.PageResult.
2024-11-09 21:21:09.388 +01:00 [INF] Executed page /Account/Login in 11.4138ms
2024-11-09 21:21:09.388 +01:00 [INF] Executed endpoint '/Account/Login'
2024-11-09 21:21:09.388 +01:00 [INF] Request finished HTTP/1.1 GET http://localhost:5194/Identity/Account/Login?ReturnUrl=http%3A%2F%2Flocalhost%3A3000 - 200 null text/html; charset=utf-8 14.3462ms
2024-11-09 21:21:12.371 +01:00 [INF] Request starting HTTP/1.1 GET http://localhost:5194/Identity/Account/Register - null null
2024-11-09 21:21:12.372 +01:00 [INF] Executing endpoint '/Account/Register'
2024-11-09 21:21:12.372 +01:00 [INF] Route matched with {page = "/Account/Register", area = "Identity", action = "", controller = ""}. Executing page /Account/Register
2024-11-09 21:21:12.375 +01:00 [INF] Executing handler method api.Areas.Identity.Pages.Account.RegisterModel.OnGetAsync - ModelState is "Valid"
2024-11-09 21:21:12.375 +01:00 [INF] Executed handler method OnGetAsync, returned result .
2024-11-09 21:21:12.375 +01:00 [INF] Executing an implicit handler method - ModelState is "Valid"
2024-11-09 21:21:12.375 +01:00 [INF] Executed an implicit handler method, returned result Microsoft.AspNetCore.Mvc.RazorPages.PageResult.
2024-11-09 21:21:12.380 +01:00 [INF] Executed page /Account/Register in 8.0373ms
2024-11-09 21:21:12.380 +01:00 [INF] Executed endpoint '/Account/Register'
2024-11-09 21:21:12.381 +01:00 [INF] Request finished HTTP/1.1 GET http://localhost:5194/Identity/Account/Register - 200 null text/html; charset=utf-8 9.8317ms
2024-11-09 21:21:16.362 +01:00 [INF] Request starting HTTP/1.1 GET http://localhost:5194/ - null null
2024-11-09 21:21:16.367 +01:00 [INF] Request finished HTTP/1.1 GET http://localhost:5194/ - 404 0 null 4.5036ms
2024-11-09 21:21:16.369 +01:00 [INF] Request reached the end of the middleware pipeline without being handled by application code. Request path: GET http://localhost:5194/, Response status code: 404
2024-11-09 21:21:16.486 +01:00 [INF] Request starting HTTP/1.1 GET http://localhost:5194/Identity/lib/bootstrap/dist/css/bootstrap.css.map - null null
2024-11-09 21:21:16.568 +01:00 [INF] Sending file. Request path: '/Identity/lib/bootstrap/dist/css/bootstrap.css.map'. Physical path: 'C:\Users\Mats\.nuget\packages\microsoft.aspnetcore.identity.ui\8.0.10\staticwebassets\V5\lib\bootstrap\dist\css\bootstrap.css.map'
2024-11-09 21:21:16.571 +01:00 [INF] Request finished HTTP/1.1 GET http://localhost:5194/Identity/lib/bootstrap/dist/css/bootstrap.css.map - 200 536547 text/plain 84.9125ms
2024-11-09 21:21:20.172 +01:00 [INF] Request starting HTTP/1.1 GET http://localhost:5194/Identity/Account/Register - null null
2024-11-09 21:21:20.172 +01:00 [INF] Executing endpoint '/Account/Register'
2024-11-09 21:21:20.173 +01:00 [INF] Route matched with {page = "/Account/Register", area = "Identity", action = "", controller = ""}. Executing page /Account/Register
2024-11-09 21:21:20.173 +01:00 [INF] Executing handler method api.Areas.Identity.Pages.Account.RegisterModel.OnGetAsync - ModelState is "Valid"
2024-11-09 21:21:20.173 +01:00 [INF] Executed handler method OnGetAsync, returned result .
2024-11-09 21:21:20.173 +01:00 [INF] Executing an implicit handler method - ModelState is "Valid"
2024-11-09 21:21:20.173 +01:00 [INF] Executed an implicit handler method, returned result Microsoft.AspNetCore.Mvc.RazorPages.PageResult.
2024-11-09 21:21:20.176 +01:00 [INF] Executed page /Account/Register in 3.6016ms
2024-11-09 21:21:20.177 +01:00 [INF] Executed endpoint '/Account/Register'
2024-11-09 21:21:20.177 +01:00 [INF] Request finished HTTP/1.1 GET http://localhost:5194/Identity/Account/Register - 200 null text/html; charset=utf-8 5.145ms
2024-11-09 21:23:14.078 +01:00 [INF] Request starting HTTP/1.1 GET http://localhost:5194/Identity/Account/Login - null null
2024-11-09 21:23:14.087 +01:00 [INF] Executing endpoint '/Account/Login'
2024-11-09 21:23:14.087 +01:00 [INF] Route matched with {page = "/Account/Login", area = "Identity", action = "", controller = ""}. Executing page /Account/Login
2024-11-09 21:23:14.090 +01:00 [INF] Executing handler method api.Areas.Identity.Pages.Account.LoginModel.OnGetAsync - ModelState is "Valid"
2024-11-09 21:23:14.090 +01:00 [INF] AuthenticationScheme: Identity.External signed out.
2024-11-09 21:23:14.090 +01:00 [INF] Executed handler method OnGetAsync, returned result .
2024-11-09 21:23:14.090 +01:00 [INF] Executing an implicit handler method - ModelState is "Valid"
2024-11-09 21:23:14.091 +01:00 [INF] Executed an implicit handler method, returned result Microsoft.AspNetCore.Mvc.RazorPages.PageResult.
2024-11-09 21:23:14.103 +01:00 [INF] Executed page /Account/Login in 14.6263ms
2024-11-09 21:23:14.103 +01:00 [INF] Executed endpoint '/Account/Login'
2024-11-09 21:23:14.106 +01:00 [INF] Request finished HTTP/1.1 GET http://localhost:5194/Identity/Account/Login - 200 null text/html; charset=utf-8 28.0446ms
2024-11-09 21:25:06.330 +01:00 [INF] Request starting HTTP/1.1 GET http://localhost:5194/Identity/Account/Register - null null
2024-11-09 21:25:06.334 +01:00 [INF] Executing endpoint '/Account/Register'
2024-11-09 21:25:06.340 +01:00 [INF] Route matched with {page = "/Account/Register", area = "Identity", action = "", controller = ""}. Executing page /Account/Register
2024-11-09 21:25:06.343 +01:00 [INF] Executing handler method api.Areas.Identity.Pages.Account.RegisterModel.OnGetAsync - ModelState is "Valid"
2024-11-09 21:25:06.343 +01:00 [INF] Executed handler method OnGetAsync, returned result .
2024-11-09 21:25:06.343 +01:00 [INF] Executing an implicit handler method - ModelState is "Valid"
2024-11-09 21:25:06.343 +01:00 [INF] Executed an implicit handler method, returned result Microsoft.AspNetCore.Mvc.RazorPages.PageResult.
2024-11-09 21:25:06.346 +01:00 [INF] Executed page /Account/Register in 5.8965ms
2024-11-09 21:25:06.346 +01:00 [INF] Executed endpoint '/Account/Register'
2024-11-09 21:25:06.346 +01:00 [INF] Request finished HTTP/1.1 GET http://localhost:5194/Identity/Account/Register - 200 null text/html; charset=utf-8 16.5127ms
2024-11-09 21:27:57.088 +01:00 [INF] Request starting HTTP/1.1 GET http://localhost:5194/Identity/Account/Login - null null
2024-11-09 21:27:57.089 +01:00 [INF] Executing endpoint '/Account/Login'
2024-11-09 21:27:57.089 +01:00 [INF] Route matched with {page = "/Account/Login", area = "Identity", action = "", controller = ""}. Executing page /Account/Login
2024-11-09 21:27:57.091 +01:00 [INF] Executing handler method api.Areas.Identity.Pages.Account.LoginModel.OnGetAsync - ModelState is "Valid"
2024-11-09 21:27:57.091 +01:00 [INF] AuthenticationScheme: Identity.External signed out.
2024-11-09 21:27:57.091 +01:00 [INF] Executed handler method OnGetAsync, returned result .
2024-11-09 21:27:57.091 +01:00 [INF] Executing an implicit handler method - ModelState is "Valid"
2024-11-09 21:27:57.091 +01:00 [INF] Executed an implicit handler method, returned result Microsoft.AspNetCore.Mvc.RazorPages.PageResult.
2024-11-09 21:27:57.096 +01:00 [INF] Executed page /Account/Login in 7.0611ms
2024-11-09 21:27:57.099 +01:00 [INF] Executed endpoint '/Account/Login'
2024-11-09 21:27:57.101 +01:00 [INF] Request finished HTTP/1.1 GET http://localhost:5194/Identity/Account/Login - 200 null text/html; charset=utf-8 12.9317ms
