2024-11-11 10:24:28.878 +01:00 [INF] User profile is available. Using 'C:\Users\Mats\AppData\Local\ASP.NET\DataProtection-Keys' as key repository and Windows DPAPI to encrypt keys at rest.
2024-11-11 10:24:29.323 +01:00 [INF] Now listening on: https://localhost:7263
2024-11-11 10:24:29.327 +01:00 [INF] Now listening on: http://localhost:5194
2024-11-11 10:24:29.338 +01:00 [INF] Application started. Press Ctrl+C to shut down.
2024-11-11 10:24:29.343 +01:00 [INF] Hosting environment: Development
2024-11-11 10:24:29.346 +01:00 [INF] Content root path: C:\Users\Mats\web-projects\react\exam\api
2024-11-11 10:24:30.586 +01:00 [INF] Request starting HTTP/1.1 GET http://localhost:5194/api/productapi/productlist - null null
2024-11-11 10:24:30.671 +01:00 [INF] CORS policy execution successful.
2024-11-11 10:24:30.694 +01:00 [INF] Executing endpoint 'FoodRegistrationTool.Controllers.ProductAPIController.ProductList (api)'
2024-11-11 10:24:30.722 +01:00 [INF] Route matched with {action = "ProductList", controller = "ProductAPI", area = "", page = ""}. Executing controller action with signature System.Threading.Tasks.Task`1[Microsoft.AspNetCore.Mvc.IActionResult] ProductList() on controller FoodRegistrationTool.Controllers.ProductAPIController (api).
2024-11-11 10:24:30.836 +01:00 [INF] Executing OkObjectResult, writing value of type 'System.Linq.Enumerable+SelectListIterator`2[[FoodRegistrationTool.Models.Product, api, Version=1.0.0.0, Culture=neutral, PublicKeyToken=null],[FoodRegistrationTool.DTOs.ProductDto, api, Version=1.0.0.0, Culture=neutral, PublicKeyToken=null]]'.
2024-11-11 10:24:30.908 +01:00 [INF] Executed action FoodRegistrationTool.Controllers.ProductAPIController.ProductList (api) in 180.6918ms
2024-11-11 10:24:30.910 +01:00 [INF] Executed endpoint 'FoodRegistrationTool.Controllers.ProductAPIController.ProductList (api)'
2024-11-11 10:24:30.919 +01:00 [INF] Request finished HTTP/1.1 GET http://localhost:5194/api/productapi/productlist - 200 null application/json; charset=utf-8 338.1056ms
2024-11-11 10:24:40.208 +01:00 [INF] Request starting HTTP/1.1 GET http://localhost:5194/api/Auth/userinfo - null null
2024-11-11 10:24:40.221 +01:00 [INF] CORS policy execution successful.
2024-11-11 10:24:40.227 +01:00 [INF] Executing endpoint 'FoodRegistrationTool.Controllers.AuthController.GetUserInfo (api)'
2024-11-11 10:24:40.237 +01:00 [INF] Route matched with {action = "GetUserInfo", controller = "Auth", area = "", page = ""}. Executing controller action with signature System.Threading.Tasks.Task`1[Microsoft.AspNetCore.Mvc.IActionResult] GetUserInfo() on controller FoodRegistrationTool.Controllers.AuthController (api).
2024-11-11 10:24:40.280 +01:00 [INF] Authentication result: False
2024-11-11 10:24:40.284 +01:00 [INF] Request path: /api/Auth/userinfo
2024-11-11 10:24:40.287 +01:00 [INF] Request method: GET
2024-11-11 10:24:40.291 +01:00 [INF] Request scheme: http
2024-11-11 10:24:40.296 +01:00 [INF] Auth Type: 
2024-11-11 10:24:40.301 +01:00 [INF] Identity Name: 
2024-11-11 10:24:40.305 +01:00 [INF] User from UserManager: null
2024-11-11 10:24:40.310 +01:00 [INF] Cookies received: .AspNetCore.Antiforgery.lR7t4MXUUZs=CfDJ8FYKQg2-tzVDp03-Gqv4Alp0e2kDKTpS7ycju9zsrFEctUbGhXGgm-TR2OGRtNiDSW2-yLD_U9ztu3gK8l94pzxhlcgICY-WqKInqucCSG5DxX1CJdczsvzTSLcIdT395LhAveMj_2LRO4FR08fdmRA
2024-11-11 10:24:40.315 +01:00 [INF] GetUserInfo called:
2024-11-11 10:24:40.473 +01:00 [INF] IsAuthenticated: False
2024-11-11 10:24:40.480 +01:00 [INF] UserName: 
2024-11-11 10:24:40.486 +01:00 [INF] Claims: 
2024-11-11 10:24:40.532 +01:00 [INF] Returning response: {"isAuthenticated":false,"userName":null,"manageUrl":"/Identity/Account/Manage","logoutUrl":"/Identity/Account/Logout","loginUrl":"/Identity/Account/Login","registerUrl":"/Identity/Account/Register"}
2024-11-11 10:24:40.535 +01:00 [INF] Executing OkObjectResult, writing value of type '<>f__AnonymousType10`6[[System.Boolean, System.Private.CoreLib, Version=8.0.0.0, Culture=neutral, PublicKeyToken=7cec85d7bea7798e],[System.String, System.Private.CoreLib, Version=8.0.0.0, Culture=neutral, PublicKeyToken=7cec85d7bea7798e],[System.String, System.Private.CoreLib, Version=8.0.0.0, Culture=neutral, PublicKeyToken=7cec85d7bea7798e],[System.String, System.Private.CoreLib, Version=8.0.0.0, Culture=neutral, PublicKeyToken=7cec85d7bea7798e],[System.String, System.Private.CoreLib, Version=8.0.0.0, Culture=neutral, PublicKeyToken=7cec85d7bea7798e],[System.String, System.Private.CoreLib, Version=8.0.0.0, Culture=neutral, PublicKeyToken=7cec85d7bea7798e]]'.
2024-11-11 10:24:40.538 +01:00 [INF] Executed action FoodRegistrationTool.Controllers.AuthController.GetUserInfo (api) in 301.0702ms
2024-11-11 10:24:40.538 +01:00 [INF] Executed endpoint 'FoodRegistrationTool.Controllers.AuthController.GetUserInfo (api)'
2024-11-11 10:24:40.541 +01:00 [INF] Request finished HTTP/1.1 GET http://localhost:5194/api/Auth/userinfo - 200 null application/json; charset=utf-8 332.2855ms
2024-11-11 10:24:40.545 +01:00 [INF] Request starting HTTP/1.1 GET http://localhost:5194/api/Auth/userinfo - null null
2024-11-11 10:24:40.548 +01:00 [INF] CORS policy execution successful.
2024-11-11 10:24:40.553 +01:00 [INF] Executing endpoint 'FoodRegistrationTool.Controllers.AuthController.GetUserInfo (api)'
2024-11-11 10:24:40.554 +01:00 [INF] Route matched with {action = "GetUserInfo", controller = "Auth", area = "", page = ""}. Executing controller action with signature System.Threading.Tasks.Task`1[Microsoft.AspNetCore.Mvc.IActionResult] GetUserInfo() on controller FoodRegistrationTool.Controllers.AuthController (api).
2024-11-11 10:24:40.614 +01:00 [INF] Authentication result: False
2024-11-11 10:24:40.642 +01:00 [INF] Request path: /api/Auth/userinfo
2024-11-11 10:24:40.650 +01:00 [INF] Request method: GET
2024-11-11 10:24:40.655 +01:00 [INF] Request scheme: http
2024-11-11 10:24:40.663 +01:00 [INF] Auth Type: 
2024-11-11 10:24:40.733 +01:00 [INF] Identity Name: 
2024-11-11 10:24:40.754 +01:00 [INF] User from UserManager: null
2024-11-11 10:24:40.765 +01:00 [INF] Cookies received: .AspNetCore.Antiforgery.lR7t4MXUUZs=CfDJ8FYKQg2-tzVDp03-Gqv4Alp0e2kDKTpS7ycju9zsrFEctUbGhXGgm-TR2OGRtNiDSW2-yLD_U9ztu3gK8l94pzxhlcgICY-WqKInqucCSG5DxX1CJdczsvzTSLcIdT395LhAveMj_2LRO4FR08fdmRA
2024-11-11 10:24:40.768 +01:00 [INF] GetUserInfo called:
2024-11-11 10:24:40.773 +01:00 [INF] IsAuthenticated: False
2024-11-11 10:24:40.777 +01:00 [INF] UserName: 
2024-11-11 10:24:40.781 +01:00 [INF] Claims: 
2024-11-11 10:24:40.784 +01:00 [INF] Returning response: {"isAuthenticated":false,"userName":null,"manageUrl":"/Identity/Account/Manage","logoutUrl":"/Identity/Account/Logout","loginUrl":"/Identity/Account/Login","registerUrl":"/Identity/Account/Register"}
2024-11-11 10:24:40.785 +01:00 [INF] Executing OkObjectResult, writing value of type '<>f__AnonymousType10`6[[System.Boolean, System.Private.CoreLib, Version=8.0.0.0, Culture=neutral, PublicKeyToken=7cec85d7bea7798e],[System.String, System.Private.CoreLib, Version=8.0.0.0, Culture=neutral, PublicKeyToken=7cec85d7bea7798e],[System.String, System.Private.CoreLib, Version=8.0.0.0, Culture=neutral, PublicKeyToken=7cec85d7bea7798e],[System.String, System.Private.CoreLib, Version=8.0.0.0, Culture=neutral, PublicKeyToken=7cec85d7bea7798e],[System.String, System.Private.CoreLib, Version=8.0.0.0, Culture=neutral, PublicKeyToken=7cec85d7bea7798e],[System.String, System.Private.CoreLib, Version=8.0.0.0, Culture=neutral, PublicKeyToken=7cec85d7bea7798e]]'.
2024-11-11 10:24:40.786 +01:00 [INF] Executed action FoodRegistrationTool.Controllers.AuthController.GetUserInfo (api) in 231.1003ms
2024-11-11 10:24:40.786 +01:00 [INF] Executed endpoint 'FoodRegistrationTool.Controllers.AuthController.GetUserInfo (api)'
2024-11-11 10:24:40.786 +01:00 [INF] Request finished HTTP/1.1 GET http://localhost:5194/api/Auth/userinfo - 200 null application/json; charset=utf-8 240.9569ms
2024-11-11 10:24:48.565 +01:00 [INF] Request starting HTTP/1.1 GET http://localhost:5194/Identity/Account/Register?ReturnUrl=http%3A%2F%2Flocalhost%3A3000 - null null
2024-11-11 10:24:48.567 +01:00 [INF] Executing endpoint '/Account/Register'
2024-11-11 10:24:48.601 +01:00 [INF] Route matched with {page = "/Account/Register", area = "Identity", action = "", controller = ""}. Executing page /Account/Register
2024-11-11 10:24:48.644 +01:00 [INF] Executing handler method api.Areas.Identity.Pages.Account.RegisterModel.OnGetAsync - ModelState is "Valid"
2024-11-11 10:24:48.647 +01:00 [INF] Executed handler method OnGetAsync, returned result .
2024-11-11 10:24:48.650 +01:00 [INF] Executing an implicit handler method - ModelState is "Valid"
2024-11-11 10:24:48.651 +01:00 [INF] Executed an implicit handler method, returned result Microsoft.AspNetCore.Mvc.RazorPages.PageResult.
2024-11-11 10:24:48.844 +01:00 [INF] Executed page /Account/Register in 243.263ms
2024-11-11 10:24:48.844 +01:00 [INF] Executed endpoint '/Account/Register'
2024-11-11 10:24:48.847 +01:00 [INF] Request finished HTTP/1.1 GET http://localhost:5194/Identity/Account/Register?ReturnUrl=http%3A%2F%2Flocalhost%3A3000 - 200 null text/html; charset=utf-8 281.794ms
2024-11-11 10:25:11.012 +01:00 [INF] Request starting HTTP/1.1 POST http://localhost:5194/Identity/Account/Register?returnUrl=http%3A%2F%2Flocalhost%3A3000 - application/x-www-form-urlencoded 259
2024-11-11 10:25:11.022 +01:00 [INF] CORS policy execution successful.
2024-11-11 10:25:11.023 +01:00 [INF] Executing endpoint '/Account/Register'
2024-11-11 10:25:11.024 +01:00 [INF] Route matched with {page = "/Account/Register", area = "Identity", action = "", controller = ""}. Executing page /Account/Register
2024-11-11 10:25:11.066 +01:00 [INF] Executing handler method api.Areas.Identity.Pages.Account.RegisterModel.OnPostAsync - ModelState is "Valid"
2024-11-11 10:25:11.074 +01:00 [INF] OnPostAsync started with returnUrl: http://localhost:3000
2024-11-11 10:25:11.077 +01:00 [INF] ModelState is valid. Creating user with email: mat@mail.no
2024-11-11 10:25:11.611 +01:00 [INF] User created a new account with password.
2024-11-11 10:25:11.675 +01:00 [INF] AuthenticationScheme: Identity.Application signed in.
2024-11-11 10:25:11.678 +01:00 [INF] User signed in successfully
2024-11-11 10:25:11.682 +01:00 [INF] Authentication state after sign in: true
2024-11-11 10:25:11.722 +01:00 [INF] Cookies being set: .AspNetCore.Identity.Application=CfDJ8FYKQg2-tzVDp03-Gqv4AloaBNAVK3lobp3kTd9qJ3ND11TFcD1cWbwi6b4GDS7ugHks5TzLySHgNY4PKr_0ekvs_ZlT356QvJf4Tmn6yiRg5QNuRX_VJpTmuwGWIAyGcjJTj1RwoN6MCA0LcWkZJ40p7wcvVD1Wd9UZqW9nJRszAvommSzv05_JlNjCmyKJBhlHU-e_q_Iz3sGdthY9Wga85qR0mRjLzyBkZC1l92gACihtAE8S-tvLKqce3Ey67v-y7nQxAh5GwQ3SAAMibFd5teI9LE6-j2XAWRMt44OoW9r7H1LsE7j4lRI0M9bvIxGtrM8TGKd-ZjHBGJ0837r64ol9dh5lPSSHILyPcaNcazO8fs-EPD5IrQ6vxMIU_MuRogwbivI1ff2y-9VggJjrtk8zChj091eR68PKRzSjwz8blWsckbwLpNrEttTEN_MwriZFeVnpg0cStU2SGKtSguBaWhPXRxKSOpDsJMSSZcPpGWp3gKhTFGgNDYENT9di_mr6fQ4B74AM4z3JAHDpUBEwR_iyiPX5_FAvE-nNgxP6sLSnLAzXlCqvp1kjg6VptwXak4_DKeZ_Ed8UCu8Cj-wbVrkxvZk_KbE1By1pIvEbgNsb4TlbOJngb7rPxg55jBrfpoxqN2Jv7iRspUx1mUC9Wle8xUDiG7MoBDA5I27sr6ul7Sciz9k6b9xWiYQGwCsjAqrvdXplQtY8nA2h6t1qZOWo7YF5aPYEk8eY; expires=Wed, 11 Dec 2024 09:25:11 GMT; path=/; samesite=lax; httponly
2024-11-11 10:25:11.725 +01:00 [INF] Redirecting to external URL: http://localhost:3000
2024-11-11 10:25:11.726 +01:00 [INF] Executed handler method OnPostAsync, returned result Microsoft.AspNetCore.Mvc.RedirectResult.
2024-11-11 10:25:11.727 +01:00 [INF] Executing RedirectResult, redirecting to http://localhost:3000.
2024-11-11 10:25:11.727 +01:00 [INF] Executed page /Account/Register in 703.7143ms
2024-11-11 10:25:11.728 +01:00 [INF] Executed endpoint '/Account/Register'
2024-11-11 10:25:11.728 +01:00 [INF] Request finished HTTP/1.1 POST http://localhost:5194/Identity/Account/Register?returnUrl=http%3A%2F%2Flocalhost%3A3000 - 302 0 null 716.3492ms
2024-11-11 10:25:12.866 +01:00 [INF] Request starting HTTP/1.1 GET http://localhost:5194/api/Auth/userinfo - null null
2024-11-11 10:25:12.866 +01:00 [INF] CORS policy execution successful.
2024-11-11 10:25:12.873 +01:00 [INF] Executing endpoint 'FoodRegistrationTool.Controllers.AuthController.GetUserInfo (api)'
2024-11-11 10:25:12.873 +01:00 [INF] Route matched with {action = "GetUserInfo", controller = "Auth", area = "", page = ""}. Executing controller action with signature System.Threading.Tasks.Task`1[Microsoft.AspNetCore.Mvc.IActionResult] GetUserInfo() on controller FoodRegistrationTool.Controllers.AuthController (api).
2024-11-11 10:25:12.891 +01:00 [INF] Authentication result: True
2024-11-11 10:25:12.907 +01:00 [INF] Principal Name from auth result: mat@mail.no
2024-11-11 10:25:12.910 +01:00 [INF] Request path: /api/Auth/userinfo
2024-11-11 10:25:12.915 +01:00 [INF] Request method: GET
2024-11-11 10:25:12.922 +01:00 [INF] Request scheme: http
2024-11-11 10:25:12.928 +01:00 [INF] Auth Type: Identity.Application
2024-11-11 10:25:12.931 +01:00 [INF] Identity Name: mat@mail.no
2024-11-11 10:25:12.981 +01:00 [INF] User from UserManager: mat@mail.no
2024-11-11 10:25:12.988 +01:00 [INF] Cookies received: .AspNetCore.Antiforgery.lR7t4MXUUZs=CfDJ8FYKQg2-tzVDp03-Gqv4Alp0e2kDKTpS7ycju9zsrFEctUbGhXGgm-TR2OGRtNiDSW2-yLD_U9ztu3gK8l94pzxhlcgICY-WqKInqucCSG5DxX1CJdczsvzTSLcIdT395LhAveMj_2LRO4FR08fdmRA, .AspNetCore.Identity.Application=CfDJ8FYKQg2-tzVDp03-Gqv4AloaBNAVK3lobp3kTd9qJ3ND11TFcD1cWbwi6b4GDS7ugHks5TzLySHgNY4PKr_0ekvs_ZlT356QvJf4Tmn6yiRg5QNuRX_VJpTmuwGWIAyGcjJTj1RwoN6MCA0LcWkZJ40p7wcvVD1Wd9UZqW9nJRszAvommSzv05_JlNjCmyKJBhlHU-e_q_Iz3sGdthY9Wga85qR0mRjLzyBkZC1l92gACihtAE8S-tvLKqce3Ey67v-y7nQxAh5GwQ3SAAMibFd5teI9LE6-j2XAWRMt44OoW9r7H1LsE7j4lRI0M9bvIxGtrM8TGKd-ZjHBGJ0837r64ol9dh5lPSSHILyPcaNcazO8fs-EPD5IrQ6vxMIU_MuRogwbivI1ff2y-9VggJjrtk8zChj091eR68PKRzSjwz8blWsckbwLpNrEttTEN_MwriZFeVnpg0cStU2SGKtSguBaWhPXRxKSOpDsJMSSZcPpGWp3gKhTFGgNDYENT9di_mr6fQ4B74AM4z3JAHDpUBEwR_iyiPX5_FAvE-nNgxP6sLSnLAzXlCqvp1kjg6VptwXak4_DKeZ_Ed8UCu8Cj-wbVrkxvZk_KbE1By1pIvEbgNsb4TlbOJngb7rPxg55jBrfpoxqN2Jv7iRspUx1mUC9Wle8xUDiG7MoBDA5I27sr6ul7Sciz9k6b9xWiYQGwCsjAqrvdXplQtY8nA2h6t1qZOWo7YF5aPYEk8eY
2024-11-11 10:25:12.991 +01:00 [INF] GetUserInfo called:
2024-11-11 10:25:12.997 +01:00 [INF] IsAuthenticated: True
2024-11-11 10:25:13.000 +01:00 [INF] UserName: mat@mail.no
2024-11-11 10:25:13.004 +01:00 [INF] Claims: http://schemas.xmlsoap.org/ws/2005/05/identity/claims/nameidentifier: 7164534e-3c53-45f6-aea5-07251a1a36bd, http://schemas.xmlsoap.org/ws/2005/05/identity/claims/name: mat@mail.no, http://schemas.xmlsoap.org/ws/2005/05/identity/claims/emailaddress: mat@mail.no, AspNet.Identity.SecurityStamp: FDXPQPVW4PPOLL7VYOHR7PAFXOOKHZR2
2024-11-11 10:25:13.007 +01:00 [INF] Claim: http://schemas.xmlsoap.org/ws/2005/05/identity/claims/nameidentifier = 7164534e-3c53-45f6-aea5-07251a1a36bd
2024-11-11 10:25:13.013 +01:00 [INF] Claim: http://schemas.xmlsoap.org/ws/2005/05/identity/claims/name = mat@mail.no
2024-11-11 10:25:13.015 +01:00 [INF] Claim: http://schemas.xmlsoap.org/ws/2005/05/identity/claims/emailaddress = mat@mail.no
2024-11-11 10:25:13.019 +01:00 [INF] Claim: AspNet.Identity.SecurityStamp = FDXPQPVW4PPOLL7VYOHR7PAFXOOKHZR2
2024-11-11 10:25:13.023 +01:00 [INF] Returning response: {"isAuthenticated":true,"userName":"mat@mail.no","manageUrl":"/Identity/Account/Manage","logoutUrl":"/Identity/Account/Logout","loginUrl":"/Identity/Account/Login","registerUrl":"/Identity/Account/Register"}
2024-11-11 10:25:13.024 +01:00 [INF] Executing OkObjectResult, writing value of type '<>f__AnonymousType10`6[[System.Boolean, System.Private.CoreLib, Version=8.0.0.0, Culture=neutral, PublicKeyToken=7cec85d7bea7798e],[System.String, System.Private.CoreLib, Version=8.0.0.0, Culture=neutral, PublicKeyToken=7cec85d7bea7798e],[System.String, System.Private.CoreLib, Version=8.0.0.0, Culture=neutral, PublicKeyToken=7cec85d7bea7798e],[System.String, System.Private.CoreLib, Version=8.0.0.0, Culture=neutral, PublicKeyToken=7cec85d7bea7798e],[System.String, System.Private.CoreLib, Version=8.0.0.0, Culture=neutral, PublicKeyToken=7cec85d7bea7798e],[System.String, System.Private.CoreLib, Version=8.0.0.0, Culture=neutral, PublicKeyToken=7cec85d7bea7798e]]'.
2024-11-11 10:25:13.024 +01:00 [INF] Executed action FoodRegistrationTool.Controllers.AuthController.GetUserInfo (api) in 150.7013ms
2024-11-11 10:25:13.025 +01:00 [INF] Executed endpoint 'FoodRegistrationTool.Controllers.AuthController.GetUserInfo (api)'
2024-11-11 10:25:13.025 +01:00 [INF] Request finished HTTP/1.1 GET http://localhost:5194/api/Auth/userinfo - 200 null application/json; charset=utf-8 159.3327ms
2024-11-11 10:25:13.055 +01:00 [INF] Request starting HTTP/1.1 GET http://localhost:5194/api/Auth/userinfo - null null
2024-11-11 10:25:13.055 +01:00 [INF] CORS policy execution successful.
2024-11-11 10:25:13.057 +01:00 [INF] Executing endpoint 'FoodRegistrationTool.Controllers.AuthController.GetUserInfo (api)'
2024-11-11 10:25:13.058 +01:00 [INF] Route matched with {action = "GetUserInfo", controller = "Auth", area = "", page = ""}. Executing controller action with signature System.Threading.Tasks.Task`1[Microsoft.AspNetCore.Mvc.IActionResult] GetUserInfo() on controller FoodRegistrationTool.Controllers.AuthController (api).
2024-11-11 10:25:13.091 +01:00 [INF] Authentication result: True
2024-11-11 10:25:13.097 +01:00 [INF] Principal Name from auth result: mat@mail.no
2024-11-11 10:25:13.101 +01:00 [INF] Request path: /api/Auth/userinfo
2024-11-11 10:25:13.106 +01:00 [INF] Request method: GET
2024-11-11 10:25:13.110 +01:00 [INF] Request scheme: http
2024-11-11 10:25:13.114 +01:00 [INF] Auth Type: Identity.Application
2024-11-11 10:25:13.118 +01:00 [INF] Identity Name: mat@mail.no
2024-11-11 10:25:13.138 +01:00 [INF] User from UserManager: mat@mail.no
2024-11-11 10:25:13.176 +01:00 [INF] Cookies received: .AspNetCore.Antiforgery.lR7t4MXUUZs=CfDJ8FYKQg2-tzVDp03-Gqv4Alp0e2kDKTpS7ycju9zsrFEctUbGhXGgm-TR2OGRtNiDSW2-yLD_U9ztu3gK8l94pzxhlcgICY-WqKInqucCSG5DxX1CJdczsvzTSLcIdT395LhAveMj_2LRO4FR08fdmRA, .AspNetCore.Identity.Application=CfDJ8FYKQg2-tzVDp03-Gqv4AloaBNAVK3lobp3kTd9qJ3ND11TFcD1cWbwi6b4GDS7ugHks5TzLySHgNY4PKr_0ekvs_ZlT356QvJf4Tmn6yiRg5QNuRX_VJpTmuwGWIAyGcjJTj1RwoN6MCA0LcWkZJ40p7wcvVD1Wd9UZqW9nJRszAvommSzv05_JlNjCmyKJBhlHU-e_q_Iz3sGdthY9Wga85qR0mRjLzyBkZC1l92gACihtAE8S-tvLKqce3Ey67v-y7nQxAh5GwQ3SAAMibFd5teI9LE6-j2XAWRMt44OoW9r7H1LsE7j4lRI0M9bvIxGtrM8TGKd-ZjHBGJ0837r64ol9dh5lPSSHILyPcaNcazO8fs-EPD5IrQ6vxMIU_MuRogwbivI1ff2y-9VggJjrtk8zChj091eR68PKRzSjwz8blWsckbwLpNrEttTEN_MwriZFeVnpg0cStU2SGKtSguBaWhPXRxKSOpDsJMSSZcPpGWp3gKhTFGgNDYENT9di_mr6fQ4B74AM4z3JAHDpUBEwR_iyiPX5_FAvE-nNgxP6sLSnLAzXlCqvp1kjg6VptwXak4_DKeZ_Ed8UCu8Cj-wbVrkxvZk_KbE1By1pIvEbgNsb4TlbOJngb7rPxg55jBrfpoxqN2Jv7iRspUx1mUC9Wle8xUDiG7MoBDA5I27sr6ul7Sciz9k6b9xWiYQGwCsjAqrvdXplQtY8nA2h6t1qZOWo7YF5aPYEk8eY
2024-11-11 10:25:13.179 +01:00 [INF] GetUserInfo called:
2024-11-11 10:25:13.182 +01:00 [INF] IsAuthenticated: True
2024-11-11 10:25:13.186 +01:00 [INF] UserName: mat@mail.no
2024-11-11 10:25:13.190 +01:00 [INF] Claims: http://schemas.xmlsoap.org/ws/2005/05/identity/claims/nameidentifier: 7164534e-3c53-45f6-aea5-07251a1a36bd, http://schemas.xmlsoap.org/ws/2005/05/identity/claims/name: mat@mail.no, http://schemas.xmlsoap.org/ws/2005/05/identity/claims/emailaddress: mat@mail.no, AspNet.Identity.SecurityStamp: FDXPQPVW4PPOLL7VYOHR7PAFXOOKHZR2
2024-11-11 10:25:13.193 +01:00 [INF] Claim: http://schemas.xmlsoap.org/ws/2005/05/identity/claims/nameidentifier = 7164534e-3c53-45f6-aea5-07251a1a36bd
2024-11-11 10:25:13.197 +01:00 [INF] Claim: http://schemas.xmlsoap.org/ws/2005/05/identity/claims/name = mat@mail.no
2024-11-11 10:25:13.202 +01:00 [INF] Claim: http://schemas.xmlsoap.org/ws/2005/05/identity/claims/emailaddress = mat@mail.no
2024-11-11 10:25:13.205 +01:00 [INF] Claim: AspNet.Identity.SecurityStamp = FDXPQPVW4PPOLL7VYOHR7PAFXOOKHZR2
2024-11-11 10:25:13.209 +01:00 [INF] Returning response: {"isAuthenticated":true,"userName":"mat@mail.no","manageUrl":"/Identity/Account/Manage","logoutUrl":"/Identity/Account/Logout","loginUrl":"/Identity/Account/Login","registerUrl":"/Identity/Account/Register"}
2024-11-11 10:25:13.209 +01:00 [INF] Executing OkObjectResult, writing value of type '<>f__AnonymousType10`6[[System.Boolean, System.Private.CoreLib, Version=8.0.0.0, Culture=neutral, PublicKeyToken=7cec85d7bea7798e],[System.String, System.Private.CoreLib, Version=8.0.0.0, Culture=neutral, PublicKeyToken=7cec85d7bea7798e],[System.String, System.Private.CoreLib, Version=8.0.0.0, Culture=neutral, PublicKeyToken=7cec85d7bea7798e],[System.String, System.Private.CoreLib, Version=8.0.0.0, Culture=neutral, PublicKeyToken=7cec85d7bea7798e],[System.String, System.Private.CoreLib, Version=8.0.0.0, Culture=neutral, PublicKeyToken=7cec85d7bea7798e],[System.String, System.Private.CoreLib, Version=8.0.0.0, Culture=neutral, PublicKeyToken=7cec85d7bea7798e]]'.
2024-11-11 10:25:13.209 +01:00 [INF] Executed action FoodRegistrationTool.Controllers.AuthController.GetUserInfo (api) in 151.511ms
2024-11-11 10:25:13.210 +01:00 [INF] Executed endpoint 'FoodRegistrationTool.Controllers.AuthController.GetUserInfo (api)'
2024-11-11 10:25:13.210 +01:00 [INF] Request finished HTTP/1.1 GET http://localhost:5194/api/Auth/userinfo - 200 null application/json; charset=utf-8 154.9152ms
2024-11-11 10:25:18.838 +01:00 [INF] Request starting HTTP/1.1 GET http://localhost:5194/api/productapi/productlist - null null
2024-11-11 10:25:18.850 +01:00 [INF] CORS policy execution successful.
2024-11-11 10:25:18.851 +01:00 [INF] Executing endpoint 'FoodRegistrationTool.Controllers.ProductAPIController.ProductList (api)'
2024-11-11 10:25:18.852 +01:00 [INF] Route matched with {action = "ProductList", controller = "ProductAPI", area = "", page = ""}. Executing controller action with signature System.Threading.Tasks.Task`1[Microsoft.AspNetCore.Mvc.IActionResult] ProductList() on controller FoodRegistrationTool.Controllers.ProductAPIController (api).
2024-11-11 10:25:18.865 +01:00 [INF] Executing OkObjectResult, writing value of type 'System.Linq.Enumerable+SelectListIterator`2[[FoodRegistrationTool.Models.Product, api, Version=1.0.0.0, Culture=neutral, PublicKeyToken=null],[FoodRegistrationTool.DTOs.ProductDto, api, Version=1.0.0.0, Culture=neutral, PublicKeyToken=null]]'.
2024-11-11 10:25:18.868 +01:00 [INF] Executed action FoodRegistrationTool.Controllers.ProductAPIController.ProductList (api) in 15.3757ms
2024-11-11 10:25:18.868 +01:00 [INF] Executed endpoint 'FoodRegistrationTool.Controllers.ProductAPIController.ProductList (api)'
2024-11-11 10:25:18.868 +01:00 [INF] Request finished HTTP/1.1 GET http://localhost:5194/api/productapi/productlist - 200 null application/json; charset=utf-8 30.3577ms
2024-11-11 10:25:18.869 +01:00 [INF] Request starting HTTP/1.1 GET http://localhost:5194/api/productapi/productlist - null null
2024-11-11 10:25:18.870 +01:00 [INF] CORS policy execution successful.
2024-11-11 10:25:18.871 +01:00 [INF] Executing endpoint 'FoodRegistrationTool.Controllers.ProductAPIController.ProductList (api)'
2024-11-11 10:25:18.871 +01:00 [INF] Route matched with {action = "ProductList", controller = "ProductAPI", area = "", page = ""}. Executing controller action with signature System.Threading.Tasks.Task`1[Microsoft.AspNetCore.Mvc.IActionResult] ProductList() on controller FoodRegistrationTool.Controllers.ProductAPIController (api).
2024-11-11 10:25:18.895 +01:00 [INF] Executing OkObjectResult, writing value of type 'System.Linq.Enumerable+SelectListIterator`2[[FoodRegistrationTool.Models.Product, api, Version=1.0.0.0, Culture=neutral, PublicKeyToken=null],[FoodRegistrationTool.DTOs.ProductDto, api, Version=1.0.0.0, Culture=neutral, PublicKeyToken=null]]'.
2024-11-11 10:25:18.895 +01:00 [INF] Executed action FoodRegistrationTool.Controllers.ProductAPIController.ProductList (api) in 23.7185ms
2024-11-11 10:25:18.895 +01:00 [INF] Executed endpoint 'FoodRegistrationTool.Controllers.ProductAPIController.ProductList (api)'
2024-11-11 10:25:18.899 +01:00 [INF] Request finished HTTP/1.1 GET http://localhost:5194/api/productapi/productlist - 200 null application/json; charset=utf-8 26.6643ms
2024-11-11 10:25:21.622 +01:00 [INF] Request starting HTTP/1.1 GET http://localhost:5194/api/Auth/userinfo - null null
2024-11-11 10:25:21.622 +01:00 [INF] CORS policy execution successful.
2024-11-11 10:25:21.623 +01:00 [INF] Executing endpoint 'FoodRegistrationTool.Controllers.AuthController.GetUserInfo (api)'
2024-11-11 10:25:21.623 +01:00 [INF] Route matched with {action = "GetUserInfo", controller = "Auth", area = "", page = ""}. Executing controller action with signature System.Threading.Tasks.Task`1[Microsoft.AspNetCore.Mvc.IActionResult] GetUserInfo() on controller FoodRegistrationTool.Controllers.AuthController (api).
2024-11-11 10:25:21.636 +01:00 [INF] Authentication result: True
2024-11-11 10:25:21.640 +01:00 [INF] Principal Name from auth result: mat@mail.no
2024-11-11 10:25:21.656 +01:00 [INF] Request path: /api/Auth/userinfo
2024-11-11 10:25:21.664 +01:00 [INF] Request method: GET
2024-11-11 10:25:21.671 +01:00 [INF] Request scheme: http
2024-11-11 10:25:21.675 +01:00 [INF] Auth Type: Identity.Application
2024-11-11 10:25:21.683 +01:00 [INF] Identity Name: mat@mail.no
2024-11-11 10:25:21.695 +01:00 [INF] User from UserManager: mat@mail.no
2024-11-11 10:25:21.704 +01:00 [INF] Cookies received: .AspNetCore.Antiforgery.lR7t4MXUUZs=CfDJ8FYKQg2-tzVDp03-Gqv4Alp0e2kDKTpS7ycju9zsrFEctUbGhXGgm-TR2OGRtNiDSW2-yLD_U9ztu3gK8l94pzxhlcgICY-WqKInqucCSG5DxX1CJdczsvzTSLcIdT395LhAveMj_2LRO4FR08fdmRA, .AspNetCore.Identity.Application=CfDJ8FYKQg2-tzVDp03-Gqv4AloaBNAVK3lobp3kTd9qJ3ND11TFcD1cWbwi6b4GDS7ugHks5TzLySHgNY4PKr_0ekvs_ZlT356QvJf4Tmn6yiRg5QNuRX_VJpTmuwGWIAyGcjJTj1RwoN6MCA0LcWkZJ40p7wcvVD1Wd9UZqW9nJRszAvommSzv05_JlNjCmyKJBhlHU-e_q_Iz3sGdthY9Wga85qR0mRjLzyBkZC1l92gACihtAE8S-tvLKqce3Ey67v-y7nQxAh5GwQ3SAAMibFd5teI9LE6-j2XAWRMt44OoW9r7H1LsE7j4lRI0M9bvIxGtrM8TGKd-ZjHBGJ0837r64ol9dh5lPSSHILyPcaNcazO8fs-EPD5IrQ6vxMIU_MuRogwbivI1ff2y-9VggJjrtk8zChj091eR68PKRzSjwz8blWsckbwLpNrEttTEN_MwriZFeVnpg0cStU2SGKtSguBaWhPXRxKSOpDsJMSSZcPpGWp3gKhTFGgNDYENT9di_mr6fQ4B74AM4z3JAHDpUBEwR_iyiPX5_FAvE-nNgxP6sLSnLAzXlCqvp1kjg6VptwXak4_DKeZ_Ed8UCu8Cj-wbVrkxvZk_KbE1By1pIvEbgNsb4TlbOJngb7rPxg55jBrfpoxqN2Jv7iRspUx1mUC9Wle8xUDiG7MoBDA5I27sr6ul7Sciz9k6b9xWiYQGwCsjAqrvdXplQtY8nA2h6t1qZOWo7YF5aPYEk8eY
2024-11-11 10:25:21.708 +01:00 [INF] GetUserInfo called:
2024-11-11 10:25:21.716 +01:00 [INF] IsAuthenticated: True
2024-11-11 10:25:21.719 +01:00 [INF] UserName: mat@mail.no
2024-11-11 10:25:21.724 +01:00 [INF] Claims: http://schemas.xmlsoap.org/ws/2005/05/identity/claims/nameidentifier: 7164534e-3c53-45f6-aea5-07251a1a36bd, http://schemas.xmlsoap.org/ws/2005/05/identity/claims/name: mat@mail.no, http://schemas.xmlsoap.org/ws/2005/05/identity/claims/emailaddress: mat@mail.no, AspNet.Identity.SecurityStamp: FDXPQPVW4PPOLL7VYOHR7PAFXOOKHZR2
2024-11-11 10:25:21.730 +01:00 [INF] Claim: http://schemas.xmlsoap.org/ws/2005/05/identity/claims/nameidentifier = 7164534e-3c53-45f6-aea5-07251a1a36bd
2024-11-11 10:25:21.736 +01:00 [INF] Claim: http://schemas.xmlsoap.org/ws/2005/05/identity/claims/name = mat@mail.no
2024-11-11 10:25:21.741 +01:00 [INF] Claim: http://schemas.xmlsoap.org/ws/2005/05/identity/claims/emailaddress = mat@mail.no
2024-11-11 10:25:21.748 +01:00 [INF] Claim: AspNet.Identity.SecurityStamp = FDXPQPVW4PPOLL7VYOHR7PAFXOOKHZR2
2024-11-11 10:25:21.752 +01:00 [INF] Returning response: {"isAuthenticated":true,"userName":"mat@mail.no","manageUrl":"/Identity/Account/Manage","logoutUrl":"/Identity/Account/Logout","loginUrl":"/Identity/Account/Login","registerUrl":"/Identity/Account/Register"}
2024-11-11 10:25:21.753 +01:00 [INF] Executing OkObjectResult, writing value of type '<>f__AnonymousType10`6[[System.Boolean, System.Private.CoreLib, Version=8.0.0.0, Culture=neutral, PublicKeyToken=7cec85d7bea7798e],[System.String, System.Private.CoreLib, Version=8.0.0.0, Culture=neutral, PublicKeyToken=7cec85d7bea7798e],[System.String, System.Private.CoreLib, Version=8.0.0.0, Culture=neutral, PublicKeyToken=7cec85d7bea7798e],[System.String, System.Private.CoreLib, Version=8.0.0.0, Culture=neutral, PublicKeyToken=7cec85d7bea7798e],[System.String, System.Private.CoreLib, Version=8.0.0.0, Culture=neutral, PublicKeyToken=7cec85d7bea7798e],[System.String, System.Private.CoreLib, Version=8.0.0.0, Culture=neutral, PublicKeyToken=7cec85d7bea7798e]]'.
2024-11-11 10:25:21.753 +01:00 [INF] Executed action FoodRegistrationTool.Controllers.AuthController.GetUserInfo (api) in 130.0521ms
2024-11-11 10:25:21.753 +01:00 [INF] Executed endpoint 'FoodRegistrationTool.Controllers.AuthController.GetUserInfo (api)'
2024-11-11 10:25:21.754 +01:00 [INF] Request finished HTTP/1.1 GET http://localhost:5194/api/Auth/userinfo - 200 null application/json; charset=utf-8 131.9205ms
2024-11-11 10:25:21.757 +01:00 [INF] Request starting HTTP/1.1 GET http://localhost:5194/api/Auth/userinfo - null null
2024-11-11 10:25:21.757 +01:00 [INF] CORS policy execution successful.
2024-11-11 10:25:21.758 +01:00 [INF] Executing endpoint 'FoodRegistrationTool.Controllers.AuthController.GetUserInfo (api)'
2024-11-11 10:25:21.758 +01:00 [INF] Route matched with {action = "GetUserInfo", controller = "Auth", area = "", page = ""}. Executing controller action with signature System.Threading.Tasks.Task`1[Microsoft.AspNetCore.Mvc.IActionResult] GetUserInfo() on controller FoodRegistrationTool.Controllers.AuthController (api).
2024-11-11 10:25:21.805 +01:00 [INF] Authentication result: True
2024-11-11 10:25:21.819 +01:00 [INF] Principal Name from auth result: mat@mail.no
2024-11-11 10:25:21.920 +01:00 [INF] Request path: /api/Auth/userinfo
2024-11-11 10:25:21.925 +01:00 [INF] Request method: GET
2024-11-11 10:25:21.930 +01:00 [INF] Request scheme: http
2024-11-11 10:25:21.934 +01:00 [INF] Auth Type: Identity.Application
2024-11-11 10:25:21.938 +01:00 [INF] Identity Name: mat@mail.no
2024-11-11 10:25:21.957 +01:00 [INF] User from UserManager: mat@mail.no
2024-11-11 10:25:21.969 +01:00 [INF] Cookies received: .AspNetCore.Antiforgery.lR7t4MXUUZs=CfDJ8FYKQg2-tzVDp03-Gqv4Alp0e2kDKTpS7ycju9zsrFEctUbGhXGgm-TR2OGRtNiDSW2-yLD_U9ztu3gK8l94pzxhlcgICY-WqKInqucCSG5DxX1CJdczsvzTSLcIdT395LhAveMj_2LRO4FR08fdmRA, .AspNetCore.Identity.Application=CfDJ8FYKQg2-tzVDp03-Gqv4AloaBNAVK3lobp3kTd9qJ3ND11TFcD1cWbwi6b4GDS7ugHks5TzLySHgNY4PKr_0ekvs_ZlT356QvJf4Tmn6yiRg5QNuRX_VJpTmuwGWIAyGcjJTj1RwoN6MCA0LcWkZJ40p7wcvVD1Wd9UZqW9nJRszAvommSzv05_JlNjCmyKJBhlHU-e_q_Iz3sGdthY9Wga85qR0mRjLzyBkZC1l92gACihtAE8S-tvLKqce3Ey67v-y7nQxAh5GwQ3SAAMibFd5teI9LE6-j2XAWRMt44OoW9r7H1LsE7j4lRI0M9bvIxGtrM8TGKd-ZjHBGJ0837r64ol9dh5lPSSHILyPcaNcazO8fs-EPD5IrQ6vxMIU_MuRogwbivI1ff2y-9VggJjrtk8zChj091eR68PKRzSjwz8blWsckbwLpNrEttTEN_MwriZFeVnpg0cStU2SGKtSguBaWhPXRxKSOpDsJMSSZcPpGWp3gKhTFGgNDYENT9di_mr6fQ4B74AM4z3JAHDpUBEwR_iyiPX5_FAvE-nNgxP6sLSnLAzXlCqvp1kjg6VptwXak4_DKeZ_Ed8UCu8Cj-wbVrkxvZk_KbE1By1pIvEbgNsb4TlbOJngb7rPxg55jBrfpoxqN2Jv7iRspUx1mUC9Wle8xUDiG7MoBDA5I27sr6ul7Sciz9k6b9xWiYQGwCsjAqrvdXplQtY8nA2h6t1qZOWo7YF5aPYEk8eY
2024-11-11 10:25:21.973 +01:00 [INF] GetUserInfo called:
2024-11-11 10:25:21.982 +01:00 [INF] IsAuthenticated: True
2024-11-11 10:25:21.986 +01:00 [INF] UserName: mat@mail.no
2024-11-11 10:25:21.992 +01:00 [INF] Claims: http://schemas.xmlsoap.org/ws/2005/05/identity/claims/nameidentifier: 7164534e-3c53-45f6-aea5-07251a1a36bd, http://schemas.xmlsoap.org/ws/2005/05/identity/claims/name: mat@mail.no, http://schemas.xmlsoap.org/ws/2005/05/identity/claims/emailaddress: mat@mail.no, AspNet.Identity.SecurityStamp: FDXPQPVW4PPOLL7VYOHR7PAFXOOKHZR2
2024-11-11 10:25:21.996 +01:00 [INF] Claim: http://schemas.xmlsoap.org/ws/2005/05/identity/claims/nameidentifier = 7164534e-3c53-45f6-aea5-07251a1a36bd
2024-11-11 10:25:22.001 +01:00 [INF] Claim: http://schemas.xmlsoap.org/ws/2005/05/identity/claims/name = mat@mail.no
2024-11-11 10:25:22.006 +01:00 [INF] Claim: http://schemas.xmlsoap.org/ws/2005/05/identity/claims/emailaddress = mat@mail.no
2024-11-11 10:25:22.015 +01:00 [INF] Claim: AspNet.Identity.SecurityStamp = FDXPQPVW4PPOLL7VYOHR7PAFXOOKHZR2
2024-11-11 10:25:22.026 +01:00 [INF] Returning response: {"isAuthenticated":true,"userName":"mat@mail.no","manageUrl":"/Identity/Account/Manage","logoutUrl":"/Identity/Account/Logout","loginUrl":"/Identity/Account/Login","registerUrl":"/Identity/Account/Register"}
2024-11-11 10:25:22.026 +01:00 [INF] Executing OkObjectResult, writing value of type '<>f__AnonymousType10`6[[System.Boolean, System.Private.CoreLib, Version=8.0.0.0, Culture=neutral, PublicKeyToken=7cec85d7bea7798e],[System.String, System.Private.CoreLib, Version=8.0.0.0, Culture=neutral, PublicKeyToken=7cec85d7bea7798e],[System.String, System.Private.CoreLib, Version=8.0.0.0, Culture=neutral, PublicKeyToken=7cec85d7bea7798e],[System.String, System.Private.CoreLib, Version=8.0.0.0, Culture=neutral, PublicKeyToken=7cec85d7bea7798e],[System.String, System.Private.CoreLib, Version=8.0.0.0, Culture=neutral, PublicKeyToken=7cec85d7bea7798e],[System.String, System.Private.CoreLib, Version=8.0.0.0, Culture=neutral, PublicKeyToken=7cec85d7bea7798e]]'.
2024-11-11 10:25:22.027 +01:00 [INF] Executed action FoodRegistrationTool.Controllers.AuthController.GetUserInfo (api) in 268.3898ms
2024-11-11 10:25:22.027 +01:00 [INF] Executed endpoint 'FoodRegistrationTool.Controllers.AuthController.GetUserInfo (api)'
2024-11-11 10:25:22.027 +01:00 [INF] Request finished HTTP/1.1 GET http://localhost:5194/api/Auth/userinfo - 200 null application/json; charset=utf-8 270.7425ms
2024-11-11 10:25:27.203 +01:00 [INF] Request starting HTTP/1.1 OPTIONS http://localhost:5194/Identity/Account/Logout?ReturnUrl=http%3A%2F%2Flocalhost%3A3000 - null null
2024-11-11 10:25:27.203 +01:00 [INF] CORS policy execution successful.
2024-11-11 10:25:27.205 +01:00 [INF] Request finished HTTP/1.1 OPTIONS http://localhost:5194/Identity/Account/Logout?ReturnUrl=http%3A%2F%2Flocalhost%3A3000 - 204 null null 1.6939ms
2024-11-11 10:25:27.208 +01:00 [INF] Request starting HTTP/1.1 POST http://localhost:5194/Identity/Account/Logout?ReturnUrl=http%3A%2F%2Flocalhost%3A3000 - application/json 0
2024-11-11 10:25:27.209 +01:00 [INF] CORS policy execution successful.
2024-11-11 10:25:27.217 +01:00 [INF] Executing endpoint '/Account/Logout'
2024-11-11 10:25:27.221 +01:00 [INF] Route matched with {page = "/Account/Logout", area = "Identity", action = "", controller = ""}. Executing page /Account/Logout
2024-11-11 10:25:27.224 +01:00 [INF] Antiforgery token validation failed. The required antiforgery header value "RequestVerificationToken" is not present.
Microsoft.AspNetCore.Antiforgery.AntiforgeryValidationException: The required antiforgery header value "RequestVerificationToken" is not present.
   at Microsoft.AspNetCore.Antiforgery.DefaultAntiforgery.ValidateRequestAsync(HttpContext httpContext)
   at Microsoft.AspNetCore.Mvc.ViewFeatures.Filters.ValidateAntiforgeryTokenAuthorizationFilter.OnAuthorizationAsync(AuthorizationFilterContext context)
2024-11-11 10:25:27.268 +01:00 [INF] Authorization failed for the request at filter 'Microsoft.AspNetCore.Mvc.ViewFeatures.Filters.AutoValidateAntiforgeryTokenAuthorizationFilter'.
2024-11-11 10:25:27.272 +01:00 [INF] Executing StatusCodeResult, setting HTTP status code 400
2024-11-11 10:25:27.273 +01:00 [INF] Executed page /Account/Logout in 51.3888ms
2024-11-11 10:25:27.273 +01:00 [INF] Executed endpoint '/Account/Logout'
2024-11-11 10:25:27.273 +01:00 [INF] Request finished HTTP/1.1 POST http://localhost:5194/Identity/Account/Logout?ReturnUrl=http%3A%2F%2Flocalhost%3A3000 - 400 0 null 64.6857ms
2024-11-11 10:25:27.313 +01:00 [INF] Request starting HTTP/1.1 GET http://localhost:5194/Identity/Account/Logout?ReturnUrl=http%3A%2F%2Flocalhost%3A3000 - null null
2024-11-11 10:25:27.317 +01:00 [INF] Executing endpoint '/Account/Logout'
2024-11-11 10:25:27.318 +01:00 [INF] Route matched with {page = "/Account/Logout", area = "Identity", action = "", controller = ""}. Executing page /Account/Logout
2024-11-11 10:25:27.319 +01:00 [INF] Executing an implicit handler method - ModelState is "Valid"
2024-11-11 10:25:27.320 +01:00 [INF] Executed an implicit handler method, returned result Microsoft.AspNetCore.Mvc.RazorPages.PageResult.
2024-11-11 10:25:27.352 +01:00 [INF] Executed page /Account/Logout in 34.3175ms
2024-11-11 10:25:27.352 +01:00 [INF] Executed endpoint '/Account/Logout'
2024-11-11 10:25:27.353 +01:00 [INF] Request finished HTTP/1.1 GET http://localhost:5194/Identity/Account/Logout?ReturnUrl=http%3A%2F%2Flocalhost%3A3000 - 200 null text/html; charset=utf-8 39.2865ms
2024-11-11 10:25:29.155 +01:00 [INF] Request starting HTTP/1.1 POST http://localhost:5194/Identity/Account/Logout?returnUrl=http%3A%2F%2Flocalhost%3A3000 - application/x-www-form-urlencoded 225
2024-11-11 10:25:29.156 +01:00 [INF] CORS policy execution successful.
2024-11-11 10:25:29.158 +01:00 [INF] Executing endpoint '/Account/Logout'
2024-11-11 10:25:29.158 +01:00 [INF] Route matched with {page = "/Account/Logout", area = "Identity", action = "", controller = ""}. Executing page /Account/Logout
2024-11-11 10:25:29.160 +01:00 [INF] Executing handler method api.Areas.Identity.Pages.Account.LogoutModel.OnPost - ModelState is "Valid"
2024-11-11 10:25:29.164 +01:00 [INF] AuthenticationScheme: Identity.Application signed out.
2024-11-11 10:25:29.165 +01:00 [INF] AuthenticationScheme: Identity.External signed out.
2024-11-11 10:25:29.166 +01:00 [INF] AuthenticationScheme: Identity.TwoFactorUserId signed out.
2024-11-11 10:25:29.169 +01:00 [INF] User logged out.
2024-11-11 10:25:29.169 +01:00 [INF] Executed handler method OnPost, returned result Microsoft.AspNetCore.Mvc.RedirectResult.
2024-11-11 10:25:29.170 +01:00 [INF] Executing RedirectResult, redirecting to http://localhost:3000.
2024-11-11 10:25:29.170 +01:00 [INF] Executed page /Account/Logout in 11.8576ms
2024-11-11 10:25:29.170 +01:00 [INF] Executed endpoint '/Account/Logout'
2024-11-11 10:25:29.171 +01:00 [INF] Request finished HTTP/1.1 POST http://localhost:5194/Identity/Account/Logout?returnUrl=http%3A%2F%2Flocalhost%3A3000 - 302 0 null 15.8224ms
2024-11-11 10:25:30.074 +01:00 [INF] Request starting HTTP/1.1 GET http://localhost:5194/api/Auth/userinfo - null null
2024-11-11 10:25:30.075 +01:00 [INF] CORS policy execution successful.
2024-11-11 10:25:30.075 +01:00 [INF] Executing endpoint 'FoodRegistrationTool.Controllers.AuthController.GetUserInfo (api)'
2024-11-11 10:25:30.076 +01:00 [INF] Route matched with {action = "GetUserInfo", controller = "Auth", area = "", page = ""}. Executing controller action with signature System.Threading.Tasks.Task`1[Microsoft.AspNetCore.Mvc.IActionResult] GetUserInfo() on controller FoodRegistrationTool.Controllers.AuthController (api).
2024-11-11 10:25:30.083 +01:00 [INF] Authentication result: False
2024-11-11 10:25:30.091 +01:00 [INF] Request path: /api/Auth/userinfo
2024-11-11 10:25:30.115 +01:00 [INF] Request method: GET
2024-11-11 10:25:30.120 +01:00 [INF] Request scheme: http
2024-11-11 10:25:30.126 +01:00 [INF] Auth Type: 
2024-11-11 10:25:30.166 +01:00 [INF] Identity Name: 
2024-11-11 10:25:30.170 +01:00 [INF] User from UserManager: null
2024-11-11 10:25:30.177 +01:00 [INF] Cookies received: .AspNetCore.Antiforgery.lR7t4MXUUZs=CfDJ8FYKQg2-tzVDp03-Gqv4Alp0e2kDKTpS7ycju9zsrFEctUbGhXGgm-TR2OGRtNiDSW2-yLD_U9ztu3gK8l94pzxhlcgICY-WqKInqucCSG5DxX1CJdczsvzTSLcIdT395LhAveMj_2LRO4FR08fdmRA
2024-11-11 10:25:30.180 +01:00 [INF] GetUserInfo called:
2024-11-11 10:25:30.185 +01:00 [INF] IsAuthenticated: False
2024-11-11 10:25:30.236 +01:00 [INF] UserName: 
2024-11-11 10:25:30.242 +01:00 [INF] Claims: 
2024-11-11 10:25:30.246 +01:00 [INF] Returning response: {"isAuthenticated":false,"userName":null,"manageUrl":"/Identity/Account/Manage","logoutUrl":"/Identity/Account/Logout","loginUrl":"/Identity/Account/Login","registerUrl":"/Identity/Account/Register"}
2024-11-11 10:25:30.246 +01:00 [INF] Executing OkObjectResult, writing value of type '<>f__AnonymousType10`6[[System.Boolean, System.Private.CoreLib, Version=8.0.0.0, Culture=neutral, PublicKeyToken=7cec85d7bea7798e],[System.String, System.Private.CoreLib, Version=8.0.0.0, Culture=neutral, PublicKeyToken=7cec85d7bea7798e],[System.String, System.Private.CoreLib, Version=8.0.0.0, Culture=neutral, PublicKeyToken=7cec85d7bea7798e],[System.String, System.Private.CoreLib, Version=8.0.0.0, Culture=neutral, PublicKeyToken=7cec85d7bea7798e],[System.String, System.Private.CoreLib, Version=8.0.0.0, Culture=neutral, PublicKeyToken=7cec85d7bea7798e],[System.String, System.Private.CoreLib, Version=8.0.0.0, Culture=neutral, PublicKeyToken=7cec85d7bea7798e]]'.
2024-11-11 10:25:30.246 +01:00 [INF] Executed action FoodRegistrationTool.Controllers.AuthController.GetUserInfo (api) in 170.6941ms
2024-11-11 10:25:30.246 +01:00 [INF] Executed endpoint 'FoodRegistrationTool.Controllers.AuthController.GetUserInfo (api)'
2024-11-11 10:25:30.247 +01:00 [INF] Request finished HTTP/1.1 GET http://localhost:5194/api/Auth/userinfo - 200 null application/json; charset=utf-8 172.3083ms
2024-11-11 10:25:30.249 +01:00 [INF] Request starting HTTP/1.1 GET http://localhost:5194/api/Auth/userinfo - null null
2024-11-11 10:25:30.250 +01:00 [INF] CORS policy execution successful.
2024-11-11 10:25:30.250 +01:00 [INF] Executing endpoint 'FoodRegistrationTool.Controllers.AuthController.GetUserInfo (api)'
2024-11-11 10:25:30.251 +01:00 [INF] Route matched with {action = "GetUserInfo", controller = "Auth", area = "", page = ""}. Executing controller action with signature System.Threading.Tasks.Task`1[Microsoft.AspNetCore.Mvc.IActionResult] GetUserInfo() on controller FoodRegistrationTool.Controllers.AuthController (api).
2024-11-11 10:25:30.257 +01:00 [INF] Authentication result: False
2024-11-11 10:25:30.261 +01:00 [INF] Request path: /api/Auth/userinfo
2024-11-11 10:25:30.265 +01:00 [INF] Request method: GET
2024-11-11 10:25:30.269 +01:00 [INF] Request scheme: http
2024-11-11 10:25:30.277 +01:00 [INF] Auth Type: 
2024-11-11 10:25:30.280 +01:00 [INF] Identity Name: 
2024-11-11 10:25:30.284 +01:00 [INF] User from UserManager: null
2024-11-11 10:25:30.287 +01:00 [INF] Cookies received: .AspNetCore.Antiforgery.lR7t4MXUUZs=CfDJ8FYKQg2-tzVDp03-Gqv4Alp0e2kDKTpS7ycju9zsrFEctUbGhXGgm-TR2OGRtNiDSW2-yLD_U9ztu3gK8l94pzxhlcgICY-WqKInqucCSG5DxX1CJdczsvzTSLcIdT395LhAveMj_2LRO4FR08fdmRA
2024-11-11 10:25:30.291 +01:00 [INF] GetUserInfo called:
2024-11-11 10:25:30.294 +01:00 [INF] IsAuthenticated: False
2024-11-11 10:25:30.297 +01:00 [INF] UserName: 
2024-11-11 10:25:30.306 +01:00 [INF] Claims: 
2024-11-11 10:25:30.311 +01:00 [INF] Returning response: {"isAuthenticated":false,"userName":null,"manageUrl":"/Identity/Account/Manage","logoutUrl":"/Identity/Account/Logout","loginUrl":"/Identity/Account/Login","registerUrl":"/Identity/Account/Register"}
2024-11-11 10:25:30.311 +01:00 [INF] Executing OkObjectResult, writing value of type '<>f__AnonymousType10`6[[System.Boolean, System.Private.CoreLib, Version=8.0.0.0, Culture=neutral, PublicKeyToken=7cec85d7bea7798e],[System.String, System.Private.CoreLib, Version=8.0.0.0, Culture=neutral, PublicKeyToken=7cec85d7bea7798e],[System.String, System.Private.CoreLib, Version=8.0.0.0, Culture=neutral, PublicKeyToken=7cec85d7bea7798e],[System.String, System.Private.CoreLib, Version=8.0.0.0, Culture=neutral, PublicKeyToken=7cec85d7bea7798e],[System.String, System.Private.CoreLib, Version=8.0.0.0, Culture=neutral, PublicKeyToken=7cec85d7bea7798e],[System.String, System.Private.CoreLib, Version=8.0.0.0, Culture=neutral, PublicKeyToken=7cec85d7bea7798e]]'.
2024-11-11 10:25:30.311 +01:00 [INF] Executed action FoodRegistrationTool.Controllers.AuthController.GetUserInfo (api) in 60.3232ms
2024-11-11 10:25:30.311 +01:00 [INF] Executed endpoint 'FoodRegistrationTool.Controllers.AuthController.GetUserInfo (api)'
2024-11-11 10:25:30.311 +01:00 [INF] Request finished HTTP/1.1 GET http://localhost:5194/api/Auth/userinfo - 200 null application/json; charset=utf-8 61.9998ms
