2024-11-07 15:11:02.751 +01:00 [INF] User profile is available. Using 'C:\Users\Mats\AppData\Local\ASP.NET\DataProtection-Keys' as key repository and Windows DPAPI to encrypt keys at rest.
2024-11-07 15:11:03.111 +01:00 [INF] Now listening on: https://localhost:7263
2024-11-07 15:11:03.114 +01:00 [INF] Now listening on: http://localhost:5194
2024-11-07 15:11:03.124 +01:00 [INF] Application started. Press Ctrl+C to shut down.
2024-11-07 15:11:03.128 +01:00 [INF] Hosting environment: Development
2024-11-07 15:11:03.132 +01:00 [INF] Content root path: C:\Users\Mats\web-projects\react\exam\api
2024-11-07 15:11:20.744 +01:00 [INF] Request starting HTTP/1.1 GET http://localhost:5194/images/fishandchips.jpg - null null
2024-11-07 15:11:20.744 +01:00 [INF] Request starting HTTP/1.1 GET http://localhost:5194/images/tacos.jpg - null null
2024-11-07 15:11:20.744 +01:00 [INF] Request starting HTTP/1.1 GET http://localhost:5194/images/pizza.jpg - null null
2024-11-07 15:11:20.778 +01:00 [INF] Request finished HTTP/1.1 GET http://localhost:5194/images/tacos.jpg - 307 0 null 36.0642ms
2024-11-07 15:11:20.778 +01:00 [INF] Request finished HTTP/1.1 GET http://localhost:5194/images/fishandchips.jpg - 307 0 null 36.063ms
2024-11-07 15:11:20.783 +01:00 [INF] Request finished HTTP/1.1 GET http://localhost:5194/images/pizza.jpg - 307 0 null 37.7497ms
2024-11-07 15:11:21.179 +01:00 [INF] Request starting HTTP/2 GET https://localhost:7263/images/tacos.jpg - null null
2024-11-07 15:11:21.179 +01:00 [INF] Request starting HTTP/2 GET https://localhost:7263/images/pizza.jpg - null null
2024-11-07 15:11:21.179 +01:00 [INF] Request starting HTTP/2 GET https://localhost:7263/images/fishandchips.jpg - null null
2024-11-07 15:11:21.266 +01:00 [INF] Request finished HTTP/2 GET https://localhost:7263/images/fishandchips.jpg - 404 0 null 87.0067ms
2024-11-07 15:11:21.268 +01:00 [INF] Request finished HTTP/2 GET https://localhost:7263/images/tacos.jpg - 404 0 null 89.1372ms
2024-11-07 15:11:21.268 +01:00 [INF] Request finished HTTP/2 GET https://localhost:7263/images/pizza.jpg - 404 0 null 89.1254ms
2024-11-07 15:11:21.270 +01:00 [INF] Request reached the end of the middleware pipeline without being handled by application code. Request path: GET https://localhost:7263/images/fishandchips.jpg, Response status code: 404
2024-11-07 15:11:21.270 +01:00 [INF] Request reached the end of the middleware pipeline without being handled by application code. Request path: GET https://localhost:7263/images/tacos.jpg, Response status code: 404
2024-11-07 15:11:21.270 +01:00 [INF] Request reached the end of the middleware pipeline without being handled by application code. Request path: GET https://localhost:7263/images/pizza.jpg, Response status code: 404
2024-11-07 15:11:24.433 +01:00 [INF] Request starting HTTP/1.1 GET http://localhost:5194/api/productapi/productlist - null null
2024-11-07 15:11:24.434 +01:00 [INF] Request finished HTTP/1.1 GET http://localhost:5194/api/productapi/productlist - 307 0 null 0.6688ms
2024-11-07 15:11:24.438 +01:00 [INF] Request starting HTTP/1.1 GET http://localhost:5194/api/productapi/productlist - null null
2024-11-07 15:11:24.439 +01:00 [INF] Request finished HTTP/1.1 GET http://localhost:5194/api/productapi/productlist - 307 0 null 0.7882ms
2024-11-07 15:16:14.071 +01:00 [INF] Request starting HTTP/1.1 GET http://localhost:5194/api/productapi/productlist - null null
2024-11-07 15:16:14.076 +01:00 [INF] Request finished HTTP/1.1 GET http://localhost:5194/api/productapi/productlist - 307 0 null 5.4915ms
