2024-11-08 10:53:00.982 +01:00 [INF] Now listening on: https://localhost:7263
2024-11-08 10:53:00.992 +01:00 [INF] Now listening on: http://localhost:5194
2024-11-08 10:53:01.002 +01:00 [INF] Application started. Press Ctrl+C to shut down.
2024-11-08 10:53:01.006 +01:00 [INF] Hosting environment: Development
2024-11-08 10:53:01.009 +01:00 [INF] Content root path: C:\Users\Mats\web-projects\react\exam\api
2024-11-08 10:54:04.859 +01:00 [INF] Request starting HTTP/1.1 GET http://localhost:5194/api/productapi/productlist - null null
2024-11-08 10:54:04.954 +01:00 [INF] CORS policy execution successful.
2024-11-08 10:54:04.960 +01:00 [INF] Executing endpoint 'FoodRegistrationTool.Controllers.ProductAPIController.ProductList (api)'
2024-11-08 10:54:04.993 +01:00 [INF] Route matched with {action = "ProductList", controller = "ProductAPI"}. Executing controller action with signature System.Threading.Tasks.Task`1[Microsoft.AspNetCore.Mvc.IActionResult] ProductList() on controller FoodRegistrationTool.Controllers.ProductAPIController (api).
2024-11-08 10:54:05.121 +01:00 [INF] Executing OkObjectResult, writing value of type 'System.Linq.Enumerable+SelectListIterator`2[[FoodRegistrationTool.Models.Product, api, Version=1.0.0.0, Culture=neutral, PublicKeyToken=null],[FoodRegistrationTool.DTOs.ProductDto, api, Version=1.0.0.0, Culture=neutral, PublicKeyToken=null]]'.
2024-11-08 10:54:05.212 +01:00 [INF] Request starting HTTP/1.1 GET http://localhost:5194/api/productapi/productlist - null null
2024-11-08 10:54:05.213 +01:00 [INF] Executed action FoodRegistrationTool.Controllers.ProductAPIController.ProductList (api) in 214.3946ms
2024-11-08 10:54:05.215 +01:00 [INF] Executed endpoint 'FoodRegistrationTool.Controllers.ProductAPIController.ProductList (api)'
2024-11-08 10:54:05.218 +01:00 [INF] CORS policy execution successful.
2024-11-08 10:54:05.219 +01:00 [INF] Executing endpoint 'FoodRegistrationTool.Controllers.ProductAPIController.ProductList (api)'
2024-11-08 10:54:05.219 +01:00 [INF] Route matched with {action = "ProductList", controller = "ProductAPI"}. Executing controller action with signature System.Threading.Tasks.Task`1[Microsoft.AspNetCore.Mvc.IActionResult] ProductList() on controller FoodRegistrationTool.Controllers.ProductAPIController (api).
2024-11-08 10:54:05.222 +01:00 [INF] Request finished HTTP/1.1 GET http://localhost:5194/api/productapi/productlist - 200 null application/json; charset=utf-8 368.3178ms
2024-11-08 10:54:05.288 +01:00 [INF] Executing OkObjectResult, writing value of type 'System.Linq.Enumerable+SelectListIterator`2[[FoodRegistrationTool.Models.Product, api, Version=1.0.0.0, Culture=neutral, PublicKeyToken=null],[FoodRegistrationTool.DTOs.ProductDto, api, Version=1.0.0.0, Culture=neutral, PublicKeyToken=null]]'.
2024-11-08 10:54:05.289 +01:00 [INF] Executed action FoodRegistrationTool.Controllers.ProductAPIController.ProductList (api) in 69.6803ms
2024-11-08 10:54:05.289 +01:00 [INF] Executed endpoint 'FoodRegistrationTool.Controllers.ProductAPIController.ProductList (api)'
2024-11-08 10:54:05.290 +01:00 [INF] Request finished HTTP/1.1 GET http://localhost:5194/api/productapi/productlist - 200 null application/json; charset=utf-8 77.7437ms
2024-11-08 10:54:05.566 +01:00 [INF] Request starting HTTP/1.1 GET http://localhost:5194/images/pizza.jpg - null null
2024-11-08 10:54:05.587 +01:00 [INF] Request finished HTTP/1.1 GET http://localhost:5194/images/pizza.jpg - 404 0 null 21.3307ms
2024-11-08 10:54:05.589 +01:00 [INF] Request reached the end of the middleware pipeline without being handled by application code. Request path: GET http://localhost:5194/images/pizza.jpg, Response status code: 404
2024-11-08 10:54:05.612 +01:00 [INF] Request starting HTTP/1.1 GET http://localhost:5194/images/frenchfries.jpg - null null
2024-11-08 10:54:05.616 +01:00 [INF] Request starting HTTP/1.1 GET http://localhost:5194/images/chickenleg.jpg - null null
2024-11-08 10:54:05.622 +01:00 [INF] Request finished HTTP/1.1 GET http://localhost:5194/images/frenchfries.jpg - 404 0 null 9.9508ms
2024-11-08 10:54:05.627 +01:00 [INF] Request finished HTTP/1.1 GET http://localhost:5194/images/chickenleg.jpg - 404 0 null 6.8122ms
2024-11-08 10:54:05.627 +01:00 [INF] Request reached the end of the middleware pipeline without being handled by application code. Request path: GET http://localhost:5194/images/frenchfries.jpg, Response status code: 404
2024-11-08 10:54:05.632 +01:00 [INF] Request reached the end of the middleware pipeline without being handled by application code. Request path: GET http://localhost:5194/images/chickenleg.jpg, Response status code: 404
2024-11-08 10:54:05.636 +01:00 [INF] Request starting HTTP/1.1 GET http://localhost:5194/images/fishandchips.jpg - null null
2024-11-08 10:54:05.638 +01:00 [INF] Request starting HTTP/1.1 GET http://localhost:5194/images/tacos.jpg - null null
2024-11-08 10:54:05.638 +01:00 [INF] Request starting HTTP/1.1 GET http://localhost:5194/images/ribs.jpg - null null
2024-11-08 10:54:05.642 +01:00 [INF] Request finished HTTP/1.1 GET http://localhost:5194/images/fishandchips.jpg - 404 0 null 9.9777ms
2024-11-08 10:54:05.643 +01:00 [INF] Request reached the end of the middleware pipeline without being handled by application code. Request path: GET http://localhost:5194/images/fishandchips.jpg, Response status code: 404
2024-11-08 10:54:05.643 +01:00 [INF] Request finished HTTP/1.1 GET http://localhost:5194/images/tacos.jpg - 404 0 null 5.2441ms
2024-11-08 10:54:05.647 +01:00 [INF] Request reached the end of the middleware pipeline without being handled by application code. Request path: GET http://localhost:5194/images/tacos.jpg, Response status code: 404
2024-11-08 10:54:05.647 +01:00 [INF] Request finished HTTP/1.1 GET http://localhost:5194/images/ribs.jpg - 404 0 null 9.2807ms
2024-11-08 10:54:05.647 +01:00 [INF] Request reached the end of the middleware pipeline without being handled by application code. Request path: GET http://localhost:5194/images/ribs.jpg, Response status code: 404
2024-11-08 10:54:05.656 +01:00 [INF] Request starting HTTP/1.1 GET http://localhost:5194/images/cider.jpg - null null
2024-11-08 10:54:05.658 +01:00 [INF] Request finished HTTP/1.1 GET http://localhost:5194/images/cider.jpg - 404 0 null 5.3437ms
2024-11-08 10:54:05.658 +01:00 [INF] Request reached the end of the middleware pipeline without being handled by application code. Request path: GET http://localhost:5194/images/cider.jpg, Response status code: 404
