2024-11-07 14:39:41.568 +01:00 [INF] User profile is available. Using 'C:\Users\Mats\AppData\Local\ASP.NET\DataProtection-Keys' as key repository and Windows DPAPI to encrypt keys at rest.
2024-11-07 14:39:41.983 +01:00 [INF] Now listening on: https://localhost:7263
2024-11-07 14:39:41.987 +01:00 [INF] Now listening on: http://localhost:5194
2024-11-07 14:39:42.002 +01:00 [INF] Application started. Press Ctrl+C to shut down.
2024-11-07 14:39:42.007 +01:00 [INF] Hosting environment: Development
2024-11-07 14:39:42.010 +01:00 [INF] Content root path: C:\Users\Mats\web-projects\react\exam\api
2024-11-07 14:39:44.979 +01:00 [INF] Request starting HTTP/1.1 GET http://localhost:5194/api/productapi/productlist - null null
2024-11-07 14:39:45.015 +01:00 [INF] Request finished HTTP/1.1 GET http://localhost:5194/api/productapi/productlist - 307 0 null 39.3674ms
2024-11-07 14:39:45.023 +01:00 [INF] Request starting HTTP/1.1 GET http://localhost:5194/api/productapi/productlist - null null
2024-11-07 14:39:45.026 +01:00 [INF] Request finished HTTP/1.1 GET http://localhost:5194/api/productapi/productlist - 307 0 null 2.4269ms
2024-11-07 14:39:53.367 +01:00 [INF] Request starting HTTP/1.1 GET http://localhost:5194/swagger/index.html - null null
2024-11-07 14:39:53.370 +01:00 [INF] Request finished HTTP/1.1 GET http://localhost:5194/swagger/index.html - 307 0 null 2.9499ms
2024-11-07 14:39:53.583 +01:00 [INF] Request starting HTTP/2 GET https://localhost:7263/swagger/index.html - null null
2024-11-07 14:39:53.854 +01:00 [INF] Request finished HTTP/2 GET https://localhost:7263/swagger/index.html - 200 null text/html;charset=utf-8 271.173ms
2024-11-07 14:39:54.003 +01:00 [INF] Request starting HTTP/2 GET https://localhost:7263/swagger/swagger-ui.css - null null
2024-11-07 14:39:54.003 +01:00 [INF] Request starting HTTP/2 GET https://localhost:7263/swagger/swagger-ui-bundle.js - null null
2024-11-07 14:39:54.011 +01:00 [INF] Request starting HTTP/2 GET https://localhost:7263/swagger/swagger-ui-standalone-preset.js - null null
2024-11-07 14:39:54.120 +01:00 [INF] Sending file. Request path: '/swagger-ui.css'. Physical path: 'N/A'
2024-11-07 14:39:54.129 +01:00 [INF] Sending file. Request path: '/swagger-ui-standalone-preset.js'. Physical path: 'N/A'
2024-11-07 14:39:54.130 +01:00 [INF] Request finished HTTP/2 GET https://localhost:7263/swagger/swagger-ui.css - 200 143943 text/css 127.3522ms
2024-11-07 14:39:54.137 +01:00 [INF] Request finished HTTP/2 GET https://localhost:7263/swagger/swagger-ui-standalone-preset.js - 200 339486 text/javascript 125.2856ms
2024-11-07 14:39:54.203 +01:00 [INF] Sending file. Request path: '/swagger-ui-bundle.js'. Physical path: 'N/A'
2024-11-07 14:39:54.204 +01:00 [INF] Request finished HTTP/2 GET https://localhost:7263/swagger/swagger-ui-bundle.js - 200 1096145 text/javascript 200.5902ms
2024-11-07 14:39:54.795 +01:00 [INF] Request starting HTTP/2 GET https://localhost:7263/swagger/v1/swagger.json - null null
2024-11-07 14:39:54.829 +01:00 [INF] Request starting HTTP/2 GET https://localhost:7263/swagger/favicon-32x32.png - null null
2024-11-07 14:39:54.830 +01:00 [INF] Sending file. Request path: '/favicon-32x32.png'. Physical path: 'N/A'
2024-11-07 14:39:54.831 +01:00 [INF] Request finished HTTP/2 GET https://localhost:7263/swagger/favicon-32x32.png - 200 628 image/png 2.0251ms
2024-11-07 14:39:55.111 +01:00 [INF] Request finished HTTP/2 GET https://localhost:7263/swagger/v1/swagger.json - 200 null application/json;charset=utf-8 316.092ms
2024-11-07 14:41:05.871 +01:00 [INF] Request starting HTTP/1.1 OPTIONS http://localhost:5194/api/productapi/create - null null
2024-11-07 14:41:05.871 +01:00 [INF] Request finished HTTP/1.1 OPTIONS http://localhost:5194/api/productapi/create - 307 0 null 0.6513ms
2024-11-07 14:41:09.835 +01:00 [INF] Request starting HTTP/1.1 GET http://localhost:5194/api/productapi/productlist - null null
2024-11-07 14:41:09.835 +01:00 [INF] Request finished HTTP/1.1 GET http://localhost:5194/api/productapi/productlist - 307 0 null 0.5534ms
2024-11-07 14:41:09.840 +01:00 [INF] Request starting HTTP/1.1 GET http://localhost:5194/api/productapi/productlist - null null
2024-11-07 14:41:09.841 +01:00 [INF] Request finished HTTP/1.1 GET http://localhost:5194/api/productapi/productlist - 307 0 null 0.6991ms
