2024-11-15 23:29:15.518 +01:00 [INF] User profile is available. Using 'C:\Users\Mats\AppData\Local\ASP.NET\DataProtection-Keys' as key repository and Windows DPAPI to encrypt keys at rest.
2024-11-15 23:29:15.904 +01:00 [INF] Now listening on: https://localhost:7263
2024-11-15 23:29:15.906 +01:00 [INF] Now listening on: http://localhost:5194
2024-11-15 23:29:15.913 +01:00 [INF] Application started. Press Ctrl+C to shut down.
2024-11-15 23:29:15.916 +01:00 [INF] Hosting environment: Development
2024-11-15 23:29:15.918 +01:00 [INF] Content root path: C:\Users\Mats\web-projects\react\exam\api
2024-11-15 23:29:38.110 +01:00 [INF] Request starting HTTP/1.1 GET http://localhost:5194/api/productapi/productlist - null null
2024-11-15 23:29:38.234 +01:00 [INF] CORS policy execution successful.
2024-11-15 23:29:38.258 +01:00 [INF] Executing endpoint 'FoodRegistrationTool.Controllers.ProductAPIController.ProductList (api)'
2024-11-15 23:29:38.296 +01:00 [INF] Route matched with {action = "ProductList", controller = "ProductAPI", area = "", page = ""}. Executing controller action with signature System.Threading.Tasks.Task`1[Microsoft.AspNetCore.Mvc.IActionResult] ProductList() on controller FoodRegistrationTool.Controllers.ProductAPIController (api).
2024-11-15 23:29:40.025 +01:00 [INF] Executing OkObjectResult, writing value of type 'System.Linq.Enumerable+SelectListIterator`2[[FoodRegistrationTool.Models.Product, api, Version=1.0.0.0, Culture=neutral, PublicKeyToken=null],[FoodRegistrationTool.DTOs.ProductDto, api, Version=1.0.0.0, Culture=neutral, PublicKeyToken=null]]'.
2024-11-15 23:29:40.101 +01:00 [INF] Request starting HTTP/1.1 GET http://localhost:5194/api/productapi/productlist - null null
2024-11-15 23:29:40.102 +01:00 [INF] Executed action FoodRegistrationTool.Controllers.ProductAPIController.ProductList (api) in 1799.7571ms
2024-11-15 23:29:40.103 +01:00 [INF] Executed endpoint 'FoodRegistrationTool.Controllers.ProductAPIController.ProductList (api)'
2024-11-15 23:29:40.107 +01:00 [INF] CORS policy execution successful.
2024-11-15 23:29:40.109 +01:00 [INF] Executing endpoint 'FoodRegistrationTool.Controllers.ProductAPIController.ProductList (api)'
2024-11-15 23:29:40.110 +01:00 [INF] Route matched with {action = "ProductList", controller = "ProductAPI", area = "", page = ""}. Executing controller action with signature System.Threading.Tasks.Task`1[Microsoft.AspNetCore.Mvc.IActionResult] ProductList() on controller FoodRegistrationTool.Controllers.ProductAPIController (api).
2024-11-15 23:29:40.117 +01:00 [INF] Request finished HTTP/1.1 GET http://localhost:5194/api/productapi/productlist - 200 null application/json; charset=utf-8 2011.4387ms
2024-11-15 23:29:40.140 +01:00 [INF] Executing OkObjectResult, writing value of type 'System.Linq.Enumerable+SelectListIterator`2[[FoodRegistrationTool.Models.Product, api, Version=1.0.0.0, Culture=neutral, PublicKeyToken=null],[FoodRegistrationTool.DTOs.ProductDto, api, Version=1.0.0.0, Culture=neutral, PublicKeyToken=null]]'.
2024-11-15 23:29:40.141 +01:00 [INF] Executed action FoodRegistrationTool.Controllers.ProductAPIController.ProductList (api) in 31.1199ms
2024-11-15 23:29:40.141 +01:00 [INF] Executed endpoint 'FoodRegistrationTool.Controllers.ProductAPIController.ProductList (api)'
2024-11-15 23:29:40.142 +01:00 [INF] Request finished HTTP/1.1 GET http://localhost:5194/api/productapi/productlist - 200 null application/json; charset=utf-8 41.297ms
2024-11-15 23:29:49.134 +01:00 [INF] Request starting HTTP/1.1 GET http://localhost:5194/api/Auth/userinfo - null null
2024-11-15 23:29:49.137 +01:00 [INF] CORS policy execution successful.
2024-11-15 23:29:49.152 +01:00 [INF] Executing endpoint 'FoodRegistrationTool.Controllers.AuthController.GetUserInfo (api)'
2024-11-15 23:29:49.162 +01:00 [INF] Route matched with {action = "GetUserInfo", controller = "Auth", area = "", page = ""}. Executing controller action with signature System.Threading.Tasks.Task`1[Microsoft.AspNetCore.Mvc.IActionResult] GetUserInfo() on controller FoodRegistrationTool.Controllers.AuthController (api).
2024-11-15 23:29:49.188 +01:00 [INF] Authentication result: True
2024-11-15 23:29:49.193 +01:00 [INF] Principal Name from auth result: mat@mail.no
2024-11-15 23:29:49.197 +01:00 [INF] Request path: /api/Auth/userinfo
2024-11-15 23:29:49.200 +01:00 [INF] Request method: GET
2024-11-15 23:29:49.203 +01:00 [INF] Request scheme: http
2024-11-15 23:29:49.207 +01:00 [INF] Auth Type: Identity.Application
2024-11-15 23:29:49.210 +01:00 [INF] Identity Name: mat@mail.no
2024-11-15 23:29:49.560 +01:00 [INF] User from UserManager: mat@mail.no
2024-11-15 23:29:49.565 +01:00 [INF] Cookies received: .AspNetCore.Antiforgery.lR7t4MXUUZs=CfDJ8FYKQg2-tzVDp03-Gqv4Alp0e2kDKTpS7ycju9zsrFEctUbGhXGgm-TR2OGRtNiDSW2-yLD_U9ztu3gK8l94pzxhlcgICY-WqKInqucCSG5DxX1CJdczsvzTSLcIdT395LhAveMj_2LRO4FR08fdmRA, .AspNetCore.Antiforgery.dw7AqgzwEUQ=CfDJ8FYKQg2-tzVDp03-Gqv4AlpuJ5WrZvfgIbXDPlmvconEJ-859cdE6UsmGy6Ny_h3xsB8bbMaYwmszbCZtWzqapxdW81rlL4KfGCSslVgx3lRLADMmzN7o6yVPQJ44NQ3MnhGpLSl3G4_OADRKjpKDNY, .AspNetCore.Identity.Application=CfDJ8FYKQg2-tzVDp03-Gqv4AlrVKDUXh-U4Yz4d_Ps03kRC8sStlVUc6zok3dGe8Be2jfyC2N6eknl7PiH9cnK6ugInZu22prkNQ2J36yuKpTeLlvgFeS2ZyDIOBaisruStEAVOy-gAW8tuVeUFRpnShbqZmB9Cya5-PcvZARbTS_JMtCTAMSQGGXJVxmNuBH49FPr_z3XWb-0gEm8rlivZQYYGi2F3OQhN8emKlkPVGIHSARP1fPq88xQjjXPRqLSqeOrhA17TFhnaVRReOn3eMFQXOCSX1PYXzml3r6tKD4dthPFZyIWDIFkoothAvsuQky3-7XVqkUjjPWddH5iSoNBOPaSSCoolfjoqoJWwIilhe0k9V1NU4qjVqlGrM_GhqQ4TOu5ueP2ulFfqquEoqU8aKvSDsLsg_u-p8vjMAQl6i3KptPpjm0U_bhXJAKcvMEg0E00salyuL1WBvQLxKuxdD6Ub0usJxZpnbJM6HGsGuMMn-X1XgEdZc9xTJz5Zty74krOosZ0LXUPXSl3m_vE80SFGmaJ2KqFjlLCdnORQM2RG3D-aZdqzrJDz_AWNziEmvUZgw89UEM8rRx3LV6zDHzCiXxZ6uCDtBvzP3mMdMi9jet7E4bMjl4pOvfXh-1JLvZEFLgNGeOi9iEw5DCmTwMi-oXXtRTWUYZna4JeYIyoksuq38Dfy9ttfhl5mayp7iSNDyLs2NFYMuZ6CyEvrqjTmgFZEccG0Yvmn9zbW
2024-11-15 23:29:49.568 +01:00 [INF] GetUserInfo called:
2024-11-15 23:29:49.571 +01:00 [INF] IsAuthenticated: True
2024-11-15 23:29:49.575 +01:00 [INF] UserName: mat@mail.no
2024-11-15 23:29:49.580 +01:00 [INF] Claims: http://schemas.xmlsoap.org/ws/2005/05/identity/claims/nameidentifier: 8df6c300-5642-4f3b-886c-ab5b35131618, http://schemas.xmlsoap.org/ws/2005/05/identity/claims/name: mat@mail.no, http://schemas.xmlsoap.org/ws/2005/05/identity/claims/emailaddress: mat@mail.no, AspNet.Identity.SecurityStamp: ZKOOAEV6UFQX5UCYRLBA3XDYCB7J6EQZ
2024-11-15 23:29:49.584 +01:00 [INF] Claim: http://schemas.xmlsoap.org/ws/2005/05/identity/claims/nameidentifier = 8df6c300-5642-4f3b-886c-ab5b35131618
2024-11-15 23:29:49.587 +01:00 [INF] Claim: http://schemas.xmlsoap.org/ws/2005/05/identity/claims/name = mat@mail.no
2024-11-15 23:29:49.591 +01:00 [INF] Claim: http://schemas.xmlsoap.org/ws/2005/05/identity/claims/emailaddress = mat@mail.no
2024-11-15 23:29:49.594 +01:00 [INF] Claim: AspNet.Identity.SecurityStamp = ZKOOAEV6UFQX5UCYRLBA3XDYCB7J6EQZ
2024-11-15 23:29:49.614 +01:00 [INF] Returning response: {"isAuthenticated":true,"userName":"mat@mail.no","manageUrl":"/Identity/Account/Manage","logoutUrl":"/Identity/Account/Logout","loginUrl":"/Identity/Account/Login","registerUrl":"/Identity/Account/Register"}
2024-11-15 23:29:49.615 +01:00 [INF] Executing OkObjectResult, writing value of type '<>f__AnonymousType10`6[[System.Boolean, System.Private.CoreLib, Version=8.0.0.0, Culture=neutral, PublicKeyToken=7cec85d7bea7798e],[System.String, System.Private.CoreLib, Version=8.0.0.0, Culture=neutral, PublicKeyToken=7cec85d7bea7798e],[System.String, System.Private.CoreLib, Version=8.0.0.0, Culture=neutral, PublicKeyToken=7cec85d7bea7798e],[System.String, System.Private.CoreLib, Version=8.0.0.0, Culture=neutral, PublicKeyToken=7cec85d7bea7798e],[System.String, System.Private.CoreLib, Version=8.0.0.0, Culture=neutral, PublicKeyToken=7cec85d7bea7798e],[System.String, System.Private.CoreLib, Version=8.0.0.0, Culture=neutral, PublicKeyToken=7cec85d7bea7798e]]'.
2024-11-15 23:29:49.617 +01:00 [INF] Executed action FoodRegistrationTool.Controllers.AuthController.GetUserInfo (api) in 454.85ms
2024-11-15 23:29:49.617 +01:00 [INF] Executed endpoint 'FoodRegistrationTool.Controllers.AuthController.GetUserInfo (api)'
2024-11-15 23:29:49.618 +01:00 [INF] Request finished HTTP/1.1 GET http://localhost:5194/api/Auth/userinfo - 200 null application/json; charset=utf-8 484.3903ms
2024-11-15 23:29:49.620 +01:00 [INF] Request starting HTTP/1.1 GET http://localhost:5194/api/Auth/userinfo - null null
2024-11-15 23:29:49.621 +01:00 [INF] CORS policy execution successful.
2024-11-15 23:29:49.623 +01:00 [INF] Executing endpoint 'FoodRegistrationTool.Controllers.AuthController.GetUserInfo (api)'
2024-11-15 23:29:49.623 +01:00 [INF] Route matched with {action = "GetUserInfo", controller = "Auth", area = "", page = ""}. Executing controller action with signature System.Threading.Tasks.Task`1[Microsoft.AspNetCore.Mvc.IActionResult] GetUserInfo() on controller FoodRegistrationTool.Controllers.AuthController (api).
2024-11-15 23:29:49.632 +01:00 [INF] Authentication result: True
2024-11-15 23:29:49.635 +01:00 [INF] Principal Name from auth result: mat@mail.no
2024-11-15 23:29:49.638 +01:00 [INF] Request path: /api/Auth/userinfo
2024-11-15 23:29:49.642 +01:00 [INF] Request method: GET
2024-11-15 23:29:49.645 +01:00 [INF] Request scheme: http
2024-11-15 23:29:49.650 +01:00 [INF] Auth Type: Identity.Application
2024-11-15 23:29:49.654 +01:00 [INF] Identity Name: mat@mail.no
2024-11-15 23:29:49.673 +01:00 [INF] User from UserManager: mat@mail.no
2024-11-15 23:29:49.677 +01:00 [INF] Cookies received: .AspNetCore.Antiforgery.lR7t4MXUUZs=CfDJ8FYKQg2-tzVDp03-Gqv4Alp0e2kDKTpS7ycju9zsrFEctUbGhXGgm-TR2OGRtNiDSW2-yLD_U9ztu3gK8l94pzxhlcgICY-WqKInqucCSG5DxX1CJdczsvzTSLcIdT395LhAveMj_2LRO4FR08fdmRA, .AspNetCore.Antiforgery.dw7AqgzwEUQ=CfDJ8FYKQg2-tzVDp03-Gqv4AlpuJ5WrZvfgIbXDPlmvconEJ-859cdE6UsmGy6Ny_h3xsB8bbMaYwmszbCZtWzqapxdW81rlL4KfGCSslVgx3lRLADMmzN7o6yVPQJ44NQ3MnhGpLSl3G4_OADRKjpKDNY, .AspNetCore.Identity.Application=CfDJ8FYKQg2-tzVDp03-Gqv4AlrVKDUXh-U4Yz4d_Ps03kRC8sStlVUc6zok3dGe8Be2jfyC2N6eknl7PiH9cnK6ugInZu22prkNQ2J36yuKpTeLlvgFeS2ZyDIOBaisruStEAVOy-gAW8tuVeUFRpnShbqZmB9Cya5-PcvZARbTS_JMtCTAMSQGGXJVxmNuBH49FPr_z3XWb-0gEm8rlivZQYYGi2F3OQhN8emKlkPVGIHSARP1fPq88xQjjXPRqLSqeOrhA17TFhnaVRReOn3eMFQXOCSX1PYXzml3r6tKD4dthPFZyIWDIFkoothAvsuQky3-7XVqkUjjPWddH5iSoNBOPaSSCoolfjoqoJWwIilhe0k9V1NU4qjVqlGrM_GhqQ4TOu5ueP2ulFfqquEoqU8aKvSDsLsg_u-p8vjMAQl6i3KptPpjm0U_bhXJAKcvMEg0E00salyuL1WBvQLxKuxdD6Ub0usJxZpnbJM6HGsGuMMn-X1XgEdZc9xTJz5Zty74krOosZ0LXUPXSl3m_vE80SFGmaJ2KqFjlLCdnORQM2RG3D-aZdqzrJDz_AWNziEmvUZgw89UEM8rRx3LV6zDHzCiXxZ6uCDtBvzP3mMdMi9jet7E4bMjl4pOvfXh-1JLvZEFLgNGeOi9iEw5DCmTwMi-oXXtRTWUYZna4JeYIyoksuq38Dfy9ttfhl5mayp7iSNDyLs2NFYMuZ6CyEvrqjTmgFZEccG0Yvmn9zbW
2024-11-15 23:29:49.685 +01:00 [INF] GetUserInfo called:
2024-11-15 23:29:49.691 +01:00 [INF] IsAuthenticated: True
2024-11-15 23:29:49.694 +01:00 [INF] UserName: mat@mail.no
2024-11-15 23:29:49.698 +01:00 [INF] Claims: http://schemas.xmlsoap.org/ws/2005/05/identity/claims/nameidentifier: 8df6c300-5642-4f3b-886c-ab5b35131618, http://schemas.xmlsoap.org/ws/2005/05/identity/claims/name: mat@mail.no, http://schemas.xmlsoap.org/ws/2005/05/identity/claims/emailaddress: mat@mail.no, AspNet.Identity.SecurityStamp: ZKOOAEV6UFQX5UCYRLBA3XDYCB7J6EQZ
2024-11-15 23:29:49.719 +01:00 [INF] Claim: http://schemas.xmlsoap.org/ws/2005/05/identity/claims/nameidentifier = 8df6c300-5642-4f3b-886c-ab5b35131618
2024-11-15 23:29:49.727 +01:00 [INF] Claim: http://schemas.xmlsoap.org/ws/2005/05/identity/claims/name = mat@mail.no
2024-11-15 23:29:49.731 +01:00 [INF] Claim: http://schemas.xmlsoap.org/ws/2005/05/identity/claims/emailaddress = mat@mail.no
2024-11-15 23:29:49.734 +01:00 [INF] Claim: AspNet.Identity.SecurityStamp = ZKOOAEV6UFQX5UCYRLBA3XDYCB7J6EQZ
2024-11-15 23:29:49.740 +01:00 [INF] Returning response: {"isAuthenticated":true,"userName":"mat@mail.no","manageUrl":"/Identity/Account/Manage","logoutUrl":"/Identity/Account/Logout","loginUrl":"/Identity/Account/Login","registerUrl":"/Identity/Account/Register"}
2024-11-15 23:29:49.741 +01:00 [INF] Executing OkObjectResult, writing value of type '<>f__AnonymousType10`6[[System.Boolean, System.Private.CoreLib, Version=8.0.0.0, Culture=neutral, PublicKeyToken=7cec85d7bea7798e],[System.String, System.Private.CoreLib, Version=8.0.0.0, Culture=neutral, PublicKeyToken=7cec85d7bea7798e],[System.String, System.Private.CoreLib, Version=8.0.0.0, Culture=neutral, PublicKeyToken=7cec85d7bea7798e],[System.String, System.Private.CoreLib, Version=8.0.0.0, Culture=neutral, PublicKeyToken=7cec85d7bea7798e],[System.String, System.Private.CoreLib, Version=8.0.0.0, Culture=neutral, PublicKeyToken=7cec85d7bea7798e],[System.String, System.Private.CoreLib, Version=8.0.0.0, Culture=neutral, PublicKeyToken=7cec85d7bea7798e]]'.
2024-11-15 23:29:49.741 +01:00 [INF] Executed action FoodRegistrationTool.Controllers.AuthController.GetUserInfo (api) in 117.9776ms
2024-11-15 23:29:49.742 +01:00 [INF] Executed endpoint 'FoodRegistrationTool.Controllers.AuthController.GetUserInfo (api)'
2024-11-15 23:29:49.743 +01:00 [INF] Request finished HTTP/1.1 GET http://localhost:5194/api/Auth/userinfo - 200 null application/json; charset=utf-8 123.245ms
2024-11-15 23:29:55.990 +01:00 [INF] Request starting HTTP/1.1 OPTIONS http://localhost:5194/api/productapi/calculatescore - null null
2024-11-15 23:29:55.990 +01:00 [INF] CORS policy execution successful.
2024-11-15 23:29:55.992 +01:00 [INF] Request finished HTTP/1.1 OPTIONS http://localhost:5194/api/productapi/calculatescore - 204 null null 2.2948ms
2024-11-15 23:29:55.995 +01:00 [INF] Request starting HTTP/1.1 POST http://localhost:5194/api/productapi/calculatescore - application/json 110
2024-11-15 23:29:55.995 +01:00 [INF] CORS policy execution successful.
2024-11-15 23:29:55.996 +01:00 [INF] Executing endpoint 'FoodRegistrationTool.Controllers.ProductAPIController.CalculateNutritionScore (api)'
2024-11-15 23:29:56.007 +01:00 [INF] Route matched with {action = "CalculateNutritionScore", controller = "ProductAPI", area = "", page = ""}. Executing controller action with signature System.Threading.Tasks.Task`1[Microsoft.AspNetCore.Mvc.IActionResult] CalculateNutritionScore(NutritionCalculationRequest) on controller FoodRegistrationTool.Controllers.ProductAPIController (api).
2024-11-15 23:29:56.064 +01:00 [INF] Executing OkObjectResult, writing value of type 'System.String'.
2024-11-15 23:29:56.065 +01:00 [INF] Executed action FoodRegistrationTool.Controllers.ProductAPIController.CalculateNutritionScore (api) in 58.4211ms
2024-11-15 23:29:56.065 +01:00 [INF] Executed endpoint 'FoodRegistrationTool.Controllers.ProductAPIController.CalculateNutritionScore (api)'
2024-11-15 23:29:56.066 +01:00 [INF] Request finished HTTP/1.1 POST http://localhost:5194/api/productapi/calculatescore - 200 null text/plain; charset=utf-8 71.0355ms
2024-11-15 23:29:56.207 +01:00 [INF] Request starting HTTP/1.1 POST http://localhost:5194/api/productapi/calculatescore - application/json 111
2024-11-15 23:29:56.207 +01:00 [INF] CORS policy execution successful.
2024-11-15 23:29:56.207 +01:00 [INF] Executing endpoint 'FoodRegistrationTool.Controllers.ProductAPIController.CalculateNutritionScore (api)'
2024-11-15 23:29:56.208 +01:00 [INF] Route matched with {action = "CalculateNutritionScore", controller = "ProductAPI", area = "", page = ""}. Executing controller action with signature System.Threading.Tasks.Task`1[Microsoft.AspNetCore.Mvc.IActionResult] CalculateNutritionScore(NutritionCalculationRequest) on controller FoodRegistrationTool.Controllers.ProductAPIController (api).
2024-11-15 23:29:56.210 +01:00 [INF] Executing OkObjectResult, writing value of type 'System.String'.
2024-11-15 23:29:56.210 +01:00 [INF] Executed action FoodRegistrationTool.Controllers.ProductAPIController.CalculateNutritionScore (api) in 2.2696ms
2024-11-15 23:29:56.210 +01:00 [INF] Executed endpoint 'FoodRegistrationTool.Controllers.ProductAPIController.CalculateNutritionScore (api)'
2024-11-15 23:29:56.210 +01:00 [INF] Request finished HTTP/1.1 POST http://localhost:5194/api/productapi/calculatescore - 200 null text/plain; charset=utf-8 3.4953ms
2024-11-15 23:29:56.659 +01:00 [INF] Request starting HTTP/1.1 POST http://localhost:5194/api/productapi/calculatescore - application/json 110
2024-11-15 23:29:56.660 +01:00 [INF] CORS policy execution successful.
2024-11-15 23:29:56.660 +01:00 [INF] Executing endpoint 'FoodRegistrationTool.Controllers.ProductAPIController.CalculateNutritionScore (api)'
2024-11-15 23:29:56.660 +01:00 [INF] Route matched with {action = "CalculateNutritionScore", controller = "ProductAPI", area = "", page = ""}. Executing controller action with signature System.Threading.Tasks.Task`1[Microsoft.AspNetCore.Mvc.IActionResult] CalculateNutritionScore(NutritionCalculationRequest) on controller FoodRegistrationTool.Controllers.ProductAPIController (api).
2024-11-15 23:29:56.661 +01:00 [INF] Executing OkObjectResult, writing value of type 'System.String'.
2024-11-15 23:29:56.661 +01:00 [INF] Executed action FoodRegistrationTool.Controllers.ProductAPIController.CalculateNutritionScore (api) in 0.9264ms
2024-11-15 23:29:56.662 +01:00 [INF] Executed endpoint 'FoodRegistrationTool.Controllers.ProductAPIController.CalculateNutritionScore (api)'
2024-11-15 23:29:56.662 +01:00 [INF] Request finished HTTP/1.1 POST http://localhost:5194/api/productapi/calculatescore - 200 null text/plain; charset=utf-8 2.4441ms
2024-11-15 23:29:59.634 +01:00 [INF] Request starting HTTP/1.1 OPTIONS http://localhost:5194/api/productapi/create - null null
2024-11-15 23:29:59.634 +01:00 [INF] CORS policy execution successful.
2024-11-15 23:29:59.634 +01:00 [INF] Request finished HTTP/1.1 OPTIONS http://localhost:5194/api/productapi/create - 204 null null 0.5643ms
2024-11-15 23:29:59.636 +01:00 [INF] Request starting HTTP/1.1 POST http://localhost:5194/api/productapi/create - application/json 218
2024-11-15 23:29:59.636 +01:00 [INF] CORS policy execution successful.
2024-11-15 23:29:59.645 +01:00 [INF] Executing endpoint 'FoodRegistrationTool.Controllers.ProductAPIController.Create (api)'
2024-11-15 23:29:59.650 +01:00 [INF] Route matched with {action = "Create", controller = "ProductAPI", area = "", page = ""}. Executing controller action with signature System.Threading.Tasks.Task`1[Microsoft.AspNetCore.Mvc.IActionResult] Create(FoodRegistrationTool.DTOs.ProductDto) on controller FoodRegistrationTool.Controllers.ProductAPIController (api).
2024-11-15 23:29:59.674 +01:00 [INF] Executing BadRequestObjectResult, writing value of type 'Microsoft.AspNetCore.Mvc.ValidationProblemDetails'.
2024-11-15 23:29:59.698 +01:00 [INF] Executed action FoodRegistrationTool.Controllers.ProductAPIController.Create (api) in 47.7141ms
2024-11-15 23:29:59.698 +01:00 [INF] Executed endpoint 'FoodRegistrationTool.Controllers.ProductAPIController.Create (api)'
2024-11-15 23:29:59.699 +01:00 [INF] Request finished HTTP/1.1 POST http://localhost:5194/api/productapi/create - 400 null application/problem+json; charset=utf-8 62.4932ms
2024-11-15 23:30:10.833 +01:00 [INF] Request starting HTTP/1.1 GET http://localhost:5194/api/productapi/productlist - null null
2024-11-15 23:30:10.834 +01:00 [INF] CORS policy execution successful.
2024-11-15 23:30:10.834 +01:00 [INF] Executing endpoint 'FoodRegistrationTool.Controllers.ProductAPIController.ProductList (api)'
2024-11-15 23:30:10.836 +01:00 [INF] Route matched with {action = "ProductList", controller = "ProductAPI", area = "", page = ""}. Executing controller action with signature System.Threading.Tasks.Task`1[Microsoft.AspNetCore.Mvc.IActionResult] ProductList() on controller FoodRegistrationTool.Controllers.ProductAPIController (api).
2024-11-15 23:30:10.837 +01:00 [INF] Request starting HTTP/1.1 GET http://localhost:5194/api/Auth/userinfo - null null
2024-11-15 23:30:10.837 +01:00 [INF] CORS policy execution successful.
2024-11-15 23:30:10.838 +01:00 [INF] Executing endpoint 'FoodRegistrationTool.Controllers.AuthController.GetUserInfo (api)'
2024-11-15 23:30:10.843 +01:00 [INF] Route matched with {action = "GetUserInfo", controller = "Auth", area = "", page = ""}. Executing controller action with signature System.Threading.Tasks.Task`1[Microsoft.AspNetCore.Mvc.IActionResult] GetUserInfo() on controller FoodRegistrationTool.Controllers.AuthController (api).
2024-11-15 23:30:10.869 +01:00 [INF] Executing OkObjectResult, writing value of type 'System.Linq.Enumerable+SelectListIterator`2[[FoodRegistrationTool.Models.Product, api, Version=1.0.0.0, Culture=neutral, PublicKeyToken=null],[FoodRegistrationTool.DTOs.ProductDto, api, Version=1.0.0.0, Culture=neutral, PublicKeyToken=null]]'.
2024-11-15 23:30:10.870 +01:00 [INF] Executed action FoodRegistrationTool.Controllers.ProductAPIController.ProductList (api) in 34.6417ms
2024-11-15 23:30:10.871 +01:00 [INF] Executed endpoint 'FoodRegistrationTool.Controllers.ProductAPIController.ProductList (api)'
2024-11-15 23:30:10.871 +01:00 [INF] Request finished HTTP/1.1 GET http://localhost:5194/api/productapi/productlist - 200 null application/json; charset=utf-8 37.8486ms
2024-11-15 23:30:10.875 +01:00 [INF] Request starting HTTP/1.1 GET http://localhost:5194/api/productapi/productlist - null null
2024-11-15 23:30:10.875 +01:00 [INF] CORS policy execution successful.
2024-11-15 23:30:10.876 +01:00 [INF] Executing endpoint 'FoodRegistrationTool.Controllers.ProductAPIController.ProductList (api)'
2024-11-15 23:30:10.876 +01:00 [INF] Route matched with {action = "ProductList", controller = "ProductAPI", area = "", page = ""}. Executing controller action with signature System.Threading.Tasks.Task`1[Microsoft.AspNetCore.Mvc.IActionResult] ProductList() on controller FoodRegistrationTool.Controllers.ProductAPIController (api).
2024-11-15 23:30:10.910 +01:00 [INF] Executing OkObjectResult, writing value of type 'System.Linq.Enumerable+SelectListIterator`2[[FoodRegistrationTool.Models.Product, api, Version=1.0.0.0, Culture=neutral, PublicKeyToken=null],[FoodRegistrationTool.DTOs.ProductDto, api, Version=1.0.0.0, Culture=neutral, PublicKeyToken=null]]'.
2024-11-15 23:30:10.911 +01:00 [INF] Executed action FoodRegistrationTool.Controllers.ProductAPIController.ProductList (api) in 34.7744ms
2024-11-15 23:30:10.911 +01:00 [INF] Executed endpoint 'FoodRegistrationTool.Controllers.ProductAPIController.ProductList (api)'
2024-11-15 23:30:10.912 +01:00 [INF] Request finished HTTP/1.1 GET http://localhost:5194/api/productapi/productlist - 200 null application/json; charset=utf-8 37.0197ms
2024-11-15 23:30:10.936 +01:00 [INF] Authentication result: True
2024-11-15 23:30:10.942 +01:00 [INF] Principal Name from auth result: mat@mail.no
2024-11-15 23:30:10.958 +01:00 [INF] Request path: /api/Auth/userinfo
2024-11-15 23:30:10.963 +01:00 [INF] Request method: GET
2024-11-15 23:30:10.970 +01:00 [INF] Request scheme: http
2024-11-15 23:30:10.975 +01:00 [INF] Auth Type: Identity.Application
2024-11-15 23:30:10.984 +01:00 [INF] Identity Name: mat@mail.no
2024-11-15 23:30:10.997 +01:00 [INF] User from UserManager: mat@mail.no
2024-11-15 23:30:11.005 +01:00 [INF] Cookies received: .AspNetCore.Antiforgery.lR7t4MXUUZs=CfDJ8FYKQg2-tzVDp03-Gqv4Alp0e2kDKTpS7ycju9zsrFEctUbGhXGgm-TR2OGRtNiDSW2-yLD_U9ztu3gK8l94pzxhlcgICY-WqKInqucCSG5DxX1CJdczsvzTSLcIdT395LhAveMj_2LRO4FR08fdmRA, .AspNetCore.Antiforgery.dw7AqgzwEUQ=CfDJ8FYKQg2-tzVDp03-Gqv4AlpuJ5WrZvfgIbXDPlmvconEJ-859cdE6UsmGy6Ny_h3xsB8bbMaYwmszbCZtWzqapxdW81rlL4KfGCSslVgx3lRLADMmzN7o6yVPQJ44NQ3MnhGpLSl3G4_OADRKjpKDNY, .AspNetCore.Identity.Application=CfDJ8FYKQg2-tzVDp03-Gqv4AlrVKDUXh-U4Yz4d_Ps03kRC8sStlVUc6zok3dGe8Be2jfyC2N6eknl7PiH9cnK6ugInZu22prkNQ2J36yuKpTeLlvgFeS2ZyDIOBaisruStEAVOy-gAW8tuVeUFRpnShbqZmB9Cya5-PcvZARbTS_JMtCTAMSQGGXJVxmNuBH49FPr_z3XWb-0gEm8rlivZQYYGi2F3OQhN8emKlkPVGIHSARP1fPq88xQjjXPRqLSqeOrhA17TFhnaVRReOn3eMFQXOCSX1PYXzml3r6tKD4dthPFZyIWDIFkoothAvsuQky3-7XVqkUjjPWddH5iSoNBOPaSSCoolfjoqoJWwIilhe0k9V1NU4qjVqlGrM_GhqQ4TOu5ueP2ulFfqquEoqU8aKvSDsLsg_u-p8vjMAQl6i3KptPpjm0U_bhXJAKcvMEg0E00salyuL1WBvQLxKuxdD6Ub0usJxZpnbJM6HGsGuMMn-X1XgEdZc9xTJz5Zty74krOosZ0LXUPXSl3m_vE80SFGmaJ2KqFjlLCdnORQM2RG3D-aZdqzrJDz_AWNziEmvUZgw89UEM8rRx3LV6zDHzCiXxZ6uCDtBvzP3mMdMi9jet7E4bMjl4pOvfXh-1JLvZEFLgNGeOi9iEw5DCmTwMi-oXXtRTWUYZna4JeYIyoksuq38Dfy9ttfhl5mayp7iSNDyLs2NFYMuZ6CyEvrqjTmgFZEccG0Yvmn9zbW
2024-11-15 23:30:11.012 +01:00 [INF] GetUserInfo called:
2024-11-15 23:30:11.024 +01:00 [INF] IsAuthenticated: True
2024-11-15 23:30:11.041 +01:00 [INF] UserName: mat@mail.no
2024-11-15 23:30:11.066 +01:00 [INF] Claims: http://schemas.xmlsoap.org/ws/2005/05/identity/claims/nameidentifier: 8df6c300-5642-4f3b-886c-ab5b35131618, http://schemas.xmlsoap.org/ws/2005/05/identity/claims/name: mat@mail.no, http://schemas.xmlsoap.org/ws/2005/05/identity/claims/emailaddress: mat@mail.no, AspNet.Identity.SecurityStamp: ZKOOAEV6UFQX5UCYRLBA3XDYCB7J6EQZ
2024-11-15 23:30:11.070 +01:00 [INF] Claim: http://schemas.xmlsoap.org/ws/2005/05/identity/claims/nameidentifier = 8df6c300-5642-4f3b-886c-ab5b35131618
2024-11-15 23:30:11.074 +01:00 [INF] Claim: http://schemas.xmlsoap.org/ws/2005/05/identity/claims/name = mat@mail.no
2024-11-15 23:30:11.085 +01:00 [INF] Claim: http://schemas.xmlsoap.org/ws/2005/05/identity/claims/emailaddress = mat@mail.no
2024-11-15 23:30:11.089 +01:00 [INF] Claim: AspNet.Identity.SecurityStamp = ZKOOAEV6UFQX5UCYRLBA3XDYCB7J6EQZ
2024-11-15 23:30:11.092 +01:00 [INF] Returning response: {"isAuthenticated":true,"userName":"mat@mail.no","manageUrl":"/Identity/Account/Manage","logoutUrl":"/Identity/Account/Logout","loginUrl":"/Identity/Account/Login","registerUrl":"/Identity/Account/Register"}
2024-11-15 23:30:11.092 +01:00 [INF] Executing OkObjectResult, writing value of type '<>f__AnonymousType10`6[[System.Boolean, System.Private.CoreLib, Version=8.0.0.0, Culture=neutral, PublicKeyToken=7cec85d7bea7798e],[System.String, System.Private.CoreLib, Version=8.0.0.0, Culture=neutral, PublicKeyToken=7cec85d7bea7798e],[System.String, System.Private.CoreLib, Version=8.0.0.0, Culture=neutral, PublicKeyToken=7cec85d7bea7798e],[System.String, System.Private.CoreLib, Version=8.0.0.0, Culture=neutral, PublicKeyToken=7cec85d7bea7798e],[System.String, System.Private.CoreLib, Version=8.0.0.0, Culture=neutral, PublicKeyToken=7cec85d7bea7798e],[System.String, System.Private.CoreLib, Version=8.0.0.0, Culture=neutral, PublicKeyToken=7cec85d7bea7798e]]'.
2024-11-15 23:30:11.093 +01:00 [INF] Executed action FoodRegistrationTool.Controllers.AuthController.GetUserInfo (api) in 249.3378ms
2024-11-15 23:30:11.093 +01:00 [INF] Executed endpoint 'FoodRegistrationTool.Controllers.AuthController.GetUserInfo (api)'
2024-11-15 23:30:11.093 +01:00 [INF] Request finished HTTP/1.1 GET http://localhost:5194/api/Auth/userinfo - 200 null application/json; charset=utf-8 256.4793ms
2024-11-15 23:30:11.096 +01:00 [INF] Request starting HTTP/1.1 GET http://localhost:5194/api/Auth/userinfo - null null
2024-11-15 23:30:11.097 +01:00 [INF] CORS policy execution successful.
2024-11-15 23:30:11.097 +01:00 [INF] Executing endpoint 'FoodRegistrationTool.Controllers.AuthController.GetUserInfo (api)'
2024-11-15 23:30:11.097 +01:00 [INF] Route matched with {action = "GetUserInfo", controller = "Auth", area = "", page = ""}. Executing controller action with signature System.Threading.Tasks.Task`1[Microsoft.AspNetCore.Mvc.IActionResult] GetUserInfo() on controller FoodRegistrationTool.Controllers.AuthController (api).
2024-11-15 23:30:11.105 +01:00 [INF] Authentication result: True
2024-11-15 23:30:11.110 +01:00 [INF] Principal Name from auth result: mat@mail.no
2024-11-15 23:30:11.114 +01:00 [INF] Request path: /api/Auth/userinfo
2024-11-15 23:30:11.118 +01:00 [INF] Request method: GET
2024-11-15 23:30:11.123 +01:00 [INF] Request scheme: http
2024-11-15 23:30:11.127 +01:00 [INF] Auth Type: Identity.Application
2024-11-15 23:30:11.130 +01:00 [INF] Identity Name: mat@mail.no
2024-11-15 23:30:11.139 +01:00 [INF] User from UserManager: mat@mail.no
2024-11-15 23:30:11.145 +01:00 [INF] Cookies received: .AspNetCore.Antiforgery.lR7t4MXUUZs=CfDJ8FYKQg2-tzVDp03-Gqv4Alp0e2kDKTpS7ycju9zsrFEctUbGhXGgm-TR2OGRtNiDSW2-yLD_U9ztu3gK8l94pzxhlcgICY-WqKInqucCSG5DxX1CJdczsvzTSLcIdT395LhAveMj_2LRO4FR08fdmRA, .AspNetCore.Antiforgery.dw7AqgzwEUQ=CfDJ8FYKQg2-tzVDp03-Gqv4AlpuJ5WrZvfgIbXDPlmvconEJ-859cdE6UsmGy6Ny_h3xsB8bbMaYwmszbCZtWzqapxdW81rlL4KfGCSslVgx3lRLADMmzN7o6yVPQJ44NQ3MnhGpLSl3G4_OADRKjpKDNY, .AspNetCore.Identity.Application=CfDJ8FYKQg2-tzVDp03-Gqv4AlrVKDUXh-U4Yz4d_Ps03kRC8sStlVUc6zok3dGe8Be2jfyC2N6eknl7PiH9cnK6ugInZu22prkNQ2J36yuKpTeLlvgFeS2ZyDIOBaisruStEAVOy-gAW8tuVeUFRpnShbqZmB9Cya5-PcvZARbTS_JMtCTAMSQGGXJVxmNuBH49FPr_z3XWb-0gEm8rlivZQYYGi2F3OQhN8emKlkPVGIHSARP1fPq88xQjjXPRqLSqeOrhA17TFhnaVRReOn3eMFQXOCSX1PYXzml3r6tKD4dthPFZyIWDIFkoothAvsuQky3-7XVqkUjjPWddH5iSoNBOPaSSCoolfjoqoJWwIilhe0k9V1NU4qjVqlGrM_GhqQ4TOu5ueP2ulFfqquEoqU8aKvSDsLsg_u-p8vjMAQl6i3KptPpjm0U_bhXJAKcvMEg0E00salyuL1WBvQLxKuxdD6Ub0usJxZpnbJM6HGsGuMMn-X1XgEdZc9xTJz5Zty74krOosZ0LXUPXSl3m_vE80SFGmaJ2KqFjlLCdnORQM2RG3D-aZdqzrJDz_AWNziEmvUZgw89UEM8rRx3LV6zDHzCiXxZ6uCDtBvzP3mMdMi9jet7E4bMjl4pOvfXh-1JLvZEFLgNGeOi9iEw5DCmTwMi-oXXtRTWUYZna4JeYIyoksuq38Dfy9ttfhl5mayp7iSNDyLs2NFYMuZ6CyEvrqjTmgFZEccG0Yvmn9zbW
2024-11-15 23:30:11.148 +01:00 [INF] GetUserInfo called:
2024-11-15 23:30:11.152 +01:00 [INF] IsAuthenticated: True
2024-11-15 23:30:11.155 +01:00 [INF] UserName: mat@mail.no
2024-11-15 23:30:11.158 +01:00 [INF] Claims: http://schemas.xmlsoap.org/ws/2005/05/identity/claims/nameidentifier: 8df6c300-5642-4f3b-886c-ab5b35131618, http://schemas.xmlsoap.org/ws/2005/05/identity/claims/name: mat@mail.no, http://schemas.xmlsoap.org/ws/2005/05/identity/claims/emailaddress: mat@mail.no, AspNet.Identity.SecurityStamp: ZKOOAEV6UFQX5UCYRLBA3XDYCB7J6EQZ
2024-11-15 23:30:11.161 +01:00 [INF] Claim: http://schemas.xmlsoap.org/ws/2005/05/identity/claims/nameidentifier = 8df6c300-5642-4f3b-886c-ab5b35131618
2024-11-15 23:30:11.164 +01:00 [INF] Claim: http://schemas.xmlsoap.org/ws/2005/05/identity/claims/name = mat@mail.no
2024-11-15 23:30:11.168 +01:00 [INF] Claim: http://schemas.xmlsoap.org/ws/2005/05/identity/claims/emailaddress = mat@mail.no
2024-11-15 23:30:11.171 +01:00 [INF] Claim: AspNet.Identity.SecurityStamp = ZKOOAEV6UFQX5UCYRLBA3XDYCB7J6EQZ
2024-11-15 23:30:11.175 +01:00 [INF] Returning response: {"isAuthenticated":true,"userName":"mat@mail.no","manageUrl":"/Identity/Account/Manage","logoutUrl":"/Identity/Account/Logout","loginUrl":"/Identity/Account/Login","registerUrl":"/Identity/Account/Register"}
2024-11-15 23:30:11.175 +01:00 [INF] Executing OkObjectResult, writing value of type '<>f__AnonymousType10`6[[System.Boolean, System.Private.CoreLib, Version=8.0.0.0, Culture=neutral, PublicKeyToken=7cec85d7bea7798e],[System.String, System.Private.CoreLib, Version=8.0.0.0, Culture=neutral, PublicKeyToken=7cec85d7bea7798e],[System.String, System.Private.CoreLib, Version=8.0.0.0, Culture=neutral, PublicKeyToken=7cec85d7bea7798e],[System.String, System.Private.CoreLib, Version=8.0.0.0, Culture=neutral, PublicKeyToken=7cec85d7bea7798e],[System.String, System.Private.CoreLib, Version=8.0.0.0, Culture=neutral, PublicKeyToken=7cec85d7bea7798e],[System.String, System.Private.CoreLib, Version=8.0.0.0, Culture=neutral, PublicKeyToken=7cec85d7bea7798e]]'.
2024-11-15 23:30:11.175 +01:00 [INF] Executed action FoodRegistrationTool.Controllers.AuthController.GetUserInfo (api) in 77.891ms
2024-11-15 23:30:11.175 +01:00 [INF] Executed endpoint 'FoodRegistrationTool.Controllers.AuthController.GetUserInfo (api)'
2024-11-15 23:30:11.176 +01:00 [INF] Request finished HTTP/1.1 GET http://localhost:5194/api/Auth/userinfo - 200 null application/json; charset=utf-8 79.8834ms
2024-11-15 23:30:17.279 +01:00 [INF] Request starting HTTP/1.1 GET http://localhost:5194/api/productapi/1 - null null
2024-11-15 23:30:17.280 +01:00 [INF] CORS policy execution successful.
2024-11-15 23:30:17.280 +01:00 [INF] Executing endpoint 'FoodRegistrationTool.Controllers.ProductAPIController.GetProduct (api)'
2024-11-15 23:30:17.287 +01:00 [INF] Route matched with {action = "GetProduct", controller = "ProductAPI", area = "", page = ""}. Executing controller action with signature System.Threading.Tasks.Task`1[Microsoft.AspNetCore.Mvc.IActionResult] GetProduct(Int32) on controller FoodRegistrationTool.Controllers.ProductAPIController (api).
2024-11-15 23:30:17.304 +01:00 [INF] Executing OkObjectResult, writing value of type 'FoodRegistrationTool.Models.Product'.
2024-11-15 23:30:17.308 +01:00 [INF] Executed action FoodRegistrationTool.Controllers.ProductAPIController.GetProduct (api) in 21.3721ms
2024-11-15 23:30:17.308 +01:00 [INF] Executed endpoint 'FoodRegistrationTool.Controllers.ProductAPIController.GetProduct (api)'
2024-11-15 23:30:17.309 +01:00 [INF] Request finished HTTP/1.1 GET http://localhost:5194/api/productapi/1 - 200 null application/json; charset=utf-8 29.814ms
2024-11-15 23:30:17.310 +01:00 [INF] Request starting HTTP/1.1 GET http://localhost:5194/api/productapi/1 - null null
2024-11-15 23:30:17.311 +01:00 [INF] CORS policy execution successful.
2024-11-15 23:30:17.311 +01:00 [INF] Executing endpoint 'FoodRegistrationTool.Controllers.ProductAPIController.GetProduct (api)'
2024-11-15 23:30:17.311 +01:00 [INF] Route matched with {action = "GetProduct", controller = "ProductAPI", area = "", page = ""}. Executing controller action with signature System.Threading.Tasks.Task`1[Microsoft.AspNetCore.Mvc.IActionResult] GetProduct(Int32) on controller FoodRegistrationTool.Controllers.ProductAPIController (api).
2024-11-15 23:30:17.317 +01:00 [INF] Executing OkObjectResult, writing value of type 'FoodRegistrationTool.Models.Product'.
2024-11-15 23:30:17.317 +01:00 [INF] Executed action FoodRegistrationTool.Controllers.ProductAPIController.GetProduct (api) in 5.8073ms
2024-11-15 23:30:17.317 +01:00 [INF] Executed endpoint 'FoodRegistrationTool.Controllers.ProductAPIController.GetProduct (api)'
2024-11-15 23:30:17.318 +01:00 [INF] Request finished HTTP/1.1 GET http://localhost:5194/api/productapi/1 - 200 null application/json; charset=utf-8 6.9681ms
2024-11-15 23:30:25.621 +01:00 [INF] Request starting HTTP/1.1 OPTIONS http://localhost:5194/api/productapi/update/1 - null null
2024-11-15 23:30:25.621 +01:00 [INF] CORS policy execution successful.
2024-11-15 23:30:25.622 +01:00 [INF] Request finished HTTP/1.1 OPTIONS http://localhost:5194/api/productapi/update/1 - 204 null null 0.516ms
2024-11-15 23:30:25.623 +01:00 [INF] Request starting HTTP/1.1 PUT http://localhost:5194/api/productapi/update/1 - application/json 141
2024-11-15 23:30:25.624 +01:00 [INF] CORS policy execution successful.
2024-11-15 23:30:25.626 +01:00 [INF] Executing endpoint 'FoodRegistrationTool.Controllers.ProductAPIController.Update (api)'
2024-11-15 23:30:25.631 +01:00 [INF] Route matched with {action = "Update", controller = "ProductAPI", area = "", page = ""}. Executing controller action with signature System.Threading.Tasks.Task`1[Microsoft.AspNetCore.Mvc.IActionResult] Update(Int32, FoodRegistrationTool.DTOs.ProductDto) on controller FoodRegistrationTool.Controllers.ProductAPIController (api).
2024-11-15 23:30:25.633 +01:00 [INF] Executing BadRequestObjectResult, writing value of type 'Microsoft.AspNetCore.Mvc.ValidationProblemDetails'.
2024-11-15 23:30:25.633 +01:00 [INF] Executed action FoodRegistrationTool.Controllers.ProductAPIController.Update (api) in 1.9416ms
2024-11-15 23:30:25.633 +01:00 [INF] Executed endpoint 'FoodRegistrationTool.Controllers.ProductAPIController.Update (api)'
2024-11-15 23:30:25.634 +01:00 [INF] Request finished HTTP/1.1 PUT http://localhost:5194/api/productapi/update/1 - 400 null application/problem+json; charset=utf-8 10.2133ms
2024-11-15 23:30:28.090 +01:00 [INF] Request starting HTTP/1.1 GET http://localhost:5194/api/productapi/productlist - null null
2024-11-15 23:30:28.091 +01:00 [INF] CORS policy execution successful.
2024-11-15 23:30:28.092 +01:00 [INF] Executing endpoint 'FoodRegistrationTool.Controllers.ProductAPIController.ProductList (api)'
2024-11-15 23:30:28.092 +01:00 [INF] Route matched with {action = "ProductList", controller = "ProductAPI", area = "", page = ""}. Executing controller action with signature System.Threading.Tasks.Task`1[Microsoft.AspNetCore.Mvc.IActionResult] ProductList() on controller FoodRegistrationTool.Controllers.ProductAPIController (api).
2024-11-15 23:30:28.104 +01:00 [INF] Executing OkObjectResult, writing value of type 'System.Linq.Enumerable+SelectListIterator`2[[FoodRegistrationTool.Models.Product, api, Version=1.0.0.0, Culture=neutral, PublicKeyToken=null],[FoodRegistrationTool.DTOs.ProductDto, api, Version=1.0.0.0, Culture=neutral, PublicKeyToken=null]]'.
2024-11-15 23:30:28.104 +01:00 [INF] Executed action FoodRegistrationTool.Controllers.ProductAPIController.ProductList (api) in 12.3812ms
2024-11-15 23:30:28.105 +01:00 [INF] Executed endpoint 'FoodRegistrationTool.Controllers.ProductAPIController.ProductList (api)'
2024-11-15 23:30:28.105 +01:00 [INF] Request finished HTTP/1.1 GET http://localhost:5194/api/productapi/productlist - 200 null application/json; charset=utf-8 14.9333ms
2024-11-15 23:30:28.107 +01:00 [INF] Request starting HTTP/1.1 GET http://localhost:5194/api/productapi/productlist - null null
2024-11-15 23:30:28.107 +01:00 [INF] CORS policy execution successful.
2024-11-15 23:30:28.108 +01:00 [INF] Executing endpoint 'FoodRegistrationTool.Controllers.ProductAPIController.ProductList (api)'
2024-11-15 23:30:28.108 +01:00 [INF] Route matched with {action = "ProductList", controller = "ProductAPI", area = "", page = ""}. Executing controller action with signature System.Threading.Tasks.Task`1[Microsoft.AspNetCore.Mvc.IActionResult] ProductList() on controller FoodRegistrationTool.Controllers.ProductAPIController (api).
2024-11-15 23:30:28.113 +01:00 [INF] Executing OkObjectResult, writing value of type 'System.Linq.Enumerable+SelectListIterator`2[[FoodRegistrationTool.Models.Product, api, Version=1.0.0.0, Culture=neutral, PublicKeyToken=null],[FoodRegistrationTool.DTOs.ProductDto, api, Version=1.0.0.0, Culture=neutral, PublicKeyToken=null]]'.
2024-11-15 23:30:28.114 +01:00 [INF] Executed action FoodRegistrationTool.Controllers.ProductAPIController.ProductList (api) in 5.5732ms
2024-11-15 23:30:28.114 +01:00 [INF] Executed endpoint 'FoodRegistrationTool.Controllers.ProductAPIController.ProductList (api)'
2024-11-15 23:30:28.114 +01:00 [INF] Request finished HTTP/1.1 GET http://localhost:5194/api/productapi/productlist - 200 null application/json; charset=utf-8 7.1734ms
