2024-11-07 14:46:43.657 +01:00 [INF] User profile is available. Using 'C:\Users\Mats\AppData\Local\ASP.NET\DataProtection-Keys' as key repository and Windows DPAPI to encrypt keys at rest.
2024-11-07 14:46:43.957 +01:00 [INF] Now listening on: https://localhost:7263
2024-11-07 14:46:43.959 +01:00 [INF] Now listening on: http://localhost:5194
2024-11-07 14:46:43.967 +01:00 [INF] Application started. Press Ctrl+C to shut down.
2024-11-07 14:46:43.971 +01:00 [INF] Hosting environment: Development
2024-11-07 14:46:43.974 +01:00 [INF] Content root path: C:\Users\Mats\web-projects\react\exam\api
2024-11-07 14:46:47.044 +01:00 [INF] Request starting HTTP/1.1 GET http://localhost:5194/api/productapi/productlist - null null
2024-11-07 14:46:47.082 +01:00 [INF] Request finished HTTP/1.1 GET http://localhost:5194/api/productapi/productlist - 307 0 null 40.931ms
2024-11-07 14:46:47.104 +01:00 [INF] Request starting HTTP/1.1 GET http://localhost:5194/api/productapi/productlist - null null
2024-11-07 14:46:47.105 +01:00 [INF] Request finished HTTP/1.1 GET http://localhost:5194/api/productapi/productlist - 307 0 null 1.5173ms
2024-11-07 14:46:51.675 +01:00 [INF] Request starting HTTP/1.1 GET http://localhost:5194/api/productapi/productlist - null null
2024-11-07 14:46:51.678 +01:00 [INF] Request finished HTTP/1.1 GET http://localhost:5194/api/productapi/productlist - 307 0 null 2.9828ms
2024-11-07 14:46:53.943 +01:00 [INF] Request starting HTTP/1.1 GET http://localhost:5194/api/productapi/productlist - null null
2024-11-07 14:46:53.945 +01:00 [INF] Request finished HTTP/1.1 GET http://localhost:5194/api/productapi/productlist - 307 0 null 1.7368ms
2024-11-07 14:50:08.956 +01:00 [INF] Request starting HTTP/1.1 GET http://localhost:5194/api/productapi/productlist - null null
2024-11-07 14:50:08.956 +01:00 [INF] Request finished HTTP/1.1 GET http://localhost:5194/api/productapi/productlist - 307 0 null 2.9888ms
2024-11-07 14:50:08.965 +01:00 [INF] Request starting HTTP/1.1 GET http://localhost:5194/api/productapi/productlist - null null
2024-11-07 14:50:08.966 +01:00 [INF] Request finished HTTP/1.1 GET http://localhost:5194/api/productapi/productlist - 307 0 null 0.5203ms
2024-11-07 14:50:16.019 +01:00 [INF] Request starting HTTP/1.1 GET http://localhost:5194/api/productapi/productlist - null null
2024-11-07 14:50:16.023 +01:00 [INF] Request finished HTTP/1.1 GET http://localhost:5194/api/productapi/productlist - 307 0 null 3.1225ms
2024-11-07 14:50:16.025 +01:00 [INF] Request starting HTTP/1.1 GET http://localhost:5194/api/productapi/productlist - null null
2024-11-07 14:50:16.025 +01:00 [INF] Request finished HTTP/1.1 GET http://localhost:5194/api/productapi/productlist - 307 0 null 0.3866ms
