2024-11-13 12:47:21.462 +01:00 [INF] User profile is available. Using 'C:\Users\Mats\AppData\Local\ASP.NET\DataProtection-Keys' as key repository and Windows DPAPI to encrypt keys at rest.
2024-11-13 12:47:21.905 +01:00 [INF] Now listening on: https://localhost:7263
2024-11-13 12:47:21.908 +01:00 [INF] Now listening on: http://localhost:5194
2024-11-13 12:47:21.918 +01:00 [INF] Application started. Press Ctrl+C to shut down.
2024-11-13 12:47:21.922 +01:00 [INF] Hosting environment: Development
2024-11-13 12:47:21.924 +01:00 [INF] Content root path: C:\Users\Mats\web-projects\react\exam\api
2024-11-13 12:47:31.258 +01:00 [INF] Request starting HTTP/1.1 GET http://localhost:5194/api/Auth/userinfo - null null
2024-11-13 12:47:31.334 +01:00 [INF] CORS policy execution successful.
2024-11-13 12:47:31.357 +01:00 [INF] Executing endpoint 'FoodRegistrationTool.Controllers.AuthController.GetUserInfo (api)'
2024-11-13 12:47:31.387 +01:00 [INF] Route matched with {action = "GetUserInfo", controller = "Auth", area = "", page = ""}. Executing controller action with signature System.Threading.Tasks.Task`1[Microsoft.AspNetCore.Mvc.IActionResult] GetUserInfo() on controller FoodRegistrationTool.Controllers.AuthController (api).
2024-11-13 12:47:31.403 +01:00 [INF] Authentication result: False
2024-11-13 12:47:31.406 +01:00 [INF] Request path: /api/Auth/userinfo
2024-11-13 12:47:31.409 +01:00 [INF] Request method: GET
2024-11-13 12:47:31.411 +01:00 [INF] Request scheme: http
2024-11-13 12:47:31.414 +01:00 [INF] Auth Type: 
2024-11-13 12:47:31.417 +01:00 [INF] Identity Name: 
2024-11-13 12:47:31.420 +01:00 [INF] User from UserManager: null
2024-11-13 12:47:31.424 +01:00 [INF] Cookies received: .AspNetCore.Antiforgery.lR7t4MXUUZs=CfDJ8FYKQg2-tzVDp03-Gqv4Alp0e2kDKTpS7ycju9zsrFEctUbGhXGgm-TR2OGRtNiDSW2-yLD_U9ztu3gK8l94pzxhlcgICY-WqKInqucCSG5DxX1CJdczsvzTSLcIdT395LhAveMj_2LRO4FR08fdmRA, .AspNetCore.Antiforgery.dw7AqgzwEUQ=CfDJ8FYKQg2-tzVDp03-Gqv4AlpuJ5WrZvfgIbXDPlmvconEJ-859cdE6UsmGy6Ny_h3xsB8bbMaYwmszbCZtWzqapxdW81rlL4KfGCSslVgx3lRLADMmzN7o6yVPQJ44NQ3MnhGpLSl3G4_OADRKjpKDNY
2024-11-13 12:47:31.426 +01:00 [INF] GetUserInfo called:
2024-11-13 12:47:31.428 +01:00 [INF] IsAuthenticated: False
2024-11-13 12:47:31.430 +01:00 [INF] UserName: 
2024-11-13 12:47:31.433 +01:00 [INF] Claims: 
2024-11-13 12:47:31.452 +01:00 [INF] Returning response: {"isAuthenticated":false,"userName":null,"manageUrl":"/Identity/Account/Manage","logoutUrl":"/Identity/Account/Logout","loginUrl":"/Identity/Account/Login","registerUrl":"/Identity/Account/Register"}
2024-11-13 12:47:31.462 +01:00 [INF] Executing OkObjectResult, writing value of type '<>f__AnonymousType10`6[[System.Boolean, System.Private.CoreLib, Version=8.0.0.0, Culture=neutral, PublicKeyToken=7cec85d7bea7798e],[System.String, System.Private.CoreLib, Version=8.0.0.0, Culture=neutral, PublicKeyToken=7cec85d7bea7798e],[System.String, System.Private.CoreLib, Version=8.0.0.0, Culture=neutral, PublicKeyToken=7cec85d7bea7798e],[System.String, System.Private.CoreLib, Version=8.0.0.0, Culture=neutral, PublicKeyToken=7cec85d7bea7798e],[System.String, System.Private.CoreLib, Version=8.0.0.0, Culture=neutral, PublicKeyToken=7cec85d7bea7798e],[System.String, System.Private.CoreLib, Version=8.0.0.0, Culture=neutral, PublicKeyToken=7cec85d7bea7798e]]'.
2024-11-13 12:47:31.481 +01:00 [INF] Request starting HTTP/1.1 GET http://localhost:5194/api/Auth/userinfo - null null
2024-11-13 12:47:31.482 +01:00 [INF] Executed action FoodRegistrationTool.Controllers.AuthController.GetUserInfo (api) in 90.7622ms
2024-11-13 12:47:31.484 +01:00 [INF] Executed endpoint 'FoodRegistrationTool.Controllers.AuthController.GetUserInfo (api)'
2024-11-13 12:47:31.484 +01:00 [INF] CORS policy execution successful.
2024-11-13 12:47:31.487 +01:00 [INF] Executing endpoint 'FoodRegistrationTool.Controllers.AuthController.GetUserInfo (api)'
2024-11-13 12:47:31.488 +01:00 [INF] Route matched with {action = "GetUserInfo", controller = "Auth", area = "", page = ""}. Executing controller action with signature System.Threading.Tasks.Task`1[Microsoft.AspNetCore.Mvc.IActionResult] GetUserInfo() on controller FoodRegistrationTool.Controllers.AuthController (api).
2024-11-13 12:47:31.488 +01:00 [INF] Request finished HTTP/1.1 GET http://localhost:5194/api/Auth/userinfo - 200 null application/json; charset=utf-8 235.1342ms
2024-11-13 12:47:31.493 +01:00 [INF] Authentication result: False
2024-11-13 12:47:31.496 +01:00 [INF] Request path: /api/Auth/userinfo
2024-11-13 12:47:31.498 +01:00 [INF] Request method: GET
2024-11-13 12:47:31.500 +01:00 [INF] Request scheme: http
2024-11-13 12:47:31.502 +01:00 [INF] Auth Type: 
2024-11-13 12:47:31.505 +01:00 [INF] Identity Name: 
2024-11-13 12:47:31.507 +01:00 [INF] User from UserManager: null
2024-11-13 12:47:31.510 +01:00 [INF] Cookies received: .AspNetCore.Antiforgery.lR7t4MXUUZs=CfDJ8FYKQg2-tzVDp03-Gqv4Alp0e2kDKTpS7ycju9zsrFEctUbGhXGgm-TR2OGRtNiDSW2-yLD_U9ztu3gK8l94pzxhlcgICY-WqKInqucCSG5DxX1CJdczsvzTSLcIdT395LhAveMj_2LRO4FR08fdmRA, .AspNetCore.Antiforgery.dw7AqgzwEUQ=CfDJ8FYKQg2-tzVDp03-Gqv4AlpuJ5WrZvfgIbXDPlmvconEJ-859cdE6UsmGy6Ny_h3xsB8bbMaYwmszbCZtWzqapxdW81rlL4KfGCSslVgx3lRLADMmzN7o6yVPQJ44NQ3MnhGpLSl3G4_OADRKjpKDNY
2024-11-13 12:47:31.512 +01:00 [INF] GetUserInfo called:
2024-11-13 12:47:31.514 +01:00 [INF] IsAuthenticated: False
2024-11-13 12:47:31.516 +01:00 [INF] UserName: 
2024-11-13 12:47:31.518 +01:00 [INF] Claims: 
2024-11-13 12:47:31.520 +01:00 [INF] Returning response: {"isAuthenticated":false,"userName":null,"manageUrl":"/Identity/Account/Manage","logoutUrl":"/Identity/Account/Logout","loginUrl":"/Identity/Account/Login","registerUrl":"/Identity/Account/Register"}
2024-11-13 12:47:31.521 +01:00 [INF] Executing OkObjectResult, writing value of type '<>f__AnonymousType10`6[[System.Boolean, System.Private.CoreLib, Version=8.0.0.0, Culture=neutral, PublicKeyToken=7cec85d7bea7798e],[System.String, System.Private.CoreLib, Version=8.0.0.0, Culture=neutral, PublicKeyToken=7cec85d7bea7798e],[System.String, System.Private.CoreLib, Version=8.0.0.0, Culture=neutral, PublicKeyToken=7cec85d7bea7798e],[System.String, System.Private.CoreLib, Version=8.0.0.0, Culture=neutral, PublicKeyToken=7cec85d7bea7798e],[System.String, System.Private.CoreLib, Version=8.0.0.0, Culture=neutral, PublicKeyToken=7cec85d7bea7798e],[System.String, System.Private.CoreLib, Version=8.0.0.0, Culture=neutral, PublicKeyToken=7cec85d7bea7798e]]'.
2024-11-13 12:47:31.522 +01:00 [INF] Executed action FoodRegistrationTool.Controllers.AuthController.GetUserInfo (api) in 34.093ms
2024-11-13 12:47:31.522 +01:00 [INF] Executed endpoint 'FoodRegistrationTool.Controllers.AuthController.GetUserInfo (api)'
2024-11-13 12:47:31.522 +01:00 [INF] Request finished HTTP/1.1 GET http://localhost:5194/api/Auth/userinfo - 200 null application/json; charset=utf-8 41.5581ms
2024-11-13 12:47:33.263 +01:00 [INF] Request starting HTTP/1.1 GET http://localhost:5194/Identity/Account/Register?ReturnUrl=http%3A%2F%2Flocalhost%3A3000 - null null
2024-11-13 12:47:33.265 +01:00 [INF] Executing endpoint '/Account/Register'
2024-11-13 12:47:33.295 +01:00 [INF] Route matched with {page = "/Account/Register", area = "Identity", action = "", controller = ""}. Executing page /Account/Register
2024-11-13 12:47:33.325 +01:00 [INF] Executing handler method api.Areas.Identity.Pages.Account.RegisterModel.OnGetAsync - ModelState is "Valid"
2024-11-13 12:47:33.328 +01:00 [INF] Executed handler method OnGetAsync, returned result .
2024-11-13 12:47:33.330 +01:00 [INF] Executing an implicit handler method - ModelState is "Valid"
2024-11-13 12:47:33.331 +01:00 [INF] Executed an implicit handler method, returned result Microsoft.AspNetCore.Mvc.RazorPages.PageResult.
2024-11-13 12:47:33.463 +01:00 [INF] Executed page /Account/Register in 167.5257ms
2024-11-13 12:47:33.463 +01:00 [INF] Executed endpoint '/Account/Register'
2024-11-13 12:47:33.464 +01:00 [INF] Request finished HTTP/1.1 GET http://localhost:5194/Identity/Account/Register?ReturnUrl=http%3A%2F%2Flocalhost%3A3000 - 200 null text/html; charset=utf-8 201.7407ms
2024-11-13 12:47:36.256 +01:00 [INF] Request starting HTTP/1.1 GET http://localhost:5194/Identity/Account/Login - null null
2024-11-13 12:47:36.263 +01:00 [INF] Executing endpoint '/Account/Login'
2024-11-13 12:47:36.270 +01:00 [INF] Route matched with {page = "/Account/Login", area = "Identity", action = "", controller = ""}. Executing page /Account/Login
2024-11-13 12:47:36.273 +01:00 [INF] Executing handler method api.Areas.Identity.Pages.Account.LoginModel.OnGetAsync - ModelState is "Valid"
2024-11-13 12:47:36.279 +01:00 [INF] AuthenticationScheme: Identity.External signed out.
2024-11-13 12:47:36.279 +01:00 [INF] Executed handler method OnGetAsync, returned result .
2024-11-13 12:47:36.279 +01:00 [INF] Executing an implicit handler method - ModelState is "Valid"
2024-11-13 12:47:36.279 +01:00 [INF] Executed an implicit handler method, returned result Microsoft.AspNetCore.Mvc.RazorPages.PageResult.
2024-11-13 12:47:36.304 +01:00 [INF] Executed page /Account/Login in 33.4992ms
2024-11-13 12:47:36.304 +01:00 [INF] Executed endpoint '/Account/Login'
2024-11-13 12:47:36.305 +01:00 [INF] Request finished HTTP/1.1 GET http://localhost:5194/Identity/Account/Login - 200 null text/html; charset=utf-8 48.4153ms
2024-11-13 12:47:39.755 +01:00 [INF] Request starting HTTP/1.1 GET http://localhost:5194/Identity/Account/Register?returnUrl=%2F - null null
2024-11-13 12:47:39.756 +01:00 [INF] Executing endpoint '/Account/Register'
2024-11-13 12:47:39.756 +01:00 [INF] Route matched with {page = "/Account/Register", area = "Identity", action = "", controller = ""}. Executing page /Account/Register
2024-11-13 12:47:39.757 +01:00 [INF] Executing handler method api.Areas.Identity.Pages.Account.RegisterModel.OnGetAsync - ModelState is "Valid"
2024-11-13 12:47:39.757 +01:00 [INF] Executed handler method OnGetAsync, returned result .
2024-11-13 12:47:39.757 +01:00 [INF] Executing an implicit handler method - ModelState is "Valid"
2024-11-13 12:47:39.757 +01:00 [INF] Executed an implicit handler method, returned result Microsoft.AspNetCore.Mvc.RazorPages.PageResult.
2024-11-13 12:47:39.760 +01:00 [INF] Executed page /Account/Register in 3.9133ms
2024-11-13 12:47:39.760 +01:00 [INF] Executed endpoint '/Account/Register'
2024-11-13 12:47:39.760 +01:00 [INF] Request finished HTTP/1.1 GET http://localhost:5194/Identity/Account/Register?returnUrl=%2F - 200 null text/html; charset=utf-8 4.931ms
2024-11-13 12:47:41.722 +01:00 [INF] Request starting HTTP/1.1 GET http://localhost:5194/Identity/Account/Login - null null
2024-11-13 12:47:41.723 +01:00 [INF] Executing endpoint '/Account/Login'
2024-11-13 12:47:41.723 +01:00 [INF] Route matched with {page = "/Account/Login", area = "Identity", action = "", controller = ""}. Executing page /Account/Login
2024-11-13 12:47:41.724 +01:00 [INF] Executing handler method api.Areas.Identity.Pages.Account.LoginModel.OnGetAsync - ModelState is "Valid"
2024-11-13 12:47:41.725 +01:00 [INF] AuthenticationScheme: Identity.External signed out.
2024-11-13 12:47:41.725 +01:00 [INF] Executed handler method OnGetAsync, returned result .
2024-11-13 12:47:41.725 +01:00 [INF] Executing an implicit handler method - ModelState is "Valid"
2024-11-13 12:47:41.725 +01:00 [INF] Executed an implicit handler method, returned result Microsoft.AspNetCore.Mvc.RazorPages.PageResult.
2024-11-13 12:47:41.728 +01:00 [INF] Executed page /Account/Login in 4.9239ms
2024-11-13 12:47:41.729 +01:00 [INF] Executed endpoint '/Account/Login'
2024-11-13 12:47:41.729 +01:00 [INF] Request finished HTTP/1.1 GET http://localhost:5194/Identity/Account/Login - 200 null text/html; charset=utf-8 6.7241ms
2024-11-13 12:47:43.266 +01:00 [INF] Request starting HTTP/1.1 GET http://localhost:5194/Identity/Account/ForgotPassword - null null
2024-11-13 12:47:43.267 +01:00 [INF] Executing endpoint '/Account/ForgotPassword'
2024-11-13 12:47:43.270 +01:00 [INF] Route matched with {page = "/Account/ForgotPassword", area = "Identity", action = "", controller = ""}. Executing page /Account/ForgotPassword
2024-11-13 12:47:43.270 +01:00 [INF] Executing an implicit handler method - ModelState is "Valid"
2024-11-13 12:47:43.271 +01:00 [INF] Executed an implicit handler method, returned result Microsoft.AspNetCore.Mvc.RazorPages.PageResult.
2024-11-13 12:47:43.281 +01:00 [INF] Executed page /Account/ForgotPassword in 11.5284ms
2024-11-13 12:47:43.282 +01:00 [INF] Executed endpoint '/Account/ForgotPassword'
2024-11-13 12:47:43.282 +01:00 [INF] Request finished HTTP/1.1 GET http://localhost:5194/Identity/Account/ForgotPassword - 200 null text/html; charset=utf-8 15.6667ms
2024-11-13 12:47:46.298 +01:00 [INF] Request starting HTTP/1.1 GET http://localhost:5194/Identity/Account/Login - null null
2024-11-13 12:47:46.299 +01:00 [INF] Executing endpoint '/Account/Login'
2024-11-13 12:47:46.299 +01:00 [INF] Route matched with {page = "/Account/Login", area = "Identity", action = "", controller = ""}. Executing page /Account/Login
2024-11-13 12:47:46.300 +01:00 [INF] Executing handler method api.Areas.Identity.Pages.Account.LoginModel.OnGetAsync - ModelState is "Valid"
2024-11-13 12:47:46.300 +01:00 [INF] AuthenticationScheme: Identity.External signed out.
2024-11-13 12:47:46.300 +01:00 [INF] Executed handler method OnGetAsync, returned result .
2024-11-13 12:47:46.300 +01:00 [INF] Executing an implicit handler method - ModelState is "Valid"
2024-11-13 12:47:46.300 +01:00 [INF] Executed an implicit handler method, returned result Microsoft.AspNetCore.Mvc.RazorPages.PageResult.
2024-11-13 12:47:46.302 +01:00 [INF] Executed page /Account/Login in 3.2794ms
2024-11-13 12:47:46.303 +01:00 [INF] Executed endpoint '/Account/Login'
2024-11-13 12:47:46.303 +01:00 [INF] Request finished HTTP/1.1 GET http://localhost:5194/Identity/Account/Login - 200 null text/html; charset=utf-8 4.7021ms
2024-11-13 12:47:47.770 +01:00 [INF] Request starting HTTP/1.1 GET http://localhost:5194/Identity/Account/ResendEmailConfirmation - null null
2024-11-13 12:47:47.770 +01:00 [INF] Executing endpoint '/Account/ResendEmailConfirmation'
2024-11-13 12:47:47.775 +01:00 [INF] Route matched with {page = "/Account/ResendEmailConfirmation", area = "Identity", action = "", controller = ""}. Executing page /Account/ResendEmailConfirmation
2024-11-13 12:47:47.776 +01:00 [INF] Executing handler method api.Areas.Identity.Pages.Account.ResendEmailConfirmationModel.OnGet - ModelState is "Valid"
2024-11-13 12:47:47.776 +01:00 [INF] Executed handler method OnGet, returned result .
2024-11-13 12:47:47.776 +01:00 [INF] Executing an implicit handler method - ModelState is "Valid"
2024-11-13 12:47:47.776 +01:00 [INF] Executed an implicit handler method, returned result Microsoft.AspNetCore.Mvc.RazorPages.PageResult.
2024-11-13 12:47:47.790 +01:00 [INF] Executed page /Account/ResendEmailConfirmation in 14.926ms
2024-11-13 12:47:47.790 +01:00 [INF] Executed endpoint '/Account/ResendEmailConfirmation'
2024-11-13 12:47:47.791 +01:00 [INF] Request finished HTTP/1.1 GET http://localhost:5194/Identity/Account/ResendEmailConfirmation - 200 null text/html; charset=utf-8 21.0814ms
2024-11-13 12:47:51.381 +01:00 [INF] Request starting HTTP/1.1 GET http://localhost:5194/Identity/Account/Login - null null
2024-11-13 12:47:51.381 +01:00 [INF] Executing endpoint '/Account/Login'
2024-11-13 12:47:51.382 +01:00 [INF] Route matched with {page = "/Account/Login", area = "Identity", action = "", controller = ""}. Executing page /Account/Login
2024-11-13 12:47:51.382 +01:00 [INF] Executing handler method api.Areas.Identity.Pages.Account.LoginModel.OnGetAsync - ModelState is "Valid"
2024-11-13 12:47:51.382 +01:00 [INF] AuthenticationScheme: Identity.External signed out.
2024-11-13 12:47:51.382 +01:00 [INF] Executed handler method OnGetAsync, returned result .
2024-11-13 12:47:51.382 +01:00 [INF] Executing an implicit handler method - ModelState is "Valid"
2024-11-13 12:47:51.382 +01:00 [INF] Executed an implicit handler method, returned result Microsoft.AspNetCore.Mvc.RazorPages.PageResult.
2024-11-13 12:47:51.384 +01:00 [INF] Executed page /Account/Login in 2.4046ms
2024-11-13 12:47:51.384 +01:00 [INF] Executed endpoint '/Account/Login'
2024-11-13 12:47:51.385 +01:00 [INF] Request finished HTTP/1.1 GET http://localhost:5194/Identity/Account/Login - 200 null text/html; charset=utf-8 3.5048ms
