2024-11-15 13:41:31.624 +01:00 [INF] User profile is available. Using 'C:\Users\Mats\AppData\Local\ASP.NET\DataProtection-Keys' as key repository and Windows DPAPI to encrypt keys at rest.
2024-11-15 13:41:32.314 +01:00 [INF] Now listening on: https://localhost:7263
2024-11-15 13:41:32.319 +01:00 [INF] Now listening on: http://localhost:5194
2024-11-15 13:41:32.332 +01:00 [INF] Application started. Press Ctrl+C to shut down.
2024-11-15 13:41:32.338 +01:00 [INF] Hosting environment: Development
2024-11-15 13:41:32.341 +01:00 [INF] Content root path: C:\Users\Mats\web-projects\react\exam\api
2024-11-15 13:41:39.298 +01:00 [INF] Request starting HTTP/1.1 GET http://localhost:5194/api/productapi/productlist - null null
2024-11-15 13:41:39.411 +01:00 [INF] CORS policy execution successful.
2024-11-15 13:41:39.438 +01:00 [INF] Executing endpoint 'FoodRegistrationTool.Controllers.ProductAPIController.ProductList (api)'
2024-11-15 13:41:39.481 +01:00 [INF] Route matched with {action = "ProductList", controller = "ProductAPI", area = "", page = ""}. Executing controller action with signature System.Threading.Tasks.Task`1[Microsoft.AspNetCore.Mvc.IActionResult] ProductList() on controller FoodRegistrationTool.Controllers.ProductAPIController (api).
2024-11-15 13:41:39.636 +01:00 [INF] Executing OkObjectResult, writing value of type 'System.Linq.Enumerable+SelectListIterator`2[[FoodRegistrationTool.Models.Product, api, Version=1.0.0.0, Culture=neutral, PublicKeyToken=null],[FoodRegistrationTool.DTOs.ProductDto, api, Version=1.0.0.0, Culture=neutral, PublicKeyToken=null]]'.
2024-11-15 13:41:39.716 +01:00 [INF] Executed action FoodRegistrationTool.Controllers.ProductAPIController.ProductList (api) in 228.3133ms
2024-11-15 13:41:39.717 +01:00 [INF] Executed endpoint 'FoodRegistrationTool.Controllers.ProductAPIController.ProductList (api)'
2024-11-15 13:41:39.727 +01:00 [INF] Request finished HTTP/1.1 GET http://localhost:5194/api/productapi/productlist - 200 null application/json; charset=utf-8 431.9855ms
2024-11-15 13:41:39.745 +01:00 [INF] Request starting HTTP/1.1 GET http://localhost:5194/images/pizza.jpg - null null
2024-11-15 13:41:39.756 +01:00 [INF] Request starting HTTP/1.1 GET http://localhost:5194/images/tacos.jpg - null null
2024-11-15 13:41:39.759 +01:00 [INF] Request starting HTTP/1.1 GET http://localhost:5194/images/frenchfries.jpg - null null
2024-11-15 13:41:39.759 +01:00 [INF] Request starting HTTP/1.1 GET http://localhost:5194/images/chickenleg.jpg - null null
2024-11-15 13:41:39.759 +01:00 [INF] Request starting HTTP/1.1 GET http://localhost:5194/images/ribs.jpg - null null
2024-11-15 13:41:39.770 +01:00 [INF] Request starting HTTP/1.1 GET http://localhost:5194/images/fishandchips.jpg - null null
2024-11-15 13:41:39.781 +01:00 [INF] The file /images/pizza.jpg was not modified
2024-11-15 13:41:39.781 +01:00 [INF] The file /images/ribs.jpg was not modified
2024-11-15 13:41:39.781 +01:00 [INF] The file /images/frenchfries.jpg was not modified
2024-11-15 13:41:39.781 +01:00 [INF] The file /images/tacos.jpg was not modified
2024-11-15 13:41:39.781 +01:00 [INF] The file /images/fishandchips.jpg was not modified
2024-11-15 13:41:39.782 +01:00 [INF] The file /images/chickenleg.jpg was not modified
2024-11-15 13:41:39.783 +01:00 [INF] Request finished HTTP/1.1 GET http://localhost:5194/images/fishandchips.jpg - 304 null image/jpeg 15.3359ms
2024-11-15 13:41:39.783 +01:00 [INF] Request finished HTTP/1.1 GET http://localhost:5194/images/ribs.jpg - 304 null image/jpeg 23.4927ms
2024-11-15 13:41:39.783 +01:00 [INF] Request finished HTTP/1.1 GET http://localhost:5194/images/tacos.jpg - 304 null image/jpeg 26.473ms
2024-11-15 13:41:39.783 +01:00 [INF] Request finished HTTP/1.1 GET http://localhost:5194/images/pizza.jpg - 304 null image/jpeg 37.4761ms
2024-11-15 13:41:39.783 +01:00 [INF] Request finished HTTP/1.1 GET http://localhost:5194/images/frenchfries.jpg - 304 null image/jpeg 23.4985ms
2024-11-15 13:41:39.783 +01:00 [INF] Request finished HTTP/1.1 GET http://localhost:5194/images/chickenleg.jpg - 304 null image/jpeg 23.8309ms
2024-11-15 13:41:39.802 +01:00 [INF] Request starting HTTP/1.1 GET http://localhost:5194/images/cider.jpg - null null
2024-11-15 13:41:39.805 +01:00 [INF] The file /images/cider.jpg was not modified
2024-11-15 13:41:39.805 +01:00 [INF] Request finished HTTP/1.1 GET http://localhost:5194/images/cider.jpg - 304 null image/jpeg 3.2881ms
2024-11-15 13:42:06.853 +01:00 [INF] Request starting HTTP/1.1 GET http://localhost:5194/api/productapi/productlist - null null
2024-11-15 13:42:06.866 +01:00 [INF] CORS policy execution successful.
2024-11-15 13:42:06.883 +01:00 [INF] Executing endpoint 'FoodRegistrationTool.Controllers.ProductAPIController.ProductList (api)'
2024-11-15 13:42:06.883 +01:00 [INF] Route matched with {action = "ProductList", controller = "ProductAPI", area = "", page = ""}. Executing controller action with signature System.Threading.Tasks.Task`1[Microsoft.AspNetCore.Mvc.IActionResult] ProductList() on controller FoodRegistrationTool.Controllers.ProductAPIController (api).
2024-11-15 13:42:07.019 +01:00 [INF] Executing OkObjectResult, writing value of type 'System.Linq.Enumerable+SelectListIterator`2[[FoodRegistrationTool.Models.Product, api, Version=1.0.0.0, Culture=neutral, PublicKeyToken=null],[FoodRegistrationTool.DTOs.ProductDto, api, Version=1.0.0.0, Culture=neutral, PublicKeyToken=null]]'.
2024-11-15 13:42:07.020 +01:00 [INF] Executed action FoodRegistrationTool.Controllers.ProductAPIController.ProductList (api) in 136.613ms
2024-11-15 13:42:07.020 +01:00 [INF] Executed endpoint 'FoodRegistrationTool.Controllers.ProductAPIController.ProductList (api)'
2024-11-15 13:42:07.022 +01:00 [INF] Request finished HTTP/1.1 GET http://localhost:5194/api/productapi/productlist - 200 null application/json; charset=utf-8 169.4216ms
2024-11-15 13:45:35.900 +01:00 [INF] Request starting HTTP/1.1 GET http://localhost:5194/api/productapi/productlist - null null
2024-11-15 13:45:35.902 +01:00 [INF] CORS policy execution successful.
2024-11-15 13:45:35.907 +01:00 [INF] Executing endpoint 'FoodRegistrationTool.Controllers.ProductAPIController.ProductList (api)'
2024-11-15 13:45:35.907 +01:00 [INF] Route matched with {action = "ProductList", controller = "ProductAPI", area = "", page = ""}. Executing controller action with signature System.Threading.Tasks.Task`1[Microsoft.AspNetCore.Mvc.IActionResult] ProductList() on controller FoodRegistrationTool.Controllers.ProductAPIController (api).
2024-11-15 13:45:35.936 +01:00 [INF] Executing OkObjectResult, writing value of type 'System.Linq.Enumerable+SelectListIterator`2[[FoodRegistrationTool.Models.Product, api, Version=1.0.0.0, Culture=neutral, PublicKeyToken=null],[FoodRegistrationTool.DTOs.ProductDto, api, Version=1.0.0.0, Culture=neutral, PublicKeyToken=null]]'.
2024-11-15 13:45:35.937 +01:00 [INF] Executed action FoodRegistrationTool.Controllers.ProductAPIController.ProductList (api) in 29.3854ms
2024-11-15 13:45:35.937 +01:00 [INF] Executed endpoint 'FoodRegistrationTool.Controllers.ProductAPIController.ProductList (api)'
2024-11-15 13:45:35.937 +01:00 [INF] Request finished HTTP/1.1 GET http://localhost:5194/api/productapi/productlist - 200 null application/json; charset=utf-8 37.6626ms
2024-11-15 13:53:38.019 +01:00 [INF] Request starting HTTP/1.1 GET http://localhost:5194/api/productapi/productlist - null null
2024-11-15 13:53:38.024 +01:00 [INF] CORS policy execution successful.
2024-11-15 13:53:38.024 +01:00 [INF] Executing endpoint 'FoodRegistrationTool.Controllers.ProductAPIController.ProductList (api)'
2024-11-15 13:53:38.025 +01:00 [INF] Route matched with {action = "ProductList", controller = "ProductAPI", area = "", page = ""}. Executing controller action with signature System.Threading.Tasks.Task`1[Microsoft.AspNetCore.Mvc.IActionResult] ProductList() on controller FoodRegistrationTool.Controllers.ProductAPIController (api).
2024-11-15 13:53:38.042 +01:00 [INF] Executing OkObjectResult, writing value of type 'System.Linq.Enumerable+SelectListIterator`2[[FoodRegistrationTool.Models.Product, api, Version=1.0.0.0, Culture=neutral, PublicKeyToken=null],[FoodRegistrationTool.DTOs.ProductDto, api, Version=1.0.0.0, Culture=neutral, PublicKeyToken=null]]'.
2024-11-15 13:53:38.043 +01:00 [INF] Executed action FoodRegistrationTool.Controllers.ProductAPIController.ProductList (api) in 17.7214ms
2024-11-15 13:53:38.043 +01:00 [INF] Executed endpoint 'FoodRegistrationTool.Controllers.ProductAPIController.ProductList (api)'
2024-11-15 13:53:38.044 +01:00 [INF] Request finished HTTP/1.1 GET http://localhost:5194/api/productapi/productlist - 200 null application/json; charset=utf-8 26.8413ms
2024-11-15 13:53:39.688 +01:00 [INF] Request starting HTTP/1.1 GET http://localhost:5194/api/productapi/productlist - null null
2024-11-15 13:53:39.689 +01:00 [INF] CORS policy execution successful.
2024-11-15 13:53:39.689 +01:00 [INF] Executing endpoint 'FoodRegistrationTool.Controllers.ProductAPIController.ProductList (api)'
2024-11-15 13:53:39.689 +01:00 [INF] Route matched with {action = "ProductList", controller = "ProductAPI", area = "", page = ""}. Executing controller action with signature System.Threading.Tasks.Task`1[Microsoft.AspNetCore.Mvc.IActionResult] ProductList() on controller FoodRegistrationTool.Controllers.ProductAPIController (api).
2024-11-15 13:53:39.694 +01:00 [INF] Executing OkObjectResult, writing value of type 'System.Linq.Enumerable+SelectListIterator`2[[FoodRegistrationTool.Models.Product, api, Version=1.0.0.0, Culture=neutral, PublicKeyToken=null],[FoodRegistrationTool.DTOs.ProductDto, api, Version=1.0.0.0, Culture=neutral, PublicKeyToken=null]]'.
2024-11-15 13:53:39.694 +01:00 [INF] Executed action FoodRegistrationTool.Controllers.ProductAPIController.ProductList (api) in 4.7376ms
2024-11-15 13:53:39.694 +01:00 [INF] Executed endpoint 'FoodRegistrationTool.Controllers.ProductAPIController.ProductList (api)'
2024-11-15 13:53:39.695 +01:00 [INF] Request finished HTTP/1.1 GET http://localhost:5194/api/productapi/productlist - 200 null application/json; charset=utf-8 6.4311ms
2024-11-15 13:54:38.215 +01:00 [INF] Request starting HTTP/1.1 GET http://localhost:5194/api/productapi/productlist - null null
2024-11-15 13:54:38.216 +01:00 [INF] CORS policy execution successful.
2024-11-15 13:54:38.217 +01:00 [INF] Executing endpoint 'FoodRegistrationTool.Controllers.ProductAPIController.ProductList (api)'
2024-11-15 13:54:38.217 +01:00 [INF] Route matched with {action = "ProductList", controller = "ProductAPI", area = "", page = ""}. Executing controller action with signature System.Threading.Tasks.Task`1[Microsoft.AspNetCore.Mvc.IActionResult] ProductList() on controller FoodRegistrationTool.Controllers.ProductAPIController (api).
2024-11-15 13:54:38.226 +01:00 [INF] Executing OkObjectResult, writing value of type 'System.Linq.Enumerable+SelectListIterator`2[[FoodRegistrationTool.Models.Product, api, Version=1.0.0.0, Culture=neutral, PublicKeyToken=null],[FoodRegistrationTool.DTOs.ProductDto, api, Version=1.0.0.0, Culture=neutral, PublicKeyToken=null]]'.
2024-11-15 13:54:38.226 +01:00 [INF] Executed action FoodRegistrationTool.Controllers.ProductAPIController.ProductList (api) in 9.43ms
2024-11-15 13:54:38.227 +01:00 [INF] Executed endpoint 'FoodRegistrationTool.Controllers.ProductAPIController.ProductList (api)'
2024-11-15 13:54:38.227 +01:00 [INF] Request finished HTTP/1.1 GET http://localhost:5194/api/productapi/productlist - 200 null application/json; charset=utf-8 12.0157ms
2024-11-15 13:54:50.029 +01:00 [INF] Request starting HTTP/1.1 GET http://localhost:5194/Identity/Account/Login - null null
2024-11-15 13:54:50.040 +01:00 [INF] Executing endpoint '/Account/Login'
2024-11-15 13:54:50.043 +01:00 [INF] Request starting HTTP/1.1 GET http://localhost:5194/Identity/Account/Login - null null
2024-11-15 13:54:50.055 +01:00 [INF] Executing endpoint '/Account/Login'
2024-11-15 13:54:50.099 +01:00 [INF] Route matched with {page = "/Account/Login", area = "Identity", action = "", controller = ""}. Executing page /Account/Login
2024-11-15 13:54:50.099 +01:00 [INF] Route matched with {page = "/Account/Login", area = "Identity", action = "", controller = ""}. Executing page /Account/Login
2024-11-15 13:54:50.151 +01:00 [INF] Executing handler method api.Areas.Identity.Pages.Account.LoginModel.OnGetAsync - ModelState is "Valid"
2024-11-15 13:54:50.151 +01:00 [INF] Executing handler method api.Areas.Identity.Pages.Account.LoginModel.OnGetAsync - ModelState is "Valid"
2024-11-15 13:54:50.169 +01:00 [INF] AuthenticationScheme: Identity.External signed out.
2024-11-15 13:54:50.169 +01:00 [INF] AuthenticationScheme: Identity.External signed out.
2024-11-15 13:54:50.172 +01:00 [INF] Executed handler method OnGetAsync, returned result .
2024-11-15 13:54:50.172 +01:00 [INF] Executed handler method OnGetAsync, returned result .
2024-11-15 13:54:50.178 +01:00 [INF] Executing an implicit handler method - ModelState is "Valid"
2024-11-15 13:54:50.178 +01:00 [INF] Executing an implicit handler method - ModelState is "Valid"
2024-11-15 13:54:50.179 +01:00 [INF] Executed an implicit handler method, returned result Microsoft.AspNetCore.Mvc.RazorPages.PageResult.
2024-11-15 13:54:50.179 +01:00 [INF] Executed an implicit handler method, returned result Microsoft.AspNetCore.Mvc.RazorPages.PageResult.
2024-11-15 13:54:50.455 +01:00 [INF] Executed page /Account/Login in 355.378ms
2024-11-15 13:54:50.455 +01:00 [INF] Executed page /Account/Login in 355.4476ms
2024-11-15 13:54:50.455 +01:00 [INF] Executed endpoint '/Account/Login'
2024-11-15 13:54:50.455 +01:00 [INF] Executed endpoint '/Account/Login'
2024-11-15 13:54:50.459 +01:00 [INF] Request finished HTTP/1.1 GET http://localhost:5194/Identity/Account/Login - 200 null text/html; charset=utf-8 415.5801ms
2024-11-15 13:54:50.459 +01:00 [INF] Request finished HTTP/1.1 GET http://localhost:5194/Identity/Account/Login - 200 null text/html; charset=utf-8 429.7601ms
2024-11-15 13:54:50.521 +01:00 [INF] Request starting HTTP/1.1 GET http://localhost:5194/Identity/lib/bootstrap/dist/css/bootstrap.css - null null
2024-11-15 13:54:50.524 +01:00 [INF] The file /Identity/lib/bootstrap/dist/css/bootstrap.css was not modified
2024-11-15 13:54:50.524 +01:00 [INF] Request finished HTTP/1.1 GET http://localhost:5194/Identity/lib/bootstrap/dist/css/bootstrap.css - 304 null text/css 3.124ms
2024-11-15 13:54:50.552 +01:00 [INF] Request starting HTTP/1.1 GET http://localhost:5194/Identity/lib/bootstrap/dist/js/bootstrap.bundle.js - null null
2024-11-15 13:54:50.552 +01:00 [INF] Request starting HTTP/1.1 GET http://localhost:5194/Identity/lib/jquery/dist/jquery.js - null null
2024-11-15 13:54:50.552 +01:00 [INF] Request starting HTTP/1.1 GET http://localhost:5194/Identity/css/site.css - null null
2024-11-15 13:54:50.554 +01:00 [INF] The file /Identity/lib/jquery/dist/jquery.js was not modified
2024-11-15 13:54:50.554 +01:00 [INF] The file /Identity/css/site.css was not modified
2024-11-15 13:54:50.555 +01:00 [INF] Request finished HTTP/1.1 GET http://localhost:5194/Identity/css/site.css - 304 null text/css 2.5519ms
2024-11-15 13:54:50.555 +01:00 [INF] Request finished HTTP/1.1 GET http://localhost:5194/Identity/lib/jquery/dist/jquery.js - 304 null text/javascript 2.6769ms
2024-11-15 13:54:50.556 +01:00 [INF] Request starting HTTP/1.1 GET http://localhost:5194/Identity/lib/jquery-validation/dist/jquery.validate.js - null null
2024-11-15 13:54:50.555 +01:00 [INF] Request starting HTTP/1.1 GET http://localhost:5194/Identity/js/site.js?v=hRQyftXiu1lLX2P9Ly9xa4gHJgLeR1uGN5qegUobtGo - null null
2024-11-15 13:54:50.557 +01:00 [INF] Request starting HTTP/1.1 GET http://localhost:5194/Identity/lib/jquery-validation-unobtrusive/jquery.validate.unobtrusive.js - null null
2024-11-15 13:54:50.557 +01:00 [INF] The file /Identity/lib/bootstrap/dist/js/bootstrap.bundle.js was not modified
2024-11-15 13:54:50.557 +01:00 [INF] The file /Identity/js/site.js was not modified
2024-11-15 13:54:50.558 +01:00 [INF] Request finished HTTP/1.1 GET http://localhost:5194/Identity/lib/bootstrap/dist/js/bootstrap.bundle.js - 304 null text/javascript 5.8688ms
2024-11-15 13:54:50.561 +01:00 [INF] The file /Identity/lib/jquery-validation/dist/jquery.validate.js was not modified
2024-11-15 13:54:50.561 +01:00 [INF] The file /Identity/lib/jquery-validation-unobtrusive/jquery.validate.unobtrusive.js was not modified
2024-11-15 13:54:50.561 +01:00 [INF] Request finished HTTP/1.1 GET http://localhost:5194/Identity/lib/jquery-validation/dist/jquery.validate.js - 304 null text/javascript 5.0181ms
2024-11-15 13:54:50.561 +01:00 [INF] Request finished HTTP/1.1 GET http://localhost:5194/Identity/lib/jquery-validation-unobtrusive/jquery.validate.unobtrusive.js - 304 null text/javascript 4.4362ms
2024-11-15 13:54:50.561 +01:00 [INF] Request finished HTTP/1.1 GET http://localhost:5194/Identity/js/site.js?v=hRQyftXiu1lLX2P9Ly9xa4gHJgLeR1uGN5qegUobtGo - 304 null text/javascript 2.3027ms
2024-11-15 13:54:50.769 +01:00 [INF] Request starting HTTP/1.1 GET http://localhost:5194/Identity/lib/bootstrap/dist/css/bootstrap.css.map - null null
2024-11-15 13:54:50.769 +01:00 [INF] Request starting HTTP/1.1 GET http://localhost:5194/Identity/lib/bootstrap/dist/js/bootstrap.bundle.js.map - null null
2024-11-15 13:54:50.770 +01:00 [INF] The file /Identity/lib/bootstrap/dist/css/bootstrap.css.map was not modified
2024-11-15 13:54:50.770 +01:00 [INF] Request finished HTTP/1.1 GET http://localhost:5194/Identity/lib/bootstrap/dist/css/bootstrap.css.map - 304 null text/plain 1.1811ms
2024-11-15 13:54:50.770 +01:00 [INF] The file /Identity/lib/bootstrap/dist/js/bootstrap.bundle.js.map was not modified
2024-11-15 13:54:50.770 +01:00 [INF] Request finished HTTP/1.1 GET http://localhost:5194/Identity/lib/bootstrap/dist/js/bootstrap.bundle.js.map - 304 null text/plain 0.9911ms
2024-11-15 13:54:54.150 +01:00 [INF] Request starting HTTP/1.1 GET http://localhost:5194/images/carousel1.jpg - null null
2024-11-15 13:54:54.151 +01:00 [INF] The file /images/carousel1.jpg was not modified
2024-11-15 13:54:54.151 +01:00 [INF] Request finished HTTP/1.1 GET http://localhost:5194/images/carousel1.jpg - 304 null image/jpeg 1.3833ms
2024-11-15 13:54:54.183 +01:00 [INF] Request starting HTTP/1.1 GET http://localhost:5194/images/carousel3.jpg - null null
2024-11-15 13:54:54.183 +01:00 [INF] Request starting HTTP/1.1 GET http://localhost:5194/images/carousel2.jpg - null null
2024-11-15 13:54:54.184 +01:00 [INF] The file /images/carousel2.jpg was not modified
2024-11-15 13:54:54.184 +01:00 [INF] The file /images/carousel3.jpg was not modified
2024-11-15 13:54:54.184 +01:00 [INF] Request finished HTTP/1.1 GET http://localhost:5194/images/carousel2.jpg - 304 null image/jpeg 1.3693ms
2024-11-15 13:54:54.186 +01:00 [INF] Request finished HTTP/1.1 GET http://localhost:5194/images/carousel3.jpg - 304 null image/jpeg 2.6847ms
2024-11-15 13:54:54.602 +01:00 [INF] Request starting HTTP/1.1 GET http://localhost:5194/api/Auth/userinfo - null null
2024-11-15 13:54:54.602 +01:00 [INF] CORS policy execution successful.
2024-11-15 13:54:54.603 +01:00 [INF] Executing endpoint 'FoodRegistrationTool.Controllers.AuthController.GetUserInfo (api)'
2024-11-15 13:54:54.619 +01:00 [INF] Route matched with {action = "GetUserInfo", controller = "Auth", area = "", page = ""}. Executing controller action with signature System.Threading.Tasks.Task`1[Microsoft.AspNetCore.Mvc.IActionResult] GetUserInfo() on controller FoodRegistrationTool.Controllers.AuthController (api).
2024-11-15 13:54:54.659 +01:00 [INF] Authentication result: False
2024-11-15 13:54:54.666 +01:00 [INF] Request path: /api/Auth/userinfo
2024-11-15 13:54:54.672 +01:00 [INF] Request method: GET
2024-11-15 13:54:54.677 +01:00 [INF] Request scheme: http
2024-11-15 13:54:54.683 +01:00 [INF] Auth Type: 
2024-11-15 13:54:54.687 +01:00 [INF] Identity Name: 
2024-11-15 13:54:54.693 +01:00 [INF] User from UserManager: null
2024-11-15 13:54:54.700 +01:00 [INF] Cookies received: .AspNetCore.Antiforgery.lR7t4MXUUZs=CfDJ8FYKQg2-tzVDp03-Gqv4Alp0e2kDKTpS7ycju9zsrFEctUbGhXGgm-TR2OGRtNiDSW2-yLD_U9ztu3gK8l94pzxhlcgICY-WqKInqucCSG5DxX1CJdczsvzTSLcIdT395LhAveMj_2LRO4FR08fdmRA, .AspNetCore.Antiforgery.dw7AqgzwEUQ=CfDJ8FYKQg2-tzVDp03-Gqv4AlpuJ5WrZvfgIbXDPlmvconEJ-859cdE6UsmGy6Ny_h3xsB8bbMaYwmszbCZtWzqapxdW81rlL4KfGCSslVgx3lRLADMmzN7o6yVPQJ44NQ3MnhGpLSl3G4_OADRKjpKDNY
2024-11-15 13:54:54.704 +01:00 [INF] GetUserInfo called:
2024-11-15 13:54:54.709 +01:00 [INF] IsAuthenticated: False
2024-11-15 13:54:54.714 +01:00 [INF] UserName: 
2024-11-15 13:54:54.721 +01:00 [INF] Claims: 
2024-11-15 13:54:54.746 +01:00 [INF] Returning response: {"isAuthenticated":false,"userName":null,"manageUrl":"/Identity/Account/Manage","logoutUrl":"/Identity/Account/Logout","loginUrl":"/Identity/Account/Login","registerUrl":"/Identity/Account/Register"}
2024-11-15 13:54:54.748 +01:00 [INF] Executing OkObjectResult, writing value of type '<>f__AnonymousType10`6[[System.Boolean, System.Private.CoreLib, Version=8.0.0.0, Culture=neutral, PublicKeyToken=7cec85d7bea7798e],[System.String, System.Private.CoreLib, Version=8.0.0.0, Culture=neutral, PublicKeyToken=7cec85d7bea7798e],[System.String, System.Private.CoreLib, Version=8.0.0.0, Culture=neutral, PublicKeyToken=7cec85d7bea7798e],[System.String, System.Private.CoreLib, Version=8.0.0.0, Culture=neutral, PublicKeyToken=7cec85d7bea7798e],[System.String, System.Private.CoreLib, Version=8.0.0.0, Culture=neutral, PublicKeyToken=7cec85d7bea7798e],[System.String, System.Private.CoreLib, Version=8.0.0.0, Culture=neutral, PublicKeyToken=7cec85d7bea7798e]]'.
2024-11-15 13:54:54.750 +01:00 [INF] Executed action FoodRegistrationTool.Controllers.AuthController.GetUserInfo (api) in 131.1662ms
2024-11-15 13:54:54.751 +01:00 [INF] Executed endpoint 'FoodRegistrationTool.Controllers.AuthController.GetUserInfo (api)'
2024-11-15 13:54:54.751 +01:00 [INF] Request finished HTTP/1.1 GET http://localhost:5194/api/Auth/userinfo - 200 null application/json; charset=utf-8 149.1707ms
2024-11-15 13:54:54.755 +01:00 [INF] Request starting HTTP/1.1 GET http://localhost:5194/api/Auth/userinfo - null null
2024-11-15 13:54:54.757 +01:00 [INF] CORS policy execution successful.
2024-11-15 13:54:54.757 +01:00 [INF] Executing endpoint 'FoodRegistrationTool.Controllers.AuthController.GetUserInfo (api)'
2024-11-15 13:54:54.758 +01:00 [INF] Route matched with {action = "GetUserInfo", controller = "Auth", area = "", page = ""}. Executing controller action with signature System.Threading.Tasks.Task`1[Microsoft.AspNetCore.Mvc.IActionResult] GetUserInfo() on controller FoodRegistrationTool.Controllers.AuthController (api).
2024-11-15 13:54:54.764 +01:00 [INF] Authentication result: False
2024-11-15 13:54:54.768 +01:00 [INF] Request path: /api/Auth/userinfo
2024-11-15 13:54:54.771 +01:00 [INF] Request method: GET
2024-11-15 13:54:54.776 +01:00 [INF] Request scheme: http
2024-11-15 13:54:54.780 +01:00 [INF] Auth Type: 
2024-11-15 13:54:54.786 +01:00 [INF] Identity Name: 
2024-11-15 13:54:54.790 +01:00 [INF] User from UserManager: null
2024-11-15 13:54:54.796 +01:00 [INF] Cookies received: .AspNetCore.Antiforgery.lR7t4MXUUZs=CfDJ8FYKQg2-tzVDp03-Gqv4Alp0e2kDKTpS7ycju9zsrFEctUbGhXGgm-TR2OGRtNiDSW2-yLD_U9ztu3gK8l94pzxhlcgICY-WqKInqucCSG5DxX1CJdczsvzTSLcIdT395LhAveMj_2LRO4FR08fdmRA, .AspNetCore.Antiforgery.dw7AqgzwEUQ=CfDJ8FYKQg2-tzVDp03-Gqv4AlpuJ5WrZvfgIbXDPlmvconEJ-859cdE6UsmGy6Ny_h3xsB8bbMaYwmszbCZtWzqapxdW81rlL4KfGCSslVgx3lRLADMmzN7o6yVPQJ44NQ3MnhGpLSl3G4_OADRKjpKDNY
2024-11-15 13:54:54.800 +01:00 [INF] GetUserInfo called:
2024-11-15 13:54:54.805 +01:00 [INF] IsAuthenticated: False
2024-11-15 13:54:54.808 +01:00 [INF] UserName: 
2024-11-15 13:54:54.812 +01:00 [INF] Claims: 
2024-11-15 13:54:54.815 +01:00 [INF] Returning response: {"isAuthenticated":false,"userName":null,"manageUrl":"/Identity/Account/Manage","logoutUrl":"/Identity/Account/Logout","loginUrl":"/Identity/Account/Login","registerUrl":"/Identity/Account/Register"}
2024-11-15 13:54:54.815 +01:00 [INF] Executing OkObjectResult, writing value of type '<>f__AnonymousType10`6[[System.Boolean, System.Private.CoreLib, Version=8.0.0.0, Culture=neutral, PublicKeyToken=7cec85d7bea7798e],[System.String, System.Private.CoreLib, Version=8.0.0.0, Culture=neutral, PublicKeyToken=7cec85d7bea7798e],[System.String, System.Private.CoreLib, Version=8.0.0.0, Culture=neutral, PublicKeyToken=7cec85d7bea7798e],[System.String, System.Private.CoreLib, Version=8.0.0.0, Culture=neutral, PublicKeyToken=7cec85d7bea7798e],[System.String, System.Private.CoreLib, Version=8.0.0.0, Culture=neutral, PublicKeyToken=7cec85d7bea7798e],[System.String, System.Private.CoreLib, Version=8.0.0.0, Culture=neutral, PublicKeyToken=7cec85d7bea7798e]]'.
2024-11-15 13:54:54.816 +01:00 [INF] Executed action FoodRegistrationTool.Controllers.AuthController.GetUserInfo (api) in 58.0953ms
2024-11-15 13:54:54.816 +01:00 [INF] Executed endpoint 'FoodRegistrationTool.Controllers.AuthController.GetUserInfo (api)'
2024-11-15 13:54:54.816 +01:00 [INF] Request finished HTTP/1.1 GET http://localhost:5194/api/Auth/userinfo - 200 null application/json; charset=utf-8 61.0463ms
2024-11-15 13:55:00.653 +01:00 [INF] Request starting HTTP/1.1 GET http://localhost:5194/api/productapi/productlist - null null
2024-11-15 13:55:00.653 +01:00 [INF] CORS policy execution successful.
2024-11-15 13:55:00.656 +01:00 [INF] Executing endpoint 'FoodRegistrationTool.Controllers.ProductAPIController.ProductList (api)'
2024-11-15 13:55:00.656 +01:00 [INF] Route matched with {action = "ProductList", controller = "ProductAPI", area = "", page = ""}. Executing controller action with signature System.Threading.Tasks.Task`1[Microsoft.AspNetCore.Mvc.IActionResult] ProductList() on controller FoodRegistrationTool.Controllers.ProductAPIController (api).
2024-11-15 13:55:00.665 +01:00 [INF] Executing OkObjectResult, writing value of type 'System.Linq.Enumerable+SelectListIterator`2[[FoodRegistrationTool.Models.Product, api, Version=1.0.0.0, Culture=neutral, PublicKeyToken=null],[FoodRegistrationTool.DTOs.ProductDto, api, Version=1.0.0.0, Culture=neutral, PublicKeyToken=null]]'.
2024-11-15 13:55:00.666 +01:00 [INF] Executed action FoodRegistrationTool.Controllers.ProductAPIController.ProductList (api) in 9.3586ms
2024-11-15 13:55:00.666 +01:00 [INF] Executed endpoint 'FoodRegistrationTool.Controllers.ProductAPIController.ProductList (api)'
2024-11-15 13:55:00.666 +01:00 [INF] Request finished HTTP/1.1 GET http://localhost:5194/api/productapi/productlist - 200 null application/json; charset=utf-8 13.5693ms
2024-11-15 13:55:00.669 +01:00 [INF] Request starting HTTP/1.1 GET http://localhost:5194/api/productapi/productlist - null null
2024-11-15 13:55:00.670 +01:00 [INF] CORS policy execution successful.
2024-11-15 13:55:00.670 +01:00 [INF] Executing endpoint 'FoodRegistrationTool.Controllers.ProductAPIController.ProductList (api)'
2024-11-15 13:55:00.670 +01:00 [INF] Route matched with {action = "ProductList", controller = "ProductAPI", area = "", page = ""}. Executing controller action with signature System.Threading.Tasks.Task`1[Microsoft.AspNetCore.Mvc.IActionResult] ProductList() on controller FoodRegistrationTool.Controllers.ProductAPIController (api).
2024-11-15 13:55:00.684 +01:00 [INF] Executing OkObjectResult, writing value of type 'System.Linq.Enumerable+SelectListIterator`2[[FoodRegistrationTool.Models.Product, api, Version=1.0.0.0, Culture=neutral, PublicKeyToken=null],[FoodRegistrationTool.DTOs.ProductDto, api, Version=1.0.0.0, Culture=neutral, PublicKeyToken=null]]'.
2024-11-15 13:55:00.685 +01:00 [INF] Executed action FoodRegistrationTool.Controllers.ProductAPIController.ProductList (api) in 14.33ms
2024-11-15 13:55:00.685 +01:00 [INF] Executed endpoint 'FoodRegistrationTool.Controllers.ProductAPIController.ProductList (api)'
2024-11-15 13:55:00.686 +01:00 [INF] Request finished HTTP/1.1 GET http://localhost:5194/api/productapi/productlist - 200 null application/json; charset=utf-8 16.076ms
2024-11-15 13:58:10.107 +01:00 [INF] Request starting HTTP/1.1 GET http://localhost:5194/api/productapi/1 - null null
2024-11-15 13:58:10.111 +01:00 [INF] CORS policy execution successful.
2024-11-15 13:58:10.121 +01:00 [INF] Executing endpoint 'FoodRegistrationTool.Controllers.ProductAPIController.GetProduct (api)'
2024-11-15 13:58:10.128 +01:00 [INF] Route matched with {action = "GetProduct", controller = "ProductAPI", area = "", page = ""}. Executing controller action with signature System.Threading.Tasks.Task`1[Microsoft.AspNetCore.Mvc.IActionResult] GetProduct(Int32) on controller FoodRegistrationTool.Controllers.ProductAPIController (api).
2024-11-15 13:58:10.235 +01:00 [INF] Executing OkObjectResult, writing value of type 'FoodRegistrationTool.Models.Product'.
2024-11-15 13:58:10.238 +01:00 [INF] Executed action FoodRegistrationTool.Controllers.ProductAPIController.GetProduct (api) in 109.0042ms
2024-11-15 13:58:10.238 +01:00 [INF] Executed endpoint 'FoodRegistrationTool.Controllers.ProductAPIController.GetProduct (api)'
2024-11-15 13:58:10.238 +01:00 [INF] Request finished HTTP/1.1 GET http://localhost:5194/api/productapi/1 - 200 null application/json; charset=utf-8 131.4621ms
2024-11-15 13:58:10.240 +01:00 [INF] Request starting HTTP/1.1 GET http://localhost:5194/api/productapi/1 - null null
2024-11-15 13:58:10.241 +01:00 [INF] CORS policy execution successful.
2024-11-15 13:58:10.241 +01:00 [INF] Executing endpoint 'FoodRegistrationTool.Controllers.ProductAPIController.GetProduct (api)'
2024-11-15 13:58:10.241 +01:00 [INF] Route matched with {action = "GetProduct", controller = "ProductAPI", area = "", page = ""}. Executing controller action with signature System.Threading.Tasks.Task`1[Microsoft.AspNetCore.Mvc.IActionResult] GetProduct(Int32) on controller FoodRegistrationTool.Controllers.ProductAPIController (api).
2024-11-15 13:58:10.254 +01:00 [INF] Executing OkObjectResult, writing value of type 'FoodRegistrationTool.Models.Product'.
2024-11-15 13:58:10.254 +01:00 [INF] Executed action FoodRegistrationTool.Controllers.ProductAPIController.GetProduct (api) in 13.2995ms
2024-11-15 13:58:10.255 +01:00 [INF] Executed endpoint 'FoodRegistrationTool.Controllers.ProductAPIController.GetProduct (api)'
2024-11-15 13:58:10.255 +01:00 [INF] Request finished HTTP/1.1 GET http://localhost:5194/api/productapi/1 - 200 null application/json; charset=utf-8 14.3908ms
2024-11-15 13:58:12.047 +01:00 [INF] Request starting HTTP/1.1 GET http://localhost:5194/api/productapi/productlist - null null
2024-11-15 13:58:12.047 +01:00 [INF] CORS policy execution successful.
2024-11-15 13:58:12.047 +01:00 [INF] Executing endpoint 'FoodRegistrationTool.Controllers.ProductAPIController.ProductList (api)'
2024-11-15 13:58:12.048 +01:00 [INF] Route matched with {action = "ProductList", controller = "ProductAPI", area = "", page = ""}. Executing controller action with signature System.Threading.Tasks.Task`1[Microsoft.AspNetCore.Mvc.IActionResult] ProductList() on controller FoodRegistrationTool.Controllers.ProductAPIController (api).
2024-11-15 13:58:12.053 +01:00 [INF] Executing OkObjectResult, writing value of type 'System.Linq.Enumerable+SelectListIterator`2[[FoodRegistrationTool.Models.Product, api, Version=1.0.0.0, Culture=neutral, PublicKeyToken=null],[FoodRegistrationTool.DTOs.ProductDto, api, Version=1.0.0.0, Culture=neutral, PublicKeyToken=null]]'.
2024-11-15 13:58:12.053 +01:00 [INF] Executed action FoodRegistrationTool.Controllers.ProductAPIController.ProductList (api) in 5.6511ms
2024-11-15 13:58:12.054 +01:00 [INF] Executed endpoint 'FoodRegistrationTool.Controllers.ProductAPIController.ProductList (api)'
2024-11-15 13:58:12.054 +01:00 [INF] Request finished HTTP/1.1 GET http://localhost:5194/api/productapi/productlist - 200 null application/json; charset=utf-8 7.286ms
2024-11-15 13:58:12.056 +01:00 [INF] Request starting HTTP/1.1 GET http://localhost:5194/api/productapi/productlist - null null
2024-11-15 13:58:12.056 +01:00 [INF] CORS policy execution successful.
2024-11-15 13:58:12.057 +01:00 [INF] Executing endpoint 'FoodRegistrationTool.Controllers.ProductAPIController.ProductList (api)'
2024-11-15 13:58:12.057 +01:00 [INF] Route matched with {action = "ProductList", controller = "ProductAPI", area = "", page = ""}. Executing controller action with signature System.Threading.Tasks.Task`1[Microsoft.AspNetCore.Mvc.IActionResult] ProductList() on controller FoodRegistrationTool.Controllers.ProductAPIController (api).
2024-11-15 13:58:12.064 +01:00 [INF] Executing OkObjectResult, writing value of type 'System.Linq.Enumerable+SelectListIterator`2[[FoodRegistrationTool.Models.Product, api, Version=1.0.0.0, Culture=neutral, PublicKeyToken=null],[FoodRegistrationTool.DTOs.ProductDto, api, Version=1.0.0.0, Culture=neutral, PublicKeyToken=null]]'.
2024-11-15 13:58:12.065 +01:00 [INF] Executed action FoodRegistrationTool.Controllers.ProductAPIController.ProductList (api) in 7.0188ms
2024-11-15 13:58:12.065 +01:00 [INF] Executed endpoint 'FoodRegistrationTool.Controllers.ProductAPIController.ProductList (api)'
2024-11-15 13:58:12.065 +01:00 [INF] Request finished HTTP/1.1 GET http://localhost:5194/api/productapi/productlist - 200 null application/json; charset=utf-8 8.9343ms
2024-11-15 13:58:19.743 +01:00 [INF] Request starting HTTP/1.1 GET http://localhost:5194/images/carousel3.jpg - null null
2024-11-15 13:58:19.797 +01:00 [INF] Sending file. Request path: '/images/carousel3.jpg'. Physical path: 'C:\Users\Mats\web-projects\react\exam\api\wwwroot\images\carousel3.jpg'
2024-11-15 13:58:19.798 +01:00 [INF] Request finished HTTP/1.1 GET http://localhost:5194/images/carousel3.jpg - 200 1721288 image/jpeg 55.3424ms
2024-11-15 13:58:43.717 +01:00 [INF] Request starting HTTP/1.1 OPTIONS http://localhost:5194/api/productapi/delete/1 - null null
2024-11-15 13:58:43.717 +01:00 [INF] CORS policy execution successful.
2024-11-15 13:58:43.719 +01:00 [INF] Request finished HTTP/1.1 OPTIONS http://localhost:5194/api/productapi/delete/1 - 204 null null 1.9852ms
2024-11-15 13:58:43.720 +01:00 [INF] Request starting HTTP/1.1 DELETE http://localhost:5194/api/productapi/delete/1 - application/json null
2024-11-15 13:58:43.721 +01:00 [INF] CORS policy execution successful.
2024-11-15 13:58:43.731 +01:00 [INF] Authorization failed. These requirements were not met:
DenyAnonymousAuthorizationRequirement: Requires an authenticated user.
2024-11-15 13:58:43.736 +01:00 [INF] AuthenticationScheme: Identity.Application was challenged.
2024-11-15 13:58:43.737 +01:00 [INF] Request finished HTTP/1.1 DELETE http://localhost:5194/api/productapi/delete/1 - 401 0 null 16.2157ms
2024-11-15 14:03:18.835 +01:00 [INF] Request starting HTTP/1.1 GET http://localhost:5194/api/productapi/productlist - null null
2024-11-15 14:03:18.836 +01:00 [INF] CORS policy execution successful.
2024-11-15 14:03:18.836 +01:00 [INF] Executing endpoint 'FoodRegistrationTool.Controllers.ProductAPIController.ProductList (api)'
2024-11-15 14:03:18.836 +01:00 [INF] Route matched with {action = "ProductList", controller = "ProductAPI", area = "", page = ""}. Executing controller action with signature System.Threading.Tasks.Task`1[Microsoft.AspNetCore.Mvc.IActionResult] ProductList() on controller FoodRegistrationTool.Controllers.ProductAPIController (api).
2024-11-15 14:03:18.868 +01:00 [INF] Executing OkObjectResult, writing value of type 'System.Linq.Enumerable+SelectListIterator`2[[FoodRegistrationTool.Models.Product, api, Version=1.0.0.0, Culture=neutral, PublicKeyToken=null],[FoodRegistrationTool.DTOs.ProductDto, api, Version=1.0.0.0, Culture=neutral, PublicKeyToken=null]]'.
2024-11-15 14:03:18.870 +01:00 [INF] Executed action FoodRegistrationTool.Controllers.ProductAPIController.ProductList (api) in 33.4623ms
2024-11-15 14:03:18.870 +01:00 [INF] Executed endpoint 'FoodRegistrationTool.Controllers.ProductAPIController.ProductList (api)'
2024-11-15 14:03:18.874 +01:00 [INF] Request finished HTTP/1.1 GET http://localhost:5194/api/productapi/productlist - 200 null application/json; charset=utf-8 39.0209ms
2024-11-15 14:03:21.446 +01:00 [INF] Request starting HTTP/1.1 GET http://localhost:5194/api/productapi/productlist - null null
2024-11-15 14:03:21.446 +01:00 [INF] CORS policy execution successful.
2024-11-15 14:03:21.448 +01:00 [INF] Executing endpoint 'FoodRegistrationTool.Controllers.ProductAPIController.ProductList (api)'
2024-11-15 14:03:21.448 +01:00 [INF] Route matched with {action = "ProductList", controller = "ProductAPI", area = "", page = ""}. Executing controller action with signature System.Threading.Tasks.Task`1[Microsoft.AspNetCore.Mvc.IActionResult] ProductList() on controller FoodRegistrationTool.Controllers.ProductAPIController (api).
2024-11-15 14:03:21.461 +01:00 [INF] Executing OkObjectResult, writing value of type 'System.Linq.Enumerable+SelectListIterator`2[[FoodRegistrationTool.Models.Product, api, Version=1.0.0.0, Culture=neutral, PublicKeyToken=null],[FoodRegistrationTool.DTOs.ProductDto, api, Version=1.0.0.0, Culture=neutral, PublicKeyToken=null]]'.
2024-11-15 14:03:21.462 +01:00 [INF] Executed action FoodRegistrationTool.Controllers.ProductAPIController.ProductList (api) in 13.3996ms
2024-11-15 14:03:21.462 +01:00 [INF] Executed endpoint 'FoodRegistrationTool.Controllers.ProductAPIController.ProductList (api)'
2024-11-15 14:03:21.462 +01:00 [INF] Request finished HTTP/1.1 GET http://localhost:5194/api/productapi/productlist - 200 null application/json; charset=utf-8 16.2099ms
2024-11-15 14:03:21.463 +01:00 [INF] Request starting HTTP/1.1 GET http://localhost:5194/api/productapi/productlist - null null
2024-11-15 14:03:21.464 +01:00 [INF] CORS policy execution successful.
2024-11-15 14:03:21.464 +01:00 [INF] Executing endpoint 'FoodRegistrationTool.Controllers.ProductAPIController.ProductList (api)'
2024-11-15 14:03:21.464 +01:00 [INF] Route matched with {action = "ProductList", controller = "ProductAPI", area = "", page = ""}. Executing controller action with signature System.Threading.Tasks.Task`1[Microsoft.AspNetCore.Mvc.IActionResult] ProductList() on controller FoodRegistrationTool.Controllers.ProductAPIController (api).
2024-11-15 14:03:21.470 +01:00 [INF] Executing OkObjectResult, writing value of type 'System.Linq.Enumerable+SelectListIterator`2[[FoodRegistrationTool.Models.Product, api, Version=1.0.0.0, Culture=neutral, PublicKeyToken=null],[FoodRegistrationTool.DTOs.ProductDto, api, Version=1.0.0.0, Culture=neutral, PublicKeyToken=null]]'.
2024-11-15 14:03:21.470 +01:00 [INF] Executed action FoodRegistrationTool.Controllers.ProductAPIController.ProductList (api) in 5.8655ms
2024-11-15 14:03:21.470 +01:00 [INF] Executed endpoint 'FoodRegistrationTool.Controllers.ProductAPIController.ProductList (api)'
2024-11-15 14:03:21.471 +01:00 [INF] Request finished HTTP/1.1 GET http://localhost:5194/api/productapi/productlist - 200 null application/json; charset=utf-8 7.0598ms
2024-11-15 14:03:35.358 +01:00 [INF] Request starting HTTP/1.1 GET http://localhost:5194/api/productapi/productlist - null null
2024-11-15 14:03:35.358 +01:00 [INF] CORS policy execution successful.
2024-11-15 14:03:35.359 +01:00 [INF] Executing endpoint 'FoodRegistrationTool.Controllers.ProductAPIController.ProductList (api)'
2024-11-15 14:03:35.359 +01:00 [INF] Route matched with {action = "ProductList", controller = "ProductAPI", area = "", page = ""}. Executing controller action with signature System.Threading.Tasks.Task`1[Microsoft.AspNetCore.Mvc.IActionResult] ProductList() on controller FoodRegistrationTool.Controllers.ProductAPIController (api).
2024-11-15 14:03:35.453 +01:00 [INF] Executing OkObjectResult, writing value of type 'System.Linq.Enumerable+SelectListIterator`2[[FoodRegistrationTool.Models.Product, api, Version=1.0.0.0, Culture=neutral, PublicKeyToken=null],[FoodRegistrationTool.DTOs.ProductDto, api, Version=1.0.0.0, Culture=neutral, PublicKeyToken=null]]'.
2024-11-15 14:03:35.454 +01:00 [INF] Executed action FoodRegistrationTool.Controllers.ProductAPIController.ProductList (api) in 94.996ms
2024-11-15 14:03:35.454 +01:00 [INF] Executed endpoint 'FoodRegistrationTool.Controllers.ProductAPIController.ProductList (api)'
2024-11-15 14:03:35.454 +01:00 [INF] Request finished HTTP/1.1 GET http://localhost:5194/api/productapi/productlist - 200 null application/json; charset=utf-8 96.9888ms
2024-11-15 14:04:26.801 +01:00 [INF] Request starting HTTP/1.1 GET http://localhost:5194/api/productapi/productlist - null null
2024-11-15 14:04:26.801 +01:00 [INF] CORS policy execution successful.
2024-11-15 14:04:26.802 +01:00 [INF] Executing endpoint 'FoodRegistrationTool.Controllers.ProductAPIController.ProductList (api)'
2024-11-15 14:04:26.802 +01:00 [INF] Route matched with {action = "ProductList", controller = "ProductAPI", area = "", page = ""}. Executing controller action with signature System.Threading.Tasks.Task`1[Microsoft.AspNetCore.Mvc.IActionResult] ProductList() on controller FoodRegistrationTool.Controllers.ProductAPIController (api).
2024-11-15 14:04:26.815 +01:00 [INF] Executing OkObjectResult, writing value of type 'System.Linq.Enumerable+SelectListIterator`2[[FoodRegistrationTool.Models.Product, api, Version=1.0.0.0, Culture=neutral, PublicKeyToken=null],[FoodRegistrationTool.DTOs.ProductDto, api, Version=1.0.0.0, Culture=neutral, PublicKeyToken=null]]'.
2024-11-15 14:04:26.816 +01:00 [INF] Executed action FoodRegistrationTool.Controllers.ProductAPIController.ProductList (api) in 13.7452ms
2024-11-15 14:04:26.816 +01:00 [INF] Executed endpoint 'FoodRegistrationTool.Controllers.ProductAPIController.ProductList (api)'
2024-11-15 14:04:26.816 +01:00 [INF] Request finished HTTP/1.1 GET http://localhost:5194/api/productapi/productlist - 200 null application/json; charset=utf-8 15.6851ms
2024-11-15 14:08:03.609 +01:00 [INF] Request starting HTTP/1.1 GET http://localhost:5194/api/productapi/productlist - null null
2024-11-15 14:08:03.610 +01:00 [INF] CORS policy execution successful.
2024-11-15 14:08:03.610 +01:00 [INF] Executing endpoint 'FoodRegistrationTool.Controllers.ProductAPIController.ProductList (api)'
2024-11-15 14:08:03.611 +01:00 [INF] Route matched with {action = "ProductList", controller = "ProductAPI", area = "", page = ""}. Executing controller action with signature System.Threading.Tasks.Task`1[Microsoft.AspNetCore.Mvc.IActionResult] ProductList() on controller FoodRegistrationTool.Controllers.ProductAPIController (api).
2024-11-15 14:08:03.633 +01:00 [INF] Executing OkObjectResult, writing value of type 'System.Linq.Enumerable+SelectListIterator`2[[FoodRegistrationTool.Models.Product, api, Version=1.0.0.0, Culture=neutral, PublicKeyToken=null],[FoodRegistrationTool.DTOs.ProductDto, api, Version=1.0.0.0, Culture=neutral, PublicKeyToken=null]]'.
2024-11-15 14:08:03.634 +01:00 [INF] Executed action FoodRegistrationTool.Controllers.ProductAPIController.ProductList (api) in 23.0551ms
2024-11-15 14:08:03.634 +01:00 [INF] Executed endpoint 'FoodRegistrationTool.Controllers.ProductAPIController.ProductList (api)'
2024-11-15 14:08:03.635 +01:00 [INF] Request finished HTTP/1.1 GET http://localhost:5194/api/productapi/productlist - 200 null application/json; charset=utf-8 25.7264ms
2024-11-15 14:08:19.912 +01:00 [INF] Request starting HTTP/1.1 GET http://localhost:5194/api/productapi/productlist - null null
2024-11-15 14:08:19.912 +01:00 [INF] CORS policy execution successful.
2024-11-15 14:08:19.913 +01:00 [INF] Executing endpoint 'FoodRegistrationTool.Controllers.ProductAPIController.ProductList (api)'
2024-11-15 14:08:19.913 +01:00 [INF] Route matched with {action = "ProductList", controller = "ProductAPI", area = "", page = ""}. Executing controller action with signature System.Threading.Tasks.Task`1[Microsoft.AspNetCore.Mvc.IActionResult] ProductList() on controller FoodRegistrationTool.Controllers.ProductAPIController (api).
2024-11-15 14:08:19.951 +01:00 [INF] Executing OkObjectResult, writing value of type 'System.Linq.Enumerable+SelectListIterator`2[[FoodRegistrationTool.Models.Product, api, Version=1.0.0.0, Culture=neutral, PublicKeyToken=null],[FoodRegistrationTool.DTOs.ProductDto, api, Version=1.0.0.0, Culture=neutral, PublicKeyToken=null]]'.
2024-11-15 14:08:19.951 +01:00 [INF] Executed action FoodRegistrationTool.Controllers.ProductAPIController.ProductList (api) in 37.6704ms
2024-11-15 14:08:19.951 +01:00 [INF] Executed endpoint 'FoodRegistrationTool.Controllers.ProductAPIController.ProductList (api)'
2024-11-15 14:08:19.952 +01:00 [INF] Request finished HTTP/1.1 GET http://localhost:5194/api/productapi/productlist - 200 null application/json; charset=utf-8 39.8123ms
2024-11-15 14:09:39.623 +01:00 [INF] Request starting HTTP/1.1 GET http://localhost:5194/api/productapi/productlist - null null
2024-11-15 14:09:39.623 +01:00 [INF] CORS policy execution successful.
2024-11-15 14:09:39.625 +01:00 [INF] Executing endpoint 'FoodRegistrationTool.Controllers.ProductAPIController.ProductList (api)'
2024-11-15 14:09:39.634 +01:00 [INF] Route matched with {action = "ProductList", controller = "ProductAPI", area = "", page = ""}. Executing controller action with signature System.Threading.Tasks.Task`1[Microsoft.AspNetCore.Mvc.IActionResult] ProductList() on controller FoodRegistrationTool.Controllers.ProductAPIController (api).
2024-11-15 14:09:39.654 +01:00 [INF] Executing OkObjectResult, writing value of type 'System.Linq.Enumerable+SelectListIterator`2[[FoodRegistrationTool.Models.Product, api, Version=1.0.0.0, Culture=neutral, PublicKeyToken=null],[FoodRegistrationTool.DTOs.ProductDto, api, Version=1.0.0.0, Culture=neutral, PublicKeyToken=null]]'.
2024-11-15 14:09:39.655 +01:00 [INF] Executed action FoodRegistrationTool.Controllers.ProductAPIController.ProductList (api) in 21.0133ms
2024-11-15 14:09:39.655 +01:00 [INF] Executed endpoint 'FoodRegistrationTool.Controllers.ProductAPIController.ProductList (api)'
2024-11-15 14:09:39.655 +01:00 [INF] Request finished HTTP/1.1 GET http://localhost:5194/api/productapi/productlist - 200 null application/json; charset=utf-8 32.6252ms
2024-11-15 14:09:49.470 +01:00 [INF] Request starting HTTP/1.1 GET http://localhost:5194/api/productapi/productlist - null null
2024-11-15 14:09:49.471 +01:00 [INF] CORS policy execution successful.
2024-11-15 14:09:49.472 +01:00 [INF] Executing endpoint 'FoodRegistrationTool.Controllers.ProductAPIController.ProductList (api)'
2024-11-15 14:09:49.472 +01:00 [INF] Route matched with {action = "ProductList", controller = "ProductAPI", area = "", page = ""}. Executing controller action with signature System.Threading.Tasks.Task`1[Microsoft.AspNetCore.Mvc.IActionResult] ProductList() on controller FoodRegistrationTool.Controllers.ProductAPIController (api).
2024-11-15 14:09:49.487 +01:00 [INF] Executing OkObjectResult, writing value of type 'System.Linq.Enumerable+SelectListIterator`2[[FoodRegistrationTool.Models.Product, api, Version=1.0.0.0, Culture=neutral, PublicKeyToken=null],[FoodRegistrationTool.DTOs.ProductDto, api, Version=1.0.0.0, Culture=neutral, PublicKeyToken=null]]'.
2024-11-15 14:09:49.487 +01:00 [INF] Executed action FoodRegistrationTool.Controllers.ProductAPIController.ProductList (api) in 14.629ms
2024-11-15 14:09:49.487 +01:00 [INF] Executed endpoint 'FoodRegistrationTool.Controllers.ProductAPIController.ProductList (api)'
2024-11-15 14:09:49.488 +01:00 [INF] Request finished HTTP/1.1 GET http://localhost:5194/api/productapi/productlist - 200 null application/json; charset=utf-8 17.81ms
2024-11-15 14:09:56.417 +01:00 [INF] Request starting HTTP/1.1 GET http://localhost:5194/api/productapi/productlist - null null
2024-11-15 14:09:56.419 +01:00 [INF] CORS policy execution successful.
2024-11-15 14:09:56.422 +01:00 [INF] Executing endpoint 'FoodRegistrationTool.Controllers.ProductAPIController.ProductList (api)'
2024-11-15 14:09:56.422 +01:00 [INF] Route matched with {action = "ProductList", controller = "ProductAPI", area = "", page = ""}. Executing controller action with signature System.Threading.Tasks.Task`1[Microsoft.AspNetCore.Mvc.IActionResult] ProductList() on controller FoodRegistrationTool.Controllers.ProductAPIController (api).
2024-11-15 14:09:56.443 +01:00 [INF] Executing OkObjectResult, writing value of type 'System.Linq.Enumerable+SelectListIterator`2[[FoodRegistrationTool.Models.Product, api, Version=1.0.0.0, Culture=neutral, PublicKeyToken=null],[FoodRegistrationTool.DTOs.ProductDto, api, Version=1.0.0.0, Culture=neutral, PublicKeyToken=null]]'.
2024-11-15 14:09:56.444 +01:00 [INF] Executed action FoodRegistrationTool.Controllers.ProductAPIController.ProductList (api) in 21.1263ms
2024-11-15 14:09:56.444 +01:00 [INF] Executed endpoint 'FoodRegistrationTool.Controllers.ProductAPIController.ProductList (api)'
2024-11-15 14:09:56.444 +01:00 [INF] Request finished HTTP/1.1 GET http://localhost:5194/api/productapi/productlist - 200 null application/json; charset=utf-8 26.8865ms
2024-11-15 14:10:12.705 +01:00 [INF] Request starting HTTP/1.1 GET http://localhost:5194/api/productapi/productlist - null null
2024-11-15 14:10:12.706 +01:00 [INF] CORS policy execution successful.
2024-11-15 14:10:12.707 +01:00 [INF] Executing endpoint 'FoodRegistrationTool.Controllers.ProductAPIController.ProductList (api)'
2024-11-15 14:10:12.708 +01:00 [INF] Route matched with {action = "ProductList", controller = "ProductAPI", area = "", page = ""}. Executing controller action with signature System.Threading.Tasks.Task`1[Microsoft.AspNetCore.Mvc.IActionResult] ProductList() on controller FoodRegistrationTool.Controllers.ProductAPIController (api).
2024-11-15 14:10:12.718 +01:00 [INF] Executing OkObjectResult, writing value of type 'System.Linq.Enumerable+SelectListIterator`2[[FoodRegistrationTool.Models.Product, api, Version=1.0.0.0, Culture=neutral, PublicKeyToken=null],[FoodRegistrationTool.DTOs.ProductDto, api, Version=1.0.0.0, Culture=neutral, PublicKeyToken=null]]'.
2024-11-15 14:10:12.719 +01:00 [INF] Executed action FoodRegistrationTool.Controllers.ProductAPIController.ProductList (api) in 11.0782ms
2024-11-15 14:10:12.719 +01:00 [INF] Executed endpoint 'FoodRegistrationTool.Controllers.ProductAPIController.ProductList (api)'
2024-11-15 14:10:12.719 +01:00 [INF] Request finished HTTP/1.1 GET http://localhost:5194/api/productapi/productlist - 200 null application/json; charset=utf-8 14.135ms
2024-11-15 14:12:07.167 +01:00 [INF] Request starting HTTP/1.1 GET http://localhost:5194/api/productapi/productlist - null null
2024-11-15 14:12:07.167 +01:00 [INF] CORS policy execution successful.
2024-11-15 14:12:07.168 +01:00 [INF] Executing endpoint 'FoodRegistrationTool.Controllers.ProductAPIController.ProductList (api)'
2024-11-15 14:12:07.168 +01:00 [INF] Route matched with {action = "ProductList", controller = "ProductAPI", area = "", page = ""}. Executing controller action with signature System.Threading.Tasks.Task`1[Microsoft.AspNetCore.Mvc.IActionResult] ProductList() on controller FoodRegistrationTool.Controllers.ProductAPIController (api).
2024-11-15 14:12:07.247 +01:00 [INF] Executing OkObjectResult, writing value of type 'System.Linq.Enumerable+SelectListIterator`2[[FoodRegistrationTool.Models.Product, api, Version=1.0.0.0, Culture=neutral, PublicKeyToken=null],[FoodRegistrationTool.DTOs.ProductDto, api, Version=1.0.0.0, Culture=neutral, PublicKeyToken=null]]'.
2024-11-15 14:12:07.248 +01:00 [INF] Executed action FoodRegistrationTool.Controllers.ProductAPIController.ProductList (api) in 79.816ms
2024-11-15 14:12:07.248 +01:00 [INF] Executed endpoint 'FoodRegistrationTool.Controllers.ProductAPIController.ProductList (api)'
2024-11-15 14:12:07.248 +01:00 [INF] Request finished HTTP/1.1 GET http://localhost:5194/api/productapi/productlist - 200 null application/json; charset=utf-8 81.1438ms
2024-11-15 14:12:32.777 +01:00 [INF] Request starting HTTP/1.1 GET http://localhost:5194/api/productapi/productlist - null null
2024-11-15 14:12:32.778 +01:00 [INF] CORS policy execution successful.
2024-11-15 14:12:32.778 +01:00 [INF] Executing endpoint 'FoodRegistrationTool.Controllers.ProductAPIController.ProductList (api)'
2024-11-15 14:12:32.779 +01:00 [INF] Route matched with {action = "ProductList", controller = "ProductAPI", area = "", page = ""}. Executing controller action with signature System.Threading.Tasks.Task`1[Microsoft.AspNetCore.Mvc.IActionResult] ProductList() on controller FoodRegistrationTool.Controllers.ProductAPIController (api).
2024-11-15 14:12:32.826 +01:00 [INF] Executing OkObjectResult, writing value of type 'System.Linq.Enumerable+SelectListIterator`2[[FoodRegistrationTool.Models.Product, api, Version=1.0.0.0, Culture=neutral, PublicKeyToken=null],[FoodRegistrationTool.DTOs.ProductDto, api, Version=1.0.0.0, Culture=neutral, PublicKeyToken=null]]'.
2024-11-15 14:12:32.827 +01:00 [INF] Executed action FoodRegistrationTool.Controllers.ProductAPIController.ProductList (api) in 48.131ms
2024-11-15 14:12:32.827 +01:00 [INF] Executed endpoint 'FoodRegistrationTool.Controllers.ProductAPIController.ProductList (api)'
2024-11-15 14:12:32.827 +01:00 [INF] Request finished HTTP/1.1 GET http://localhost:5194/api/productapi/productlist - 200 null application/json; charset=utf-8 49.8731ms
2024-11-15 14:12:44.658 +01:00 [INF] Request starting HTTP/1.1 GET http://localhost:5194/api/productapi/productlist - null null
2024-11-15 14:12:44.660 +01:00 [INF] CORS policy execution successful.
2024-11-15 14:12:44.662 +01:00 [INF] Executing endpoint 'FoodRegistrationTool.Controllers.ProductAPIController.ProductList (api)'
2024-11-15 14:12:44.662 +01:00 [INF] Route matched with {action = "ProductList", controller = "ProductAPI", area = "", page = ""}. Executing controller action with signature System.Threading.Tasks.Task`1[Microsoft.AspNetCore.Mvc.IActionResult] ProductList() on controller FoodRegistrationTool.Controllers.ProductAPIController (api).
2024-11-15 14:12:44.689 +01:00 [INF] Executing OkObjectResult, writing value of type 'System.Linq.Enumerable+SelectListIterator`2[[FoodRegistrationTool.Models.Product, api, Version=1.0.0.0, Culture=neutral, PublicKeyToken=null],[FoodRegistrationTool.DTOs.ProductDto, api, Version=1.0.0.0, Culture=neutral, PublicKeyToken=null]]'.
2024-11-15 14:12:44.689 +01:00 [INF] Executed action FoodRegistrationTool.Controllers.ProductAPIController.ProductList (api) in 26.7441ms
2024-11-15 14:12:44.690 +01:00 [INF] Executed endpoint 'FoodRegistrationTool.Controllers.ProductAPIController.ProductList (api)'
2024-11-15 14:12:44.690 +01:00 [INF] Request finished HTTP/1.1 GET http://localhost:5194/api/productapi/productlist - 200 null application/json; charset=utf-8 32.8316ms
2024-11-15 14:12:53.247 +01:00 [INF] Request starting HTTP/1.1 GET http://localhost:5194/api/productapi/productlist - null null
2024-11-15 14:12:53.247 +01:00 [INF] CORS policy execution successful.
2024-11-15 14:12:53.251 +01:00 [INF] Executing endpoint 'FoodRegistrationTool.Controllers.ProductAPIController.ProductList (api)'
2024-11-15 14:12:53.251 +01:00 [INF] Route matched with {action = "ProductList", controller = "ProductAPI", area = "", page = ""}. Executing controller action with signature System.Threading.Tasks.Task`1[Microsoft.AspNetCore.Mvc.IActionResult] ProductList() on controller FoodRegistrationTool.Controllers.ProductAPIController (api).
2024-11-15 14:12:53.259 +01:00 [INF] Executing OkObjectResult, writing value of type 'System.Linq.Enumerable+SelectListIterator`2[[FoodRegistrationTool.Models.Product, api, Version=1.0.0.0, Culture=neutral, PublicKeyToken=null],[FoodRegistrationTool.DTOs.ProductDto, api, Version=1.0.0.0, Culture=neutral, PublicKeyToken=null]]'.
2024-11-15 14:12:53.259 +01:00 [INF] Executed action FoodRegistrationTool.Controllers.ProductAPIController.ProductList (api) in 8.4316ms
2024-11-15 14:12:53.260 +01:00 [INF] Executed endpoint 'FoodRegistrationTool.Controllers.ProductAPIController.ProductList (api)'
2024-11-15 14:12:53.260 +01:00 [INF] Request finished HTTP/1.1 GET http://localhost:5194/api/productapi/productlist - 200 null application/json; charset=utf-8 12.6787ms
