2024-11-16 12:23:35.210 +01:00 [INF] User profile is available. Using 'C:\Users\Mats\AppData\Local\ASP.NET\DataProtection-Keys' as key repository and Windows DPAPI to encrypt keys at rest.
2024-11-16 12:23:35.785 +01:00 [INF] Now listening on: https://localhost:7263
2024-11-16 12:23:35.789 +01:00 [INF] Now listening on: http://localhost:5194
2024-11-16 12:23:35.799 +01:00 [INF] Application started. Press Ctrl+C to shut down.
2024-11-16 12:23:35.804 +01:00 [INF] Hosting environment: Development
2024-11-16 12:23:35.806 +01:00 [INF] Content root path: C:\Users\Mats\web-projects\react\exam\api
2024-11-16 12:23:35.969 +01:00 [INF] Request starting HTTP/1.1 GET http://localhost:5194/api/productapi/productlist - null null
2024-11-16 12:23:36.054 +01:00 [INF] CORS policy execution successful.
2024-11-16 12:23:36.077 +01:00 [INF] Executing endpoint 'FoodRegistrationTool.Controllers.ProductAPIController.ProductList (api)'
2024-11-16 12:23:36.103 +01:00 [INF] Route matched with {action = "ProductList", controller = "ProductAPI", area = "", page = ""}. Executing controller action with signature System.Threading.Tasks.Task`1[Microsoft.AspNetCore.Mvc.IActionResult] ProductList() on controller FoodRegistrationTool.Controllers.ProductAPIController (api).
2024-11-16 12:23:37.693 +01:00 [INF] Executing OkObjectResult, writing value of type 'System.Linq.Enumerable+SelectListIterator`2[[FoodRegistrationTool.Models.Product, api, Version=1.0.0.0, Culture=neutral, PublicKeyToken=null],[FoodRegistrationTool.DTOs.ProductDto, api, Version=1.0.0.0, Culture=neutral, PublicKeyToken=null]]'.
2024-11-16 12:23:37.771 +01:00 [INF] Executed action FoodRegistrationTool.Controllers.ProductAPIController.ProductList (api) in 1662.1782ms
2024-11-16 12:23:37.773 +01:00 [INF] Executed endpoint 'FoodRegistrationTool.Controllers.ProductAPIController.ProductList (api)'
2024-11-16 12:23:37.788 +01:00 [INF] Request finished HTTP/1.1 GET http://localhost:5194/api/productapi/productlist - 200 null application/json; charset=utf-8 1823.2176ms
2024-11-16 12:23:40.705 +01:00 [INF] Request starting HTTP/1.1 GET http://localhost:5194/Identity/Account/Login - null null
2024-11-16 12:23:40.715 +01:00 [INF] Request starting HTTP/1.1 GET http://localhost:5194/Identity/Account/Login - null null
2024-11-16 12:23:40.726 +01:00 [INF] Executing endpoint '/Account/Login'
2024-11-16 12:23:40.726 +01:00 [INF] Executing endpoint '/Account/Login'
2024-11-16 12:23:40.760 +01:00 [INF] Route matched with {page = "/Account/Login", area = "Identity", action = "", controller = ""}. Executing page /Account/Login
2024-11-16 12:23:40.760 +01:00 [INF] Route matched with {page = "/Account/Login", area = "Identity", action = "", controller = ""}. Executing page /Account/Login
2024-11-16 12:23:40.801 +01:00 [INF] Executing handler method api.Areas.Identity.Pages.Account.LoginModel.OnGetAsync - ModelState is "Valid"
2024-11-16 12:23:40.801 +01:00 [INF] Executing handler method api.Areas.Identity.Pages.Account.LoginModel.OnGetAsync - ModelState is "Valid"
2024-11-16 12:23:40.813 +01:00 [INF] AuthenticationScheme: Identity.External signed out.
2024-11-16 12:23:40.813 +01:00 [INF] AuthenticationScheme: Identity.External signed out.
2024-11-16 12:23:40.815 +01:00 [INF] Executed handler method OnGetAsync, returned result .
2024-11-16 12:23:40.815 +01:00 [INF] Executed handler method OnGetAsync, returned result .
2024-11-16 12:23:40.820 +01:00 [INF] Executing an implicit handler method - ModelState is "Valid"
2024-11-16 12:23:40.820 +01:00 [INF] Executing an implicit handler method - ModelState is "Valid"
2024-11-16 12:23:40.821 +01:00 [INF] Executed an implicit handler method, returned result Microsoft.AspNetCore.Mvc.RazorPages.PageResult.
2024-11-16 12:23:40.821 +01:00 [INF] Executed an implicit handler method, returned result Microsoft.AspNetCore.Mvc.RazorPages.PageResult.
2024-11-16 12:23:41.031 +01:00 [INF] Executed page /Account/Login in 269.9087ms
2024-11-16 12:23:41.031 +01:00 [INF] Executed page /Account/Login in 270.0833ms
2024-11-16 12:23:41.031 +01:00 [INF] Executed endpoint '/Account/Login'
2024-11-16 12:23:41.032 +01:00 [INF] Executed endpoint '/Account/Login'
2024-11-16 12:23:41.035 +01:00 [INF] Request finished HTTP/1.1 GET http://localhost:5194/Identity/Account/Login - 200 null text/html; charset=utf-8 329.5347ms
2024-11-16 12:23:41.035 +01:00 [INF] Request finished HTTP/1.1 GET http://localhost:5194/Identity/Account/Login - 200 null text/html; charset=utf-8 319.5324ms
2024-11-16 12:23:44.435 +01:00 [INF] Request starting HTTP/1.1 GET http://localhost:5194/api/Auth/userinfo - null null
2024-11-16 12:23:44.464 +01:00 [INF] CORS policy execution successful.
2024-11-16 12:23:44.466 +01:00 [INF] Executing endpoint 'FoodRegistrationTool.Controllers.AuthController.GetUserInfo (api)'
2024-11-16 12:23:44.479 +01:00 [INF] Route matched with {action = "GetUserInfo", controller = "Auth", area = "", page = ""}. Executing controller action with signature System.Threading.Tasks.Task`1[Microsoft.AspNetCore.Mvc.IActionResult] GetUserInfo() on controller FoodRegistrationTool.Controllers.AuthController (api).
2024-11-16 12:23:44.571 +01:00 [INF] Authentication result: True
2024-11-16 12:23:44.574 +01:00 [INF] Principal Name from auth result: mat@mail.no
2024-11-16 12:23:44.579 +01:00 [INF] Request path: /api/Auth/userinfo
2024-11-16 12:23:44.584 +01:00 [INF] Request method: GET
2024-11-16 12:23:44.587 +01:00 [INF] Request scheme: http
2024-11-16 12:23:44.591 +01:00 [INF] Auth Type: Identity.Application
2024-11-16 12:23:44.595 +01:00 [INF] Identity Name: mat@mail.no
2024-11-16 12:23:44.850 +01:00 [INF] User from UserManager: mat@mail.no
2024-11-16 12:23:44.856 +01:00 [INF] Cookies received: .AspNetCore.Antiforgery.lR7t4MXUUZs=CfDJ8FYKQg2-tzVDp03-Gqv4Alp0e2kDKTpS7ycju9zsrFEctUbGhXGgm-TR2OGRtNiDSW2-yLD_U9ztu3gK8l94pzxhlcgICY-WqKInqucCSG5DxX1CJdczsvzTSLcIdT395LhAveMj_2LRO4FR08fdmRA, .AspNetCore.Antiforgery.dw7AqgzwEUQ=CfDJ8FYKQg2-tzVDp03-Gqv4AlpuJ5WrZvfgIbXDPlmvconEJ-859cdE6UsmGy6Ny_h3xsB8bbMaYwmszbCZtWzqapxdW81rlL4KfGCSslVgx3lRLADMmzN7o6yVPQJ44NQ3MnhGpLSl3G4_OADRKjpKDNY, .AspNetCore.Identity.Application=CfDJ8FYKQg2-tzVDp03-Gqv4AlrQZ3BM3xp3_HhI7xz9fhi7qpJle8Rf8FG3x0OWANGjfIwDJ3HQfVbs50ObDFOIgZ6CAQ57wCaI7eujDMHY6fDZbMLRyg4Mul3uNUEJBrvHPIfzpWS-DNSVy2QZxZxOam8-U7u8-vfCAY4oQUgs8G5Wd013y7iF295QUeBtH_qzQiv_xW3Geh2IK077JT6r8EnxGJiF74iuATej21rfcFRVCJ0LxKHrYmsZ_YM-FDEZDb0kHMtinvWnWpL-Umd7QwZiq4WBMmsjedsvZBR_i81ALSakp7WjbEEtKn3NIqIT57EGgSc1FYWEuno-URYZGqzlQazJSoKAIvdFet2363KJZWkbOQUIaaGk-FRXx-aYJNmX3YKk_yJzqHlJ_EN3Zv8bMWAGWgObJUdclUDL8XuDEaDeoIbzc10MeiCTsiMryVHWjNgwvq3YiFXXJtOb0NEAPzpwOL20iCfAVSBqiXkgKBQnY0G5XFSVsTH4AzVwCMeziCrDINSyVXaC0nnSVkRQ_h6F8X9JXXvnK1LYz6tfgi8w8zX43m8E7dHdB77g-G3OW33kPxJ0UHoSRbuMR4mD2L18ozwXk57Ld0R1DjevM-tkwX_P4BgGnC8318RK-GoqsUZIC6nCO0Tjm9ZQz-35mY1hTWy0leNr0Wj7BZlBdiQOlWLrel2MA9uDtOAoDyrzC54MPXmLIzS_M16SHqA-A-Eiu2AjHawGl91LCsvK
2024-11-16 12:23:44.860 +01:00 [INF] GetUserInfo called:
2024-11-16 12:23:44.864 +01:00 [INF] IsAuthenticated: True
2024-11-16 12:23:44.867 +01:00 [INF] UserName: mat@mail.no
2024-11-16 12:23:44.872 +01:00 [INF] Claims: http://schemas.xmlsoap.org/ws/2005/05/identity/claims/nameidentifier: 8df6c300-5642-4f3b-886c-ab5b35131618, http://schemas.xmlsoap.org/ws/2005/05/identity/claims/name: mat@mail.no, http://schemas.xmlsoap.org/ws/2005/05/identity/claims/emailaddress: mat@mail.no, AspNet.Identity.SecurityStamp: ZKOOAEV6UFQX5UCYRLBA3XDYCB7J6EQZ, amr: pwd
2024-11-16 12:23:44.875 +01:00 [INF] Claim: http://schemas.xmlsoap.org/ws/2005/05/identity/claims/nameidentifier = 8df6c300-5642-4f3b-886c-ab5b35131618
2024-11-16 12:23:44.878 +01:00 [INF] Claim: http://schemas.xmlsoap.org/ws/2005/05/identity/claims/name = mat@mail.no
2024-11-16 12:23:44.882 +01:00 [INF] Claim: http://schemas.xmlsoap.org/ws/2005/05/identity/claims/emailaddress = mat@mail.no
2024-11-16 12:23:44.884 +01:00 [INF] Claim: AspNet.Identity.SecurityStamp = ZKOOAEV6UFQX5UCYRLBA3XDYCB7J6EQZ
2024-11-16 12:23:44.888 +01:00 [INF] Claim: amr = pwd
2024-11-16 12:23:44.905 +01:00 [INF] Returning response: {"isAuthenticated":true,"userName":"mat@mail.no","manageUrl":"/Identity/Account/Manage","logoutUrl":"/Identity/Account/Logout","loginUrl":"/Identity/Account/Login","registerUrl":"/Identity/Account/Register"}
2024-11-16 12:23:44.908 +01:00 [INF] Executing OkObjectResult, writing value of type '<>f__AnonymousType10`6[[System.Boolean, System.Private.CoreLib, Version=8.0.0.0, Culture=neutral, PublicKeyToken=7cec85d7bea7798e],[System.String, System.Private.CoreLib, Version=8.0.0.0, Culture=neutral, PublicKeyToken=7cec85d7bea7798e],[System.String, System.Private.CoreLib, Version=8.0.0.0, Culture=neutral, PublicKeyToken=7cec85d7bea7798e],[System.String, System.Private.CoreLib, Version=8.0.0.0, Culture=neutral, PublicKeyToken=7cec85d7bea7798e],[System.String, System.Private.CoreLib, Version=8.0.0.0, Culture=neutral, PublicKeyToken=7cec85d7bea7798e],[System.String, System.Private.CoreLib, Version=8.0.0.0, Culture=neutral, PublicKeyToken=7cec85d7bea7798e]]'.
2024-11-16 12:23:44.910 +01:00 [INF] Executed action FoodRegistrationTool.Controllers.AuthController.GetUserInfo (api) in 430.5008ms
2024-11-16 12:23:44.910 +01:00 [INF] Executed endpoint 'FoodRegistrationTool.Controllers.AuthController.GetUserInfo (api)'
2024-11-16 12:23:44.911 +01:00 [INF] Request finished HTTP/1.1 GET http://localhost:5194/api/Auth/userinfo - 200 null application/json; charset=utf-8 476.5722ms
2024-11-16 12:23:44.912 +01:00 [INF] Request starting HTTP/1.1 GET http://localhost:5194/api/Auth/userinfo - null null
2024-11-16 12:23:44.914 +01:00 [INF] CORS policy execution successful.
2024-11-16 12:23:44.915 +01:00 [INF] Executing endpoint 'FoodRegistrationTool.Controllers.AuthController.GetUserInfo (api)'
2024-11-16 12:23:44.915 +01:00 [INF] Route matched with {action = "GetUserInfo", controller = "Auth", area = "", page = ""}. Executing controller action with signature System.Threading.Tasks.Task`1[Microsoft.AspNetCore.Mvc.IActionResult] GetUserInfo() on controller FoodRegistrationTool.Controllers.AuthController (api).
2024-11-16 12:23:44.921 +01:00 [INF] Authentication result: True
2024-11-16 12:23:44.925 +01:00 [INF] Principal Name from auth result: mat@mail.no
2024-11-16 12:23:44.929 +01:00 [INF] Request path: /api/Auth/userinfo
2024-11-16 12:23:44.933 +01:00 [INF] Request method: GET
2024-11-16 12:23:44.937 +01:00 [INF] Request scheme: http
2024-11-16 12:23:44.941 +01:00 [INF] Auth Type: Identity.Application
2024-11-16 12:23:44.945 +01:00 [INF] Identity Name: mat@mail.no
2024-11-16 12:23:45.046 +01:00 [INF] User from UserManager: mat@mail.no
2024-11-16 12:23:45.050 +01:00 [INF] Cookies received: .AspNetCore.Antiforgery.lR7t4MXUUZs=CfDJ8FYKQg2-tzVDp03-Gqv4Alp0e2kDKTpS7ycju9zsrFEctUbGhXGgm-TR2OGRtNiDSW2-yLD_U9ztu3gK8l94pzxhlcgICY-WqKInqucCSG5DxX1CJdczsvzTSLcIdT395LhAveMj_2LRO4FR08fdmRA, .AspNetCore.Antiforgery.dw7AqgzwEUQ=CfDJ8FYKQg2-tzVDp03-Gqv4AlpuJ5WrZvfgIbXDPlmvconEJ-859cdE6UsmGy6Ny_h3xsB8bbMaYwmszbCZtWzqapxdW81rlL4KfGCSslVgx3lRLADMmzN7o6yVPQJ44NQ3MnhGpLSl3G4_OADRKjpKDNY, .AspNetCore.Identity.Application=CfDJ8FYKQg2-tzVDp03-Gqv4AlrQZ3BM3xp3_HhI7xz9fhi7qpJle8Rf8FG3x0OWANGjfIwDJ3HQfVbs50ObDFOIgZ6CAQ57wCaI7eujDMHY6fDZbMLRyg4Mul3uNUEJBrvHPIfzpWS-DNSVy2QZxZxOam8-U7u8-vfCAY4oQUgs8G5Wd013y7iF295QUeBtH_qzQiv_xW3Geh2IK077JT6r8EnxGJiF74iuATej21rfcFRVCJ0LxKHrYmsZ_YM-FDEZDb0kHMtinvWnWpL-Umd7QwZiq4WBMmsjedsvZBR_i81ALSakp7WjbEEtKn3NIqIT57EGgSc1FYWEuno-URYZGqzlQazJSoKAIvdFet2363KJZWkbOQUIaaGk-FRXx-aYJNmX3YKk_yJzqHlJ_EN3Zv8bMWAGWgObJUdclUDL8XuDEaDeoIbzc10MeiCTsiMryVHWjNgwvq3YiFXXJtOb0NEAPzpwOL20iCfAVSBqiXkgKBQnY0G5XFSVsTH4AzVwCMeziCrDINSyVXaC0nnSVkRQ_h6F8X9JXXvnK1LYz6tfgi8w8zX43m8E7dHdB77g-G3OW33kPxJ0UHoSRbuMR4mD2L18ozwXk57Ld0R1DjevM-tkwX_P4BgGnC8318RK-GoqsUZIC6nCO0Tjm9ZQz-35mY1hTWy0leNr0Wj7BZlBdiQOlWLrel2MA9uDtOAoDyrzC54MPXmLIzS_M16SHqA-A-Eiu2AjHawGl91LCsvK
2024-11-16 12:23:45.053 +01:00 [INF] GetUserInfo called:
2024-11-16 12:23:45.056 +01:00 [INF] IsAuthenticated: True
2024-11-16 12:23:45.059 +01:00 [INF] UserName: mat@mail.no
2024-11-16 12:23:45.062 +01:00 [INF] Claims: http://schemas.xmlsoap.org/ws/2005/05/identity/claims/nameidentifier: 8df6c300-5642-4f3b-886c-ab5b35131618, http://schemas.xmlsoap.org/ws/2005/05/identity/claims/name: mat@mail.no, http://schemas.xmlsoap.org/ws/2005/05/identity/claims/emailaddress: mat@mail.no, AspNet.Identity.SecurityStamp: ZKOOAEV6UFQX5UCYRLBA3XDYCB7J6EQZ, amr: pwd
2024-11-16 12:23:45.066 +01:00 [INF] Claim: http://schemas.xmlsoap.org/ws/2005/05/identity/claims/nameidentifier = 8df6c300-5642-4f3b-886c-ab5b35131618
2024-11-16 12:23:45.069 +01:00 [INF] Claim: http://schemas.xmlsoap.org/ws/2005/05/identity/claims/name = mat@mail.no
2024-11-16 12:23:45.073 +01:00 [INF] Claim: http://schemas.xmlsoap.org/ws/2005/05/identity/claims/emailaddress = mat@mail.no
2024-11-16 12:23:45.076 +01:00 [INF] Claim: AspNet.Identity.SecurityStamp = ZKOOAEV6UFQX5UCYRLBA3XDYCB7J6EQZ
2024-11-16 12:23:45.079 +01:00 [INF] Claim: amr = pwd
2024-11-16 12:23:45.083 +01:00 [INF] Returning response: {"isAuthenticated":true,"userName":"mat@mail.no","manageUrl":"/Identity/Account/Manage","logoutUrl":"/Identity/Account/Logout","loginUrl":"/Identity/Account/Login","registerUrl":"/Identity/Account/Register"}
2024-11-16 12:23:45.083 +01:00 [INF] Executing OkObjectResult, writing value of type '<>f__AnonymousType10`6[[System.Boolean, System.Private.CoreLib, Version=8.0.0.0, Culture=neutral, PublicKeyToken=7cec85d7bea7798e],[System.String, System.Private.CoreLib, Version=8.0.0.0, Culture=neutral, PublicKeyToken=7cec85d7bea7798e],[System.String, System.Private.CoreLib, Version=8.0.0.0, Culture=neutral, PublicKeyToken=7cec85d7bea7798e],[System.String, System.Private.CoreLib, Version=8.0.0.0, Culture=neutral, PublicKeyToken=7cec85d7bea7798e],[System.String, System.Private.CoreLib, Version=8.0.0.0, Culture=neutral, PublicKeyToken=7cec85d7bea7798e],[System.String, System.Private.CoreLib, Version=8.0.0.0, Culture=neutral, PublicKeyToken=7cec85d7bea7798e]]'.
2024-11-16 12:23:45.083 +01:00 [INF] Executed action FoodRegistrationTool.Controllers.AuthController.GetUserInfo (api) in 168.0651ms
2024-11-16 12:23:45.084 +01:00 [INF] Executed endpoint 'FoodRegistrationTool.Controllers.AuthController.GetUserInfo (api)'
2024-11-16 12:23:45.084 +01:00 [INF] Request finished HTTP/1.1 GET http://localhost:5194/api/Auth/userinfo - 200 null application/json; charset=utf-8 171.4192ms
2024-11-16 12:23:47.167 +01:00 [INF] Request starting HTTP/1.1 GET http://localhost:5194/api/productapi/productlist - null null
2024-11-16 12:23:47.170 +01:00 [INF] CORS policy execution successful.
2024-11-16 12:23:47.170 +01:00 [INF] Executing endpoint 'FoodRegistrationTool.Controllers.ProductAPIController.ProductList (api)'
2024-11-16 12:23:47.171 +01:00 [INF] Route matched with {action = "ProductList", controller = "ProductAPI", area = "", page = ""}. Executing controller action with signature System.Threading.Tasks.Task`1[Microsoft.AspNetCore.Mvc.IActionResult] ProductList() on controller FoodRegistrationTool.Controllers.ProductAPIController (api).
2024-11-16 12:23:47.179 +01:00 [INF] Executing OkObjectResult, writing value of type 'System.Linq.Enumerable+SelectListIterator`2[[FoodRegistrationTool.Models.Product, api, Version=1.0.0.0, Culture=neutral, PublicKeyToken=null],[FoodRegistrationTool.DTOs.ProductDto, api, Version=1.0.0.0, Culture=neutral, PublicKeyToken=null]]'.
2024-11-16 12:23:47.180 +01:00 [INF] Executed action FoodRegistrationTool.Controllers.ProductAPIController.ProductList (api) in 8.7612ms
2024-11-16 12:23:47.180 +01:00 [INF] Executed endpoint 'FoodRegistrationTool.Controllers.ProductAPIController.ProductList (api)'
2024-11-16 12:23:47.180 +01:00 [INF] Request finished HTTP/1.1 GET http://localhost:5194/api/productapi/productlist - 200 null application/json; charset=utf-8 12.8658ms
2024-11-16 12:23:47.183 +01:00 [INF] Request starting HTTP/1.1 GET http://localhost:5194/api/productapi/productlist - null null
2024-11-16 12:23:47.184 +01:00 [INF] CORS policy execution successful.
2024-11-16 12:23:47.184 +01:00 [INF] Executing endpoint 'FoodRegistrationTool.Controllers.ProductAPIController.ProductList (api)'
2024-11-16 12:23:47.185 +01:00 [INF] Route matched with {action = "ProductList", controller = "ProductAPI", area = "", page = ""}. Executing controller action with signature System.Threading.Tasks.Task`1[Microsoft.AspNetCore.Mvc.IActionResult] ProductList() on controller FoodRegistrationTool.Controllers.ProductAPIController (api).
2024-11-16 12:23:47.194 +01:00 [INF] Executing OkObjectResult, writing value of type 'System.Linq.Enumerable+SelectListIterator`2[[FoodRegistrationTool.Models.Product, api, Version=1.0.0.0, Culture=neutral, PublicKeyToken=null],[FoodRegistrationTool.DTOs.ProductDto, api, Version=1.0.0.0, Culture=neutral, PublicKeyToken=null]]'.
2024-11-16 12:23:47.195 +01:00 [INF] Executed action FoodRegistrationTool.Controllers.ProductAPIController.ProductList (api) in 9.5501ms
2024-11-16 12:23:47.195 +01:00 [INF] Executed endpoint 'FoodRegistrationTool.Controllers.ProductAPIController.ProductList (api)'
2024-11-16 12:23:47.195 +01:00 [INF] Request finished HTTP/1.1 GET http://localhost:5194/api/productapi/productlist - 200 null application/json; charset=utf-8 12.1236ms
2024-11-16 12:23:49.606 +01:00 [INF] Request starting HTTP/1.1 GET http://localhost:5194/api/productapi/1 - null null
2024-11-16 12:23:49.607 +01:00 [INF] CORS policy execution successful.
2024-11-16 12:23:49.607 +01:00 [INF] Executing endpoint 'FoodRegistrationTool.Controllers.ProductAPIController.GetProduct (api)'
2024-11-16 12:23:49.612 +01:00 [INF] Route matched with {action = "GetProduct", controller = "ProductAPI", area = "", page = ""}. Executing controller action with signature System.Threading.Tasks.Task`1[Microsoft.AspNetCore.Mvc.IActionResult] GetProduct(Int32) on controller FoodRegistrationTool.Controllers.ProductAPIController (api).
2024-11-16 12:23:49.631 +01:00 [INF] Executing OkObjectResult, writing value of type 'FoodRegistrationTool.Models.Product'.
2024-11-16 12:23:49.635 +01:00 [INF] Executed action FoodRegistrationTool.Controllers.ProductAPIController.GetProduct (api) in 22.6722ms
2024-11-16 12:23:49.635 +01:00 [INF] Executed endpoint 'FoodRegistrationTool.Controllers.ProductAPIController.GetProduct (api)'
2024-11-16 12:23:49.636 +01:00 [INF] Request finished HTTP/1.1 GET http://localhost:5194/api/productapi/1 - 200 null application/json; charset=utf-8 29.1794ms
2024-11-16 12:23:49.637 +01:00 [INF] Request starting HTTP/1.1 GET http://localhost:5194/api/productapi/1 - null null
2024-11-16 12:23:49.637 +01:00 [INF] CORS policy execution successful.
2024-11-16 12:23:49.638 +01:00 [INF] Executing endpoint 'FoodRegistrationTool.Controllers.ProductAPIController.GetProduct (api)'
2024-11-16 12:23:49.638 +01:00 [INF] Route matched with {action = "GetProduct", controller = "ProductAPI", area = "", page = ""}. Executing controller action with signature System.Threading.Tasks.Task`1[Microsoft.AspNetCore.Mvc.IActionResult] GetProduct(Int32) on controller FoodRegistrationTool.Controllers.ProductAPIController (api).
2024-11-16 12:23:49.644 +01:00 [INF] Executing OkObjectResult, writing value of type 'FoodRegistrationTool.Models.Product'.
2024-11-16 12:23:49.644 +01:00 [INF] Executed action FoodRegistrationTool.Controllers.ProductAPIController.GetProduct (api) in 6.2164ms
2024-11-16 12:23:49.644 +01:00 [INF] Executed endpoint 'FoodRegistrationTool.Controllers.ProductAPIController.GetProduct (api)'
2024-11-16 12:23:49.645 +01:00 [INF] Request finished HTTP/1.1 GET http://localhost:5194/api/productapi/1 - 200 null application/json; charset=utf-8 7.7192ms
2024-11-16 12:23:55.241 +01:00 [INF] Request starting HTTP/1.1 OPTIONS http://localhost:5194/api/productapi/calculatescore - null null
2024-11-16 12:23:55.241 +01:00 [INF] CORS policy execution successful.
2024-11-16 12:23:55.243 +01:00 [INF] Request finished HTTP/1.1 OPTIONS http://localhost:5194/api/productapi/calculatescore - 204 null null 1.8996ms
2024-11-16 12:23:55.245 +01:00 [INF] Request starting HTTP/1.1 POST http://localhost:5194/api/productapi/calculatescore - application/json 110
2024-11-16 12:23:55.245 +01:00 [INF] CORS policy execution successful.
2024-11-16 12:23:55.245 +01:00 [INF] Executing endpoint 'FoodRegistrationTool.Controllers.ProductAPIController.CalculateNutritionScore (api)'
2024-11-16 12:23:55.249 +01:00 [INF] Route matched with {action = "CalculateNutritionScore", controller = "ProductAPI", area = "", page = ""}. Executing controller action with signature System.Threading.Tasks.Task`1[Microsoft.AspNetCore.Mvc.IActionResult] CalculateNutritionScore(NutritionCalculationRequest) on controller FoodRegistrationTool.Controllers.ProductAPIController (api).
2024-11-16 12:23:55.301 +01:00 [INF] Executing OkObjectResult, writing value of type 'System.String'.
2024-11-16 12:23:55.302 +01:00 [INF] Executed action FoodRegistrationTool.Controllers.ProductAPIController.CalculateNutritionScore (api) in 52.2559ms
2024-11-16 12:23:55.302 +01:00 [INF] Executed endpoint 'FoodRegistrationTool.Controllers.ProductAPIController.CalculateNutritionScore (api)'
2024-11-16 12:23:55.302 +01:00 [INF] Request finished HTTP/1.1 POST http://localhost:5194/api/productapi/calculatescore - 200 null text/plain; charset=utf-8 57.4189ms
2024-11-16 12:23:55.534 +01:00 [INF] Request starting HTTP/1.1 POST http://localhost:5194/api/productapi/calculatescore - application/json 112
2024-11-16 12:23:55.534 +01:00 [INF] CORS policy execution successful.
2024-11-16 12:23:55.535 +01:00 [INF] Executing endpoint 'FoodRegistrationTool.Controllers.ProductAPIController.CalculateNutritionScore (api)'
2024-11-16 12:23:55.535 +01:00 [INF] Route matched with {action = "CalculateNutritionScore", controller = "ProductAPI", area = "", page = ""}. Executing controller action with signature System.Threading.Tasks.Task`1[Microsoft.AspNetCore.Mvc.IActionResult] CalculateNutritionScore(NutritionCalculationRequest) on controller FoodRegistrationTool.Controllers.ProductAPIController (api).
2024-11-16 12:23:55.537 +01:00 [INF] Executing OkObjectResult, writing value of type 'System.String'.
2024-11-16 12:23:55.537 +01:00 [INF] Executed action FoodRegistrationTool.Controllers.ProductAPIController.CalculateNutritionScore (api) in 2.299ms
2024-11-16 12:23:55.537 +01:00 [INF] Executed endpoint 'FoodRegistrationTool.Controllers.ProductAPIController.CalculateNutritionScore (api)'
2024-11-16 12:23:55.537 +01:00 [INF] Request finished HTTP/1.1 POST http://localhost:5194/api/productapi/calculatescore - 200 null text/plain; charset=utf-8 3.3703ms
2024-11-16 12:23:55.550 +01:00 [INF] Request starting HTTP/1.1 POST http://localhost:5194/api/productapi/calculatescore - application/json 112
2024-11-16 12:23:55.550 +01:00 [INF] CORS policy execution successful.
2024-11-16 12:23:55.550 +01:00 [INF] Executing endpoint 'FoodRegistrationTool.Controllers.ProductAPIController.CalculateNutritionScore (api)'
2024-11-16 12:23:55.551 +01:00 [INF] Route matched with {action = "CalculateNutritionScore", controller = "ProductAPI", area = "", page = ""}. Executing controller action with signature System.Threading.Tasks.Task`1[Microsoft.AspNetCore.Mvc.IActionResult] CalculateNutritionScore(NutritionCalculationRequest) on controller FoodRegistrationTool.Controllers.ProductAPIController (api).
2024-11-16 12:23:55.551 +01:00 [INF] Executing OkObjectResult, writing value of type 'System.String'.
2024-11-16 12:23:55.551 +01:00 [INF] Executed action FoodRegistrationTool.Controllers.ProductAPIController.CalculateNutritionScore (api) in 0.8063ms
2024-11-16 12:23:55.552 +01:00 [INF] Executed endpoint 'FoodRegistrationTool.Controllers.ProductAPIController.CalculateNutritionScore (api)'
2024-11-16 12:23:55.552 +01:00 [INF] Request finished HTTP/1.1 POST http://localhost:5194/api/productapi/calculatescore - 200 null text/plain; charset=utf-8 2.1946ms
2024-11-16 12:23:57.273 +01:00 [INF] Request starting HTTP/1.1 OPTIONS http://localhost:5194/api/productapi/update/1 - null null
2024-11-16 12:23:57.274 +01:00 [INF] CORS policy execution successful.
2024-11-16 12:23:57.274 +01:00 [INF] Request finished HTTP/1.1 OPTIONS http://localhost:5194/api/productapi/update/1 - 204 null null 0.5972ms
2024-11-16 12:23:57.275 +01:00 [INF] Request starting HTTP/1.1 PUT http://localhost:5194/api/productapi/update/1 - application/json 233
2024-11-16 12:23:57.276 +01:00 [INF] CORS policy execution successful.
2024-11-16 12:23:57.283 +01:00 [INF] Executing endpoint 'FoodRegistrationTool.Controllers.ProductAPIController.Update (api)'
2024-11-16 12:23:57.289 +01:00 [INF] Route matched with {action = "Update", controller = "ProductAPI", area = "", page = ""}. Executing controller action with signature System.Threading.Tasks.Task`1[Microsoft.AspNetCore.Mvc.IActionResult] Update(Int32, FoodRegistrationTool.DTOs.ProductDto) on controller FoodRegistrationTool.Controllers.ProductAPIController (api).
2024-11-16 12:23:57.313 +01:00 [INF] Executing BadRequestObjectResult, writing value of type 'Microsoft.AspNetCore.Mvc.ValidationProblemDetails'.
2024-11-16 12:23:57.338 +01:00 [INF] Executed action FoodRegistrationTool.Controllers.ProductAPIController.Update (api) in 48.7919ms
2024-11-16 12:23:57.338 +01:00 [INF] Executed endpoint 'FoodRegistrationTool.Controllers.ProductAPIController.Update (api)'
2024-11-16 12:23:57.338 +01:00 [INF] Request finished HTTP/1.1 PUT http://localhost:5194/api/productapi/update/1 - 400 null application/problem+json; charset=utf-8 63.0209ms
