2024-11-10 15:02:05.302 +01:00 [INF] User profile is available. Using 'C:\Users\Mats\AppData\Local\ASP.NET\DataProtection-Keys' as key repository and Windows DPAPI to encrypt keys at rest.
2024-11-10 15:02:05.848 +01:00 [INF] Now listening on: https://localhost:7263
2024-11-10 15:02:05.854 +01:00 [INF] Now listening on: http://localhost:5194
2024-11-10 15:02:05.864 +01:00 [INF] Application started. Press Ctrl+C to shut down.
2024-11-10 15:02:05.870 +01:00 [INF] Hosting environment: Development
2024-11-10 15:02:05.874 +01:00 [INF] Content root path: C:\Users\Mats\web-projects\react\exam\api
2024-11-10 15:02:05.996 +01:00 [INF] Request starting HTTP/1.1 GET http://localhost:5194/api/Auth/userinfo - null null
2024-11-10 15:02:06.069 +01:00 [INF] CORS policy execution successful.
2024-11-10 15:02:06.085 +01:00 [INF] Executing endpoint 'FoodRegistrationTool.Controllers.AuthController.GetUserInfo (api)'
2024-11-10 15:02:06.114 +01:00 [INF] Route matched with {action = "GetUserInfo", controller = "Auth", area = "", page = ""}. Executing controller action with signature System.Threading.Tasks.Task`1[Microsoft.AspNetCore.Mvc.IActionResult] GetUserInfo() on controller FoodRegistrationTool.Controllers.AuthController (api).
2024-11-10 15:02:06.163 +01:00 [INF] Authentication result: True
2024-11-10 15:02:06.169 +01:00 [INF] Principal Name from auth result: matteo@mail.no
2024-11-10 15:02:06.173 +01:00 [INF] Request path: /api/Auth/userinfo
2024-11-10 15:02:06.176 +01:00 [INF] Request method: GET
2024-11-10 15:02:06.179 +01:00 [INF] Request scheme: http
2024-11-10 15:02:06.182 +01:00 [INF] Auth Type: Identity.Application
2024-11-10 15:02:06.185 +01:00 [INF] Identity Name: matteo@mail.no
2024-11-10 15:02:06.325 +01:00 [INF] User from UserManager: null
2024-11-10 15:02:06.331 +01:00 [INF] Cookies received: .AspNetCore.Antiforgery.lR7t4MXUUZs=CfDJ8FYKQg2-tzVDp03-Gqv4AlppTnNdEj3Ux3AeB8ir5wasdrYYEixIbAFejVPrAUxKazNDiFhBK5o8VCP3t82Gvo9tx0UmdBcZovSVxcmn_GU4tD8u_UQEz7sRNT9wmVGFYX_9FWYfuTBVg7OBpmAQU9c, .AspNetCore.Identity.Application=CfDJ8FYKQg2-tzVDp03-Gqv4Alo_zzAm3xoq3ZdcRote7eAnYlV3f6N3UAvZpeaFT_wTmykZZtNJrzYXE4oo7kfyVm-5_8HxCs7QYC20G4bEhz08czllfCk3rk3Jh8uoHwV8R7_3qqmcir5yEiFREw4s8cnTfUdCXDt8razE7daoQcKeCX6QTolhtFLEDXuLLXPf3o8To7e_BLLdu770TWqPG3rPXcks5DdbYvXO4OaGy3C6kFfdoec4zlgoC1LkYQe446TzFt9MbpLS7Vc1kxuBRXM0d8bGCoABgHDdb1jU-YoXWwfw6_ehdBB6VBh5Oje1v2Z0rh8OaSOW5rvQNosLc5wtWDHO2JJoi9LsxbI3iVoNt7kSTY7OHsMwJNDrgAY3o4N9qcEs9DjfnSRo0F2FpZMiNvhlZBKHERRAG_9K6qQtTGa_8KOBAhV9owwLGiCZaEik3mJ02S7ZG0h0o2HmkQTDKApL1xRrhaBKR7pB-GjKcYcHo_M3qTn5ldb_88VEU14XP-qC01p1XF5toFnRxtgrmU5D7NWMKdNxNTNNNPjVuLN3y4VcjlkbNos4I3UoO757rKj_ZT1TiunrfPdoBzfozE55j4AIRUIBoOhx2hgjVXfTAkUbnakacfAj4q8D2IDX6opUkfDCDuTV5Y9VG1EypWJvrOfxo7YsHxKCVVGfxVaRSICwffY9QZd3WVR7fkVkm8L5x_U4ZfI3YSQoQTqb03KAFjDuqSLgtFVjcg_4118bkHIHwscbTT_IL4jpTw
2024-11-10 15:02:06.335 +01:00 [INF] GetUserInfo called:
2024-11-10 15:02:06.340 +01:00 [INF] IsAuthenticated: True
2024-11-10 15:02:06.344 +01:00 [INF] UserName: matteo@mail.no
2024-11-10 15:02:06.350 +01:00 [INF] Claims: http://schemas.xmlsoap.org/ws/2005/05/identity/claims/nameidentifier: 7b70fec6-a5b0-4d92-b566-55e7e7d6e676, http://schemas.xmlsoap.org/ws/2005/05/identity/claims/name: matteo@mail.no, http://schemas.xmlsoap.org/ws/2005/05/identity/claims/emailaddress: matteo@mail.no, AspNet.Identity.SecurityStamp: DCW7DUUXME4Q5JX24VADU2NCH75FQORK
2024-11-10 15:02:06.355 +01:00 [INF] Claim: http://schemas.xmlsoap.org/ws/2005/05/identity/claims/nameidentifier = 7b70fec6-a5b0-4d92-b566-55e7e7d6e676
2024-11-10 15:02:06.358 +01:00 [INF] Claim: http://schemas.xmlsoap.org/ws/2005/05/identity/claims/name = matteo@mail.no
2024-11-10 15:02:06.362 +01:00 [INF] Claim: http://schemas.xmlsoap.org/ws/2005/05/identity/claims/emailaddress = matteo@mail.no
2024-11-10 15:02:06.365 +01:00 [INF] Claim: AspNet.Identity.SecurityStamp = DCW7DUUXME4Q5JX24VADU2NCH75FQORK
2024-11-10 15:02:06.385 +01:00 [INF] Returning response: {"isAuthenticated":true,"userName":"matteo@mail.no","manageUrl":"/Identity/Account/Manage","logoutUrl":"/Identity/Account/Logout","loginUrl":"/Identity/Account/Login","registerUrl":"/Identity/Account/Register"}
2024-11-10 15:02:06.399 +01:00 [INF] Executing OkObjectResult, writing value of type '<>f__AnonymousType10`6[[System.Boolean, System.Private.CoreLib, Version=8.0.0.0, Culture=neutral, PublicKeyToken=7cec85d7bea7798e],[System.String, System.Private.CoreLib, Version=8.0.0.0, Culture=neutral, PublicKeyToken=7cec85d7bea7798e],[System.String, System.Private.CoreLib, Version=8.0.0.0, Culture=neutral, PublicKeyToken=7cec85d7bea7798e],[System.String, System.Private.CoreLib, Version=8.0.0.0, Culture=neutral, PublicKeyToken=7cec85d7bea7798e],[System.String, System.Private.CoreLib, Version=8.0.0.0, Culture=neutral, PublicKeyToken=7cec85d7bea7798e],[System.String, System.Private.CoreLib, Version=8.0.0.0, Culture=neutral, PublicKeyToken=7cec85d7bea7798e]]'.
2024-11-10 15:02:06.419 +01:00 [INF] Request starting HTTP/1.1 GET http://localhost:5194/api/Auth/userinfo - null null
2024-11-10 15:02:06.423 +01:00 [INF] Executed action FoodRegistrationTool.Controllers.AuthController.GetUserInfo (api) in 298.7735ms
2024-11-10 15:02:06.426 +01:00 [INF] CORS policy execution successful.
2024-11-10 15:02:06.426 +01:00 [INF] Executed endpoint 'FoodRegistrationTool.Controllers.AuthController.GetUserInfo (api)'
2024-11-10 15:02:06.427 +01:00 [INF] Executing endpoint 'FoodRegistrationTool.Controllers.AuthController.GetUserInfo (api)'
2024-11-10 15:02:06.428 +01:00 [INF] Route matched with {action = "GetUserInfo", controller = "Auth", area = "", page = ""}. Executing controller action with signature System.Threading.Tasks.Task`1[Microsoft.AspNetCore.Mvc.IActionResult] GetUserInfo() on controller FoodRegistrationTool.Controllers.AuthController (api).
2024-11-10 15:02:06.439 +01:00 [INF] Authentication result: True
2024-11-10 15:02:06.453 +01:00 [INF] Principal Name from auth result: matteo@mail.no
2024-11-10 15:02:06.457 +01:00 [INF] Request path: /api/Auth/userinfo
2024-11-10 15:02:06.458 +01:00 [INF] Request finished HTTP/1.1 GET http://localhost:5194/api/Auth/userinfo - 200 null application/json; charset=utf-8 453.7862ms
2024-11-10 15:02:06.463 +01:00 [INF] Request method: GET
2024-11-10 15:02:06.469 +01:00 [INF] Request scheme: http
2024-11-10 15:02:06.473 +01:00 [INF] Auth Type: Identity.Application
2024-11-10 15:02:06.478 +01:00 [INF] Identity Name: matteo@mail.no
2024-11-10 15:02:06.569 +01:00 [INF] User from UserManager: null
2024-11-10 15:02:06.573 +01:00 [INF] Cookies received: .AspNetCore.Antiforgery.lR7t4MXUUZs=CfDJ8FYKQg2-tzVDp03-Gqv4AlppTnNdEj3Ux3AeB8ir5wasdrYYEixIbAFejVPrAUxKazNDiFhBK5o8VCP3t82Gvo9tx0UmdBcZovSVxcmn_GU4tD8u_UQEz7sRNT9wmVGFYX_9FWYfuTBVg7OBpmAQU9c, .AspNetCore.Identity.Application=CfDJ8FYKQg2-tzVDp03-Gqv4Alo_zzAm3xoq3ZdcRote7eAnYlV3f6N3UAvZpeaFT_wTmykZZtNJrzYXE4oo7kfyVm-5_8HxCs7QYC20G4bEhz08czllfCk3rk3Jh8uoHwV8R7_3qqmcir5yEiFREw4s8cnTfUdCXDt8razE7daoQcKeCX6QTolhtFLEDXuLLXPf3o8To7e_BLLdu770TWqPG3rPXcks5DdbYvXO4OaGy3C6kFfdoec4zlgoC1LkYQe446TzFt9MbpLS7Vc1kxuBRXM0d8bGCoABgHDdb1jU-YoXWwfw6_ehdBB6VBh5Oje1v2Z0rh8OaSOW5rvQNosLc5wtWDHO2JJoi9LsxbI3iVoNt7kSTY7OHsMwJNDrgAY3o4N9qcEs9DjfnSRo0F2FpZMiNvhlZBKHERRAG_9K6qQtTGa_8KOBAhV9owwLGiCZaEik3mJ02S7ZG0h0o2HmkQTDKApL1xRrhaBKR7pB-GjKcYcHo_M3qTn5ldb_88VEU14XP-qC01p1XF5toFnRxtgrmU5D7NWMKdNxNTNNNPjVuLN3y4VcjlkbNos4I3UoO757rKj_ZT1TiunrfPdoBzfozE55j4AIRUIBoOhx2hgjVXfTAkUbnakacfAj4q8D2IDX6opUkfDCDuTV5Y9VG1EypWJvrOfxo7YsHxKCVVGfxVaRSICwffY9QZd3WVR7fkVkm8L5x_U4ZfI3YSQoQTqb03KAFjDuqSLgtFVjcg_4118bkHIHwscbTT_IL4jpTw
2024-11-10 15:02:06.578 +01:00 [INF] GetUserInfo called:
2024-11-10 15:02:06.581 +01:00 [INF] IsAuthenticated: True
2024-11-10 15:02:06.585 +01:00 [INF] UserName: matteo@mail.no
2024-11-10 15:02:06.589 +01:00 [INF] Claims: http://schemas.xmlsoap.org/ws/2005/05/identity/claims/nameidentifier: 7b70fec6-a5b0-4d92-b566-55e7e7d6e676, http://schemas.xmlsoap.org/ws/2005/05/identity/claims/name: matteo@mail.no, http://schemas.xmlsoap.org/ws/2005/05/identity/claims/emailaddress: matteo@mail.no, AspNet.Identity.SecurityStamp: DCW7DUUXME4Q5JX24VADU2NCH75FQORK
2024-11-10 15:02:06.592 +01:00 [INF] Claim: http://schemas.xmlsoap.org/ws/2005/05/identity/claims/nameidentifier = 7b70fec6-a5b0-4d92-b566-55e7e7d6e676
2024-11-10 15:02:06.596 +01:00 [INF] Claim: http://schemas.xmlsoap.org/ws/2005/05/identity/claims/name = matteo@mail.no
2024-11-10 15:02:06.600 +01:00 [INF] Claim: http://schemas.xmlsoap.org/ws/2005/05/identity/claims/emailaddress = matteo@mail.no
2024-11-10 15:02:06.605 +01:00 [INF] Claim: AspNet.Identity.SecurityStamp = DCW7DUUXME4Q5JX24VADU2NCH75FQORK
2024-11-10 15:02:06.609 +01:00 [INF] Returning response: {"isAuthenticated":true,"userName":"matteo@mail.no","manageUrl":"/Identity/Account/Manage","logoutUrl":"/Identity/Account/Logout","loginUrl":"/Identity/Account/Login","registerUrl":"/Identity/Account/Register"}
2024-11-10 15:02:06.611 +01:00 [INF] Executing OkObjectResult, writing value of type '<>f__AnonymousType10`6[[System.Boolean, System.Private.CoreLib, Version=8.0.0.0, Culture=neutral, PublicKeyToken=7cec85d7bea7798e],[System.String, System.Private.CoreLib, Version=8.0.0.0, Culture=neutral, PublicKeyToken=7cec85d7bea7798e],[System.String, System.Private.CoreLib, Version=8.0.0.0, Culture=neutral, PublicKeyToken=7cec85d7bea7798e],[System.String, System.Private.CoreLib, Version=8.0.0.0, Culture=neutral, PublicKeyToken=7cec85d7bea7798e],[System.String, System.Private.CoreLib, Version=8.0.0.0, Culture=neutral, PublicKeyToken=7cec85d7bea7798e],[System.String, System.Private.CoreLib, Version=8.0.0.0, Culture=neutral, PublicKeyToken=7cec85d7bea7798e]]'.
2024-11-10 15:02:06.611 +01:00 [INF] Executed action FoodRegistrationTool.Controllers.AuthController.GetUserInfo (api) in 183.5257ms
2024-11-10 15:02:06.612 +01:00 [INF] Executed endpoint 'FoodRegistrationTool.Controllers.AuthController.GetUserInfo (api)'
2024-11-10 15:02:06.612 +01:00 [INF] Request finished HTTP/1.1 GET http://localhost:5194/api/Auth/userinfo - 200 null application/json; charset=utf-8 193.0041ms
2024-11-10 15:02:09.163 +01:00 [INF] Request starting HTTP/1.1 OPTIONS http://localhost:5194/Identity/Account/Logout?ReturnUrl=http%3A%2F%2Flocalhost%3A3000 - null null
2024-11-10 15:02:09.169 +01:00 [INF] CORS policy execution successful.
2024-11-10 15:02:09.172 +01:00 [INF] Request finished HTTP/1.1 OPTIONS http://localhost:5194/Identity/Account/Logout?ReturnUrl=http%3A%2F%2Flocalhost%3A3000 - 204 null null 7.9833ms
2024-11-10 15:02:09.175 +01:00 [INF] Request starting HTTP/1.1 POST http://localhost:5194/Identity/Account/Logout?ReturnUrl=http%3A%2F%2Flocalhost%3A3000 - application/json 0
2024-11-10 15:02:09.186 +01:00 [INF] CORS policy execution successful.
2024-11-10 15:02:09.198 +01:00 [INF] Authorization failed. These requirements were not met:
DenyAnonymousAuthorizationRequirement: Requires an authenticated user.
2024-11-10 15:02:09.266 +01:00 [ERR] An unhandled exception has occurred while executing the request.
System.InvalidOperationException: No authenticationScheme was specified, and there was no DefaultChallengeScheme found. The default schemes can be set using either AddAuthentication(string defaultScheme) or AddAuthentication(Action<AuthenticationOptions> configureOptions).
   at Microsoft.AspNetCore.Authentication.AuthenticationService.ChallengeAsync(HttpContext context, String scheme, AuthenticationProperties properties)
   at Microsoft.AspNetCore.Authorization.Policy.AuthorizationMiddlewareResultHandler.<>c__DisplayClass0_0.<<HandleAsync>g__Handle|0>d.MoveNext()
--- End of stack trace from previous location ---
   at Microsoft.AspNetCore.Authorization.AuthorizationMiddleware.Invoke(HttpContext context)
   at Microsoft.AspNetCore.Authentication.AuthenticationMiddleware.Invoke(HttpContext context)
   at Microsoft.AspNetCore.Session.SessionMiddleware.Invoke(HttpContext context)
   at Microsoft.AspNetCore.Session.SessionMiddleware.Invoke(HttpContext context)
   at Swashbuckle.AspNetCore.SwaggerUI.SwaggerUIMiddleware.Invoke(HttpContext httpContext)
   at Swashbuckle.AspNetCore.Swagger.SwaggerMiddleware.Invoke(HttpContext httpContext, ISwaggerProvider swaggerProvider)
   at Microsoft.AspNetCore.Diagnostics.DeveloperExceptionPageMiddlewareImpl.Invoke(HttpContext context)
2024-11-10 15:02:09.280 +01:00 [INF] Request finished HTTP/1.1 POST http://localhost:5194/Identity/Account/Logout?ReturnUrl=http%3A%2F%2Flocalhost%3A3000 - 500 null text/plain; charset=utf-8 104.8581ms
2024-11-10 15:02:09.313 +01:00 [INF] Request starting HTTP/1.1 GET http://localhost:5194/Identity/Account/Logout?ReturnUrl=http%3A%2F%2Flocalhost%3A3000 - null null
2024-11-10 15:02:09.318 +01:00 [INF] Authorization failed. These requirements were not met:
DenyAnonymousAuthorizationRequirement: Requires an authenticated user.
2024-11-10 15:02:09.333 +01:00 [ERR] An unhandled exception has occurred while executing the request.
System.InvalidOperationException: No authenticationScheme was specified, and there was no DefaultChallengeScheme found. The default schemes can be set using either AddAuthentication(string defaultScheme) or AddAuthentication(Action<AuthenticationOptions> configureOptions).
   at Microsoft.AspNetCore.Authentication.AuthenticationService.ChallengeAsync(HttpContext context, String scheme, AuthenticationProperties properties)
   at Microsoft.AspNetCore.Authorization.Policy.AuthorizationMiddlewareResultHandler.<>c__DisplayClass0_0.<<HandleAsync>g__Handle|0>d.MoveNext()
--- End of stack trace from previous location ---
   at Microsoft.AspNetCore.Authorization.AuthorizationMiddleware.Invoke(HttpContext context)
   at Microsoft.AspNetCore.Authentication.AuthenticationMiddleware.Invoke(HttpContext context)
   at Microsoft.AspNetCore.Session.SessionMiddleware.Invoke(HttpContext context)
   at Microsoft.AspNetCore.Session.SessionMiddleware.Invoke(HttpContext context)
   at Swashbuckle.AspNetCore.SwaggerUI.SwaggerUIMiddleware.Invoke(HttpContext httpContext)
   at Swashbuckle.AspNetCore.Swagger.SwaggerMiddleware.Invoke(HttpContext httpContext, ISwaggerProvider swaggerProvider)
   at Microsoft.AspNetCore.Diagnostics.DeveloperExceptionPageMiddlewareImpl.Invoke(HttpContext context)
2024-11-10 15:02:09.389 +01:00 [INF] Request finished HTTP/1.1 GET http://localhost:5194/Identity/Account/Logout?ReturnUrl=http%3A%2F%2Flocalhost%3A3000 - 500 null text/html; charset=utf-8 75.9776ms
2024-11-10 15:02:33.192 +01:00 [INF] Request starting HTTP/1.1 GET http://localhost:5194/api/productapi/productlist - null null
2024-11-10 15:02:33.198 +01:00 [INF] CORS policy execution successful.
2024-11-10 15:02:33.201 +01:00 [INF] Request starting HTTP/1.1 GET http://localhost:5194/api/Auth/userinfo - null null
2024-11-10 15:02:33.201 +01:00 [INF] CORS policy execution successful.
2024-11-10 15:02:33.202 +01:00 [INF] Executing endpoint 'FoodRegistrationTool.Controllers.AuthController.GetUserInfo (api)'
2024-11-10 15:02:33.202 +01:00 [INF] Executing endpoint 'FoodRegistrationTool.Controllers.ProductAPIController.ProductList (api)'
2024-11-10 15:02:33.203 +01:00 [INF] Route matched with {action = "GetUserInfo", controller = "Auth", area = "", page = ""}. Executing controller action with signature System.Threading.Tasks.Task`1[Microsoft.AspNetCore.Mvc.IActionResult] GetUserInfo() on controller FoodRegistrationTool.Controllers.AuthController (api).
2024-11-10 15:02:33.231 +01:00 [INF] Route matched with {action = "ProductList", controller = "ProductAPI", area = "", page = ""}. Executing controller action with signature System.Threading.Tasks.Task`1[Microsoft.AspNetCore.Mvc.IActionResult] ProductList() on controller FoodRegistrationTool.Controllers.ProductAPIController (api).
2024-11-10 15:02:33.245 +01:00 [INF] Authentication result: True
2024-11-10 15:02:33.249 +01:00 [INF] Principal Name from auth result: matteo@mail.no
2024-11-10 15:02:33.253 +01:00 [INF] Request path: /api/Auth/userinfo
2024-11-10 15:02:33.257 +01:00 [INF] Request method: GET
2024-11-10 15:02:33.263 +01:00 [INF] Request scheme: http
2024-11-10 15:02:33.271 +01:00 [INF] Auth Type: Identity.Application
2024-11-10 15:02:33.274 +01:00 [INF] Identity Name: matteo@mail.no
2024-11-10 15:02:33.286 +01:00 [INF] User from UserManager: null
2024-11-10 15:02:33.291 +01:00 [INF] Cookies received: .AspNetCore.Antiforgery.lR7t4MXUUZs=CfDJ8FYKQg2-tzVDp03-Gqv4AlppTnNdEj3Ux3AeB8ir5wasdrYYEixIbAFejVPrAUxKazNDiFhBK5o8VCP3t82Gvo9tx0UmdBcZovSVxcmn_GU4tD8u_UQEz7sRNT9wmVGFYX_9FWYfuTBVg7OBpmAQU9c, .AspNetCore.Identity.Application=CfDJ8FYKQg2-tzVDp03-Gqv4Alo_zzAm3xoq3ZdcRote7eAnYlV3f6N3UAvZpeaFT_wTmykZZtNJrzYXE4oo7kfyVm-5_8HxCs7QYC20G4bEhz08czllfCk3rk3Jh8uoHwV8R7_3qqmcir5yEiFREw4s8cnTfUdCXDt8razE7daoQcKeCX6QTolhtFLEDXuLLXPf3o8To7e_BLLdu770TWqPG3rPXcks5DdbYvXO4OaGy3C6kFfdoec4zlgoC1LkYQe446TzFt9MbpLS7Vc1kxuBRXM0d8bGCoABgHDdb1jU-YoXWwfw6_ehdBB6VBh5Oje1v2Z0rh8OaSOW5rvQNosLc5wtWDHO2JJoi9LsxbI3iVoNt7kSTY7OHsMwJNDrgAY3o4N9qcEs9DjfnSRo0F2FpZMiNvhlZBKHERRAG_9K6qQtTGa_8KOBAhV9owwLGiCZaEik3mJ02S7ZG0h0o2HmkQTDKApL1xRrhaBKR7pB-GjKcYcHo_M3qTn5ldb_88VEU14XP-qC01p1XF5toFnRxtgrmU5D7NWMKdNxNTNNNPjVuLN3y4VcjlkbNos4I3UoO757rKj_ZT1TiunrfPdoBzfozE55j4AIRUIBoOhx2hgjVXfTAkUbnakacfAj4q8D2IDX6opUkfDCDuTV5Y9VG1EypWJvrOfxo7YsHxKCVVGfxVaRSICwffY9QZd3WVR7fkVkm8L5x_U4ZfI3YSQoQTqb03KAFjDuqSLgtFVjcg_4118bkHIHwscbTT_IL4jpTw
2024-11-10 15:02:33.298 +01:00 [INF] GetUserInfo called:
2024-11-10 15:02:33.303 +01:00 [INF] IsAuthenticated: True
2024-11-10 15:02:33.309 +01:00 [INF] UserName: matteo@mail.no
2024-11-10 15:02:33.314 +01:00 [INF] Claims: http://schemas.xmlsoap.org/ws/2005/05/identity/claims/nameidentifier: 7b70fec6-a5b0-4d92-b566-55e7e7d6e676, http://schemas.xmlsoap.org/ws/2005/05/identity/claims/name: matteo@mail.no, http://schemas.xmlsoap.org/ws/2005/05/identity/claims/emailaddress: matteo@mail.no, AspNet.Identity.SecurityStamp: DCW7DUUXME4Q5JX24VADU2NCH75FQORK
2024-11-10 15:02:33.317 +01:00 [INF] Claim: http://schemas.xmlsoap.org/ws/2005/05/identity/claims/nameidentifier = 7b70fec6-a5b0-4d92-b566-55e7e7d6e676
2024-11-10 15:02:33.322 +01:00 [INF] Claim: http://schemas.xmlsoap.org/ws/2005/05/identity/claims/name = matteo@mail.no
2024-11-10 15:02:33.325 +01:00 [INF] Claim: http://schemas.xmlsoap.org/ws/2005/05/identity/claims/emailaddress = matteo@mail.no
2024-11-10 15:02:33.329 +01:00 [INF] Claim: AspNet.Identity.SecurityStamp = DCW7DUUXME4Q5JX24VADU2NCH75FQORK
2024-11-10 15:02:33.333 +01:00 [INF] Returning response: {"isAuthenticated":true,"userName":"matteo@mail.no","manageUrl":"/Identity/Account/Manage","logoutUrl":"/Identity/Account/Logout","loginUrl":"/Identity/Account/Login","registerUrl":"/Identity/Account/Register"}
2024-11-10 15:02:33.334 +01:00 [INF] Executing OkObjectResult, writing value of type '<>f__AnonymousType10`6[[System.Boolean, System.Private.CoreLib, Version=8.0.0.0, Culture=neutral, PublicKeyToken=7cec85d7bea7798e],[System.String, System.Private.CoreLib, Version=8.0.0.0, Culture=neutral, PublicKeyToken=7cec85d7bea7798e],[System.String, System.Private.CoreLib, Version=8.0.0.0, Culture=neutral, PublicKeyToken=7cec85d7bea7798e],[System.String, System.Private.CoreLib, Version=8.0.0.0, Culture=neutral, PublicKeyToken=7cec85d7bea7798e],[System.String, System.Private.CoreLib, Version=8.0.0.0, Culture=neutral, PublicKeyToken=7cec85d7bea7798e],[System.String, System.Private.CoreLib, Version=8.0.0.0, Culture=neutral, PublicKeyToken=7cec85d7bea7798e]]'.
2024-11-10 15:02:33.335 +01:00 [INF] Executed action FoodRegistrationTool.Controllers.AuthController.GetUserInfo (api) in 132.4685ms
2024-11-10 15:02:33.335 +01:00 [INF] Executed endpoint 'FoodRegistrationTool.Controllers.AuthController.GetUserInfo (api)'
2024-11-10 15:02:33.336 +01:00 [INF] Request finished HTTP/1.1 GET http://localhost:5194/api/Auth/userinfo - 200 null application/json; charset=utf-8 137.4204ms
2024-11-10 15:02:33.346 +01:00 [INF] Request starting HTTP/1.1 GET http://localhost:5194/api/Auth/userinfo - null null
2024-11-10 15:02:33.348 +01:00 [INF] CORS policy execution successful.
2024-11-10 15:02:33.353 +01:00 [INF] Executing endpoint 'FoodRegistrationTool.Controllers.AuthController.GetUserInfo (api)'
2024-11-10 15:02:33.353 +01:00 [INF] Route matched with {action = "GetUserInfo", controller = "Auth", area = "", page = ""}. Executing controller action with signature System.Threading.Tasks.Task`1[Microsoft.AspNetCore.Mvc.IActionResult] GetUserInfo() on controller FoodRegistrationTool.Controllers.AuthController (api).
2024-11-10 15:02:33.354 +01:00 [INF] Executing OkObjectResult, writing value of type 'System.Linq.Enumerable+SelectListIterator`2[[FoodRegistrationTool.Models.Product, api, Version=1.0.0.0, Culture=neutral, PublicKeyToken=null],[FoodRegistrationTool.DTOs.ProductDto, api, Version=1.0.0.0, Culture=neutral, PublicKeyToken=null]]'.
2024-11-10 15:02:33.358 +01:00 [INF] Authentication result: True
2024-11-10 15:02:33.362 +01:00 [INF] Principal Name from auth result: matteo@mail.no
2024-11-10 15:02:33.366 +01:00 [INF] Request path: /api/Auth/userinfo
2024-11-10 15:02:33.369 +01:00 [INF] Request method: GET
2024-11-10 15:02:33.374 +01:00 [INF] Request scheme: http
2024-11-10 15:02:33.377 +01:00 [INF] Auth Type: Identity.Application
2024-11-10 15:02:33.380 +01:00 [INF] Identity Name: matteo@mail.no
2024-11-10 15:02:33.391 +01:00 [INF] User from UserManager: null
2024-11-10 15:02:33.395 +01:00 [INF] Cookies received: .AspNetCore.Antiforgery.lR7t4MXUUZs=CfDJ8FYKQg2-tzVDp03-Gqv4AlppTnNdEj3Ux3AeB8ir5wasdrYYEixIbAFejVPrAUxKazNDiFhBK5o8VCP3t82Gvo9tx0UmdBcZovSVxcmn_GU4tD8u_UQEz7sRNT9wmVGFYX_9FWYfuTBVg7OBpmAQU9c, .AspNetCore.Identity.Application=CfDJ8FYKQg2-tzVDp03-Gqv4Alo_zzAm3xoq3ZdcRote7eAnYlV3f6N3UAvZpeaFT_wTmykZZtNJrzYXE4oo7kfyVm-5_8HxCs7QYC20G4bEhz08czllfCk3rk3Jh8uoHwV8R7_3qqmcir5yEiFREw4s8cnTfUdCXDt8razE7daoQcKeCX6QTolhtFLEDXuLLXPf3o8To7e_BLLdu770TWqPG3rPXcks5DdbYvXO4OaGy3C6kFfdoec4zlgoC1LkYQe446TzFt9MbpLS7Vc1kxuBRXM0d8bGCoABgHDdb1jU-YoXWwfw6_ehdBB6VBh5Oje1v2Z0rh8OaSOW5rvQNosLc5wtWDHO2JJoi9LsxbI3iVoNt7kSTY7OHsMwJNDrgAY3o4N9qcEs9DjfnSRo0F2FpZMiNvhlZBKHERRAG_9K6qQtTGa_8KOBAhV9owwLGiCZaEik3mJ02S7ZG0h0o2HmkQTDKApL1xRrhaBKR7pB-GjKcYcHo_M3qTn5ldb_88VEU14XP-qC01p1XF5toFnRxtgrmU5D7NWMKdNxNTNNNPjVuLN3y4VcjlkbNos4I3UoO757rKj_ZT1TiunrfPdoBzfozE55j4AIRUIBoOhx2hgjVXfTAkUbnakacfAj4q8D2IDX6opUkfDCDuTV5Y9VG1EypWJvrOfxo7YsHxKCVVGfxVaRSICwffY9QZd3WVR7fkVkm8L5x_U4ZfI3YSQoQTqb03KAFjDuqSLgtFVjcg_4118bkHIHwscbTT_IL4jpTw
2024-11-10 15:02:33.400 +01:00 [INF] GetUserInfo called:
2024-11-10 15:02:33.409 +01:00 [INF] IsAuthenticated: True
2024-11-10 15:02:33.413 +01:00 [INF] UserName: matteo@mail.no
2024-11-10 15:02:33.419 +01:00 [INF] Claims: http://schemas.xmlsoap.org/ws/2005/05/identity/claims/nameidentifier: 7b70fec6-a5b0-4d92-b566-55e7e7d6e676, http://schemas.xmlsoap.org/ws/2005/05/identity/claims/name: matteo@mail.no, http://schemas.xmlsoap.org/ws/2005/05/identity/claims/emailaddress: matteo@mail.no, AspNet.Identity.SecurityStamp: DCW7DUUXME4Q5JX24VADU2NCH75FQORK
2024-11-10 15:02:33.423 +01:00 [INF] Claim: http://schemas.xmlsoap.org/ws/2005/05/identity/claims/nameidentifier = 7b70fec6-a5b0-4d92-b566-55e7e7d6e676
2024-11-10 15:02:33.428 +01:00 [INF] Claim: http://schemas.xmlsoap.org/ws/2005/05/identity/claims/name = matteo@mail.no
2024-11-10 15:02:33.431 +01:00 [INF] Claim: http://schemas.xmlsoap.org/ws/2005/05/identity/claims/emailaddress = matteo@mail.no
2024-11-10 15:02:33.435 +01:00 [INF] Claim: AspNet.Identity.SecurityStamp = DCW7DUUXME4Q5JX24VADU2NCH75FQORK
2024-11-10 15:02:33.440 +01:00 [INF] Returning response: {"isAuthenticated":true,"userName":"matteo@mail.no","manageUrl":"/Identity/Account/Manage","logoutUrl":"/Identity/Account/Logout","loginUrl":"/Identity/Account/Login","registerUrl":"/Identity/Account/Register"}
2024-11-10 15:02:33.440 +01:00 [INF] Executing OkObjectResult, writing value of type '<>f__AnonymousType10`6[[System.Boolean, System.Private.CoreLib, Version=8.0.0.0, Culture=neutral, PublicKeyToken=7cec85d7bea7798e],[System.String, System.Private.CoreLib, Version=8.0.0.0, Culture=neutral, PublicKeyToken=7cec85d7bea7798e],[System.String, System.Private.CoreLib, Version=8.0.0.0, Culture=neutral, PublicKeyToken=7cec85d7bea7798e],[System.String, System.Private.CoreLib, Version=8.0.0.0, Culture=neutral, PublicKeyToken=7cec85d7bea7798e],[System.String, System.Private.CoreLib, Version=8.0.0.0, Culture=neutral, PublicKeyToken=7cec85d7bea7798e],[System.String, System.Private.CoreLib, Version=8.0.0.0, Culture=neutral, PublicKeyToken=7cec85d7bea7798e]]'.
2024-11-10 15:02:33.441 +01:00 [INF] Executed action FoodRegistrationTool.Controllers.AuthController.GetUserInfo (api) in 87.7896ms
2024-11-10 15:02:33.442 +01:00 [INF] Executed endpoint 'FoodRegistrationTool.Controllers.AuthController.GetUserInfo (api)'
2024-11-10 15:02:33.442 +01:00 [INF] Request finished HTTP/1.1 GET http://localhost:5194/api/Auth/userinfo - 200 null application/json; charset=utf-8 100.7621ms
2024-11-10 15:02:33.490 +01:00 [INF] Executed action FoodRegistrationTool.Controllers.ProductAPIController.ProductList (api) in 259.0045ms
2024-11-10 15:02:33.491 +01:00 [INF] Executed endpoint 'FoodRegistrationTool.Controllers.ProductAPIController.ProductList (api)'
2024-11-10 15:02:33.491 +01:00 [INF] Request finished HTTP/1.1 GET http://localhost:5194/api/productapi/productlist - 200 null application/json; charset=utf-8 299.6876ms
2024-11-10 15:02:33.492 +01:00 [INF] Request starting HTTP/1.1 GET http://localhost:5194/api/productapi/productlist - null null
2024-11-10 15:02:33.495 +01:00 [INF] CORS policy execution successful.
2024-11-10 15:02:33.496 +01:00 [INF] Executing endpoint 'FoodRegistrationTool.Controllers.ProductAPIController.ProductList (api)'
2024-11-10 15:02:33.496 +01:00 [INF] Route matched with {action = "ProductList", controller = "ProductAPI", area = "", page = ""}. Executing controller action with signature System.Threading.Tasks.Task`1[Microsoft.AspNetCore.Mvc.IActionResult] ProductList() on controller FoodRegistrationTool.Controllers.ProductAPIController (api).
2024-11-10 15:02:33.506 +01:00 [INF] Executing OkObjectResult, writing value of type 'System.Linq.Enumerable+SelectListIterator`2[[FoodRegistrationTool.Models.Product, api, Version=1.0.0.0, Culture=neutral, PublicKeyToken=null],[FoodRegistrationTool.DTOs.ProductDto, api, Version=1.0.0.0, Culture=neutral, PublicKeyToken=null]]'.
2024-11-10 15:02:33.507 +01:00 [INF] Executed action FoodRegistrationTool.Controllers.ProductAPIController.ProductList (api) in 10.2691ms
2024-11-10 15:02:33.507 +01:00 [INF] Executed endpoint 'FoodRegistrationTool.Controllers.ProductAPIController.ProductList (api)'
2024-11-10 15:02:33.508 +01:00 [INF] Request finished HTTP/1.1 GET http://localhost:5194/api/productapi/productlist - 200 null application/json; charset=utf-8 15.328ms
2024-11-10 15:02:37.571 +01:00 [INF] Request starting HTTP/1.1 GET http://localhost:5194/api/Auth/userinfo - null null
2024-11-10 15:02:37.572 +01:00 [INF] CORS policy execution successful.
2024-11-10 15:02:37.572 +01:00 [INF] Executing endpoint 'FoodRegistrationTool.Controllers.AuthController.GetUserInfo (api)'
2024-11-10 15:02:37.573 +01:00 [INF] Route matched with {action = "GetUserInfo", controller = "Auth", area = "", page = ""}. Executing controller action with signature System.Threading.Tasks.Task`1[Microsoft.AspNetCore.Mvc.IActionResult] GetUserInfo() on controller FoodRegistrationTool.Controllers.AuthController (api).
2024-11-10 15:02:37.579 +01:00 [INF] Authentication result: True
2024-11-10 15:02:37.584 +01:00 [INF] Principal Name from auth result: matteo@mail.no
2024-11-10 15:02:37.590 +01:00 [INF] Request path: /api/Auth/userinfo
2024-11-10 15:02:37.595 +01:00 [INF] Request method: GET
2024-11-10 15:02:37.599 +01:00 [INF] Request scheme: http
2024-11-10 15:02:37.605 +01:00 [INF] Auth Type: Identity.Application
2024-11-10 15:02:37.609 +01:00 [INF] Identity Name: matteo@mail.no
2024-11-10 15:02:37.630 +01:00 [INF] User from UserManager: null
2024-11-10 15:02:37.637 +01:00 [INF] Cookies received: .AspNetCore.Antiforgery.lR7t4MXUUZs=CfDJ8FYKQg2-tzVDp03-Gqv4AlppTnNdEj3Ux3AeB8ir5wasdrYYEixIbAFejVPrAUxKazNDiFhBK5o8VCP3t82Gvo9tx0UmdBcZovSVxcmn_GU4tD8u_UQEz7sRNT9wmVGFYX_9FWYfuTBVg7OBpmAQU9c, .AspNetCore.Identity.Application=CfDJ8FYKQg2-tzVDp03-Gqv4Alo_zzAm3xoq3ZdcRote7eAnYlV3f6N3UAvZpeaFT_wTmykZZtNJrzYXE4oo7kfyVm-5_8HxCs7QYC20G4bEhz08czllfCk3rk3Jh8uoHwV8R7_3qqmcir5yEiFREw4s8cnTfUdCXDt8razE7daoQcKeCX6QTolhtFLEDXuLLXPf3o8To7e_BLLdu770TWqPG3rPXcks5DdbYvXO4OaGy3C6kFfdoec4zlgoC1LkYQe446TzFt9MbpLS7Vc1kxuBRXM0d8bGCoABgHDdb1jU-YoXWwfw6_ehdBB6VBh5Oje1v2Z0rh8OaSOW5rvQNosLc5wtWDHO2JJoi9LsxbI3iVoNt7kSTY7OHsMwJNDrgAY3o4N9qcEs9DjfnSRo0F2FpZMiNvhlZBKHERRAG_9K6qQtTGa_8KOBAhV9owwLGiCZaEik3mJ02S7ZG0h0o2HmkQTDKApL1xRrhaBKR7pB-GjKcYcHo_M3qTn5ldb_88VEU14XP-qC01p1XF5toFnRxtgrmU5D7NWMKdNxNTNNNPjVuLN3y4VcjlkbNos4I3UoO757rKj_ZT1TiunrfPdoBzfozE55j4AIRUIBoOhx2hgjVXfTAkUbnakacfAj4q8D2IDX6opUkfDCDuTV5Y9VG1EypWJvrOfxo7YsHxKCVVGfxVaRSICwffY9QZd3WVR7fkVkm8L5x_U4ZfI3YSQoQTqb03KAFjDuqSLgtFVjcg_4118bkHIHwscbTT_IL4jpTw
2024-11-10 15:02:37.642 +01:00 [INF] GetUserInfo called:
2024-11-10 15:02:37.648 +01:00 [INF] IsAuthenticated: True
2024-11-10 15:02:37.653 +01:00 [INF] UserName: matteo@mail.no
2024-11-10 15:02:37.658 +01:00 [INF] Claims: http://schemas.xmlsoap.org/ws/2005/05/identity/claims/nameidentifier: 7b70fec6-a5b0-4d92-b566-55e7e7d6e676, http://schemas.xmlsoap.org/ws/2005/05/identity/claims/name: matteo@mail.no, http://schemas.xmlsoap.org/ws/2005/05/identity/claims/emailaddress: matteo@mail.no, AspNet.Identity.SecurityStamp: DCW7DUUXME4Q5JX24VADU2NCH75FQORK
2024-11-10 15:02:37.663 +01:00 [INF] Claim: http://schemas.xmlsoap.org/ws/2005/05/identity/claims/nameidentifier = 7b70fec6-a5b0-4d92-b566-55e7e7d6e676
2024-11-10 15:02:37.668 +01:00 [INF] Claim: http://schemas.xmlsoap.org/ws/2005/05/identity/claims/name = matteo@mail.no
2024-11-10 15:02:37.674 +01:00 [INF] Claim: http://schemas.xmlsoap.org/ws/2005/05/identity/claims/emailaddress = matteo@mail.no
2024-11-10 15:02:37.679 +01:00 [INF] Claim: AspNet.Identity.SecurityStamp = DCW7DUUXME4Q5JX24VADU2NCH75FQORK
2024-11-10 15:02:37.685 +01:00 [INF] Returning response: {"isAuthenticated":true,"userName":"matteo@mail.no","manageUrl":"/Identity/Account/Manage","logoutUrl":"/Identity/Account/Logout","loginUrl":"/Identity/Account/Login","registerUrl":"/Identity/Account/Register"}
2024-11-10 15:02:37.686 +01:00 [INF] Executing OkObjectResult, writing value of type '<>f__AnonymousType10`6[[System.Boolean, System.Private.CoreLib, Version=8.0.0.0, Culture=neutral, PublicKeyToken=7cec85d7bea7798e],[System.String, System.Private.CoreLib, Version=8.0.0.0, Culture=neutral, PublicKeyToken=7cec85d7bea7798e],[System.String, System.Private.CoreLib, Version=8.0.0.0, Culture=neutral, PublicKeyToken=7cec85d7bea7798e],[System.String, System.Private.CoreLib, Version=8.0.0.0, Culture=neutral, PublicKeyToken=7cec85d7bea7798e],[System.String, System.Private.CoreLib, Version=8.0.0.0, Culture=neutral, PublicKeyToken=7cec85d7bea7798e],[System.String, System.Private.CoreLib, Version=8.0.0.0, Culture=neutral, PublicKeyToken=7cec85d7bea7798e]]'.
2024-11-10 15:02:37.686 +01:00 [INF] Executed action FoodRegistrationTool.Controllers.AuthController.GetUserInfo (api) in 113.3995ms
2024-11-10 15:02:37.686 +01:00 [INF] Executed endpoint 'FoodRegistrationTool.Controllers.AuthController.GetUserInfo (api)'
2024-11-10 15:02:37.687 +01:00 [INF] Request finished HTTP/1.1 GET http://localhost:5194/api/Auth/userinfo - 200 null application/json; charset=utf-8 116.039ms
2024-11-10 15:02:37.689 +01:00 [INF] Request starting HTTP/1.1 GET http://localhost:5194/api/Auth/userinfo - null null
2024-11-10 15:02:37.689 +01:00 [INF] CORS policy execution successful.
2024-11-10 15:02:37.690 +01:00 [INF] Executing endpoint 'FoodRegistrationTool.Controllers.AuthController.GetUserInfo (api)'
2024-11-10 15:02:37.690 +01:00 [INF] Route matched with {action = "GetUserInfo", controller = "Auth", area = "", page = ""}. Executing controller action with signature System.Threading.Tasks.Task`1[Microsoft.AspNetCore.Mvc.IActionResult] GetUserInfo() on controller FoodRegistrationTool.Controllers.AuthController (api).
2024-11-10 15:02:37.695 +01:00 [INF] Authentication result: True
2024-11-10 15:02:37.698 +01:00 [INF] Principal Name from auth result: matteo@mail.no
2024-11-10 15:02:37.703 +01:00 [INF] Request path: /api/Auth/userinfo
2024-11-10 15:02:37.707 +01:00 [INF] Request method: GET
2024-11-10 15:02:37.713 +01:00 [INF] Request scheme: http
2024-11-10 15:02:37.716 +01:00 [INF] Auth Type: Identity.Application
2024-11-10 15:02:37.721 +01:00 [INF] Identity Name: matteo@mail.no
2024-11-10 15:02:37.734 +01:00 [INF] User from UserManager: null
2024-11-10 15:02:37.740 +01:00 [INF] Cookies received: .AspNetCore.Antiforgery.lR7t4MXUUZs=CfDJ8FYKQg2-tzVDp03-Gqv4AlppTnNdEj3Ux3AeB8ir5wasdrYYEixIbAFejVPrAUxKazNDiFhBK5o8VCP3t82Gvo9tx0UmdBcZovSVxcmn_GU4tD8u_UQEz7sRNT9wmVGFYX_9FWYfuTBVg7OBpmAQU9c, .AspNetCore.Identity.Application=CfDJ8FYKQg2-tzVDp03-Gqv4Alo_zzAm3xoq3ZdcRote7eAnYlV3f6N3UAvZpeaFT_wTmykZZtNJrzYXE4oo7kfyVm-5_8HxCs7QYC20G4bEhz08czllfCk3rk3Jh8uoHwV8R7_3qqmcir5yEiFREw4s8cnTfUdCXDt8razE7daoQcKeCX6QTolhtFLEDXuLLXPf3o8To7e_BLLdu770TWqPG3rPXcks5DdbYvXO4OaGy3C6kFfdoec4zlgoC1LkYQe446TzFt9MbpLS7Vc1kxuBRXM0d8bGCoABgHDdb1jU-YoXWwfw6_ehdBB6VBh5Oje1v2Z0rh8OaSOW5rvQNosLc5wtWDHO2JJoi9LsxbI3iVoNt7kSTY7OHsMwJNDrgAY3o4N9qcEs9DjfnSRo0F2FpZMiNvhlZBKHERRAG_9K6qQtTGa_8KOBAhV9owwLGiCZaEik3mJ02S7ZG0h0o2HmkQTDKApL1xRrhaBKR7pB-GjKcYcHo_M3qTn5ldb_88VEU14XP-qC01p1XF5toFnRxtgrmU5D7NWMKdNxNTNNNPjVuLN3y4VcjlkbNos4I3UoO757rKj_ZT1TiunrfPdoBzfozE55j4AIRUIBoOhx2hgjVXfTAkUbnakacfAj4q8D2IDX6opUkfDCDuTV5Y9VG1EypWJvrOfxo7YsHxKCVVGfxVaRSICwffY9QZd3WVR7fkVkm8L5x_U4ZfI3YSQoQTqb03KAFjDuqSLgtFVjcg_4118bkHIHwscbTT_IL4jpTw
2024-11-10 15:02:37.746 +01:00 [INF] GetUserInfo called:
2024-11-10 15:02:37.749 +01:00 [INF] IsAuthenticated: True
2024-11-10 15:02:37.753 +01:00 [INF] UserName: matteo@mail.no
2024-11-10 15:02:37.757 +01:00 [INF] Claims: http://schemas.xmlsoap.org/ws/2005/05/identity/claims/nameidentifier: 7b70fec6-a5b0-4d92-b566-55e7e7d6e676, http://schemas.xmlsoap.org/ws/2005/05/identity/claims/name: matteo@mail.no, http://schemas.xmlsoap.org/ws/2005/05/identity/claims/emailaddress: matteo@mail.no, AspNet.Identity.SecurityStamp: DCW7DUUXME4Q5JX24VADU2NCH75FQORK
2024-11-10 15:02:37.762 +01:00 [INF] Claim: http://schemas.xmlsoap.org/ws/2005/05/identity/claims/nameidentifier = 7b70fec6-a5b0-4d92-b566-55e7e7d6e676
2024-11-10 15:02:37.766 +01:00 [INF] Claim: http://schemas.xmlsoap.org/ws/2005/05/identity/claims/name = matteo@mail.no
2024-11-10 15:02:37.770 +01:00 [INF] Claim: http://schemas.xmlsoap.org/ws/2005/05/identity/claims/emailaddress = matteo@mail.no
2024-11-10 15:02:37.774 +01:00 [INF] Claim: AspNet.Identity.SecurityStamp = DCW7DUUXME4Q5JX24VADU2NCH75FQORK
2024-11-10 15:02:37.777 +01:00 [INF] Returning response: {"isAuthenticated":true,"userName":"matteo@mail.no","manageUrl":"/Identity/Account/Manage","logoutUrl":"/Identity/Account/Logout","loginUrl":"/Identity/Account/Login","registerUrl":"/Identity/Account/Register"}
2024-11-10 15:02:37.778 +01:00 [INF] Executing OkObjectResult, writing value of type '<>f__AnonymousType10`6[[System.Boolean, System.Private.CoreLib, Version=8.0.0.0, Culture=neutral, PublicKeyToken=7cec85d7bea7798e],[System.String, System.Private.CoreLib, Version=8.0.0.0, Culture=neutral, PublicKeyToken=7cec85d7bea7798e],[System.String, System.Private.CoreLib, Version=8.0.0.0, Culture=neutral, PublicKeyToken=7cec85d7bea7798e],[System.String, System.Private.CoreLib, Version=8.0.0.0, Culture=neutral, PublicKeyToken=7cec85d7bea7798e],[System.String, System.Private.CoreLib, Version=8.0.0.0, Culture=neutral, PublicKeyToken=7cec85d7bea7798e],[System.String, System.Private.CoreLib, Version=8.0.0.0, Culture=neutral, PublicKeyToken=7cec85d7bea7798e]]'.
2024-11-10 15:02:37.778 +01:00 [INF] Executed action FoodRegistrationTool.Controllers.AuthController.GetUserInfo (api) in 87.7409ms
2024-11-10 15:02:37.778 +01:00 [INF] Executed endpoint 'FoodRegistrationTool.Controllers.AuthController.GetUserInfo (api)'
2024-11-10 15:02:37.778 +01:00 [INF] Request finished HTTP/1.1 GET http://localhost:5194/api/Auth/userinfo - 200 null application/json; charset=utf-8 89.551ms
2024-11-10 15:06:19.344 +01:00 [INF] Request starting HTTP/1.1 OPTIONS http://localhost:5194/Identity/Account/Logout?ReturnUrl=http%3A%2F%2Flocalhost%3A3000 - null null
2024-11-10 15:06:19.351 +01:00 [INF] CORS policy execution successful.
2024-11-10 15:06:19.351 +01:00 [INF] Request finished HTTP/1.1 OPTIONS http://localhost:5194/Identity/Account/Logout?ReturnUrl=http%3A%2F%2Flocalhost%3A3000 - 204 null null 15.4222ms
2024-11-10 15:06:19.353 +01:00 [INF] Request starting HTTP/1.1 POST http://localhost:5194/Identity/Account/Logout?ReturnUrl=http%3A%2F%2Flocalhost%3A3000 - application/json 0
2024-11-10 15:06:19.354 +01:00 [INF] CORS policy execution successful.
2024-11-10 15:06:19.358 +01:00 [INF] Authorization failed. These requirements were not met:
DenyAnonymousAuthorizationRequirement: Requires an authenticated user.
2024-11-10 15:06:19.372 +01:00 [ERR] An unhandled exception has occurred while executing the request.
System.InvalidOperationException: No authenticationScheme was specified, and there was no DefaultChallengeScheme found. The default schemes can be set using either AddAuthentication(string defaultScheme) or AddAuthentication(Action<AuthenticationOptions> configureOptions).
   at Microsoft.AspNetCore.Authentication.AuthenticationService.ChallengeAsync(HttpContext context, String scheme, AuthenticationProperties properties)
   at Microsoft.AspNetCore.Authorization.Policy.AuthorizationMiddlewareResultHandler.<>c__DisplayClass0_0.<<HandleAsync>g__Handle|0>d.MoveNext()
--- End of stack trace from previous location ---
   at Microsoft.AspNetCore.Authorization.AuthorizationMiddleware.Invoke(HttpContext context)
   at Microsoft.AspNetCore.Authentication.AuthenticationMiddleware.Invoke(HttpContext context)
   at Microsoft.AspNetCore.Session.SessionMiddleware.Invoke(HttpContext context)
   at Microsoft.AspNetCore.Session.SessionMiddleware.Invoke(HttpContext context)
   at Swashbuckle.AspNetCore.SwaggerUI.SwaggerUIMiddleware.Invoke(HttpContext httpContext)
   at Swashbuckle.AspNetCore.Swagger.SwaggerMiddleware.Invoke(HttpContext httpContext, ISwaggerProvider swaggerProvider)
   at Microsoft.AspNetCore.Diagnostics.DeveloperExceptionPageMiddlewareImpl.Invoke(HttpContext context)
2024-11-10 15:06:19.373 +01:00 [INF] Request finished HTTP/1.1 POST http://localhost:5194/Identity/Account/Logout?ReturnUrl=http%3A%2F%2Flocalhost%3A3000 - 500 null text/plain; charset=utf-8 20.1853ms
2024-11-10 15:06:19.403 +01:00 [INF] Request starting HTTP/1.1 GET http://localhost:5194/Identity/Account/Logout?ReturnUrl=http%3A%2F%2Flocalhost%3A3000 - null null
2024-11-10 15:06:19.404 +01:00 [INF] Authorization failed. These requirements were not met:
DenyAnonymousAuthorizationRequirement: Requires an authenticated user.
2024-11-10 15:06:19.413 +01:00 [ERR] An unhandled exception has occurred while executing the request.
System.InvalidOperationException: No authenticationScheme was specified, and there was no DefaultChallengeScheme found. The default schemes can be set using either AddAuthentication(string defaultScheme) or AddAuthentication(Action<AuthenticationOptions> configureOptions).
   at Microsoft.AspNetCore.Authentication.AuthenticationService.ChallengeAsync(HttpContext context, String scheme, AuthenticationProperties properties)
   at Microsoft.AspNetCore.Authorization.Policy.AuthorizationMiddlewareResultHandler.<>c__DisplayClass0_0.<<HandleAsync>g__Handle|0>d.MoveNext()
--- End of stack trace from previous location ---
   at Microsoft.AspNetCore.Authorization.AuthorizationMiddleware.Invoke(HttpContext context)
   at Microsoft.AspNetCore.Authentication.AuthenticationMiddleware.Invoke(HttpContext context)
   at Microsoft.AspNetCore.Session.SessionMiddleware.Invoke(HttpContext context)
   at Microsoft.AspNetCore.Session.SessionMiddleware.Invoke(HttpContext context)
   at Swashbuckle.AspNetCore.SwaggerUI.SwaggerUIMiddleware.Invoke(HttpContext httpContext)
   at Swashbuckle.AspNetCore.Swagger.SwaggerMiddleware.Invoke(HttpContext httpContext, ISwaggerProvider swaggerProvider)
   at Microsoft.AspNetCore.Diagnostics.DeveloperExceptionPageMiddlewareImpl.Invoke(HttpContext context)
2024-11-10 15:06:19.419 +01:00 [INF] Request finished HTTP/1.1 GET http://localhost:5194/Identity/Account/Logout?ReturnUrl=http%3A%2F%2Flocalhost%3A3000 - 500 null text/html; charset=utf-8 15.6655ms
