2024-11-07 22:47:13.942 +01:00 [INF] Now listening on: https://localhost:7263
2024-11-07 22:47:13.961 +01:00 [INF] Now listening on: http://localhost:5194
2024-11-07 22:47:13.976 +01:00 [INF] Application started. Press Ctrl+C to shut down.
2024-11-07 22:47:13.985 +01:00 [INF] Hosting environment: Development
2024-11-07 22:47:13.991 +01:00 [INF] Content root path: C:\Users\Mats\web-projects\react\exam\api
2024-11-07 22:47:14.063 +01:00 [INF] Request starting HTTP/1.1 GET http://localhost:5194/api/productapi/productlist - null null
2024-11-07 22:47:14.158 +01:00 [INF] CORS policy execution successful.
2024-11-07 22:47:14.166 +01:00 [INF] Executing endpoint 'FoodRegistrationTool.Controllers.ProductAPIController.ProductList (api)'
2024-11-07 22:47:14.200 +01:00 [INF] Route matched with {action = "ProductList", controller = "ProductAPI"}. Executing controller action with signature System.Threading.Tasks.Task`1[Microsoft.AspNetCore.Mvc.IActionResult] ProductList() on controller FoodRegistrationTool.Controllers.ProductAPIController (api).
2024-11-07 22:47:14.349 +01:00 [INF] Executing OkObjectResult, writing value of type 'System.Linq.Enumerable+SelectListIterator`2[[FoodRegistrationTool.Models.Product, api, Version=1.0.0.0, Culture=neutral, PublicKeyToken=null],[FoodRegistrationTool.DTOs.ProductDto, api, Version=1.0.0.0, Culture=neutral, PublicKeyToken=null]]'.
2024-11-07 22:47:14.422 +01:00 [INF] Request starting HTTP/1.1 GET http://localhost:5194/api/productapi/productlist - null null
2024-11-07 22:47:14.424 +01:00 [INF] Executed action FoodRegistrationTool.Controllers.ProductAPIController.ProductList (api) in 217.6789ms
2024-11-07 22:47:14.425 +01:00 [INF] Executed endpoint 'FoodRegistrationTool.Controllers.ProductAPIController.ProductList (api)'
2024-11-07 22:47:14.428 +01:00 [INF] CORS policy execution successful.
2024-11-07 22:47:14.428 +01:00 [INF] Executing endpoint 'FoodRegistrationTool.Controllers.ProductAPIController.ProductList (api)'
2024-11-07 22:47:14.429 +01:00 [INF] Route matched with {action = "ProductList", controller = "ProductAPI"}. Executing controller action with signature System.Threading.Tasks.Task`1[Microsoft.AspNetCore.Mvc.IActionResult] ProductList() on controller FoodRegistrationTool.Controllers.ProductAPIController (api).
2024-11-07 22:47:14.435 +01:00 [INF] Request finished HTTP/1.1 GET http://localhost:5194/api/productapi/productlist - 200 null application/json; charset=utf-8 375.3701ms
2024-11-07 22:47:14.452 +01:00 [INF] Request starting HTTP/1.1 GET http://localhost:5194/images/pizza.jpg - null null
2024-11-07 22:47:14.465 +01:00 [INF] Request starting HTTP/1.1 GET http://localhost:5194/images/chickenleg.jpg - null null
2024-11-07 22:47:14.468 +01:00 [INF] Request starting HTTP/1.1 GET http://localhost:5194/images/frenchfries.jpg - null null
2024-11-07 22:47:14.492 +01:00 [INF] Request starting HTTP/1.1 GET http://localhost:5194/images/ribs.jpg - null null
2024-11-07 22:47:14.498 +01:00 [INF] Request finished HTTP/1.1 GET http://localhost:5194/images/chickenleg.jpg - 404 0 null 32.2314ms
2024-11-07 22:47:14.498 +01:00 [INF] Request finished HTTP/1.1 GET http://localhost:5194/images/ribs.jpg - 404 0 null 5.826ms
2024-11-07 22:47:14.498 +01:00 [INF] Request finished HTTP/1.1 GET http://localhost:5194/images/frenchfries.jpg - 404 0 null 29.1768ms
2024-11-07 22:47:14.499 +01:00 [INF] Request reached the end of the middleware pipeline without being handled by application code. Request path: GET http://localhost:5194/images/chickenleg.jpg, Response status code: 404
2024-11-07 22:47:14.499 +01:00 [INF] Request reached the end of the middleware pipeline without being handled by application code. Request path: GET http://localhost:5194/images/ribs.jpg, Response status code: 404
2024-11-07 22:47:14.498 +01:00 [INF] Request finished HTTP/1.1 GET http://localhost:5194/images/pizza.jpg - 404 0 null 45.7189ms
2024-11-07 22:47:14.501 +01:00 [INF] Request reached the end of the middleware pipeline without being handled by application code. Request path: GET http://localhost:5194/images/frenchfries.jpg, Response status code: 404
2024-11-07 22:47:14.501 +01:00 [INF] Request reached the end of the middleware pipeline without being handled by application code. Request path: GET http://localhost:5194/images/pizza.jpg, Response status code: 404
2024-11-07 22:47:14.509 +01:00 [INF] Request starting HTTP/1.1 GET http://localhost:5194/images/tacos.jpg - null null
2024-11-07 22:47:14.510 +01:00 [INF] Request finished HTTP/1.1 GET http://localhost:5194/images/tacos.jpg - 404 0 null 0.9737ms
2024-11-07 22:47:14.510 +01:00 [INF] Request reached the end of the middleware pipeline without being handled by application code. Request path: GET http://localhost:5194/images/tacos.jpg, Response status code: 404
2024-11-07 22:47:14.517 +01:00 [INF] Request starting HTTP/1.1 GET http://localhost:5194/images/cider.jpg - null null
2024-11-07 22:47:14.518 +01:00 [INF] Request starting HTTP/1.1 GET http://localhost:5194/images/fishandchips.jpg - null null
2024-11-07 22:47:14.519 +01:00 [INF] Request finished HTTP/1.1 GET http://localhost:5194/images/cider.jpg - 404 0 null 1.7677ms
2024-11-07 22:47:14.521 +01:00 [INF] Request reached the end of the middleware pipeline without being handled by application code. Request path: GET http://localhost:5194/images/cider.jpg, Response status code: 404
2024-11-07 22:47:14.526 +01:00 [INF] Request finished HTTP/1.1 GET http://localhost:5194/images/fishandchips.jpg - 404 0 null 9.1216ms
2024-11-07 22:47:14.527 +01:00 [INF] Request reached the end of the middleware pipeline without being handled by application code. Request path: GET http://localhost:5194/images/fishandchips.jpg, Response status code: 404
2024-11-07 22:47:14.606 +01:00 [INF] Executing OkObjectResult, writing value of type 'System.Linq.Enumerable+SelectListIterator`2[[FoodRegistrationTool.Models.Product, api, Version=1.0.0.0, Culture=neutral, PublicKeyToken=null],[FoodRegistrationTool.DTOs.ProductDto, api, Version=1.0.0.0, Culture=neutral, PublicKeyToken=null]]'.
2024-11-07 22:47:14.607 +01:00 [INF] Executed action FoodRegistrationTool.Controllers.ProductAPIController.ProductList (api) in 178.0647ms
2024-11-07 22:47:14.607 +01:00 [INF] Executed endpoint 'FoodRegistrationTool.Controllers.ProductAPIController.ProductList (api)'
2024-11-07 22:47:14.608 +01:00 [INF] Request finished HTTP/1.1 GET http://localhost:5194/api/productapi/productlist - 200 null application/json; charset=utf-8 185.5777ms
2024-11-07 22:47:20.133 +01:00 [INF] Request starting HTTP/1.1 GET http://localhost:5194/api/productapi/7 - null null
2024-11-07 22:47:20.133 +01:00 [INF] CORS policy execution successful.
2024-11-07 22:47:20.133 +01:00 [INF] Executing endpoint 'FoodRegistrationTool.Controllers.ProductAPIController.GetProduct (api)'
2024-11-07 22:47:20.148 +01:00 [INF] Route matched with {action = "GetProduct", controller = "ProductAPI"}. Executing controller action with signature System.Threading.Tasks.Task`1[Microsoft.AspNetCore.Mvc.IActionResult] GetProduct(Int32) on controller FoodRegistrationTool.Controllers.ProductAPIController (api).
2024-11-07 22:47:20.234 +01:00 [INF] Executing OkObjectResult, writing value of type 'FoodRegistrationTool.Models.Product'.
2024-11-07 22:47:20.239 +01:00 [INF] Executed action FoodRegistrationTool.Controllers.ProductAPIController.GetProduct (api) in 90.9706ms
2024-11-07 22:47:20.239 +01:00 [INF] Executed endpoint 'FoodRegistrationTool.Controllers.ProductAPIController.GetProduct (api)'
2024-11-07 22:47:20.239 +01:00 [INF] Request finished HTTP/1.1 GET http://localhost:5194/api/productapi/7 - 200 null application/json; charset=utf-8 106.8046ms
2024-11-07 22:47:20.241 +01:00 [INF] Request starting HTTP/1.1 GET http://localhost:5194/api/productapi/7 - null null
2024-11-07 22:47:20.241 +01:00 [INF] CORS policy execution successful.
2024-11-07 22:47:20.242 +01:00 [INF] Executing endpoint 'FoodRegistrationTool.Controllers.ProductAPIController.GetProduct (api)'
2024-11-07 22:47:20.242 +01:00 [INF] Route matched with {action = "GetProduct", controller = "ProductAPI"}. Executing controller action with signature System.Threading.Tasks.Task`1[Microsoft.AspNetCore.Mvc.IActionResult] GetProduct(Int32) on controller FoodRegistrationTool.Controllers.ProductAPIController (api).
2024-11-07 22:47:20.255 +01:00 [INF] Executing OkObjectResult, writing value of type 'FoodRegistrationTool.Models.Product'.
2024-11-07 22:47:20.255 +01:00 [INF] Executed action FoodRegistrationTool.Controllers.ProductAPIController.GetProduct (api) in 13.1805ms
2024-11-07 22:47:20.255 +01:00 [INF] Executed endpoint 'FoodRegistrationTool.Controllers.ProductAPIController.GetProduct (api)'
2024-11-07 22:47:20.256 +01:00 [INF] Request finished HTTP/1.1 GET http://localhost:5194/api/productapi/7 - 200 null application/json; charset=utf-8 14.7427ms
2024-11-07 22:47:23.369 +01:00 [INF] Request starting HTTP/1.1 OPTIONS http://localhost:5194/api/productapi/update/7 - null null
2024-11-07 22:47:23.370 +01:00 [INF] CORS policy execution successful.
2024-11-07 22:47:23.371 +01:00 [INF] Request finished HTTP/1.1 OPTIONS http://localhost:5194/api/productapi/update/7 - 204 null null 1.8024ms
2024-11-07 22:47:23.373 +01:00 [INF] Request starting HTTP/1.1 PUT http://localhost:5194/api/productapi/update/7 - application/json 186
2024-11-07 22:47:23.374 +01:00 [INF] CORS policy execution successful.
2024-11-07 22:47:23.374 +01:00 [INF] Executing endpoint 'FoodRegistrationTool.Controllers.ProductAPIController.Update (api)'
2024-11-07 22:47:23.382 +01:00 [INF] Route matched with {action = "Update", controller = "ProductAPI"}. Executing controller action with signature System.Threading.Tasks.Task`1[Microsoft.AspNetCore.Mvc.IActionResult] Update(Int32, FoodRegistrationTool.DTOs.ProductDto) on controller FoodRegistrationTool.Controllers.ProductAPIController (api).
2024-11-07 22:47:23.450 +01:00 [INF] Executing OkObjectResult, writing value of type 'FoodRegistrationTool.Models.Product'.
2024-11-07 22:47:23.451 +01:00 [INF] Executed action FoodRegistrationTool.Controllers.ProductAPIController.Update (api) in 68.7279ms
2024-11-07 22:47:23.451 +01:00 [INF] Executed endpoint 'FoodRegistrationTool.Controllers.ProductAPIController.Update (api)'
2024-11-07 22:47:23.451 +01:00 [INF] Request finished HTTP/1.1 PUT http://localhost:5194/api/productapi/update/7 - 200 null application/json; charset=utf-8 77.8162ms
2024-11-07 22:47:23.473 +01:00 [INF] Request starting HTTP/1.1 GET http://localhost:5194/api/productapi/productlist - null null
2024-11-07 22:47:23.474 +01:00 [INF] CORS policy execution successful.
2024-11-07 22:47:23.474 +01:00 [INF] Executing endpoint 'FoodRegistrationTool.Controllers.ProductAPIController.ProductList (api)'
2024-11-07 22:47:23.474 +01:00 [INF] Route matched with {action = "ProductList", controller = "ProductAPI"}. Executing controller action with signature System.Threading.Tasks.Task`1[Microsoft.AspNetCore.Mvc.IActionResult] ProductList() on controller FoodRegistrationTool.Controllers.ProductAPIController (api).
2024-11-07 22:47:23.480 +01:00 [INF] Executing OkObjectResult, writing value of type 'System.Linq.Enumerable+SelectListIterator`2[[FoodRegistrationTool.Models.Product, api, Version=1.0.0.0, Culture=neutral, PublicKeyToken=null],[FoodRegistrationTool.DTOs.ProductDto, api, Version=1.0.0.0, Culture=neutral, PublicKeyToken=null]]'.
2024-11-07 22:47:23.481 +01:00 [INF] Executed action FoodRegistrationTool.Controllers.ProductAPIController.ProductList (api) in 6.8747ms
2024-11-07 22:47:23.481 +01:00 [INF] Executed endpoint 'FoodRegistrationTool.Controllers.ProductAPIController.ProductList (api)'
2024-11-07 22:47:23.481 +01:00 [INF] Request finished HTTP/1.1 GET http://localhost:5194/api/productapi/productlist - 200 null application/json; charset=utf-8 8.0486ms
2024-11-07 22:47:23.483 +01:00 [INF] Request starting HTTP/1.1 GET http://localhost:5194/api/productapi/productlist - null null
2024-11-07 22:47:23.484 +01:00 [INF] CORS policy execution successful.
2024-11-07 22:47:23.484 +01:00 [INF] Executing endpoint 'FoodRegistrationTool.Controllers.ProductAPIController.ProductList (api)'
2024-11-07 22:47:23.484 +01:00 [INF] Route matched with {action = "ProductList", controller = "ProductAPI"}. Executing controller action with signature System.Threading.Tasks.Task`1[Microsoft.AspNetCore.Mvc.IActionResult] ProductList() on controller FoodRegistrationTool.Controllers.ProductAPIController (api).
2024-11-07 22:47:23.492 +01:00 [INF] Executing OkObjectResult, writing value of type 'System.Linq.Enumerable+SelectListIterator`2[[FoodRegistrationTool.Models.Product, api, Version=1.0.0.0, Culture=neutral, PublicKeyToken=null],[FoodRegistrationTool.DTOs.ProductDto, api, Version=1.0.0.0, Culture=neutral, PublicKeyToken=null]]'.
2024-11-07 22:47:23.493 +01:00 [INF] Executed action FoodRegistrationTool.Controllers.ProductAPIController.ProductList (api) in 8.5196ms
2024-11-07 22:47:23.493 +01:00 [INF] Executed endpoint 'FoodRegistrationTool.Controllers.ProductAPIController.ProductList (api)'
2024-11-07 22:47:23.493 +01:00 [INF] Request finished HTTP/1.1 GET http://localhost:5194/api/productapi/productlist - 200 null application/json; charset=utf-8 10.0958ms
2024-11-07 22:47:23.540 +01:00 [INF] Request starting HTTP/1.1 GET http://localhost:5194/images/pizza.jpg - null null
2024-11-07 22:47:23.541 +01:00 [INF] Request finished HTTP/1.1 GET http://localhost:5194/images/pizza.jpg - 404 0 null 0.8174ms
2024-11-07 22:47:23.541 +01:00 [INF] Request reached the end of the middleware pipeline without being handled by application code. Request path: GET http://localhost:5194/images/pizza.jpg, Response status code: 404
2024-11-07 22:47:23.554 +01:00 [INF] Request starting HTTP/1.1 GET http://localhost:5194/images/chickenleg.jpg - null null
2024-11-07 22:47:23.554 +01:00 [INF] Request starting HTTP/1.1 GET http://localhost:5194/images/frenchfries.jpg - null null
2024-11-07 22:47:23.555 +01:00 [INF] Request finished HTTP/1.1 GET http://localhost:5194/images/chickenleg.jpg - 404 0 null 0.674ms
2024-11-07 22:47:23.555 +01:00 [INF] Request starting HTTP/1.1 GET http://localhost:5194/images/ribs.jpg - null null
2024-11-07 22:47:23.555 +01:00 [INF] Request reached the end of the middleware pipeline without being handled by application code. Request path: GET http://localhost:5194/images/chickenleg.jpg, Response status code: 404
2024-11-07 22:47:23.555 +01:00 [INF] Request finished HTTP/1.1 GET http://localhost:5194/images/frenchfries.jpg - 404 0 null 0.6898ms
2024-11-07 22:47:23.555 +01:00 [INF] Request reached the end of the middleware pipeline without being handled by application code. Request path: GET http://localhost:5194/images/frenchfries.jpg, Response status code: 404
2024-11-07 22:47:23.556 +01:00 [INF] Request finished HTTP/1.1 GET http://localhost:5194/images/ribs.jpg - 404 0 null 0.8038ms
2024-11-07 22:47:23.556 +01:00 [INF] Request reached the end of the middleware pipeline without being handled by application code. Request path: GET http://localhost:5194/images/ribs.jpg, Response status code: 404
2024-11-07 22:47:23.558 +01:00 [INF] Request starting HTTP/1.1 GET http://localhost:5194/images/fishandchips.jpg - null null
2024-11-07 22:47:23.560 +01:00 [INF] Request finished HTTP/1.1 GET http://localhost:5194/images/fishandchips.jpg - 404 0 null 1.9714ms
2024-11-07 22:47:23.560 +01:00 [INF] Request reached the end of the middleware pipeline without being handled by application code. Request path: GET http://localhost:5194/images/fishandchips.jpg, Response status code: 404
2024-11-07 22:47:23.563 +01:00 [INF] Request starting HTTP/1.1 GET http://localhost:5194/images/cider.jpg - null null
2024-11-07 22:47:23.564 +01:00 [INF] Request starting HTTP/1.1 GET http://localhost:5194/images/tacos.jpg - null null
2024-11-07 22:47:23.564 +01:00 [INF] Request finished HTTP/1.1 GET http://localhost:5194/images/tacos.jpg - 404 0 null 0.7744ms
2024-11-07 22:47:23.565 +01:00 [INF] Request reached the end of the middleware pipeline without being handled by application code. Request path: GET http://localhost:5194/images/tacos.jpg, Response status code: 404
2024-11-07 22:47:23.566 +01:00 [INF] Request finished HTTP/1.1 GET http://localhost:5194/images/cider.jpg - 404 0 null 3.7158ms
2024-11-07 22:47:23.566 +01:00 [INF] Request reached the end of the middleware pipeline without being handled by application code. Request path: GET http://localhost:5194/images/cider.jpg, Response status code: 404
