2024-11-09 20:59:29.263 +01:00 [INF] User profile is available. Using 'C:\Users\Mats\AppData\Local\ASP.NET\DataProtection-Keys' as key repository and Windows DPAPI to encrypt keys at rest.
2024-11-09 20:59:30.020 +01:00 [INF] Now listening on: https://localhost:7263
2024-11-09 20:59:30.026 +01:00 [INF] Now listening on: http://localhost:5194
2024-11-09 20:59:30.048 +01:00 [INF] Application started. Press Ctrl+C to shut down.
2024-11-09 20:59:30.054 +01:00 [INF] Hosting environment: Development
2024-11-09 20:59:30.060 +01:00 [INF] Content root path: C:\Users\Mats\web-projects\react\exam\api
2024-11-09 20:59:35.087 +01:00 [INF] Request starting HTTP/1.1 GET http://localhost:5194/api/Auth/userinfo - null null
2024-11-09 20:59:35.333 +01:00 [INF] CORS policy execution successful.
2024-11-09 20:59:35.362 +01:00 [INF] Executing endpoint 'FoodRegistrationTool.Controllers.AuthController.GetUserInfo (api)'
2024-11-09 20:59:35.413 +01:00 [INF] Route matched with {action = "GetUserInfo", controller = "Auth", area = "", page = ""}. Executing controller action with signature Microsoft.AspNetCore.Mvc.IActionResult GetUserInfo() on controller FoodRegistrationTool.Controllers.AuthController (api).
2024-11-09 20:59:35.448 +01:00 [INF] Executing OkObjectResult, writing value of type '<>f__AnonymousType11`4[[System.Boolean, System.Private.CoreLib, Version=8.0.0.0, Culture=neutral, PublicKeyToken=7cec85d7bea7798e],[System.String, System.Private.CoreLib, Version=8.0.0.0, Culture=neutral, PublicKeyToken=7cec85d7bea7798e],[System.String, System.Private.CoreLib, Version=8.0.0.0, Culture=neutral, PublicKeyToken=7cec85d7bea7798e],[System.Collections.Generic.IEnumerable`1[[System.String, System.Private.CoreLib, Version=8.0.0.0, Culture=neutral, PublicKeyToken=7cec85d7bea7798e]], System.Private.CoreLib, Version=8.0.0.0, Culture=neutral, PublicKeyToken=7cec85d7bea7798e]]'.
2024-11-09 20:59:35.539 +01:00 [INF] Request starting HTTP/1.1 GET http://localhost:5194/api/Auth/userinfo - null null
2024-11-09 20:59:35.548 +01:00 [INF] CORS policy execution successful.
2024-11-09 20:59:35.549 +01:00 [INF] Executed action FoodRegistrationTool.Controllers.AuthController.GetUserInfo (api) in 124.1063ms
2024-11-09 20:59:35.551 +01:00 [INF] Executing endpoint 'FoodRegistrationTool.Controllers.AuthController.GetUserInfo (api)'
2024-11-09 20:59:35.553 +01:00 [INF] Executed endpoint 'FoodRegistrationTool.Controllers.AuthController.GetUserInfo (api)'
2024-11-09 20:59:35.553 +01:00 [INF] Route matched with {action = "GetUserInfo", controller = "Auth", area = "", page = ""}. Executing controller action with signature Microsoft.AspNetCore.Mvc.IActionResult GetUserInfo() on controller FoodRegistrationTool.Controllers.AuthController (api).
2024-11-09 20:59:35.555 +01:00 [INF] Executing OkObjectResult, writing value of type '<>f__AnonymousType11`4[[System.Boolean, System.Private.CoreLib, Version=8.0.0.0, Culture=neutral, PublicKeyToken=7cec85d7bea7798e],[System.String, System.Private.CoreLib, Version=8.0.0.0, Culture=neutral, PublicKeyToken=7cec85d7bea7798e],[System.String, System.Private.CoreLib, Version=8.0.0.0, Culture=neutral, PublicKeyToken=7cec85d7bea7798e],[System.Collections.Generic.IEnumerable`1[[System.String, System.Private.CoreLib, Version=8.0.0.0, Culture=neutral, PublicKeyToken=7cec85d7bea7798e]], System.Private.CoreLib, Version=8.0.0.0, Culture=neutral, PublicKeyToken=7cec85d7bea7798e]]'.
2024-11-09 20:59:35.556 +01:00 [INF] Executed action FoodRegistrationTool.Controllers.AuthController.GetUserInfo (api) in 2.2719ms
2024-11-09 20:59:35.556 +01:00 [INF] Executed endpoint 'FoodRegistrationTool.Controllers.AuthController.GetUserInfo (api)'
2024-11-09 20:59:35.559 +01:00 [INF] Request finished HTTP/1.1 GET http://localhost:5194/api/Auth/userinfo - 200 null application/json; charset=utf-8 19.5097ms
2024-11-09 20:59:35.560 +01:00 [INF] Request finished HTTP/1.1 GET http://localhost:5194/api/Auth/userinfo - 200 null application/json; charset=utf-8 477.541ms
2024-11-09 20:59:37.692 +01:00 [INF] Request starting HTTP/1.1 GET http://localhost:5194/Identity/Account/Register?ReturnUrl=http%3A%2F%2Flocalhost%3A3000 - null null
2024-11-09 20:59:37.699 +01:00 [INF] Executing endpoint '/Account/Register'
2024-11-09 20:59:37.769 +01:00 [INF] Route matched with {page = "/Account/Register", area = "Identity", action = "", controller = ""}. Executing page /Account/Register
2024-11-09 20:59:37.852 +01:00 [INF] Executing handler method api.Areas.Identity.Pages.Account.RegisterModel.OnGetAsync - ModelState is "Valid"
2024-11-09 20:59:37.860 +01:00 [INF] Executed handler method OnGetAsync, returned result .
2024-11-09 20:59:37.868 +01:00 [INF] Executing an implicit handler method - ModelState is "Valid"
2024-11-09 20:59:37.869 +01:00 [INF] Executed an implicit handler method, returned result Microsoft.AspNetCore.Mvc.RazorPages.PageResult.
2024-11-09 20:59:38.215 +01:00 [INF] Executed page /Account/Register in 445.7583ms
2024-11-09 20:59:38.216 +01:00 [INF] Executed endpoint '/Account/Register'
2024-11-09 20:59:38.222 +01:00 [INF] Request finished HTTP/1.1 GET http://localhost:5194/Identity/Account/Register?ReturnUrl=http%3A%2F%2Flocalhost%3A3000 - 200 null text/html; charset=utf-8 530.3919ms
2024-11-09 20:59:48.918 +01:00 [INF] Request starting HTTP/1.1 POST http://localhost:5194/Identity/Account/Register?returnUrl=http%3A%2F%2Flocalhost%3A3000 - application/x-www-form-urlencoded 259
2024-11-09 20:59:48.935 +01:00 [INF] CORS policy execution failed.
2024-11-09 20:59:48.936 +01:00 [INF] Request origin http://localhost:5194 does not have permission to access the resource.
2024-11-09 20:59:48.938 +01:00 [INF] Executing endpoint '/Account/Register'
2024-11-09 20:59:48.938 +01:00 [INF] Route matched with {page = "/Account/Register", area = "Identity", action = "", controller = ""}. Executing page /Account/Register
2024-11-09 20:59:49.025 +01:00 [INF] Executing handler method api.Areas.Identity.Pages.Account.RegisterModel.OnPostAsync - ModelState is "Valid"
2024-11-09 20:59:50.002 +01:00 [INF] User created a new account with password.
2024-11-09 20:59:50.144 +01:00 [INF] AuthenticationScheme: Identity.Application signed in.
2024-11-09 20:59:50.145 +01:00 [INF] Executed handler method OnPostAsync, returned result Microsoft.AspNetCore.Mvc.LocalRedirectResult.
2024-11-09 20:59:50.153 +01:00 [INF] Executed page /Account/Register in 1215.0441ms
2024-11-09 20:59:50.156 +01:00 [INF] Executed endpoint '/Account/Register'
2024-11-09 20:59:50.231 +01:00 [ERR] An unhandled exception has occurred while executing the request.
System.InvalidOperationException: The supplied URL is not local. A URL with an absolute path is considered local if it does not have a host/authority part. URLs using virtual paths ('~/') are also local.
   at Microsoft.AspNetCore.Mvc.Infrastructure.LocalRedirectResultExecutor.ExecuteAsync(ActionContext context, LocalRedirectResult result)
   at Microsoft.AspNetCore.Mvc.Infrastructure.ResourceInvoker.ResultNext[TFilter,TFilterAsync](State& next, Scope& scope, Object& state, Boolean& isCompleted)
   at Microsoft.AspNetCore.Mvc.Infrastructure.ResourceInvoker.InvokeNextResultFilterAsync[TFilter,TFilterAsync]()
--- End of stack trace from previous location ---
   at Microsoft.AspNetCore.Mvc.Infrastructure.ResourceInvoker.Rethrow(ResultExecutedContextSealed context)
   at Microsoft.AspNetCore.Mvc.Infrastructure.ResourceInvoker.ResultNext[TFilter,TFilterAsync](State& next, Scope& scope, Object& state, Boolean& isCompleted)
   at Microsoft.AspNetCore.Mvc.Infrastructure.ResourceInvoker.InvokeResultFilters()
--- End of stack trace from previous location ---
   at Microsoft.AspNetCore.Mvc.Infrastructure.ResourceInvoker.<InvokeNextResourceFilter>g__Awaited|25_0(ResourceInvoker invoker, Task lastTask, State next, Scope scope, Object state, Boolean isCompleted)
   at Microsoft.AspNetCore.Mvc.Infrastructure.ResourceInvoker.Rethrow(ResourceExecutedContextSealed context)
   at Microsoft.AspNetCore.Mvc.Infrastructure.ResourceInvoker.Next(State& next, Scope& scope, Object& state, Boolean& isCompleted)
   at Microsoft.AspNetCore.Mvc.Infrastructure.ResourceInvoker.InvokeFilterPipelineAsync()
--- End of stack trace from previous location ---
   at Microsoft.AspNetCore.Mvc.Infrastructure.ResourceInvoker.<InvokeAsync>g__Logged|17_1(ResourceInvoker invoker)
   at Microsoft.AspNetCore.Mvc.Infrastructure.ResourceInvoker.<InvokeAsync>g__Logged|17_1(ResourceInvoker invoker)
   at Microsoft.AspNetCore.Routing.EndpointMiddleware.<Invoke>g__AwaitRequestTask|7_0(Endpoint endpoint, Task requestTask, ILogger logger)
   at Microsoft.AspNetCore.Authorization.AuthorizationMiddleware.Invoke(HttpContext context)
   at Microsoft.AspNetCore.Authentication.AuthenticationMiddleware.Invoke(HttpContext context)
   at Microsoft.AspNetCore.Session.SessionMiddleware.Invoke(HttpContext context)
   at Microsoft.AspNetCore.Session.SessionMiddleware.Invoke(HttpContext context)
   at Swashbuckle.AspNetCore.SwaggerUI.SwaggerUIMiddleware.Invoke(HttpContext httpContext)
   at Swashbuckle.AspNetCore.Swagger.SwaggerMiddleware.Invoke(HttpContext httpContext, ISwaggerProvider swaggerProvider)
   at Microsoft.AspNetCore.Diagnostics.DeveloperExceptionPageMiddlewareImpl.Invoke(HttpContext context)
2024-11-09 20:59:50.268 +01:00 [INF] Request finished HTTP/1.1 POST http://localhost:5194/Identity/Account/Register?returnUrl=http%3A%2F%2Flocalhost%3A3000 - 500 null text/html; charset=utf-8 1349.5294ms
