2024-11-08 14:38:18.373 +01:00 [INF] Now listening on: https://localhost:7263
2024-11-08 14:38:18.389 +01:00 [INF] Now listening on: http://localhost:5194
2024-11-08 14:38:18.404 +01:00 [INF] Application started. Press Ctrl+C to shut down.
2024-11-08 14:38:18.411 +01:00 [INF] Hosting environment: Development
2024-11-08 14:38:18.418 +01:00 [INF] Content root path: C:\Users\Mats\web-projects\react\exam\api
2024-11-08 14:38:42.276 +01:00 [INF] Request starting HTTP/1.1 GET http://localhost:5194/images/tacos.jpg - null null
2024-11-08 14:38:42.276 +01:00 [INF] Request starting HTTP/1.1 GET http://localhost:5194/images/pizza.jpg - null null
2024-11-08 14:38:42.276 +01:00 [INF] Request starting HTTP/1.1 GET http://localhost:5194/images/fishandchips.jpg - null null
2024-11-08 14:38:42.720 +01:00 [INF] Sending file. Request path: '/images/tacos.jpg'. Physical path: 'C:\Users\Mats\web-projects\react\exam\api\wwwroot\images\tacos.jpg'
2024-11-08 14:38:42.720 +01:00 [INF] Sending file. Request path: '/images/pizza.jpg'. Physical path: 'C:\Users\Mats\web-projects\react\exam\api\wwwroot\images\pizza.jpg'
2024-11-08 14:38:42.720 +01:00 [INF] Sending file. Request path: '/images/fishandchips.jpg'. Physical path: 'C:\Users\Mats\web-projects\react\exam\api\wwwroot\images\fishandchips.jpg'
2024-11-08 14:38:42.739 +01:00 [INF] Request finished HTTP/1.1 GET http://localhost:5194/images/pizza.jpg - 200 127421 image/jpeg 469.7639ms
2024-11-08 14:38:42.739 +01:00 [INF] Request finished HTTP/1.1 GET http://localhost:5194/images/tacos.jpg - 200 118763 image/jpeg 469.7644ms
2024-11-08 14:38:42.739 +01:00 [INF] Request finished HTTP/1.1 GET http://localhost:5194/images/fishandchips.jpg - 200 100023 image/jpeg 469.7637ms
2024-11-08 14:38:51.579 +01:00 [INF] Request starting HTTP/1.1 GET http://localhost:5194/api/productapi/productlist - null null
2024-11-08 14:38:51.648 +01:00 [INF] CORS policy execution successful.
2024-11-08 14:38:51.657 +01:00 [INF] Executing endpoint 'FoodRegistrationTool.Controllers.ProductAPIController.ProductList (api)'
2024-11-08 14:38:51.717 +01:00 [INF] Route matched with {action = "ProductList", controller = "ProductAPI"}. Executing controller action with signature System.Threading.Tasks.Task`1[Microsoft.AspNetCore.Mvc.IActionResult] ProductList() on controller FoodRegistrationTool.Controllers.ProductAPIController (api).
2024-11-08 14:38:52.052 +01:00 [INF] Executing OkObjectResult, writing value of type 'System.Linq.Enumerable+SelectListIterator`2[[FoodRegistrationTool.Models.Product, api, Version=1.0.0.0, Culture=neutral, PublicKeyToken=null],[FoodRegistrationTool.DTOs.ProductDto, api, Version=1.0.0.0, Culture=neutral, PublicKeyToken=null]]'.
2024-11-08 14:38:52.153 +01:00 [INF] Executed action FoodRegistrationTool.Controllers.ProductAPIController.ProductList (api) in 426.8052ms
2024-11-08 14:38:52.153 +01:00 [INF] Executed endpoint 'FoodRegistrationTool.Controllers.ProductAPIController.ProductList (api)'
2024-11-08 14:38:52.161 +01:00 [INF] Request finished HTTP/1.1 GET http://localhost:5194/api/productapi/productlist - 200 null application/json; charset=utf-8 582.1329ms
2024-11-08 14:38:52.162 +01:00 [INF] Request starting HTTP/1.1 GET http://localhost:5194/api/productapi/productlist - null null
2024-11-08 14:38:52.167 +01:00 [INF] CORS policy execution successful.
2024-11-08 14:38:52.168 +01:00 [INF] Executing endpoint 'FoodRegistrationTool.Controllers.ProductAPIController.ProductList (api)'
2024-11-08 14:38:52.169 +01:00 [INF] Route matched with {action = "ProductList", controller = "ProductAPI"}. Executing controller action with signature System.Threading.Tasks.Task`1[Microsoft.AspNetCore.Mvc.IActionResult] ProductList() on controller FoodRegistrationTool.Controllers.ProductAPIController (api).
2024-11-08 14:38:52.192 +01:00 [INF] Request starting HTTP/1.1 GET http://localhost:5194/images/ribs.jpg - null null
2024-11-08 14:38:52.198 +01:00 [INF] Request starting HTTP/1.1 GET http://localhost:5194/images/chickenleg.jpg - null null
2024-11-08 14:38:52.198 +01:00 [INF] Request starting HTTP/1.1 GET http://localhost:5194/images/frenchfries.jpg - null null
2024-11-08 14:38:52.198 +01:00 [INF] Request starting HTTP/1.1 GET http://localhost:5194/images/cider.jpg - null null
2024-11-08 14:38:52.219 +01:00 [INF] Sending file. Request path: '/images/cider.jpg'. Physical path: 'C:\Users\Mats\web-projects\react\exam\api\wwwroot\images\cider.jpg'
2024-11-08 14:38:52.220 +01:00 [INF] Request finished HTTP/1.1 GET http://localhost:5194/images/cider.jpg - 200 28236 image/jpeg 21.7061ms
2024-11-08 14:38:52.225 +01:00 [INF] Sending file. Request path: '/images/frenchfries.jpg'. Physical path: 'C:\Users\Mats\web-projects\react\exam\api\wwwroot\images\frenchfries.jpg'
2024-11-08 14:38:52.225 +01:00 [INF] Request finished HTTP/1.1 GET http://localhost:5194/images/frenchfries.jpg - 200 52799 image/jpeg 27.7178ms
2024-11-08 14:38:52.226 +01:00 [INF] Sending file. Request path: '/images/chickenleg.jpg'. Physical path: 'C:\Users\Mats\web-projects\react\exam\api\wwwroot\images\chickenleg.jpg'
2024-11-08 14:38:52.226 +01:00 [INF] Request finished HTTP/1.1 GET http://localhost:5194/images/chickenleg.jpg - 200 63434 image/jpeg 28.6329ms
2024-11-08 14:38:52.229 +01:00 [INF] Sending file. Request path: '/images/ribs.jpg'. Physical path: 'C:\Users\Mats\web-projects\react\exam\api\wwwroot\images\ribs.jpg'
2024-11-08 14:38:52.230 +01:00 [INF] Request finished HTTP/1.1 GET http://localhost:5194/images/ribs.jpg - 200 141554 image/jpeg 37.8331ms
2024-11-08 14:38:52.354 +01:00 [INF] Executing OkObjectResult, writing value of type 'System.Linq.Enumerable+SelectListIterator`2[[FoodRegistrationTool.Models.Product, api, Version=1.0.0.0, Culture=neutral, PublicKeyToken=null],[FoodRegistrationTool.DTOs.ProductDto, api, Version=1.0.0.0, Culture=neutral, PublicKeyToken=null]]'.
2024-11-08 14:38:52.355 +01:00 [INF] Executed action FoodRegistrationTool.Controllers.ProductAPIController.ProductList (api) in 185.9962ms
2024-11-08 14:38:52.355 +01:00 [INF] Executed endpoint 'FoodRegistrationTool.Controllers.ProductAPIController.ProductList (api)'
2024-11-08 14:38:52.356 +01:00 [INF] Request finished HTTP/1.1 GET http://localhost:5194/api/productapi/productlist - 200 null application/json; charset=utf-8 194.1701ms
