2024-11-07 22:59:51.787 +01:00 [INF] Now listening on: https://localhost:7263
2024-11-07 22:59:51.796 +01:00 [INF] Now listening on: http://localhost:5194
2024-11-07 22:59:51.804 +01:00 [INF] Application started. Press Ctrl+C to shut down.
2024-11-07 22:59:51.808 +01:00 [INF] Hosting environment: Development
2024-11-07 22:59:51.810 +01:00 [INF] Content root path: C:\Users\Mats\web-projects\react\exam\api
2024-11-07 23:00:00.793 +01:00 [INF] Request starting HTTP/1.1 GET http://localhost:5194/api/productapi/productlist - null null
2024-11-07 23:00:00.876 +01:00 [INF] CORS policy execution successful.
2024-11-07 23:00:00.883 +01:00 [INF] Executing endpoint 'FoodRegistrationTool.Controllers.ProductAPIController.ProductList (api)'
2024-11-07 23:00:00.916 +01:00 [INF] Route matched with {action = "ProductList", controller = "ProductAPI"}. Executing controller action with signature System.Threading.Tasks.Task`1[Microsoft.AspNetCore.Mvc.IActionResult] ProductList() on controller FoodRegistrationTool.Controllers.ProductAPIController (api).
2024-11-07 23:00:01.070 +01:00 [INF] Executing OkObjectResult, writing value of type 'System.Linq.Enumerable+SelectListIterator`2[[FoodRegistrationTool.Models.Product, api, Version=1.0.0.0, Culture=neutral, PublicKeyToken=null],[FoodRegistrationTool.DTOs.ProductDto, api, Version=1.0.0.0, Culture=neutral, PublicKeyToken=null]]'.
2024-11-07 23:00:01.135 +01:00 [INF] Request starting HTTP/1.1 GET http://localhost:5194/api/productapi/productlist - null null
2024-11-07 23:00:01.136 +01:00 [INF] Executed action FoodRegistrationTool.Controllers.ProductAPIController.ProductList (api) in 212.7974ms
2024-11-07 23:00:01.138 +01:00 [INF] Executed endpoint 'FoodRegistrationTool.Controllers.ProductAPIController.ProductList (api)'
2024-11-07 23:00:01.141 +01:00 [INF] CORS policy execution successful.
2024-11-07 23:00:01.141 +01:00 [INF] Executing endpoint 'FoodRegistrationTool.Controllers.ProductAPIController.ProductList (api)'
2024-11-07 23:00:01.142 +01:00 [INF] Route matched with {action = "ProductList", controller = "ProductAPI"}. Executing controller action with signature System.Threading.Tasks.Task`1[Microsoft.AspNetCore.Mvc.IActionResult] ProductList() on controller FoodRegistrationTool.Controllers.ProductAPIController (api).
2024-11-07 23:00:01.146 +01:00 [INF] Request finished HTTP/1.1 GET http://localhost:5194/api/productapi/productlist - 200 null application/json; charset=utf-8 358.6952ms
2024-11-07 23:00:01.170 +01:00 [INF] Request starting HTTP/1.1 GET http://localhost:5194/images/pizza.jpg - null null
2024-11-07 23:00:01.171 +01:00 [INF] Request starting HTTP/1.1 GET http://localhost:5194/images/chickenleg.jpg - null null
2024-11-07 23:00:01.171 +01:00 [INF] Request starting HTTP/1.1 GET http://localhost:5194/images/ribs.jpg - null null
2024-11-07 23:00:01.171 +01:00 [INF] Request starting HTTP/1.1 GET http://localhost:5194/images/frenchfries.jpg - null null
2024-11-07 23:00:01.202 +01:00 [INF] Request finished HTTP/1.1 GET http://localhost:5194/images/chickenleg.jpg - 404 0 null 31.586ms
2024-11-07 23:00:01.202 +01:00 [INF] Request finished HTTP/1.1 GET http://localhost:5194/images/frenchfries.jpg - 404 0 null 31.0766ms
2024-11-07 23:00:01.202 +01:00 [INF] Request finished HTTP/1.1 GET http://localhost:5194/images/pizza.jpg - 404 0 null 33.2819ms
2024-11-07 23:00:01.202 +01:00 [INF] Request finished HTTP/1.1 GET http://localhost:5194/images/ribs.jpg - 404 0 null 31.1664ms
2024-11-07 23:00:01.203 +01:00 [INF] Request starting HTTP/1.1 GET http://localhost:5194/images/tacos.jpg - null null
2024-11-07 23:00:01.234 +01:00 [INF] Request finished HTTP/1.1 GET http://localhost:5194/images/tacos.jpg - 404 0 null 32.0124ms
2024-11-07 23:00:01.234 +01:00 [INF] Request reached the end of the middleware pipeline without being handled by application code. Request path: GET http://localhost:5194/images/chickenleg.jpg, Response status code: 404
2024-11-07 23:00:01.234 +01:00 [INF] Request reached the end of the middleware pipeline without being handled by application code. Request path: GET http://localhost:5194/images/pizza.jpg, Response status code: 404
2024-11-07 23:00:01.235 +01:00 [INF] Request reached the end of the middleware pipeline without being handled by application code. Request path: GET http://localhost:5194/images/tacos.jpg, Response status code: 404
2024-11-07 23:00:01.234 +01:00 [INF] Request reached the end of the middleware pipeline without being handled by application code. Request path: GET http://localhost:5194/images/ribs.jpg, Response status code: 404
2024-11-07 23:00:01.234 +01:00 [INF] Request reached the end of the middleware pipeline without being handled by application code. Request path: GET http://localhost:5194/images/frenchfries.jpg, Response status code: 404
2024-11-07 23:00:01.240 +01:00 [INF] Request starting HTTP/1.1 GET http://localhost:5194/images/cider.jpg - null null
2024-11-07 23:00:01.240 +01:00 [INF] Request starting HTTP/1.1 GET http://localhost:5194/images/fishandchips.jpg - null null
2024-11-07 23:00:01.244 +01:00 [INF] Request finished HTTP/1.1 GET http://localhost:5194/images/cider.jpg - 404 0 null 3.1131ms
2024-11-07 23:00:01.244 +01:00 [INF] Request finished HTTP/1.1 GET http://localhost:5194/images/fishandchips.jpg - 404 0 null 3.143ms
2024-11-07 23:00:01.244 +01:00 [INF] Request reached the end of the middleware pipeline without being handled by application code. Request path: GET http://localhost:5194/images/cider.jpg, Response status code: 404
2024-11-07 23:00:01.244 +01:00 [INF] Request reached the end of the middleware pipeline without being handled by application code. Request path: GET http://localhost:5194/images/fishandchips.jpg, Response status code: 404
2024-11-07 23:00:01.285 +01:00 [INF] Executing OkObjectResult, writing value of type 'System.Linq.Enumerable+SelectListIterator`2[[FoodRegistrationTool.Models.Product, api, Version=1.0.0.0, Culture=neutral, PublicKeyToken=null],[FoodRegistrationTool.DTOs.ProductDto, api, Version=1.0.0.0, Culture=neutral, PublicKeyToken=null]]'.
2024-11-07 23:00:01.286 +01:00 [INF] Executed action FoodRegistrationTool.Controllers.ProductAPIController.ProductList (api) in 143.5641ms
2024-11-07 23:00:01.286 +01:00 [INF] Executed endpoint 'FoodRegistrationTool.Controllers.ProductAPIController.ProductList (api)'
2024-11-07 23:00:01.286 +01:00 [INF] Request finished HTTP/1.1 GET http://localhost:5194/api/productapi/productlist - 200 null application/json; charset=utf-8 151.4393ms
2024-11-07 23:00:16.256 +01:00 [INF] Request starting HTTP/1.1 GET http://localhost:5194/images/pizza.jpg - null null
2024-11-07 23:00:16.256 +01:00 [INF] Request starting HTTP/1.1 GET http://localhost:5194/images/chickenleg.jpg - null null
2024-11-07 23:00:16.256 +01:00 [INF] Request starting HTTP/1.1 GET http://localhost:5194/images/frenchfries.jpg - null null
2024-11-07 23:00:16.257 +01:00 [INF] Request starting HTTP/1.1 GET http://localhost:5194/images/tacos.jpg - null null
2024-11-07 23:00:16.258 +01:00 [INF] Request finished HTTP/1.1 GET http://localhost:5194/images/pizza.jpg - 404 0 null 1.6536ms
2024-11-07 23:00:16.258 +01:00 [INF] Request finished HTTP/1.1 GET http://localhost:5194/images/chickenleg.jpg - 404 0 null 1.8139ms
2024-11-07 23:00:16.258 +01:00 [INF] Request starting HTTP/1.1 GET http://localhost:5194/images/ribs.jpg - null null
2024-11-07 23:00:16.261 +01:00 [INF] Request reached the end of the middleware pipeline without being handled by application code. Request path: GET http://localhost:5194/images/pizza.jpg, Response status code: 404
2024-11-07 23:00:16.259 +01:00 [INF] Request finished HTTP/1.1 GET http://localhost:5194/images/tacos.jpg - 404 0 null 1.3067ms
2024-11-07 23:00:16.258 +01:00 [INF] Request finished HTTP/1.1 GET http://localhost:5194/images/frenchfries.jpg - 404 0 null 1.2138ms
2024-11-07 23:00:16.261 +01:00 [INF] Request reached the end of the middleware pipeline without being handled by application code. Request path: GET http://localhost:5194/images/tacos.jpg, Response status code: 404
2024-11-07 23:00:16.261 +01:00 [INF] Request reached the end of the middleware pipeline without being handled by application code. Request path: GET http://localhost:5194/images/chickenleg.jpg, Response status code: 404
2024-11-07 23:00:16.261 +01:00 [INF] Request starting HTTP/1.1 GET http://localhost:5194/images/fishandchips.jpg - null null
2024-11-07 23:00:16.262 +01:00 [INF] Request reached the end of the middleware pipeline without being handled by application code. Request path: GET http://localhost:5194/images/frenchfries.jpg, Response status code: 404
2024-11-07 23:00:16.266 +01:00 [INF] Request starting HTTP/1.1 GET http://localhost:5194/images/cider.jpg - null null
2024-11-07 23:00:16.267 +01:00 [INF] Request finished HTTP/1.1 GET http://localhost:5194/images/ribs.jpg - 404 0 null 8.4763ms
2024-11-07 23:00:16.267 +01:00 [INF] Request reached the end of the middleware pipeline without being handled by application code. Request path: GET http://localhost:5194/images/ribs.jpg, Response status code: 404
2024-11-07 23:00:16.267 +01:00 [INF] Request finished HTTP/1.1 GET http://localhost:5194/images/fishandchips.jpg - 404 0 null 6.0084ms
2024-11-07 23:00:16.270 +01:00 [INF] Request reached the end of the middleware pipeline without being handled by application code. Request path: GET http://localhost:5194/images/fishandchips.jpg, Response status code: 404
2024-11-07 23:00:16.271 +01:00 [INF] Request finished HTTP/1.1 GET http://localhost:5194/images/cider.jpg - 404 0 null 4.8142ms
2024-11-07 23:00:16.271 +01:00 [INF] Request reached the end of the middleware pipeline without being handled by application code. Request path: GET http://localhost:5194/images/cider.jpg, Response status code: 404
2024-11-07 23:01:01.925 +01:00 [INF] Request starting HTTP/1.1 GET http://localhost:5194/images/pizza.jpg - null null
2024-11-07 23:01:01.927 +01:00 [INF] Request finished HTTP/1.1 GET http://localhost:5194/images/pizza.jpg - 404 0 null 1.1535ms
2024-11-07 23:01:01.927 +01:00 [INF] Request reached the end of the middleware pipeline without being handled by application code. Request path: GET http://localhost:5194/images/pizza.jpg, Response status code: 404
2024-11-07 23:01:01.928 +01:00 [INF] Request starting HTTP/1.1 GET http://localhost:5194/images/frenchfries.jpg - null null
2024-11-07 23:01:01.928 +01:00 [INF] Request finished HTTP/1.1 GET http://localhost:5194/images/frenchfries.jpg - 404 0 null 0.7529ms
2024-11-07 23:01:01.929 +01:00 [INF] Request reached the end of the middleware pipeline without being handled by application code. Request path: GET http://localhost:5194/images/frenchfries.jpg, Response status code: 404
2024-11-07 23:01:01.930 +01:00 [INF] Request starting HTTP/1.1 GET http://localhost:5194/images/ribs.jpg - null null
2024-11-07 23:01:01.931 +01:00 [INF] Request finished HTTP/1.1 GET http://localhost:5194/images/ribs.jpg - 404 0 null 1.7604ms
2024-11-07 23:01:01.931 +01:00 [INF] Request reached the end of the middleware pipeline without being handled by application code. Request path: GET http://localhost:5194/images/ribs.jpg, Response status code: 404
2024-11-07 23:01:01.932 +01:00 [INF] Request starting HTTP/1.1 GET http://localhost:5194/images/tacos.jpg - null null
2024-11-07 23:01:01.933 +01:00 [INF] Request finished HTTP/1.1 GET http://localhost:5194/images/tacos.jpg - 404 0 null 0.98ms
2024-11-07 23:01:01.933 +01:00 [INF] Request reached the end of the middleware pipeline without being handled by application code. Request path: GET http://localhost:5194/images/tacos.jpg, Response status code: 404
2024-11-07 23:01:01.933 +01:00 [INF] Request starting HTTP/1.1 GET http://localhost:5194/images/fishandchips.jpg - null null
2024-11-07 23:01:01.934 +01:00 [INF] Request finished HTTP/1.1 GET http://localhost:5194/images/fishandchips.jpg - 404 0 null 0.584ms
2024-11-07 23:01:01.934 +01:00 [INF] Request reached the end of the middleware pipeline without being handled by application code. Request path: GET http://localhost:5194/images/fishandchips.jpg, Response status code: 404
2024-11-07 23:01:01.948 +01:00 [INF] Request starting HTTP/1.1 GET http://localhost:5194/images/cider.jpg - null null
2024-11-07 23:01:01.949 +01:00 [INF] Request finished HTTP/1.1 GET http://localhost:5194/images/cider.jpg - 404 0 null 1.0157ms
2024-11-07 23:01:01.949 +01:00 [INF] Request reached the end of the middleware pipeline without being handled by application code. Request path: GET http://localhost:5194/images/cider.jpg, Response status code: 404
2024-11-07 23:01:02.063 +01:00 [INF] Request starting HTTP/1.1 GET http://localhost:5194/images/chickenleg.jpg - null null
2024-11-07 23:01:02.064 +01:00 [INF] Request finished HTTP/1.1 GET http://localhost:5194/images/chickenleg.jpg - 404 0 null 0.8767ms
2024-11-07 23:01:02.064 +01:00 [INF] Request reached the end of the middleware pipeline without being handled by application code. Request path: GET http://localhost:5194/images/chickenleg.jpg, Response status code: 404
2024-11-07 23:02:07.184 +01:00 [INF] Request starting HTTP/1.1 GET http://localhost:5194/images/pizza.jpg - null null
2024-11-07 23:02:07.187 +01:00 [INF] Request finished HTTP/1.1 GET http://localhost:5194/images/pizza.jpg - 404 0 null 2.6243ms
2024-11-07 23:02:07.187 +01:00 [INF] Request reached the end of the middleware pipeline without being handled by application code. Request path: GET http://localhost:5194/images/pizza.jpg, Response status code: 404
2024-11-07 23:02:07.188 +01:00 [INF] Request starting HTTP/1.1 GET http://localhost:5194/images/chickenleg.jpg - null null
2024-11-07 23:02:07.194 +01:00 [INF] Request finished HTTP/1.1 GET http://localhost:5194/images/chickenleg.jpg - 404 0 null 6.6564ms
2024-11-07 23:02:07.231 +01:00 [INF] Request reached the end of the middleware pipeline without being handled by application code. Request path: GET http://localhost:5194/images/chickenleg.jpg, Response status code: 404
2024-11-07 23:02:07.231 +01:00 [INF] Request starting HTTP/1.1 GET http://localhost:5194/images/ribs.jpg - null null
2024-11-07 23:02:07.231 +01:00 [INF] Request starting HTTP/1.1 GET http://localhost:5194/images/frenchfries.jpg - null null
2024-11-07 23:02:07.233 +01:00 [INF] Request finished HTTP/1.1 GET http://localhost:5194/images/ribs.jpg - 404 0 null 1.7699ms
2024-11-07 23:02:07.236 +01:00 [INF] Request finished HTTP/1.1 GET http://localhost:5194/images/frenchfries.jpg - 404 0 null 1.6051ms
2024-11-07 23:02:07.237 +01:00 [INF] Request reached the end of the middleware pipeline without being handled by application code. Request path: GET http://localhost:5194/images/ribs.jpg, Response status code: 404
2024-11-07 23:02:07.237 +01:00 [INF] Request reached the end of the middleware pipeline without being handled by application code. Request path: GET http://localhost:5194/images/frenchfries.jpg, Response status code: 404
2024-11-07 23:02:07.240 +01:00 [INF] Request starting HTTP/1.1 GET http://localhost:5194/images/fishandchips.jpg - null null
2024-11-07 23:02:07.240 +01:00 [INF] Request starting HTTP/1.1 GET http://localhost:5194/images/tacos.jpg - null null
2024-11-07 23:02:07.241 +01:00 [INF] Request finished HTTP/1.1 GET http://localhost:5194/images/tacos.jpg - 404 0 null 0.6276ms
2024-11-07 23:02:07.241 +01:00 [INF] Request finished HTTP/1.1 GET http://localhost:5194/images/fishandchips.jpg - 404 0 null 3.2539ms
2024-11-07 23:02:07.241 +01:00 [INF] Request reached the end of the middleware pipeline without being handled by application code. Request path: GET http://localhost:5194/images/tacos.jpg, Response status code: 404
2024-11-07 23:02:07.241 +01:00 [INF] Request reached the end of the middleware pipeline without being handled by application code. Request path: GET http://localhost:5194/images/fishandchips.jpg, Response status code: 404
2024-11-07 23:02:07.248 +01:00 [INF] Request starting HTTP/1.1 GET http://localhost:5194/images/cider.jpg - null null
2024-11-07 23:02:07.252 +01:00 [INF] Request finished HTTP/1.1 GET http://localhost:5194/images/cider.jpg - 404 0 null 3.5449ms
2024-11-07 23:02:07.252 +01:00 [INF] Request reached the end of the middleware pipeline without being handled by application code. Request path: GET http://localhost:5194/images/cider.jpg, Response status code: 404
2024-11-07 23:02:08.895 +01:00 [INF] Request starting HTTP/1.1 GET http://localhost:5194/api/productapi/1 - null null
2024-11-07 23:02:08.896 +01:00 [INF] CORS policy execution successful.
2024-11-07 23:02:08.896 +01:00 [INF] Executing endpoint 'FoodRegistrationTool.Controllers.ProductAPIController.GetProduct (api)'
2024-11-07 23:02:08.913 +01:00 [INF] Route matched with {action = "GetProduct", controller = "ProductAPI"}. Executing controller action with signature System.Threading.Tasks.Task`1[Microsoft.AspNetCore.Mvc.IActionResult] GetProduct(Int32) on controller FoodRegistrationTool.Controllers.ProductAPIController (api).
2024-11-07 23:02:09.015 +01:00 [INF] Executing OkObjectResult, writing value of type 'FoodRegistrationTool.Models.Product'.
2024-11-07 23:02:09.024 +01:00 [INF] Executed action FoodRegistrationTool.Controllers.ProductAPIController.GetProduct (api) in 111.1032ms
2024-11-07 23:02:09.025 +01:00 [INF] Executed endpoint 'FoodRegistrationTool.Controllers.ProductAPIController.GetProduct (api)'
2024-11-07 23:02:09.025 +01:00 [INF] Request finished HTTP/1.1 GET http://localhost:5194/api/productapi/1 - 200 null application/json; charset=utf-8 129.2743ms
2024-11-07 23:02:09.026 +01:00 [INF] Request starting HTTP/1.1 GET http://localhost:5194/api/productapi/1 - null null
2024-11-07 23:02:09.027 +01:00 [INF] CORS policy execution successful.
2024-11-07 23:02:09.027 +01:00 [INF] Executing endpoint 'FoodRegistrationTool.Controllers.ProductAPIController.GetProduct (api)'
2024-11-07 23:02:09.027 +01:00 [INF] Route matched with {action = "GetProduct", controller = "ProductAPI"}. Executing controller action with signature System.Threading.Tasks.Task`1[Microsoft.AspNetCore.Mvc.IActionResult] GetProduct(Int32) on controller FoodRegistrationTool.Controllers.ProductAPIController (api).
2024-11-07 23:02:09.039 +01:00 [INF] Executing OkObjectResult, writing value of type 'FoodRegistrationTool.Models.Product'.
2024-11-07 23:02:09.039 +01:00 [INF] Executed action FoodRegistrationTool.Controllers.ProductAPIController.GetProduct (api) in 12.1546ms
2024-11-07 23:02:09.040 +01:00 [INF] Executed endpoint 'FoodRegistrationTool.Controllers.ProductAPIController.GetProduct (api)'
2024-11-07 23:02:09.040 +01:00 [INF] Request finished HTTP/1.1 GET http://localhost:5194/api/productapi/1 - 200 null application/json; charset=utf-8 13.639ms
2024-11-07 23:02:10.480 +01:00 [INF] Request starting HTTP/1.1 GET http://localhost:5194/api/productapi/productlist - null null
2024-11-07 23:02:10.480 +01:00 [INF] CORS policy execution successful.
2024-11-07 23:02:10.480 +01:00 [INF] Executing endpoint 'FoodRegistrationTool.Controllers.ProductAPIController.ProductList (api)'
2024-11-07 23:02:10.480 +01:00 [INF] Route matched with {action = "ProductList", controller = "ProductAPI"}. Executing controller action with signature System.Threading.Tasks.Task`1[Microsoft.AspNetCore.Mvc.IActionResult] ProductList() on controller FoodRegistrationTool.Controllers.ProductAPIController (api).
2024-11-07 23:02:10.489 +01:00 [INF] Executing OkObjectResult, writing value of type 'System.Linq.Enumerable+SelectListIterator`2[[FoodRegistrationTool.Models.Product, api, Version=1.0.0.0, Culture=neutral, PublicKeyToken=null],[FoodRegistrationTool.DTOs.ProductDto, api, Version=1.0.0.0, Culture=neutral, PublicKeyToken=null]]'.
2024-11-07 23:02:10.489 +01:00 [INF] Executed action FoodRegistrationTool.Controllers.ProductAPIController.ProductList (api) in 8.8027ms
2024-11-07 23:02:10.489 +01:00 [INF] Executed endpoint 'FoodRegistrationTool.Controllers.ProductAPIController.ProductList (api)'
2024-11-07 23:02:10.490 +01:00 [INF] Request finished HTTP/1.1 GET http://localhost:5194/api/productapi/productlist - 200 null application/json; charset=utf-8 9.9007ms
2024-11-07 23:02:10.491 +01:00 [INF] Request starting HTTP/1.1 GET http://localhost:5194/api/productapi/productlist - null null
2024-11-07 23:02:10.491 +01:00 [INF] CORS policy execution successful.
2024-11-07 23:02:10.492 +01:00 [INF] Executing endpoint 'FoodRegistrationTool.Controllers.ProductAPIController.ProductList (api)'
2024-11-07 23:02:10.492 +01:00 [INF] Route matched with {action = "ProductList", controller = "ProductAPI"}. Executing controller action with signature System.Threading.Tasks.Task`1[Microsoft.AspNetCore.Mvc.IActionResult] ProductList() on controller FoodRegistrationTool.Controllers.ProductAPIController (api).
2024-11-07 23:02:10.497 +01:00 [INF] Executing OkObjectResult, writing value of type 'System.Linq.Enumerable+SelectListIterator`2[[FoodRegistrationTool.Models.Product, api, Version=1.0.0.0, Culture=neutral, PublicKeyToken=null],[FoodRegistrationTool.DTOs.ProductDto, api, Version=1.0.0.0, Culture=neutral, PublicKeyToken=null]]'.
2024-11-07 23:02:10.498 +01:00 [INF] Executed action FoodRegistrationTool.Controllers.ProductAPIController.ProductList (api) in 5.7283ms
2024-11-07 23:02:10.498 +01:00 [INF] Executed endpoint 'FoodRegistrationTool.Controllers.ProductAPIController.ProductList (api)'
2024-11-07 23:02:10.498 +01:00 [INF] Request finished HTTP/1.1 GET http://localhost:5194/api/productapi/productlist - 200 null application/json; charset=utf-8 6.5903ms
2024-11-07 23:02:10.536 +01:00 [INF] Request starting HTTP/1.1 GET http://localhost:5194/images/pizza.jpg - null null
2024-11-07 23:02:10.537 +01:00 [INF] Request finished HTTP/1.1 GET http://localhost:5194/images/pizza.jpg - 404 0 null 0.7183ms
2024-11-07 23:02:10.537 +01:00 [INF] Request reached the end of the middleware pipeline without being handled by application code. Request path: GET http://localhost:5194/images/pizza.jpg, Response status code: 404
2024-11-07 23:02:10.554 +01:00 [INF] Request starting HTTP/1.1 GET http://localhost:5194/images/chickenleg.jpg - null null
2024-11-07 23:02:10.554 +01:00 [INF] Request starting HTTP/1.1 GET http://localhost:5194/images/frenchfries.jpg - null null
2024-11-07 23:02:10.554 +01:00 [INF] Request finished HTTP/1.1 GET http://localhost:5194/images/chickenleg.jpg - 404 0 null 0.5146ms
2024-11-07 23:02:10.554 +01:00 [INF] Request reached the end of the middleware pipeline without being handled by application code. Request path: GET http://localhost:5194/images/chickenleg.jpg, Response status code: 404
2024-11-07 23:02:10.554 +01:00 [INF] Request starting HTTP/1.1 GET http://localhost:5194/images/ribs.jpg - null null
2024-11-07 23:02:10.555 +01:00 [INF] Request finished HTTP/1.1 GET http://localhost:5194/images/frenchfries.jpg - 404 0 null 0.4711ms
2024-11-07 23:02:10.555 +01:00 [INF] Request reached the end of the middleware pipeline without being handled by application code. Request path: GET http://localhost:5194/images/frenchfries.jpg, Response status code: 404
2024-11-07 23:02:10.555 +01:00 [INF] Request finished HTTP/1.1 GET http://localhost:5194/images/ribs.jpg - 404 0 null 0.5425ms
2024-11-07 23:02:10.555 +01:00 [INF] Request reached the end of the middleware pipeline without being handled by application code. Request path: GET http://localhost:5194/images/ribs.jpg, Response status code: 404
2024-11-07 23:02:10.558 +01:00 [INF] Request starting HTTP/1.1 GET http://localhost:5194/images/fishandchips.jpg - null null
2024-11-07 23:02:10.559 +01:00 [INF] Request starting HTTP/1.1 GET http://localhost:5194/images/tacos.jpg - null null
2024-11-07 23:02:10.564 +01:00 [INF] Request finished HTTP/1.1 GET http://localhost:5194/images/fishandchips.jpg - 404 0 null 8.8403ms
2024-11-07 23:02:10.565 +01:00 [INF] Request reached the end of the middleware pipeline without being handled by application code. Request path: GET http://localhost:5194/images/fishandchips.jpg, Response status code: 404
2024-11-07 23:02:10.564 +01:00 [INF] Request finished HTTP/1.1 GET http://localhost:5194/images/tacos.jpg - 404 0 null 5.7971ms
2024-11-07 23:02:10.565 +01:00 [INF] Request reached the end of the middleware pipeline without being handled by application code. Request path: GET http://localhost:5194/images/tacos.jpg, Response status code: 404
2024-11-07 23:02:10.565 +01:00 [INF] Request starting HTTP/1.1 GET http://localhost:5194/images/cider.jpg - null null
2024-11-07 23:02:10.576 +01:00 [INF] Request finished HTTP/1.1 GET http://localhost:5194/images/cider.jpg - 404 0 null 8.8335ms
2024-11-07 23:02:10.576 +01:00 [INF] Request reached the end of the middleware pipeline without being handled by application code. Request path: GET http://localhost:5194/images/cider.jpg, Response status code: 404
