2024-11-15 22:27:48.380 +01:00 [INF] User profile is available. Using 'C:\Users\Mats\AppData\Local\ASP.NET\DataProtection-Keys' as key repository and Windows DPAPI to encrypt keys at rest.
2024-11-15 22:27:48.957 +01:00 [INF] Now listening on: https://localhost:7263
2024-11-15 22:27:48.960 +01:00 [INF] Now listening on: http://localhost:5194
2024-11-15 22:27:48.968 +01:00 [INF] Application started. Press Ctrl+C to shut down.
2024-11-15 22:27:48.972 +01:00 [INF] Hosting environment: Development
2024-11-15 22:27:48.974 +01:00 [INF] Content root path: C:\Users\Mats\web-projects\react\exam\api
2024-11-15 22:27:55.806 +01:00 [INF] Request starting HTTP/1.1 GET http://localhost:5194/api/Auth/userinfo - null null
2024-11-15 22:27:55.988 +01:00 [INF] CORS policy execution successful.
2024-11-15 22:27:56.034 +01:00 [INF] Executing endpoint 'FoodRegistrationTool.Controllers.AuthController.GetUserInfo (api)'
2024-11-15 22:27:56.088 +01:00 [INF] Route matched with {action = "GetUserInfo", controller = "Auth", area = "", page = ""}. Executing controller action with signature System.Threading.Tasks.Task`1[Microsoft.AspNetCore.Mvc.IActionResult] GetUserInfo() on controller FoodRegistrationTool.Controllers.AuthController (api).
2024-11-15 22:27:56.532 +01:00 [INF] Authentication result: True
2024-11-15 22:27:56.536 +01:00 [INF] Principal Name from auth result: mat@mail.no
2024-11-15 22:27:56.541 +01:00 [INF] Request path: /api/Auth/userinfo
2024-11-15 22:27:56.549 +01:00 [INF] Request method: GET
2024-11-15 22:27:56.552 +01:00 [INF] Request scheme: http
2024-11-15 22:27:56.557 +01:00 [INF] Auth Type: Identity.Application
2024-11-15 22:27:56.561 +01:00 [INF] Identity Name: mat@mail.no
2024-11-15 22:27:59.442 +01:00 [INF] User from UserManager: mat@mail.no
2024-11-15 22:27:59.452 +01:00 [INF] Cookies received: .AspNetCore.Antiforgery.lR7t4MXUUZs=CfDJ8FYKQg2-tzVDp03-Gqv4Alp0e2kDKTpS7ycju9zsrFEctUbGhXGgm-TR2OGRtNiDSW2-yLD_U9ztu3gK8l94pzxhlcgICY-WqKInqucCSG5DxX1CJdczsvzTSLcIdT395LhAveMj_2LRO4FR08fdmRA, .AspNetCore.Antiforgery.dw7AqgzwEUQ=CfDJ8FYKQg2-tzVDp03-Gqv4AlpuJ5WrZvfgIbXDPlmvconEJ-859cdE6UsmGy6Ny_h3xsB8bbMaYwmszbCZtWzqapxdW81rlL4KfGCSslVgx3lRLADMmzN7o6yVPQJ44NQ3MnhGpLSl3G4_OADRKjpKDNY, .AspNetCore.Identity.Application=CfDJ8FYKQg2-tzVDp03-Gqv4AlrVKDUXh-U4Yz4d_Ps03kRC8sStlVUc6zok3dGe8Be2jfyC2N6eknl7PiH9cnK6ugInZu22prkNQ2J36yuKpTeLlvgFeS2ZyDIOBaisruStEAVOy-gAW8tuVeUFRpnShbqZmB9Cya5-PcvZARbTS_JMtCTAMSQGGXJVxmNuBH49FPr_z3XWb-0gEm8rlivZQYYGi2F3OQhN8emKlkPVGIHSARP1fPq88xQjjXPRqLSqeOrhA17TFhnaVRReOn3eMFQXOCSX1PYXzml3r6tKD4dthPFZyIWDIFkoothAvsuQky3-7XVqkUjjPWddH5iSoNBOPaSSCoolfjoqoJWwIilhe0k9V1NU4qjVqlGrM_GhqQ4TOu5ueP2ulFfqquEoqU8aKvSDsLsg_u-p8vjMAQl6i3KptPpjm0U_bhXJAKcvMEg0E00salyuL1WBvQLxKuxdD6Ub0usJxZpnbJM6HGsGuMMn-X1XgEdZc9xTJz5Zty74krOosZ0LXUPXSl3m_vE80SFGmaJ2KqFjlLCdnORQM2RG3D-aZdqzrJDz_AWNziEmvUZgw89UEM8rRx3LV6zDHzCiXxZ6uCDtBvzP3mMdMi9jet7E4bMjl4pOvfXh-1JLvZEFLgNGeOi9iEw5DCmTwMi-oXXtRTWUYZna4JeYIyoksuq38Dfy9ttfhl5mayp7iSNDyLs2NFYMuZ6CyEvrqjTmgFZEccG0Yvmn9zbW
2024-11-15 22:27:59.455 +01:00 [INF] GetUserInfo called:
2024-11-15 22:27:59.461 +01:00 [INF] IsAuthenticated: True
2024-11-15 22:27:59.467 +01:00 [INF] UserName: mat@mail.no
2024-11-15 22:27:59.474 +01:00 [INF] Claims: http://schemas.xmlsoap.org/ws/2005/05/identity/claims/nameidentifier: 8df6c300-5642-4f3b-886c-ab5b35131618, http://schemas.xmlsoap.org/ws/2005/05/identity/claims/name: mat@mail.no, http://schemas.xmlsoap.org/ws/2005/05/identity/claims/emailaddress: mat@mail.no, AspNet.Identity.SecurityStamp: ZKOOAEV6UFQX5UCYRLBA3XDYCB7J6EQZ
2024-11-15 22:27:59.481 +01:00 [INF] Claim: http://schemas.xmlsoap.org/ws/2005/05/identity/claims/nameidentifier = 8df6c300-5642-4f3b-886c-ab5b35131618
2024-11-15 22:27:59.488 +01:00 [INF] Claim: http://schemas.xmlsoap.org/ws/2005/05/identity/claims/name = mat@mail.no
2024-11-15 22:27:59.494 +01:00 [INF] Claim: http://schemas.xmlsoap.org/ws/2005/05/identity/claims/emailaddress = mat@mail.no
2024-11-15 22:27:59.501 +01:00 [INF] Claim: AspNet.Identity.SecurityStamp = ZKOOAEV6UFQX5UCYRLBA3XDYCB7J6EQZ
2024-11-15 22:27:59.544 +01:00 [INF] Returning response: {"isAuthenticated":true,"userName":"mat@mail.no","manageUrl":"/Identity/Account/Manage","logoutUrl":"/Identity/Account/Logout","loginUrl":"/Identity/Account/Login","registerUrl":"/Identity/Account/Register"}
2024-11-15 22:27:59.562 +01:00 [INF] Executing OkObjectResult, writing value of type '<>f__AnonymousType10`6[[System.Boolean, System.Private.CoreLib, Version=8.0.0.0, Culture=neutral, PublicKeyToken=7cec85d7bea7798e],[System.String, System.Private.CoreLib, Version=8.0.0.0, Culture=neutral, PublicKeyToken=7cec85d7bea7798e],[System.String, System.Private.CoreLib, Version=8.0.0.0, Culture=neutral, PublicKeyToken=7cec85d7bea7798e],[System.String, System.Private.CoreLib, Version=8.0.0.0, Culture=neutral, PublicKeyToken=7cec85d7bea7798e],[System.String, System.Private.CoreLib, Version=8.0.0.0, Culture=neutral, PublicKeyToken=7cec85d7bea7798e],[System.String, System.Private.CoreLib, Version=8.0.0.0, Culture=neutral, PublicKeyToken=7cec85d7bea7798e]]'.
2024-11-15 22:27:59.577 +01:00 [INF] Executed action FoodRegistrationTool.Controllers.AuthController.GetUserInfo (api) in 3485.2276ms
2024-11-15 22:27:59.580 +01:00 [INF] Executed endpoint 'FoodRegistrationTool.Controllers.AuthController.GetUserInfo (api)'
2024-11-15 22:27:59.581 +01:00 [INF] Request starting HTTP/1.1 GET http://localhost:5194/api/Auth/userinfo - null null
2024-11-15 22:27:59.586 +01:00 [INF] CORS policy execution successful.
2024-11-15 22:27:59.594 +01:00 [INF] Executing endpoint 'FoodRegistrationTool.Controllers.AuthController.GetUserInfo (api)'
2024-11-15 22:27:59.595 +01:00 [INF] Route matched with {action = "GetUserInfo", controller = "Auth", area = "", page = ""}. Executing controller action with signature System.Threading.Tasks.Task`1[Microsoft.AspNetCore.Mvc.IActionResult] GetUserInfo() on controller FoodRegistrationTool.Controllers.AuthController (api).
2024-11-15 22:27:59.609 +01:00 [INF] Authentication result: True
2024-11-15 22:27:59.618 +01:00 [INF] Principal Name from auth result: mat@mail.no
2024-11-15 22:27:59.630 +01:00 [INF] Request path: /api/Auth/userinfo
2024-11-15 22:27:59.642 +01:00 [INF] Request method: GET
2024-11-15 22:27:59.646 +01:00 [INF] Request finished HTTP/1.1 GET http://localhost:5194/api/Auth/userinfo - 200 null application/json; charset=utf-8 3813.2415ms
2024-11-15 22:27:59.646 +01:00 [INF] Request scheme: http
2024-11-15 22:27:59.652 +01:00 [INF] Auth Type: Identity.Application
2024-11-15 22:27:59.656 +01:00 [INF] Identity Name: mat@mail.no
2024-11-15 22:27:59.764 +01:00 [INF] User from UserManager: mat@mail.no
2024-11-15 22:27:59.771 +01:00 [INF] Cookies received: .AspNetCore.Antiforgery.lR7t4MXUUZs=CfDJ8FYKQg2-tzVDp03-Gqv4Alp0e2kDKTpS7ycju9zsrFEctUbGhXGgm-TR2OGRtNiDSW2-yLD_U9ztu3gK8l94pzxhlcgICY-WqKInqucCSG5DxX1CJdczsvzTSLcIdT395LhAveMj_2LRO4FR08fdmRA, .AspNetCore.Antiforgery.dw7AqgzwEUQ=CfDJ8FYKQg2-tzVDp03-Gqv4AlpuJ5WrZvfgIbXDPlmvconEJ-859cdE6UsmGy6Ny_h3xsB8bbMaYwmszbCZtWzqapxdW81rlL4KfGCSslVgx3lRLADMmzN7o6yVPQJ44NQ3MnhGpLSl3G4_OADRKjpKDNY, .AspNetCore.Identity.Application=CfDJ8FYKQg2-tzVDp03-Gqv4AlrVKDUXh-U4Yz4d_Ps03kRC8sStlVUc6zok3dGe8Be2jfyC2N6eknl7PiH9cnK6ugInZu22prkNQ2J36yuKpTeLlvgFeS2ZyDIOBaisruStEAVOy-gAW8tuVeUFRpnShbqZmB9Cya5-PcvZARbTS_JMtCTAMSQGGXJVxmNuBH49FPr_z3XWb-0gEm8rlivZQYYGi2F3OQhN8emKlkPVGIHSARP1fPq88xQjjXPRqLSqeOrhA17TFhnaVRReOn3eMFQXOCSX1PYXzml3r6tKD4dthPFZyIWDIFkoothAvsuQky3-7XVqkUjjPWddH5iSoNBOPaSSCoolfjoqoJWwIilhe0k9V1NU4qjVqlGrM_GhqQ4TOu5ueP2ulFfqquEoqU8aKvSDsLsg_u-p8vjMAQl6i3KptPpjm0U_bhXJAKcvMEg0E00salyuL1WBvQLxKuxdD6Ub0usJxZpnbJM6HGsGuMMn-X1XgEdZc9xTJz5Zty74krOosZ0LXUPXSl3m_vE80SFGmaJ2KqFjlLCdnORQM2RG3D-aZdqzrJDz_AWNziEmvUZgw89UEM8rRx3LV6zDHzCiXxZ6uCDtBvzP3mMdMi9jet7E4bMjl4pOvfXh-1JLvZEFLgNGeOi9iEw5DCmTwMi-oXXtRTWUYZna4JeYIyoksuq38Dfy9ttfhl5mayp7iSNDyLs2NFYMuZ6CyEvrqjTmgFZEccG0Yvmn9zbW
2024-11-15 22:27:59.779 +01:00 [INF] GetUserInfo called:
2024-11-15 22:27:59.787 +01:00 [INF] IsAuthenticated: True
2024-11-15 22:27:59.794 +01:00 [INF] UserName: mat@mail.no
2024-11-15 22:27:59.803 +01:00 [INF] Claims: http://schemas.xmlsoap.org/ws/2005/05/identity/claims/nameidentifier: 8df6c300-5642-4f3b-886c-ab5b35131618, http://schemas.xmlsoap.org/ws/2005/05/identity/claims/name: mat@mail.no, http://schemas.xmlsoap.org/ws/2005/05/identity/claims/emailaddress: mat@mail.no, AspNet.Identity.SecurityStamp: ZKOOAEV6UFQX5UCYRLBA3XDYCB7J6EQZ
2024-11-15 22:27:59.812 +01:00 [INF] Claim: http://schemas.xmlsoap.org/ws/2005/05/identity/claims/nameidentifier = 8df6c300-5642-4f3b-886c-ab5b35131618
2024-11-15 22:27:59.819 +01:00 [INF] Claim: http://schemas.xmlsoap.org/ws/2005/05/identity/claims/name = mat@mail.no
2024-11-15 22:27:59.826 +01:00 [INF] Claim: http://schemas.xmlsoap.org/ws/2005/05/identity/claims/emailaddress = mat@mail.no
2024-11-15 22:27:59.834 +01:00 [INF] Claim: AspNet.Identity.SecurityStamp = ZKOOAEV6UFQX5UCYRLBA3XDYCB7J6EQZ
2024-11-15 22:27:59.841 +01:00 [INF] Returning response: {"isAuthenticated":true,"userName":"mat@mail.no","manageUrl":"/Identity/Account/Manage","logoutUrl":"/Identity/Account/Logout","loginUrl":"/Identity/Account/Login","registerUrl":"/Identity/Account/Register"}
2024-11-15 22:27:59.842 +01:00 [INF] Executing OkObjectResult, writing value of type '<>f__AnonymousType10`6[[System.Boolean, System.Private.CoreLib, Version=8.0.0.0, Culture=neutral, PublicKeyToken=7cec85d7bea7798e],[System.String, System.Private.CoreLib, Version=8.0.0.0, Culture=neutral, PublicKeyToken=7cec85d7bea7798e],[System.String, System.Private.CoreLib, Version=8.0.0.0, Culture=neutral, PublicKeyToken=7cec85d7bea7798e],[System.String, System.Private.CoreLib, Version=8.0.0.0, Culture=neutral, PublicKeyToken=7cec85d7bea7798e],[System.String, System.Private.CoreLib, Version=8.0.0.0, Culture=neutral, PublicKeyToken=7cec85d7bea7798e],[System.String, System.Private.CoreLib, Version=8.0.0.0, Culture=neutral, PublicKeyToken=7cec85d7bea7798e]]'.
2024-11-15 22:27:59.844 +01:00 [INF] Executed action FoodRegistrationTool.Controllers.AuthController.GetUserInfo (api) in 248.613ms
2024-11-15 22:27:59.844 +01:00 [INF] Executed endpoint 'FoodRegistrationTool.Controllers.AuthController.GetUserInfo (api)'
2024-11-15 22:27:59.845 +01:00 [INF] Request finished HTTP/1.1 GET http://localhost:5194/api/Auth/userinfo - 200 null application/json; charset=utf-8 264.4386ms
2024-11-15 22:28:02.188 +01:00 [INF] Request starting HTTP/1.1 GET http://localhost:5194/api/productapi/productlist - null null
2024-11-15 22:28:02.192 +01:00 [INF] CORS policy execution successful.
2024-11-15 22:28:02.195 +01:00 [INF] Executing endpoint 'FoodRegistrationTool.Controllers.ProductAPIController.ProductList (api)'
2024-11-15 22:28:02.208 +01:00 [INF] Route matched with {action = "ProductList", controller = "ProductAPI", area = "", page = ""}. Executing controller action with signature System.Threading.Tasks.Task`1[Microsoft.AspNetCore.Mvc.IActionResult] ProductList() on controller FoodRegistrationTool.Controllers.ProductAPIController (api).
2024-11-15 22:28:02.278 +01:00 [INF] Executing OkObjectResult, writing value of type 'System.Linq.Enumerable+SelectListIterator`2[[FoodRegistrationTool.Models.Product, api, Version=1.0.0.0, Culture=neutral, PublicKeyToken=null],[FoodRegistrationTool.DTOs.ProductDto, api, Version=1.0.0.0, Culture=neutral, PublicKeyToken=null]]'.
2024-11-15 22:28:02.321 +01:00 [INF] Executed action FoodRegistrationTool.Controllers.ProductAPIController.ProductList (api) in 113.0918ms
2024-11-15 22:28:02.322 +01:00 [INF] Executed endpoint 'FoodRegistrationTool.Controllers.ProductAPIController.ProductList (api)'
2024-11-15 22:28:02.322 +01:00 [INF] Request finished HTTP/1.1 GET http://localhost:5194/api/productapi/productlist - 200 null application/json; charset=utf-8 133.9947ms
2024-11-15 22:28:02.326 +01:00 [INF] Request starting HTTP/1.1 GET http://localhost:5194/api/productapi/productlist - null null
2024-11-15 22:28:02.329 +01:00 [INF] CORS policy execution successful.
2024-11-15 22:28:02.330 +01:00 [INF] Executing endpoint 'FoodRegistrationTool.Controllers.ProductAPIController.ProductList (api)'
2024-11-15 22:28:02.330 +01:00 [INF] Route matched with {action = "ProductList", controller = "ProductAPI", area = "", page = ""}. Executing controller action with signature System.Threading.Tasks.Task`1[Microsoft.AspNetCore.Mvc.IActionResult] ProductList() on controller FoodRegistrationTool.Controllers.ProductAPIController (api).
2024-11-15 22:28:02.338 +01:00 [INF] Executing OkObjectResult, writing value of type 'System.Linq.Enumerable+SelectListIterator`2[[FoodRegistrationTool.Models.Product, api, Version=1.0.0.0, Culture=neutral, PublicKeyToken=null],[FoodRegistrationTool.DTOs.ProductDto, api, Version=1.0.0.0, Culture=neutral, PublicKeyToken=null]]'.
2024-11-15 22:28:02.339 +01:00 [INF] Executed action FoodRegistrationTool.Controllers.ProductAPIController.ProductList (api) in 8.3866ms
2024-11-15 22:28:02.339 +01:00 [INF] Executed endpoint 'FoodRegistrationTool.Controllers.ProductAPIController.ProductList (api)'
2024-11-15 22:28:02.339 +01:00 [INF] Request finished HTTP/1.1 GET http://localhost:5194/api/productapi/productlist - 200 null application/json; charset=utf-8 12.9283ms
2024-11-15 22:28:04.633 +01:00 [INF] Request starting HTTP/1.1 GET http://localhost:5194/api/Auth/userinfo - null null
2024-11-15 22:28:04.634 +01:00 [INF] CORS policy execution successful.
2024-11-15 22:28:04.635 +01:00 [INF] Executing endpoint 'FoodRegistrationTool.Controllers.AuthController.GetUserInfo (api)'
2024-11-15 22:28:04.636 +01:00 [INF] Route matched with {action = "GetUserInfo", controller = "Auth", area = "", page = ""}. Executing controller action with signature System.Threading.Tasks.Task`1[Microsoft.AspNetCore.Mvc.IActionResult] GetUserInfo() on controller FoodRegistrationTool.Controllers.AuthController (api).
2024-11-15 22:28:04.663 +01:00 [INF] Authentication result: True
2024-11-15 22:28:04.667 +01:00 [INF] Principal Name from auth result: mat@mail.no
2024-11-15 22:28:04.672 +01:00 [INF] Request path: /api/Auth/userinfo
2024-11-15 22:28:04.677 +01:00 [INF] Request method: GET
2024-11-15 22:28:04.681 +01:00 [INF] Request scheme: http
2024-11-15 22:28:04.685 +01:00 [INF] Auth Type: Identity.Application
2024-11-15 22:28:04.690 +01:00 [INF] Identity Name: mat@mail.no
2024-11-15 22:28:04.706 +01:00 [INF] User from UserManager: mat@mail.no
2024-11-15 22:28:04.711 +01:00 [INF] Cookies received: .AspNetCore.Antiforgery.lR7t4MXUUZs=CfDJ8FYKQg2-tzVDp03-Gqv4Alp0e2kDKTpS7ycju9zsrFEctUbGhXGgm-TR2OGRtNiDSW2-yLD_U9ztu3gK8l94pzxhlcgICY-WqKInqucCSG5DxX1CJdczsvzTSLcIdT395LhAveMj_2LRO4FR08fdmRA, .AspNetCore.Antiforgery.dw7AqgzwEUQ=CfDJ8FYKQg2-tzVDp03-Gqv4AlpuJ5WrZvfgIbXDPlmvconEJ-859cdE6UsmGy6Ny_h3xsB8bbMaYwmszbCZtWzqapxdW81rlL4KfGCSslVgx3lRLADMmzN7o6yVPQJ44NQ3MnhGpLSl3G4_OADRKjpKDNY, .AspNetCore.Identity.Application=CfDJ8FYKQg2-tzVDp03-Gqv4AlrVKDUXh-U4Yz4d_Ps03kRC8sStlVUc6zok3dGe8Be2jfyC2N6eknl7PiH9cnK6ugInZu22prkNQ2J36yuKpTeLlvgFeS2ZyDIOBaisruStEAVOy-gAW8tuVeUFRpnShbqZmB9Cya5-PcvZARbTS_JMtCTAMSQGGXJVxmNuBH49FPr_z3XWb-0gEm8rlivZQYYGi2F3OQhN8emKlkPVGIHSARP1fPq88xQjjXPRqLSqeOrhA17TFhnaVRReOn3eMFQXOCSX1PYXzml3r6tKD4dthPFZyIWDIFkoothAvsuQky3-7XVqkUjjPWddH5iSoNBOPaSSCoolfjoqoJWwIilhe0k9V1NU4qjVqlGrM_GhqQ4TOu5ueP2ulFfqquEoqU8aKvSDsLsg_u-p8vjMAQl6i3KptPpjm0U_bhXJAKcvMEg0E00salyuL1WBvQLxKuxdD6Ub0usJxZpnbJM6HGsGuMMn-X1XgEdZc9xTJz5Zty74krOosZ0LXUPXSl3m_vE80SFGmaJ2KqFjlLCdnORQM2RG3D-aZdqzrJDz_AWNziEmvUZgw89UEM8rRx3LV6zDHzCiXxZ6uCDtBvzP3mMdMi9jet7E4bMjl4pOvfXh-1JLvZEFLgNGeOi9iEw5DCmTwMi-oXXtRTWUYZna4JeYIyoksuq38Dfy9ttfhl5mayp7iSNDyLs2NFYMuZ6CyEvrqjTmgFZEccG0Yvmn9zbW
2024-11-15 22:28:04.715 +01:00 [INF] GetUserInfo called:
2024-11-15 22:28:04.720 +01:00 [INF] IsAuthenticated: True
2024-11-15 22:28:04.724 +01:00 [INF] UserName: mat@mail.no
2024-11-15 22:28:04.728 +01:00 [INF] Claims: http://schemas.xmlsoap.org/ws/2005/05/identity/claims/nameidentifier: 8df6c300-5642-4f3b-886c-ab5b35131618, http://schemas.xmlsoap.org/ws/2005/05/identity/claims/name: mat@mail.no, http://schemas.xmlsoap.org/ws/2005/05/identity/claims/emailaddress: mat@mail.no, AspNet.Identity.SecurityStamp: ZKOOAEV6UFQX5UCYRLBA3XDYCB7J6EQZ
2024-11-15 22:28:04.733 +01:00 [INF] Claim: http://schemas.xmlsoap.org/ws/2005/05/identity/claims/nameidentifier = 8df6c300-5642-4f3b-886c-ab5b35131618
2024-11-15 22:28:04.739 +01:00 [INF] Claim: http://schemas.xmlsoap.org/ws/2005/05/identity/claims/name = mat@mail.no
2024-11-15 22:28:04.744 +01:00 [INF] Claim: http://schemas.xmlsoap.org/ws/2005/05/identity/claims/emailaddress = mat@mail.no
2024-11-15 22:28:04.749 +01:00 [INF] Claim: AspNet.Identity.SecurityStamp = ZKOOAEV6UFQX5UCYRLBA3XDYCB7J6EQZ
2024-11-15 22:28:04.753 +01:00 [INF] Returning response: {"isAuthenticated":true,"userName":"mat@mail.no","manageUrl":"/Identity/Account/Manage","logoutUrl":"/Identity/Account/Logout","loginUrl":"/Identity/Account/Login","registerUrl":"/Identity/Account/Register"}
2024-11-15 22:28:04.753 +01:00 [INF] Executing OkObjectResult, writing value of type '<>f__AnonymousType10`6[[System.Boolean, System.Private.CoreLib, Version=8.0.0.0, Culture=neutral, PublicKeyToken=7cec85d7bea7798e],[System.String, System.Private.CoreLib, Version=8.0.0.0, Culture=neutral, PublicKeyToken=7cec85d7bea7798e],[System.String, System.Private.CoreLib, Version=8.0.0.0, Culture=neutral, PublicKeyToken=7cec85d7bea7798e],[System.String, System.Private.CoreLib, Version=8.0.0.0, Culture=neutral, PublicKeyToken=7cec85d7bea7798e],[System.String, System.Private.CoreLib, Version=8.0.0.0, Culture=neutral, PublicKeyToken=7cec85d7bea7798e],[System.String, System.Private.CoreLib, Version=8.0.0.0, Culture=neutral, PublicKeyToken=7cec85d7bea7798e]]'.
2024-11-15 22:28:04.754 +01:00 [INF] Executed action FoodRegistrationTool.Controllers.AuthController.GetUserInfo (api) in 117.4718ms
2024-11-15 22:28:04.754 +01:00 [INF] Executed endpoint 'FoodRegistrationTool.Controllers.AuthController.GetUserInfo (api)'
2024-11-15 22:28:04.755 +01:00 [INF] Request finished HTTP/1.1 GET http://localhost:5194/api/Auth/userinfo - 200 null application/json; charset=utf-8 121.0936ms
2024-11-15 22:28:04.756 +01:00 [INF] Request starting HTTP/1.1 GET http://localhost:5194/api/Auth/userinfo - null null
2024-11-15 22:28:04.756 +01:00 [INF] CORS policy execution successful.
2024-11-15 22:28:04.757 +01:00 [INF] Executing endpoint 'FoodRegistrationTool.Controllers.AuthController.GetUserInfo (api)'
2024-11-15 22:28:04.757 +01:00 [INF] Route matched with {action = "GetUserInfo", controller = "Auth", area = "", page = ""}. Executing controller action with signature System.Threading.Tasks.Task`1[Microsoft.AspNetCore.Mvc.IActionResult] GetUserInfo() on controller FoodRegistrationTool.Controllers.AuthController (api).
2024-11-15 22:28:04.762 +01:00 [INF] Authentication result: True
2024-11-15 22:28:04.766 +01:00 [INF] Principal Name from auth result: mat@mail.no
2024-11-15 22:28:04.769 +01:00 [INF] Request path: /api/Auth/userinfo
2024-11-15 22:28:04.774 +01:00 [INF] Request method: GET
2024-11-15 22:28:04.778 +01:00 [INF] Request scheme: http
2024-11-15 22:28:04.782 +01:00 [INF] Auth Type: Identity.Application
2024-11-15 22:28:04.788 +01:00 [INF] Identity Name: mat@mail.no
2024-11-15 22:28:04.802 +01:00 [INF] User from UserManager: mat@mail.no
2024-11-15 22:28:04.807 +01:00 [INF] Cookies received: .AspNetCore.Antiforgery.lR7t4MXUUZs=CfDJ8FYKQg2-tzVDp03-Gqv4Alp0e2kDKTpS7ycju9zsrFEctUbGhXGgm-TR2OGRtNiDSW2-yLD_U9ztu3gK8l94pzxhlcgICY-WqKInqucCSG5DxX1CJdczsvzTSLcIdT395LhAveMj_2LRO4FR08fdmRA, .AspNetCore.Antiforgery.dw7AqgzwEUQ=CfDJ8FYKQg2-tzVDp03-Gqv4AlpuJ5WrZvfgIbXDPlmvconEJ-859cdE6UsmGy6Ny_h3xsB8bbMaYwmszbCZtWzqapxdW81rlL4KfGCSslVgx3lRLADMmzN7o6yVPQJ44NQ3MnhGpLSl3G4_OADRKjpKDNY, .AspNetCore.Identity.Application=CfDJ8FYKQg2-tzVDp03-Gqv4AlrVKDUXh-U4Yz4d_Ps03kRC8sStlVUc6zok3dGe8Be2jfyC2N6eknl7PiH9cnK6ugInZu22prkNQ2J36yuKpTeLlvgFeS2ZyDIOBaisruStEAVOy-gAW8tuVeUFRpnShbqZmB9Cya5-PcvZARbTS_JMtCTAMSQGGXJVxmNuBH49FPr_z3XWb-0gEm8rlivZQYYGi2F3OQhN8emKlkPVGIHSARP1fPq88xQjjXPRqLSqeOrhA17TFhnaVRReOn3eMFQXOCSX1PYXzml3r6tKD4dthPFZyIWDIFkoothAvsuQky3-7XVqkUjjPWddH5iSoNBOPaSSCoolfjoqoJWwIilhe0k9V1NU4qjVqlGrM_GhqQ4TOu5ueP2ulFfqquEoqU8aKvSDsLsg_u-p8vjMAQl6i3KptPpjm0U_bhXJAKcvMEg0E00salyuL1WBvQLxKuxdD6Ub0usJxZpnbJM6HGsGuMMn-X1XgEdZc9xTJz5Zty74krOosZ0LXUPXSl3m_vE80SFGmaJ2KqFjlLCdnORQM2RG3D-aZdqzrJDz_AWNziEmvUZgw89UEM8rRx3LV6zDHzCiXxZ6uCDtBvzP3mMdMi9jet7E4bMjl4pOvfXh-1JLvZEFLgNGeOi9iEw5DCmTwMi-oXXtRTWUYZna4JeYIyoksuq38Dfy9ttfhl5mayp7iSNDyLs2NFYMuZ6CyEvrqjTmgFZEccG0Yvmn9zbW
2024-11-15 22:28:04.811 +01:00 [INF] GetUserInfo called:
2024-11-15 22:28:04.815 +01:00 [INF] IsAuthenticated: True
2024-11-15 22:28:04.820 +01:00 [INF] UserName: mat@mail.no
2024-11-15 22:28:04.825 +01:00 [INF] Claims: http://schemas.xmlsoap.org/ws/2005/05/identity/claims/nameidentifier: 8df6c300-5642-4f3b-886c-ab5b35131618, http://schemas.xmlsoap.org/ws/2005/05/identity/claims/name: mat@mail.no, http://schemas.xmlsoap.org/ws/2005/05/identity/claims/emailaddress: mat@mail.no, AspNet.Identity.SecurityStamp: ZKOOAEV6UFQX5UCYRLBA3XDYCB7J6EQZ
2024-11-15 22:28:04.830 +01:00 [INF] Claim: http://schemas.xmlsoap.org/ws/2005/05/identity/claims/nameidentifier = 8df6c300-5642-4f3b-886c-ab5b35131618
2024-11-15 22:28:04.834 +01:00 [INF] Claim: http://schemas.xmlsoap.org/ws/2005/05/identity/claims/name = mat@mail.no
2024-11-15 22:28:04.837 +01:00 [INF] Claim: http://schemas.xmlsoap.org/ws/2005/05/identity/claims/emailaddress = mat@mail.no
2024-11-15 22:28:04.840 +01:00 [INF] Claim: AspNet.Identity.SecurityStamp = ZKOOAEV6UFQX5UCYRLBA3XDYCB7J6EQZ
2024-11-15 22:28:04.843 +01:00 [INF] Returning response: {"isAuthenticated":true,"userName":"mat@mail.no","manageUrl":"/Identity/Account/Manage","logoutUrl":"/Identity/Account/Logout","loginUrl":"/Identity/Account/Login","registerUrl":"/Identity/Account/Register"}
2024-11-15 22:28:04.844 +01:00 [INF] Executing OkObjectResult, writing value of type '<>f__AnonymousType10`6[[System.Boolean, System.Private.CoreLib, Version=8.0.0.0, Culture=neutral, PublicKeyToken=7cec85d7bea7798e],[System.String, System.Private.CoreLib, Version=8.0.0.0, Culture=neutral, PublicKeyToken=7cec85d7bea7798e],[System.String, System.Private.CoreLib, Version=8.0.0.0, Culture=neutral, PublicKeyToken=7cec85d7bea7798e],[System.String, System.Private.CoreLib, Version=8.0.0.0, Culture=neutral, PublicKeyToken=7cec85d7bea7798e],[System.String, System.Private.CoreLib, Version=8.0.0.0, Culture=neutral, PublicKeyToken=7cec85d7bea7798e],[System.String, System.Private.CoreLib, Version=8.0.0.0, Culture=neutral, PublicKeyToken=7cec85d7bea7798e]]'.
2024-11-15 22:28:04.844 +01:00 [INF] Executed action FoodRegistrationTool.Controllers.AuthController.GetUserInfo (api) in 86.5957ms
2024-11-15 22:28:04.844 +01:00 [INF] Executed endpoint 'FoodRegistrationTool.Controllers.AuthController.GetUserInfo (api)'
2024-11-15 22:28:04.845 +01:00 [INF] Request finished HTTP/1.1 GET http://localhost:5194/api/Auth/userinfo - 200 null application/json; charset=utf-8 88.721ms
2024-11-15 22:28:13.641 +01:00 [INF] Request starting HTTP/1.1 OPTIONS http://localhost:5194/api/productapi/calculatescore - null null
2024-11-15 22:28:13.644 +01:00 [INF] CORS policy execution successful.
2024-11-15 22:28:13.646 +01:00 [INF] Request finished HTTP/1.1 OPTIONS http://localhost:5194/api/productapi/calculatescore - 204 null null 4.9103ms
2024-11-15 22:28:13.648 +01:00 [INF] Request starting HTTP/1.1 POST http://localhost:5194/api/productapi/calculatescore - application/json 110
2024-11-15 22:28:13.651 +01:00 [INF] CORS policy execution successful.
2024-11-15 22:28:13.652 +01:00 [INF] Executing endpoint 'FoodRegistrationTool.Controllers.ProductAPIController.CalculateNutritionScore (api)'
2024-11-15 22:28:13.674 +01:00 [INF] Route matched with {action = "CalculateNutritionScore", controller = "ProductAPI", area = "", page = ""}. Executing controller action with signature System.Threading.Tasks.Task`1[Microsoft.AspNetCore.Mvc.IActionResult] CalculateNutritionScore(NutritionCalculationRequest) on controller FoodRegistrationTool.Controllers.ProductAPIController (api).
2024-11-15 22:28:13.758 +01:00 [INF] Request starting HTTP/1.1 POST http://localhost:5194/api/productapi/calculatescore - application/json 111
2024-11-15 22:28:13.759 +01:00 [INF] CORS policy execution successful.
2024-11-15 22:28:13.759 +01:00 [INF] Executing endpoint 'FoodRegistrationTool.Controllers.ProductAPIController.CalculateNutritionScore (api)'
2024-11-15 22:28:13.759 +01:00 [INF] Route matched with {action = "CalculateNutritionScore", controller = "ProductAPI", area = "", page = ""}. Executing controller action with signature System.Threading.Tasks.Task`1[Microsoft.AspNetCore.Mvc.IActionResult] CalculateNutritionScore(NutritionCalculationRequest) on controller FoodRegistrationTool.Controllers.ProductAPIController (api).
2024-11-15 22:28:13.805 +01:00 [INF] Executing OkObjectResult, writing value of type 'System.String'.
2024-11-15 22:28:13.806 +01:00 [INF] Executed action FoodRegistrationTool.Controllers.ProductAPIController.CalculateNutritionScore (api) in 46.5704ms
2024-11-15 22:28:13.806 +01:00 [INF] Executed endpoint 'FoodRegistrationTool.Controllers.ProductAPIController.CalculateNutritionScore (api)'
2024-11-15 22:28:13.806 +01:00 [INF] Request finished HTTP/1.1 POST http://localhost:5194/api/productapi/calculatescore - 200 null text/plain; charset=utf-8 47.8893ms
2024-11-15 22:28:13.810 +01:00 [INF] Executing OkObjectResult, writing value of type 'System.String'.
2024-11-15 22:28:13.810 +01:00 [INF] Executed action FoodRegistrationTool.Controllers.ProductAPIController.CalculateNutritionScore (api) in 135.721ms
2024-11-15 22:28:13.810 +01:00 [INF] Executed endpoint 'FoodRegistrationTool.Controllers.ProductAPIController.CalculateNutritionScore (api)'
2024-11-15 22:28:13.810 +01:00 [INF] Request finished HTTP/1.1 POST http://localhost:5194/api/productapi/calculatescore - 200 null text/plain; charset=utf-8 162.2905ms
2024-11-15 22:28:14.238 +01:00 [INF] Request starting HTTP/1.1 POST http://localhost:5194/api/productapi/calculatescore - application/json 110
2024-11-15 22:28:14.239 +01:00 [INF] CORS policy execution successful.
2024-11-15 22:28:14.239 +01:00 [INF] Executing endpoint 'FoodRegistrationTool.Controllers.ProductAPIController.CalculateNutritionScore (api)'
2024-11-15 22:28:14.239 +01:00 [INF] Route matched with {action = "CalculateNutritionScore", controller = "ProductAPI", area = "", page = ""}. Executing controller action with signature System.Threading.Tasks.Task`1[Microsoft.AspNetCore.Mvc.IActionResult] CalculateNutritionScore(NutritionCalculationRequest) on controller FoodRegistrationTool.Controllers.ProductAPIController (api).
2024-11-15 22:28:14.240 +01:00 [INF] Executing OkObjectResult, writing value of type 'System.String'.
2024-11-15 22:28:14.241 +01:00 [INF] Executed action FoodRegistrationTool.Controllers.ProductAPIController.CalculateNutritionScore (api) in 1.0345ms
2024-11-15 22:28:14.241 +01:00 [INF] Executed endpoint 'FoodRegistrationTool.Controllers.ProductAPIController.CalculateNutritionScore (api)'
2024-11-15 22:28:14.241 +01:00 [INF] Request finished HTTP/1.1 POST http://localhost:5194/api/productapi/calculatescore - 200 null text/plain; charset=utf-8 2.633ms
2024-11-15 22:28:14.260 +01:00 [INF] Request starting HTTP/1.1 POST http://localhost:5194/api/productapi/calculatescore - application/json 110
2024-11-15 22:28:14.260 +01:00 [INF] CORS policy execution successful.
2024-11-15 22:28:14.260 +01:00 [INF] Executing endpoint 'FoodRegistrationTool.Controllers.ProductAPIController.CalculateNutritionScore (api)'
2024-11-15 22:28:14.261 +01:00 [INF] Route matched with {action = "CalculateNutritionScore", controller = "ProductAPI", area = "", page = ""}. Executing controller action with signature System.Threading.Tasks.Task`1[Microsoft.AspNetCore.Mvc.IActionResult] CalculateNutritionScore(NutritionCalculationRequest) on controller FoodRegistrationTool.Controllers.ProductAPIController (api).
2024-11-15 22:28:14.262 +01:00 [INF] Executing OkObjectResult, writing value of type 'System.String'.
2024-11-15 22:28:14.263 +01:00 [INF] Executed action FoodRegistrationTool.Controllers.ProductAPIController.CalculateNutritionScore (api) in 1.9471ms
2024-11-15 22:28:14.263 +01:00 [INF] Executed endpoint 'FoodRegistrationTool.Controllers.ProductAPIController.CalculateNutritionScore (api)'
2024-11-15 22:28:14.263 +01:00 [INF] Request finished HTTP/1.1 POST http://localhost:5194/api/productapi/calculatescore - 200 null text/plain; charset=utf-8 3.7246ms
2024-11-15 22:28:17.538 +01:00 [INF] Request starting HTTP/1.1 OPTIONS http://localhost:5194/api/productapi/create - null null
2024-11-15 22:28:17.538 +01:00 [INF] CORS policy execution successful.
2024-11-15 22:28:17.539 +01:00 [INF] Request finished HTTP/1.1 OPTIONS http://localhost:5194/api/productapi/create - 204 null null 0.9748ms
2024-11-15 22:28:17.541 +01:00 [INF] Request starting HTTP/1.1 POST http://localhost:5194/api/productapi/create - application/json 218
2024-11-15 22:28:17.541 +01:00 [INF] CORS policy execution successful.
2024-11-15 22:28:17.551 +01:00 [INF] Executing endpoint 'FoodRegistrationTool.Controllers.ProductAPIController.Create (api)'
2024-11-15 22:28:17.559 +01:00 [INF] Route matched with {action = "Create", controller = "ProductAPI", area = "", page = ""}. Executing controller action with signature System.Threading.Tasks.Task`1[Microsoft.AspNetCore.Mvc.IActionResult] Create(FoodRegistrationTool.DTOs.ProductDto) on controller FoodRegistrationTool.Controllers.ProductAPIController (api).
2024-11-15 22:28:17.586 +01:00 [INF] Executing BadRequestObjectResult, writing value of type 'Microsoft.AspNetCore.Mvc.ValidationProblemDetails'.
2024-11-15 22:28:17.622 +01:00 [INF] Executed action FoodRegistrationTool.Controllers.ProductAPIController.Create (api) in 63.1603ms
2024-11-15 22:28:17.622 +01:00 [INF] Executed endpoint 'FoodRegistrationTool.Controllers.ProductAPIController.Create (api)'
2024-11-15 22:28:17.623 +01:00 [INF] Request finished HTTP/1.1 POST http://localhost:5194/api/productapi/create - 400 null application/problem+json; charset=utf-8 82.1295ms
